[FIRST "Team 615"]
[SECOND "Team 613"]
[RESULT "1-0"]
ROUND 1
ROLL 34452 26451
BID FIRST B 0
BID SECOND B 500
GET FIRST A
GET SECOND B
ROUND 2
ROLL 63434 46325
BID FIRST B 0
BID SECOND B 500
GET FIRST A
GET SECOND B
PUT FIRST LARGE_STRAIGHT 34526
PUT SECOND LARGE_STRAIGHT 12345
ROUND 3
ROLL 21254 16611
BID FIRST B 619
BID SECOND B 500
GET FIRST B
GET SECOND A
PUT FIRST FULL_HOUSE 44466
PUT SECOND CHOICE 45566
ROUND 4
ROLL 24316 16652
BID FIRST B 497
BID SECOND B 500
GET FIRST A
GET SECOND B
PUT FIRST SMALL_STRAIGHT 33124
PUT SECOND FULL_HOUSE 22266
ROUND 5
ROLL 13136 46265
BID FIRST A 574
BID SECOND B 500
GET FIRST A
GET SECOND B
PUT FIRST YACHT 11111
PUT SECOND SIX 11266
ROUND 6
ROLL 53113 35626
BID FIRST B 449
BID SECOND B 500
GET FIRST A
GET SECOND B
PUT FIRST CHOICE 36365
PUT SECOND SMALL_STRAIGHT 22345
ROUND 7
ROLL 35422 11621
BID FIRST A 393
BID SECOND A 500
GET FIRST B
GET SECOND A
PUT FIRST THREE 33113
PUT SECOND FIVE 22555
ROUND 8
ROLL 54335 45434
BID FIRST B 284
BID SECOND B 500
GET FIRST A
GET SECOND B
PUT FIRST FIVE 11655
PUT SECOND YACHT 44444
ROUND 9
ROLL 33156 16366
BID FIRST B 685
BID SECOND B 500
GET FIRST B
GET SECOND A
PUT FIRST SIX 21666
PUT SECOND FOUR_OF_A_KIND 33336
ROUND 10
ROLL 35253 24144
BID FIRST B 652
BID SECOND B 500
GET FIRST B
GET SECOND A
PUT FIRST FOUR 43444
PUT SECOND THREE 12335
ROUND 11
ROLL 56155 33336
BID FIRST B 651
BID SECOND A 500
GET FIRST B
GET SECOND A
PUT FIRST FOUR_OF_A_KIND 33336
PUT SECOND ONE 15555
ROUND 12
ROLL 55431 52361
BID FIRST A 614
BID SECOND A 500
GET FIRST A
GET SECOND B
PUT FIRST ONE 12131
PUT SECOND TWO 12355
ROUND 13
PUT FIRST TWO 35543
PUT SECOND FOUR 56666
SCOREFIRST 213828
SCORESECOND 191000
