[FIRST "Team 613"]
[SECOND "Team 861"]
[RESULT "1-0"]
ROUND 1
ROLL 43125 55661
BID FIRST A 500
BID SECOND B 2800
GET FIRST A
GET SECOND B
ROUND 2
ROLL 42364 56652
BID FIRST B 500
BID SECOND B 850
GET FIRST A
GET SECOND B
PUT FIRST LARGE_STRAIGHT 12345
PUT SECOND CHOICE 66665
ROUND 3
ROLL 26633 52325
BID FIRST A 500
BID SECOND A 550
GET FIRST B
GET SECOND A
PUT FIRST CHOICE 44556
PUT SECOND FULL_HOUSE 66555
ROUND 4
ROLL 61136 64252
BID FIRST B 500
BID SECOND B 400
GET FIRST B
GET SECOND A
PUT FIRST YACHT 22222
PUT SECOND SIX 66333
ROUND 5
ROLL 52555 42455
BID FIRST A 500
BID SECOND A 6400
GET FIRST B
GET SECOND A
PUT FIRST FULL_HOUSE 44555
PUT SECOND FIVE 55552
ROUND 6
ROLL 33133 63235
BID FIRST B 500
BID SECOND A 5200
GET FIRST B
GET SECOND A
PUT FIRST FOUR_OF_A_KIND 33336
PUT SECOND THREE 33332
ROUND 7
ROLL 36335 56643
BID FIRST B 500
BID SECOND A 5500
GET FIRST B
GET SECOND A
PUT FIRST SIX 22666
PUT SECOND FOUR_OF_A_KIND 61111
ROUND 8
ROLL 54143 41155
BID FIRST B 500
BID SECOND A 250
GET FIRST B
GET SECOND A
PUT FIRST FIVE 15555
PUT SECOND LARGE_STRAIGHT 54321
ROUND 9
ROLL 12353 55354
BID FIRST B 500
BID SECOND B 7300
GET FIRST A
GET SECOND B
PUT FIRST SMALL_STRAIGHT 11234
PUT SECOND FOUR 55544
ROUND 10
ROLL 64154 31243
BID FIRST A 500
BID SECOND A 1150
GET FIRST B
GET SECOND A
PUT FIRST FOUR 12444
PUT SECOND SMALL_STRAIGHT 65543
ROUND 11
ROLL 65636 54236
BID FIRST A 500
BID SECOND A 8500
GET FIRST B
GET SECOND A
PUT FIRST THREE 33333
PUT SECOND ONE 66651
ROUND 12
ROLL 43515 14445
BID FIRST B 500
BID SECOND B 6100
GET FIRST A
GET SECOND B
PUT FIRST TWO 12344
PUT SECOND TWO 54444
ROUND 13
PUT FIRST ONE 55556
PUT SECOND YACHT 33331
SCOREFIRST 263000
SCORESECOND 119800
