[FIRST "Team 613"]
[SECOND "Team 1562"]
[RESULT "1-0"]
ROUND 1
ROLL 63541 34326
BID FIRST A 500
BID SECOND A 0
GET FIRST A
GET SECOND B
ROUND 2
ROLL 13133 14233
BID FIRST B 500
BID SECOND A 6900
GET FIRST B
GET SECOND A
PUT FIRST LARGE_STRAIGHT 12345
PUT SECOND YACHT 33333
ROUND 3
ROLL 16116 31564
BID FIRST B 500
BID SECOND B 500
GET FIRST B
GET SECOND A
PUT FIRST CHOICE 44566
PUT SECOND CHOICE 42666
ROUND 4
ROLL 36516 25615
BID FIRST A 500
BID SECOND A 0
GET FIRST A
GET SECOND B
PUT FIRST FULL_HOUSE 33366
PUT SECOND FULL_HOUSE 11155
ROUND 5
ROLL 33112 24651
BID FIRST A 500
BID SECOND B 0
GET FIRST A
GET SECOND B
PUT FIRST YACHT 11111
PUT SECOND SIX 11266
ROUND 6
ROLL 15356 61215
BID FIRST A 500
BID SECOND A 500
GET FIRST A
GET SECOND B
PUT FIRST FOUR_OF_A_KIND 33336
PUT SECOND FIVE 12455
ROUND 7
ROLL 32116 13612
BID FIRST B 500
BID SECOND A 0
GET FIRST B
GET SECOND A
PUT FIRST FIVE 11555
PUT SECOND FOUR_OF_A_KIND 16111
ROUND 8
ROLL 31366 53335
BID FIRST A 500
BID SECOND B 500
GET FIRST A
GET SECOND B
PUT FIRST SIX 11666
PUT SECOND THREE 23333
ROUND 9
ROLL 51661 34215
BID FIRST B 500
BID SECOND B 627
GET FIRST A
GET SECOND B
PUT FIRST THREE 11333
PUT SECOND LARGE_STRAIGHT 21534
ROUND 10
ROLL 45431 56562
BID FIRST A 500
BID SECOND A 753
GET FIRST B
GET SECOND A
PUT FIRST TWO 22255
PUT SECOND SMALL_STRAIGHT 65243
ROUND 11
ROLL 44324 66466
BID FIRST A 500
BID SECOND A 753
GET FIRST B
GET SECOND A
PUT FIRST FOUR 45666
PUT SECOND FOUR 14444
ROUND 12
ROLL 34342 61132
BID FIRST B 500
BID SECOND A 0
GET FIRST B
GET SECOND A
PUT FIRST ONE 11236
PUT SECOND TWO 55122
ROUND 13
PUT FIRST SMALL_STRAIGHT 66666
PUT SECOND ONE 33434
SCOREFIRST 195000
SCORESECOND 187467
