[FIRST "Team 613"]
[SECOND "Team 1273"]
[RESULT "1-0"]
ROUND 1
ROLL 41625 21362
BID FIRST A 500
BID SECOND A 0
GET FIRST A
GET SECOND B
ROUND 2
ROLL 56166 62253
BID FIRST A 500
BID SECOND A 0
GET FIRST A
GET SECOND B
PUT FIRST CHOICE 56666
PUT SECOND CHOICE 33566
ROUND 3
ROLL 32322 43116
BID FIRST B 500
BID SECOND A 0
GET FIRST B
GET SECOND A
PUT FIRST LARGE_STRAIGHT 12345
PUT SECOND YACHT 22222
ROUND 4
ROLL 46625 15542
BID FIRST A 500
BID SECOND A 0
GET FIRST A
GET SECOND B
PUT FIRST FULL_HOUSE 44666
PUT SECOND LARGE_STRAIGHT 12345
ROUND 5
ROLL 15645 25431
BID FIRST A 500
BID SECOND A 0
GET FIRST A
GET SECOND B
PUT FIRST FIVE 11555
PUT SECOND FULL_HOUSE 22255
ROUND 6
ROLL 55416 25146
BID FIRST A 500
BID SECOND A 0
GET FIRST A
GET SECOND B
PUT FIRST SIX 11166
PUT SECOND SMALL_STRAIGHT 12346
ROUND 7
ROLL 53322 46645
BID FIRST B 500
BID SECOND B 0
GET FIRST B
GET SECOND A
PUT FIRST FOUR_OF_A_KIND 44446
PUT SECOND FIVE 11255
ROUND 8
ROLL 43655 13643
BID FIRST A 500
BID SECOND B 0
GET FIRST A
GET SECOND B
PUT FIRST YACHT 55555
PUT SECOND FOUR 12344
ROUND 9
ROLL 43543 16131
BID FIRST A 500
BID SECOND A 0
GET FIRST A
GET SECOND B
PUT FIRST SMALL_STRAIGHT 23345
PUT SECOND SIX 11166
ROUND 10
ROLL 11412 61364
BID FIRST B 500
BID SECOND B 0
GET FIRST B
GET SECOND A
PUT FIRST FOUR 13444
PUT SECOND ONE 11123
ROUND 11
ROLL 45346 61235
BID FIRST A 500
BID SECOND B 0
GET FIRST A
GET SECOND B
PUT FIRST THREE 33445
PUT SECOND FOUR_OF_A_KIND 33333
ROUND 12
ROLL 23451 54552
BID FIRST B 500
BID SECOND B 5500
GET FIRST A
GET SECOND B
PUT FIRST TWO 12345
PUT SECOND TWO 12244
ROUND 13
PUT FIRST ONE 66666
PUT SECOND THREE 55556
SCOREFIRST 214000
SCORESECOND 180500
