[FIRST "Team 1174"]
[SECOND "Team 613"]
[RESULT "1-0"]
ROUND 1
ROLL 14153 53162
BID FIRST B 275
BID SECOND B 500
GET FIRST A
GET SECOND B
ROUND 2
ROLL 14554 62652
BID FIRST B 1576
BID SECOND B 500
GET FIRST B
GET SECOND A
PUT FIRST LARGE_STRAIGHT 12345
PUT SECOND LARGE_STRAIGHT 12345
ROUND 3
ROLL 36152 41562
BID FIRST B 477
BID SECOND B 500
GET FIRST A
GET SECOND B
PUT FIRST SIX 66611
PUT SECOND FULL_HOUSE 55566
ROUND 4
ROLL 31253 16525
BID FIRST B 1577
BID SECOND B 500
GET FIRST B
GET SECOND A
PUT FIRST FIVE 55556
PUT SECOND CHOICE 33445
ROUND 5
ROLL 51223 32564
BID FIRST B 423
BID SECOND B 500
GET FIRST A
GET SECOND B
PUT FIRST YACHT 22222
PUT SECOND SMALL_STRAIGHT 11234
ROUND 6
ROLL 61333 53331
BID FIRST A 148
BID SECOND A 500
GET FIRST B
GET SECOND A
PUT FIRST THREE 33333
PUT SECOND SIX 11266
ROUND 7
ROLL 15111 54561
BID FIRST B 1735
BID SECOND B 500
GET FIRST B
GET SECOND A
PUT FIRST FOUR_OF_A_KIND 55556
PUT SECOND FIVE 11155
ROUND 8
ROLL 21431 44216
BID FIRST B 2898
BID SECOND A 500
GET FIRST B
GET SECOND A
PUT FIRST ONE 11111
PUT SECOND FOUR_OF_A_KIND 33334
ROUND 9
ROLL 14114 55213
BID FIRST A 2073
BID SECOND A 500
GET FIRST A
GET SECOND B
PUT FIRST FOUR 44444
PUT SECOND TWO 11222
ROUND 10
ROLL 22133 12326
BID FIRST B 698
BID SECOND A 500
GET FIRST B
GET SECOND A
PUT FIRST FULL_HOUSE 11166
PUT SECOND THREE 11333
ROUND 11
ROLL 65524 61224
BID FIRST B 0
BID SECOND A 500
GET FIRST B
GET SECOND A
PUT FIRST SMALL_STRAIGHT 12341
PUT SECOND FOUR 12224
ROUND 12
ROLL 12132 22614
BID FIRST B 2516
BID SECOND B 500
GET FIRST B
GET SECOND A
PUT FIRST TWO 22222
PUT SECOND ONE 11223
ROUND 13
PUT FIRST CHOICE 12466
PUT SECOND YACHT 55556
SCOREFIRST 266250
SCORESECOND 149000
