[FIRST "Team 613"]
[SECOND "Team 1548"]
[RESULT "1-0"]
ROUND 1
ROLL 54254 63361
BID FIRST A 500
BID SECOND A 1480
GET FIRST B
GET SECOND A
ROUND 2
ROLL 16563 51466
BID FIRST A 500
BID SECOND B 56
GET FIRST A
GET SECOND B
PUT FIRST CHOICE 56666
PUT SECOND FIVE 55542
ROUND 3
ROLL 14251 45441
BID FIRST A 500
BID SECOND B 1582
GET FIRST A
GET SECOND B
PUT FIRST LARGE_STRAIGHT 12345
PUT SECOND YACHT 44444
ROUND 4
ROLL 53443 41232
BID FIRST A 500
BID SECOND B 2812
GET FIRST A
GET SECOND B
PUT FIRST FOUR_OF_A_KIND 33335
PUT SECOND LARGE_STRAIGHT 12345
ROUND 5
ROLL 15154 21254
BID FIRST A 500
BID SECOND B 192
GET FIRST A
GET SECOND B
PUT FIRST YACHT 11111
PUT SECOND TWO 22266
ROUND 6
ROLL 63413 24331
BID FIRST A 500
BID SECOND A 115
GET FIRST A
GET SECOND B
PUT FIRST FULL_HOUSE 44455
PUT SECOND ONE 11115
ROUND 7
ROLL 66131 15161
BID FIRST A 500
BID SECOND A 2444
GET FIRST B
GET SECOND A
PUT FIRST SMALL_STRAIGHT 13456
PUT SECOND SMALL_STRAIGHT 12346
ROUND 8
ROLL 34452 41224
BID FIRST A 500
BID SECOND A 368
GET FIRST A
GET SECOND B
PUT FIRST FOUR 11144
PUT SECOND FULL_HOUSE 44433
ROUND 9
ROLL 23362 11641
BID FIRST A 500
BID SECOND A 24
GET FIRST A
GET SECOND B
PUT FIRST SIX 22266
PUT SECOND CHOICE 66422
ROUND 10
ROLL 46462 65521
BID FIRST B 500
BID SECOND A 168
GET FIRST B
GET SECOND A
PUT FIRST FIVE 12555
PUT SECOND THREE 11111
ROUND 11
ROLL 56523 11334
BID FIRST A 500
BID SECOND A 288
GET FIRST A
GET SECOND B
PUT FIRST THREE 33333
PUT SECOND FOUR 46462
ROUND 12
ROLL 31564 65533
BID FIRST B 500
BID SECOND B 869
GET FIRST A
GET SECOND B
PUT FIRST TWO 12345
PUT SECOND FOUR_OF_A_KIND 33336
ROUND 13
PUT FIRST ONE 55666
PUT SECOND SIX 11455
SCOREFIRST 212000
SCORESECOND 175192
