[FIRST "Team 1182"]
[SECOND "Team 613"]
[RESULT "0-1"]
ROUND 1
ROLL 35534 31122
BID FIRST A 558
BID SECOND A 500
GET FIRST A
GET SECOND B
ROUND 2
ROLL 21662 26163
BID FIRST B 450
BID SECOND B 500
GET FIRST A
GET SECOND B
PUT FIRST LARGE_STRAIGHT 12345
PUT SECOND CHOICE 23366
ROUND 3
ROLL 12631 51656
BID FIRST B 542
BID SECOND A 500
GET FIRST B
GET SECOND A
PUT FIRST SIX 16666
PUT SECOND YACHT 11111
ROUND 4
ROLL 32253 45136
BID FIRST B 590
BID SECOND B 500
GET FIRST B
GET SECOND A
PUT FIRST FIVE 15555
PUT SECOND FOUR_OF_A_KIND 22226
ROUND 5
ROLL 14611 36345
BID FIRST B 403
BID SECOND B 500
GET FIRST A
GET SECOND B
PUT FIRST ONE 11123
PUT SECOND LARGE_STRAIGHT 23456
ROUND 6
ROLL 66366 45543
BID FIRST B 481
BID SECOND A 500
GET FIRST B
GET SECOND A
PUT FIRST FOUR 34444
PUT SECOND FULL_HOUSE 33666
ROUND 7
ROLL 15245 66663
BID FIRST B 450
BID SECOND B 500
GET FIRST A
GET SECOND B
PUT FIRST FULL_HOUSE 55566
PUT SECOND SIX 66666
ROUND 8
ROLL 51114 51662
BID FIRST B 404
BID SECOND B 500
GET FIRST A
GET SECOND B
PUT FIRST SMALL_STRAIGHT 11234
PUT SECOND THREE 13333
ROUND 9
ROLL 35111 44636
BID FIRST A 504
BID SECOND B 500
GET FIRST A
GET SECOND B
PUT FIRST YACHT 11111
PUT SECOND SMALL_STRAIGHT 23445
ROUND 10
ROLL 55565 62662
BID FIRST A 469
BID SECOND A 500
GET FIRST B
GET SECOND A
PUT FIRST CHOICE 55666
PUT SECOND FIVE 55555
ROUND 11
ROLL 52666 51413
BID FIRST A 455
BID SECOND A 500
GET FIRST B
GET SECOND A
PUT FIRST FOUR_OF_A_KIND 11223
PUT SECOND TWO 25666
ROUND 12
ROLL 61364 51533
BID FIRST B 512
BID SECOND A 500
GET FIRST B
GET SECOND A
PUT FIRST THREE 13334
PUT SECOND FOUR 13466
ROUND 13
PUT FIRST TWO 45555
PUT SECOND ONE 66666
SCOREFIRST 256444
SCORESECOND 257000
