[FIRST "Team 613"]
[SECOND "Team 284"]
[RESULT "1-0"]
ROUND 1
ROLL 66443 15531
BID FIRST A 500
BID SECOND A 0
GET FIRST A
GET SECOND B
ROUND 2
ROLL 33114 42516
BID FIRST B 500
BID SECOND B 0
GET FIRST B
GET SECOND A
PUT FIRST LARGE_STRAIGHT 12345
PUT SECOND CHOICE 55334
ROUND 3
ROLL 53122 63446
BID FIRST B 500
BID SECOND A 5500
GET FIRST B
GET SECOND A
PUT FIRST YACHT 66666
PUT SECOND YACHT 11111
ROUND 4
ROLL 12163 26643
BID FIRST B 500
BID SECOND B 500
GET FIRST B
GET SECOND A
PUT FIRST FULL_HOUSE 44466
PUT SECOND FULL_HOUSE 33223
ROUND 5
ROLL 62556 63136
BID FIRST A 500
BID SECOND A 0
GET FIRST A
GET SECOND B
PUT FIRST CHOICE 45566
PUT SECOND SIX 66336
ROUND 6
ROLL 46365 33335
BID FIRST A 500
BID SECOND A 500
GET FIRST A
GET SECOND B
PUT FIRST SMALL_STRAIGHT 22345
PUT SECOND FOUR_OF_A_KIND 53333
ROUND 7
ROLL 13336 32116
BID FIRST A 500
BID SECOND A 0
GET FIRST A
GET SECOND B
PUT FIRST SIX 13666
PUT SECOND FIVE 12532
ROUND 8
ROLL 34623 44263
BID FIRST B 500
BID SECOND B 0
GET FIRST B
GET SECOND A
PUT FIRST FOUR_OF_A_KIND 33336
PUT SECOND SMALL_STRAIGHT 11342
ROUND 9
ROLL 32356 61261
BID FIRST A 500
BID SECOND A 0
GET FIRST A
GET SECOND B
PUT FIRST FOUR 22444
PUT SECOND ONE 11311
ROUND 10
ROLL 65465 36453
BID FIRST A 500
BID SECOND A 0
GET FIRST A
GET SECOND B
PUT FIRST FIVE 33555
PUT SECOND LARGE_STRAIGHT 62345
ROUND 11
ROLL 42336 12466
BID FIRST A 500
BID SECOND A 0
GET FIRST A
GET SECOND B
PUT FIRST THREE 23334
PUT SECOND FOUR 66664
ROUND 12
ROLL 56265 64411
BID FIRST A 500
BID SECOND A 0
GET FIRST A
GET SECOND B
PUT FIRST TWO 24556
PUT SECOND THREE 36664
ROUND 13
PUT FIRST ONE 66666
PUT SECOND TWO 12411
SCOREFIRST 213000
SCORESECOND 176500
