[FIRST "Team 1483"]
[SECOND "Team 613"]
[RESULT "1-0"]
ROUND 1
ROLL 33221 32651
BID FIRST B 1801
BID SECOND B 500
GET FIRST B
GET SECOND A
ROUND 2
ROLL 16221 51146
BID FIRST B 4000
BID SECOND B 500
GET FIRST B
GET SECOND A
PUT FIRST LARGE_STRAIGHT 23456
PUT SECOND CHOICE 22336
ROUND 3
ROLL 21552 41142
BID FIRST B 10201
BID SECOND B 500
GET FIRST B
GET SECOND A
PUT FIRST YACHT 11111
PUT SECOND FULL_HOUSE 22255
ROUND 4
ROLL 52312 34563
BID FIRST B 0
BID SECOND A 500
GET FIRST B
GET SECOND A
PUT FIRST CHOICE 45566
PUT SECOND YACHT 11111
ROUND 5
ROLL 31661 41664
BID FIRST B 1500
BID SECOND B 500
GET FIRST B
GET SECOND A
PUT FIRST FULL_HOUSE 44466
PUT SECOND SIX 11266
ROUND 6
ROLL 62166 16536
BID FIRST A 0
BID SECOND B 500
GET FIRST A
GET SECOND B
PUT FIRST SIX 23666
PUT SECOND FIVE 12255
ROUND 7
ROLL 15141 24143
BID FIRST B 0
BID SECOND B 500
GET FIRST A
GET SECOND B
PUT FIRST SMALL_STRAIGHT 11234
PUT SECOND FOUR_OF_A_KIND 33336
ROUND 8
ROLL 64212 35255
BID FIRST B 5401
BID SECOND B 500
GET FIRST B
GET SECOND A
PUT FIRST FOUR_OF_A_KIND 45555
PUT SECOND FOUR 11444
ROUND 9
ROLL 34231 61251
BID FIRST A 2000
BID SECOND A 500
GET FIRST A
GET SECOND B
PUT FIRST THREE 11333
PUT SECOND TWO 12222
ROUND 10
ROLL 63415 21414
BID FIRST B 0
BID SECOND A 500
GET FIRST B
GET SECOND A
PUT FIRST FOUR 12444
PUT SECOND SMALL_STRAIGHT 13456
ROUND 11
ROLL 56253 16214
BID FIRST A 0
BID SECOND A 500
GET FIRST B
GET SECOND A
PUT FIRST TWO 11222
PUT SECOND THREE 12355
ROUND 12
ROLL 32546 44635
BID FIRST B 0
BID SECOND A 500
GET FIRST B
GET SECOND A
PUT FIRST FIVE 11156
PUT SECOND LARGE_STRAIGHT 23456
ROUND 13
PUT FIRST ONE 34446
PUT SECOND ONE 56666
SCOREFIRST 194097
SCORESECOND 190000
