[FIRST "Team 613"]
[SECOND "Team 1448"]
[RESULT "0-1"]
ROUND 1
ROLL 65442 23633
BID FIRST A 500
BID SECOND B 587
GET FIRST A
GET SECOND B
ROUND 2
ROLL 34531 33354
BID FIRST B 500
BID SECOND B 0
GET FIRST B
GET SECOND A
PUT FIRST LARGE_STRAIGHT 23456
PUT SECOND YACHT 33333
ROUND 3
ROLL 32566 13331
BID FIRST B 500
BID SECOND A 0
GET FIRST B
GET SECOND A
PUT FIRST YACHT 33333
PUT SECOND LARGE_STRAIGHT 12345
ROUND 4
ROLL 53344 46544
BID FIRST B 500
BID SECOND B 1725
GET FIRST A
GET SECOND B
PUT FIRST FULL_HOUSE 44455
PUT SECOND SIX 66662
ROUND 5
ROLL 63535 21542
BID FIRST A 500
BID SECOND A 1717
GET FIRST B
GET SECOND A
PUT FIRST CHOICE 33445
PUT SECOND CHOICE 63555
ROUND 6
ROLL 41336 25656
BID FIRST B 500
BID SECOND B 2420
GET FIRST A
GET SECOND B
PUT FIRST SMALL_STRAIGHT 11234
PUT SECOND FULL_HOUSE 44466
ROUND 7
ROLL 45222 36642
BID FIRST B 500
BID SECOND A 0
GET FIRST B
GET SECOND A
PUT FIRST SIX 11666
PUT SECOND FOUR_OF_A_KIND 22223
ROUND 8
ROLL 34456 42563
BID FIRST A 500
BID SECOND A 2268
GET FIRST B
GET SECOND A
PUT FIRST THREE 22333
PUT SECOND FIVE 55555
ROUND 9
ROLL 25225 33112
BID FIRST A 500
BID SECOND B 0
GET FIRST A
GET SECOND B
PUT FIRST FIVE 22555
PUT SECOND THREE 33311
ROUND 10
ROLL 31654 46142
BID FIRST B 500
BID SECOND B 3608
GET FIRST A
GET SECOND B
PUT FIRST FOUR 12444
PUT SECOND FOUR 44444
ROUND 11
ROLL 22313 42244
BID FIRST B 500
BID SECOND B 0
GET FIRST B
GET SECOND A
PUT FIRST TWO 22234
PUT SECOND TWO 22221
ROUND 12
ROLL 63561 21532
BID FIRST A 500
BID SECOND B 0
GET FIRST A
GET SECOND B
PUT FIRST FOUR_OF_A_KIND 56666
PUT SECOND ONE 11223
ROUND 13
PUT FIRST ONE 13445
PUT SECOND SMALL_STRAIGHT 66533
SCOREFIRST 225000
SCORESECOND 249675
