[FIRST "Team 1296"]
[SECOND "Team 613"]
[RESULT "1-0"]
ROUND 1
ROLL 41562 64654
BID FIRST B 2900
BID SECOND B 500
GET FIRST B
GET SECOND A
ROUND 2
ROLL 22562 34142
BID FIRST B 1
BID SECOND B 500
GET FIRST A
GET SECOND B
PUT FIRST SIX 22666
PUT SECOND LARGE_STRAIGHT 12345
ROUND 3
ROLL 53466 45561
BID FIRST A 1
BID SECOND A 500
GET FIRST B
GET SECOND A
PUT FIRST FIVE 15555
PUT SECOND CHOICE 45666
ROUND 4
ROLL 12145 56421
BID FIRST B 1
BID SECOND B 500
GET FIRST A
GET SECOND B
PUT FIRST FOUR 14444
PUT SECOND FULL_HOUSE 22444
ROUND 5
ROLL 43531 54124
BID FIRST A 1
BID SECOND A 500
GET FIRST B
GET SECOND A
PUT FIRST TWO 11222
PUT SECOND SMALL_STRAIGHT 13456
ROUND 6
ROLL 62536 53151
BID FIRST A 1
BID SECOND B 500
GET FIRST A
GET SECOND B
PUT FIRST THREE 23445
PUT SECOND FIVE 11555
ROUND 7
ROLL 46321 42244
BID FIRST A 1
BID SECOND A 500
GET FIRST B
GET SECOND A
PUT FIRST CHOICE 55666
PUT SECOND FOUR_OF_A_KIND 33336
ROUND 8
ROLL 62255 51546
BID FIRST A 1
BID SECOND B 500
GET FIRST A
GET SECOND B
PUT FIRST FULL_HOUSE 44455
PUT SECOND FOUR 11144
ROUND 9
ROLL 15434 32524
BID FIRST B 1
BID SECOND B 500
GET FIRST A
GET SECOND B
PUT FIRST LARGE_STRAIGHT 12345
PUT SECOND TWO 12223
ROUND 10
ROLL 36652 12462
BID FIRST B 1
BID SECOND A 500
GET FIRST B
GET SECOND A
PUT FIRST YACHT 22222
PUT SECOND SIX 23666
ROUND 11
ROLL 44266 43566
BID FIRST B 1
BID SECOND B 500
GET FIRST A
GET SECOND B
PUT FIRST FOUR_OF_A_KIND 46666
PUT SECOND YACHT 55555
ROUND 12
ROLL 43226 44142
BID FIRST A 1
BID SECOND A 500
GET FIRST B
GET SECOND A
PUT FIRST ONE 11224
PUT SECOND THREE 22334
ROUND 13
PUT FIRST SMALL_STRAIGHT 44444
PUT SECOND ONE 44666
SCOREFIRST 255105
SCORESECOND 204000
