[FIRST "Team 613"]
[SECOND "Team 1474"]
[RESULT "0-1"]
ROUND 1
ROLL 43315 64361
BID FIRST B 500
BID SECOND B 3000
GET FIRST A
GET SECOND B
ROUND 2
ROLL 53666 35354
BID FIRST A 500
BID SECOND A 10000
GET FIRST B
GET SECOND A
PUT FIRST FULL_HOUSE 44555
PUT SECOND YACHT 66666
ROUND 3
ROLL 12114 12162
BID FIRST B 500
BID SECOND A 3000
GET FIRST B
GET SECOND A
PUT FIRST CHOICE 33336
PUT SECOND LARGE_STRAIGHT 12345
ROUND 4
ROLL 45646 44355
BID FIRST B 500
BID SECOND A 3000
GET FIRST B
GET SECOND A
PUT FIRST LARGE_STRAIGHT 12345
PUT SECOND FULL_HOUSE 44466
ROUND 5
ROLL 13411 46543
BID FIRST A 500
BID SECOND A 10000
GET FIRST B
GET SECOND A
PUT FIRST SMALL_STRAIGHT 11234
PUT SECOND ONE 11111
ROUND 6
ROLL 12355 62526
BID FIRST A 500
BID SECOND A 3000
GET FIRST B
GET SECOND A
PUT FIRST SIX 22666
PUT SECOND SMALL_STRAIGHT 12341
ROUND 7
ROLL 36561 15264
BID FIRST A 500
BID SECOND A 3000
GET FIRST B
GET SECOND A
PUT FIRST FOUR_OF_A_KIND 55556
PUT SECOND FIVE 55551
ROUND 8
ROLL 44423 55433
BID FIRST A 500
BID SECOND A 10000
GET FIRST B
GET SECOND A
PUT FIRST FOUR 14444
PUT SECOND FOUR_OF_A_KIND 33332
ROUND 9
ROLL 14153 42346
BID FIRST A 500
BID SECOND B 3000
GET FIRST A
GET SECOND B
PUT FIRST FIVE 11555
PUT SECOND FOUR 44444
ROUND 10
ROLL 26314 12264
BID FIRST A 500
BID SECOND A 3000
GET FIRST B
GET SECOND A
PUT FIRST THREE 12333
PUT SECOND SIX 66661
ROUND 11
ROLL 62615 16234
BID FIRST B 500
BID SECOND A 3000
GET FIRST B
GET SECOND A
PUT FIRST TWO 12223
PUT SECOND TWO 22213
ROUND 12
ROLL 46163 35364
BID FIRST B 500
BID SECOND A 3000
GET FIRST B
GET SECOND A
PUT FIRST YACHT 33444
PUT SECOND CHOICE 66665
ROUND 13
PUT FIRST ONE 45666
PUT SECOND THREE 33144
SCOREFIRST 212000
SCORESECOND 221000
