[FIRST "Team 305"]
[SECOND "Team 613"]
[RESULT "0-1"]
ROUND 1
ROLL 26662 63215
BID FIRST A 4200
BID SECOND A 500
GET FIRST A
GET SECOND B
ROUND 2
ROLL 32523 43332
BID FIRST B 1
BID SECOND B 500
GET FIRST A
GET SECOND B
PUT FIRST SIX 26662
PUT SECOND LARGE_STRAIGHT 12345
ROUND 3
ROLL 16421 33565
BID FIRST B 1000
BID SECOND B 500
GET FIRST B
GET SECOND A
PUT FIRST FIVE 32555
PUT SECOND CHOICE 33466
ROUND 4
ROLL 46311 31663
BID FIRST B 3600
BID SECOND B 500
GET FIRST B
GET SECOND A
PUT FIRST YACHT 33333
PUT SECOND SMALL_STRAIGHT 11234
ROUND 5
ROLL 13253 41552
BID FIRST B 4000
BID SECOND B 500
GET FIRST B
GET SECOND A
PUT FIRST CHOICE 66655
PUT SECOND FULL_HOUSE 22333
ROUND 6
ROLL 46612 33223
BID FIRST B 6000
BID SECOND A 500
GET FIRST B
GET SECOND A
PUT FIRST THREE 21333
PUT SECOND SIX 11666
ROUND 7
ROLL 64461 22655
BID FIRST A 2500
BID SECOND B 500
GET FIRST A
GET SECOND B
PUT FIRST FOUR 41244
PUT SECOND FIVE 11555
ROUND 8
ROLL 65161 32644
BID FIRST A 4500
BID SECOND B 500
GET FIRST A
GET SECOND B
PUT FIRST FOUR_OF_A_KIND 66656
PUT SECOND FOUR_OF_A_KIND 22226
ROUND 9
ROLL 63135 11462
BID FIRST B 400
BID SECOND B 500
GET FIRST A
GET SECOND B
PUT FIRST ONE 21111
PUT SECOND FOUR 14444
ROUND 10
ROLL 61623 16516
BID FIRST B 800
BID SECOND B 500
GET FIRST B
GET SECOND A
PUT FIRST FULL_HOUSE 65656
PUT SECOND THREE 11233
ROUND 11
ROLL 15263 55565
BID FIRST A 400
BID SECOND B 500
GET FIRST A
GET SECOND B
PUT FIRST TWO 23312
PUT SECOND YACHT 66666
ROUND 12
ROLL 45453 41422
BID FIRST B 3000
BID SECOND B 500
GET FIRST B
GET SECOND A
PUT FIRST LARGE_STRAIGHT 15342
PUT SECOND TWO 23445
ROUND 13
PUT FIRST SMALL_STRAIGHT 16142
PUT SECOND ONE 55555
SCOREFIRST 197401
SCORESECOND 201000
