[FIRST "Team 1370"]
[SECOND "Team 613"]
[RESULT "1-0"]
ROUND 1
ROLL 66625 35643
BID FIRST A 1
BID SECOND A 500
GET FIRST B
GET SECOND A
ROUND 2
ROLL 16523 62234
BID FIRST B 201
BID SECOND B 500
GET FIRST A
GET SECOND B
PUT FIRST LARGE_STRAIGHT 35412
PUT SECOND LARGE_STRAIGHT 23456
ROUND 3
ROLL 66415 13553
BID FIRST A 501
BID SECOND A 500
GET FIRST A
GET SECOND B
PUT FIRST CHOICE 66566
PUT SECOND FULL_HOUSE 55666
ROUND 4
ROLL 21653 24131
BID FIRST A 501
BID SECOND A 500
GET FIRST A
GET SECOND B
PUT FIRST SMALL_STRAIGHT 34121
PUT SECOND SMALL_STRAIGHT 11234
ROUND 5
ROLL 63232 11615
BID FIRST B 501
BID SECOND A 500
GET FIRST B
GET SECOND A
PUT FIRST FULL_HOUSE 56565
PUT SECOND CHOICE 33336
ROUND 6
ROLL 14656 12641
BID FIRST B 501
BID SECOND B 500
GET FIRST B
GET SECOND A
PUT FIRST YACHT 11111
PUT SECOND FOUR_OF_A_KIND 22226
ROUND 7
ROLL 62616 21652
BID FIRST A 501
BID SECOND A 500
GET FIRST A
GET SECOND B
PUT FIRST FOUR_OF_A_KIND 64666
PUT SECOND SIX 11166
ROUND 8
ROLL 43516 21566
BID FIRST A 301
BID SECOND B 500
GET FIRST A
GET SECOND B
PUT FIRST THREE 33131
PUT SECOND FIVE 12555
ROUND 9
ROLL 22542 43351
BID FIRST A 501
BID SECOND A 500
GET FIRST A
GET SECOND B
PUT FIRST TWO 22222
PUT SECOND FOUR 12244
ROUND 10
ROLL 66525 15123
BID FIRST B 301
BID SECOND A 500
GET FIRST B
GET SECOND A
PUT FIRST FIVE 55151
PUT SECOND THREE 23355
ROUND 11
ROLL 65661 35344
BID FIRST A 501
BID SECOND A 500
GET FIRST A
GET SECOND B
PUT FIRST SIX 66661
PUT SECOND YACHT 33445
ROUND 12
ROLL 15546 16226
BID FIRST B 301
BID SECOND B 500
GET FIRST A
GET SECOND B
PUT FIRST FOUR 44214
PUT SECOND TWO 12256
ROUND 13
PUT FIRST ONE 35556
PUT SECOND ONE 66666
SCOREFIRST 280394
SCORESECOND 150000
