[FIRST "Team 613"]
[SECOND "Team 186"]
[RESULT "1-0"]
ROUND 1
ROLL 51662 23313
BID FIRST A 500
BID SECOND A 2007
GET FIRST B
GET SECOND A
ROUND 2
ROLL 36361 56626
BID FIRST A 500
BID SECOND B 2007
GET FIRST A
GET SECOND B
PUT FIRST YACHT 33333
PUT SECOND YACHT 66666
ROUND 3
ROLL 61312 46513
BID FIRST B 500
BID SECOND B 2007
GET FIRST A
GET SECOND B
PUT FIRST CHOICE 23666
PUT SECOND LARGE_STRAIGHT 12345
ROUND 4
ROLL 41652 65222
BID FIRST B 500
BID SECOND B 2007
GET FIRST A
GET SECOND B
PUT FIRST FOUR_OF_A_KIND 11116
PUT SECOND CHOICE 55566
ROUND 5
ROLL 26561 45242
BID FIRST B 500
BID SECOND A 2007
GET FIRST B
GET SECOND A
PUT FIRST FULL_HOUSE 44455
PUT SECOND FOUR_OF_A_KIND 22226
ROUND 6
ROLL 62423 36632
BID FIRST A 500
BID SECOND B 2007
GET FIRST A
GET SECOND B
PUT FIRST SMALL_STRAIGHT 12234
PUT SECOND FULL_HOUSE 33666
ROUND 7
ROLL 45635 31265
BID FIRST A 500
BID SECOND A 2007
GET FIRST B
GET SECOND A
PUT FIRST SIX 12266
PUT SECOND FIVE 11555
ROUND 8
ROLL 66451 46141
BID FIRST A 500
BID SECOND A 2007
GET FIRST B
GET SECOND A
PUT FIRST LARGE_STRAIGHT 12345
PUT SECOND SIX 12666
ROUND 9
ROLL 51415 32314
BID FIRST A 500
BID SECOND A 2007
GET FIRST B
GET SECOND A
PUT FIRST FOUR 11244
PUT SECOND SMALL_STRAIGHT 12345
ROUND 10
ROLL 33352 53526
BID FIRST A 500
BID SECOND B 2007
GET FIRST A
GET SECOND B
PUT FIRST THREE 33333
PUT SECOND FOUR 12344
ROUND 11
ROLL 31435 12126
BID FIRST A 500
BID SECOND A 2007
GET FIRST B
GET SECOND A
PUT FIRST TWO 22222
PUT SECOND THREE 13345
ROUND 12
ROLL 11245 35126
BID FIRST B 500
BID SECOND B 2007
GET FIRST A
GET SECOND B
PUT FIRST FIVE 11155
PUT SECOND TWO 12355
ROUND 13
PUT FIRST ONE 12466
PUT SECOND ONE 55566
SCOREFIRST 208000
SCORESECOND 184916
