[FIRST "Team 613"]
[SECOND "Team 1628"]
[RESULT "1-0"]
ROUND 1
ROLL 45164 16623
BID FIRST A 500
BID SECOND A 0
GET FIRST A
GET SECOND B
ROUND 2
ROLL 21446 36362
BID FIRST B 500
BID SECOND B 0
GET FIRST B
GET SECOND A
PUT FIRST LARGE_STRAIGHT 12345
PUT SECOND FULL_HOUSE 44666
ROUND 3
ROLL 65432 25333
BID FIRST A 500
BID SECOND A 0
GET FIRST A
GET SECOND B
PUT FIRST CHOICE 56666
PUT SECOND FIVE 12235
ROUND 4
ROLL 43325 56462
BID FIRST B 500
BID SECOND A 0
GET FIRST B
GET SECOND A
PUT FIRST FULL_HOUSE 44466
PUT SECOND YACHT 33333
ROUND 5
ROLL 61562 42216
BID FIRST B 500
BID SECOND A 0
GET FIRST B
GET SECOND A
PUT FIRST SMALL_STRAIGHT 12234
PUT SECOND CHOICE 45566
ROUND 6
ROLL 13211 52546
BID FIRST B 500
BID SECOND B 0
GET FIRST B
GET SECOND A
PUT FIRST FIVE 22555
PUT SECOND TWO 12222
ROUND 7
ROLL 13511 45531
BID FIRST B 500
BID SECOND B 0
GET FIRST B
GET SECOND A
PUT FIRST SIX 12366
PUT SECOND THREE 11133
ROUND 8
ROLL 62112 56513
BID FIRST B 500
BID SECOND A 0
GET FIRST B
GET SECOND A
PUT FIRST FOUR_OF_A_KIND 55556
PUT SECOND SIX 11156
ROUND 9
ROLL 31434 15422
BID FIRST A 500
BID SECOND A 0
GET FIRST A
GET SECOND B
PUT FIRST FOUR 14444
PUT SECOND FOUR 11124
ROUND 10
ROLL 54555 24211
BID FIRST A 500
BID SECOND B 0
GET FIRST A
GET SECOND B
PUT FIRST THREE 13333
PUT SECOND ONE 11125
ROUND 11
ROLL 61265 43166
BID FIRST A 500
BID SECOND A 0
GET FIRST A
GET SECOND B
PUT FIRST YACHT 55555
PUT SECOND SMALL_STRAIGHT 12346
ROUND 12
ROLL 23236 43134
BID FIRST A 500
BID SECOND A 0
GET FIRST A
GET SECOND B
PUT FIRST TWO 12223
PUT SECOND FOUR_OF_A_KIND 22246
ROUND 13
PUT FIRST ONE 34666
PUT SECOND LARGE_STRAIGHT 13344
SCOREFIRST 229000
SCORESECOND 149000
