[FIRST "Team 613"]
[SECOND "Team 1747"]
[RESULT "1-0"]
ROUND 1
ROLL 13411 12651
BID FIRST B 500
BID SECOND B 2780
GET FIRST A
GET SECOND B
ROUND 2
ROLL 52314 32626
BID FIRST A 500
BID SECOND A 5950
GET FIRST B
GET SECOND A
PUT FIRST CHOICE 33466
PUT SECOND LARGE_STRAIGHT 12534
ROUND 3
ROLL 11632 36123
BID FIRST A 500
BID SECOND B 1449
GET FIRST A
GET SECOND B
PUT FIRST YACHT 11111
PUT SECOND CHOICE 65363
ROUND 4
ROLL 23522 44346
BID FIRST B 500
BID SECOND B 4038
GET FIRST A
GET SECOND B
PUT FIRST FOUR_OF_A_KIND 22226
PUT SECOND FULL_HOUSE 22444
ROUND 5
ROLL 62261 11253
BID FIRST A 500
BID SECOND A 4619
GET FIRST B
GET SECOND A
PUT FIRST FULL_HOUSE 33355
PUT SECOND SIX 11666
ROUND 6
ROLL 62655 42565
BID FIRST A 500
BID SECOND A 50
GET FIRST A
GET SECOND B
PUT FIRST SIX 11266
PUT SECOND SMALL_STRAIGHT 13224
ROUND 7
ROLL 46631 22514
BID FIRST A 500
BID SECOND B 950
GET FIRST A
GET SECOND B
PUT FIRST LARGE_STRAIGHT 12345
PUT SECOND FIVE 12555
ROUND 8
ROLL 31216 15124
BID FIRST B 500
BID SECOND B 950
GET FIRST A
GET SECOND B
PUT FIRST TWO 11222
PUT SECOND FOUR 62244
ROUND 9
ROLL 54535 42636
BID FIRST A 500
BID SECOND A 50
GET FIRST A
GET SECOND B
PUT FIRST FIVE 35555
PUT SECOND TWO 11522
ROUND 10
ROLL 26662 64325
BID FIRST B 500
BID SECOND B 2750
GET FIRST A
GET SECOND B
PUT FIRST FOUR 22346
PUT SECOND THREE 14633
ROUND 11
ROLL 65523 46465
BID FIRST A 500
BID SECOND B 50
GET FIRST A
GET SECOND B
PUT FIRST THREE 23556
PUT SECOND FOUR_OF_A_KIND 66566
ROUND 12
ROLL 54252 56426
BID FIRST B 500
BID SECOND B 50
GET FIRST B
GET SECOND A
PUT FIRST SMALL_STRAIGHT 24566
PUT SECOND ONE 42445
ROUND 13
PUT FIRST ONE 66666
PUT SECOND YACHT 54252
SCOREFIRST 180000
SCORESECOND 140614
