[FIRST "Team 703"]
[SECOND "Team 613"]
[RESULT "1-0"]
ROUND 1
ROLL 46231 36261
BID FIRST B 872
BID SECOND B 500
GET FIRST B
GET SECOND A
ROUND 2
ROLL 21622 55221
BID FIRST B 872
BID SECOND B 500
GET FIRST B
GET SECOND A
PUT FIRST TWO 11222
PUT SECOND CHOICE 23466
ROUND 3
ROLL 35114 51563
BID FIRST B 872
BID SECOND A 500
GET FIRST B
GET SECOND A
PUT FIRST FIVE 15555
PUT SECOND LARGE_STRAIGHT 12345
ROUND 4
ROLL 63664 63124
BID FIRST A 872
BID SECOND A 500
GET FIRST A
GET SECOND B
PUT FIRST YACHT 66666
PUT SECOND SMALL_STRAIGHT 11234
ROUND 5
ROLL 61443 23211
BID FIRST A 872
BID SECOND A 500
GET FIRST A
GET SECOND B
PUT FIRST THREE 13333
PUT SECOND FOUR_OF_A_KIND 22226
ROUND 6
ROLL 41134 32231
BID FIRST A 872
BID SECOND B 500
GET FIRST A
GET SECOND B
PUT FIRST FOUR 44444
PUT SECOND YACHT 11111
ROUND 7
ROLL 14424 66224
BID FIRST B 872
BID SECOND B 500
GET FIRST B
GET SECOND A
PUT FIRST SIX 16666
PUT SECOND FULL_HOUSE 33444
ROUND 8
ROLL 45122 31224
BID FIRST A 872
BID SECOND A 500
GET FIRST A
GET SECOND B
PUT FIRST LARGE_STRAIGHT 12345
PUT SECOND TWO 22222
ROUND 9
ROLL 45244 26221
BID FIRST A 872
BID SECOND A 500
GET FIRST A
GET SECOND B
PUT FIRST ONE 12222
PUT SECOND SIX 11126
ROUND 10
ROLL 36356 54551
BID FIRST A 872
BID SECOND B 500
GET FIRST A
GET SECOND B
PUT FIRST FOUR_OF_A_KIND 34444
PUT SECOND FIVE 12555
ROUND 11
ROLL 66564 16244
BID FIRST A 872
BID SECOND A 500
GET FIRST A
GET SECOND B
PUT FIRST FULL_HOUSE 55666
PUT SECOND FOUR 14444
ROUND 12
ROLL 14543 61666
BID FIRST B 872
BID SECOND B 500
GET FIRST B
GET SECOND A
PUT FIRST CHOICE 66666
PUT SECOND THREE 12333
ROUND 13
PUT FIRST SMALL_STRAIGHT 13456
PUT SECOND ONE 24456
SCOREFIRST 279536
SCORESECOND 207000
