[FIRST "Team 1318"]
[SECOND "Team 613"]
[RESULT "0-1"]
ROUND 1
ROLL 22421 65416
BID FIRST B 0
BID SECOND B 500
GET FIRST A
GET SECOND B
ROUND 2
ROLL 16613 65551
BID FIRST A 50
BID SECOND A 500
GET FIRST B
GET SECOND A
PUT FIRST FIVE 55522
PUT SECOND CHOICE 56666
ROUND 3
ROLL 12356 45653
BID FIRST A 0
BID SECOND A 500
GET FIRST B
GET SECOND A
PUT FIRST LARGE_STRAIGHT 12345
PUT SECOND LARGE_STRAIGHT 12345
ROUND 4
ROLL 65323 43142
BID FIRST A 0
BID SECOND A 500
GET FIRST B
GET SECOND A
PUT FIRST SMALL_STRAIGHT 12346
PUT SECOND FULL_HOUSE 33366
ROUND 5
ROLL 56244 62351
BID FIRST B 0
BID SECOND A 500
GET FIRST B
GET SECOND A
PUT FIRST CHOICE 66554
PUT SECOND FIVE 11155
ROUND 6
ROLL 56314 51145
BID FIRST A 0
BID SECOND A 500
GET FIRST B
GET SECOND A
PUT FIRST ONE 11114
PUT SECOND SMALL_STRAIGHT 12234
ROUND 7
ROLL 21352 62232
BID FIRST A 0
BID SECOND B 500
GET FIRST A
GET SECOND B
PUT FIRST FULL_HOUSE 55533
PUT SECOND SIX 22666
ROUND 8
ROLL 44461 45552
BID FIRST A 0
BID SECOND A 500
GET FIRST B
GET SECOND A
PUT FIRST TWO 22224
PUT SECOND YACHT 44444
ROUND 9
ROLL 26356 11621
BID FIRST B 0
BID SECOND A 500
GET FIRST B
GET SECOND A
PUT FIRST YACHT 14555
PUT SECOND THREE 12233
ROUND 10
ROLL 62315 65545
BID FIRST B 0
BID SECOND B 500
GET FIRST A
GET SECOND B
PUT FIRST FOUR_OF_A_KIND 11116
PUT SECOND FOUR_OF_A_KIND 56666
ROUND 11
ROLL 63544 11353
BID FIRST B 0
BID SECOND A 500
GET FIRST B
GET SECOND A
PUT FIRST THREE 33326
PUT SECOND FOUR 34445
ROUND 12
ROLL 66554 64654
BID FIRST B 0
BID SECOND A 500
GET FIRST B
GET SECOND A
PUT FIRST SIX 66251
PUT SECOND TWO 45555
ROUND 13
PUT FIRST FOUR 44155
PUT SECOND ONE 55666
SCOREFIRST 158050
SCORESECOND 214000
