[FIRST "Team 459"]
[SECOND "Team 613"]
[RESULT "1-0"]
ROUND 1
ROLL 46514 31426
BID FIRST B 644
BID SECOND A 500
GET FIRST B
GET SECOND A
ROUND 2
ROLL 11523 41456
BID FIRST B 59
BID SECOND A 500
GET FIRST B
GET SECOND A
PUT FIRST LARGE_STRAIGHT 12345
PUT SECOND LARGE_STRAIGHT 12345
ROUND 3
ROLL 62213 64512
BID FIRST B 99
BID SECOND B 500
GET FIRST A
GET SECOND B
PUT FIRST CHOICE 44666
PUT SECOND CHOICE 45566
ROUND 4
ROLL 46635 34216
BID FIRST A 67
BID SECOND A 500
GET FIRST B
GET SECOND A
PUT FIRST SMALL_STRAIGHT 11234
PUT SECOND FULL_HOUSE 11166
ROUND 5
ROLL 26446 22515
BID FIRST A 913
BID SECOND A 500
GET FIRST A
GET SECOND B
PUT FIRST FULL_HOUSE 44666
PUT SECOND SMALL_STRAIGHT 12234
ROUND 6
ROLL 12244 61625
BID FIRST A 4023
BID SECOND B 500
GET FIRST A
GET SECOND B
PUT FIRST YACHT 22222
PUT SECOND FOUR_OF_A_KIND 55556
ROUND 7
ROLL 33634 14556
BID FIRST A 41
BID SECOND A 500
GET FIRST B
GET SECOND A
PUT FIRST FOUR 11444
PUT SECOND SIX 12266
ROUND 8
ROLL 11564 11243
BID FIRST A 485
BID SECOND A 500
GET FIRST B
GET SECOND A
PUT FIRST FIVE 11155
PUT SECOND FOUR 11444
ROUND 9
ROLL 63532 34451
BID FIRST A 291
BID SECOND A 500
GET FIRST B
GET SECOND A
PUT FIRST THREE 12333
PUT SECOND YACHT 33333
ROUND 10
ROLL 63162 66243
BID FIRST B 759
BID SECOND B 500
GET FIRST B
GET SECOND A
PUT FIRST FOUR_OF_A_KIND 44446
PUT SECOND FIVE 12255
ROUND 11
ROLL 12545 33115
BID FIRST A 23
BID SECOND B 500
GET FIRST A
GET SECOND B
PUT FIRST SIX 12566
PUT SECOND THREE 11333
ROUND 12
ROLL 62254 21223
BID FIRST B 148
BID SECOND A 500
GET FIRST B
GET SECOND A
PUT FIRST TWO 22223
PUT SECOND TWO 22455
ROUND 13
PUT FIRST ONE 13455
PUT SECOND ONE 66666
SCOREFIRST 215414
SCORESECOND 205000
