[FIRST "Team 613"]
[SECOND "Team 1520"]
[RESULT "1-0"]
ROUND 1
ROLL 23666 55321
BID FIRST A 460
BID SECOND A 2100
GET FIRST B
GET SECOND A
ROUND 2
ROLL 66421 65345
BID FIRST A 460
BID SECOND B 1200
GET FIRST A
GET SECOND B
PUT FIRST LARGE_STRAIGHT 12345
PUT SECOND SIX 66662
ROUND 3
ROLL 24454 15551
BID FIRST B 470
BID SECOND A 600
GET FIRST B
GET SECOND A
PUT FIRST FULL_HOUSE 55566
PUT SECOND FOUR 44442
ROUND 4
ROLL 21266 44156
BID FIRST B 480
BID SECOND B 900
GET FIRST A
GET SECOND B
PUT FIRST CHOICE 22566
PUT SECOND FIVE 55551
ROUND 5
ROLL 64432 12512
BID FIRST A 490
BID SECOND A 2400
GET FIRST B
GET SECOND A
PUT FIRST YACHT 11111
PUT SECOND THREE 33324
ROUND 6
ROLL 23642 12514
BID FIRST A 500
BID SECOND A 1200
GET FIRST B
GET SECOND A
PUT FIRST FOUR_OF_A_KIND 22225
PUT SECOND FULL_HOUSE 22444
ROUND 7
ROLL 21645 64236
BID FIRST B 510
BID SECOND B 900
GET FIRST A
GET SECOND B
PUT FIRST FIVE 11155
PUT SECOND YACHT 66666
ROUND 8
ROLL 64513 33454
BID FIRST A 520
BID SECOND B 0
GET FIRST A
GET SECOND B
PUT FIRST SMALL_STRAIGHT 11234
PUT SECOND SMALL_STRAIGHT 23345
ROUND 9
ROLL 56262 24416
BID FIRST B 530
BID SECOND A 1200
GET FIRST B
GET SECOND A
PUT FIRST SIX 12666
PUT SECOND LARGE_STRAIGHT 23456
ROUND 10
ROLL 43525 43312
BID FIRST A 540
BID SECOND A 1800
GET FIRST B
GET SECOND A
PUT FIRST FOUR 44444
PUT SECOND CHOICE 44556
ROUND 11
ROLL 63233 21161
BID FIRST A 550
BID SECOND A 1800
GET FIRST B
GET SECOND A
PUT FIRST THREE 11133
PUT SECOND TWO 22233
ROUND 12
ROLL 52216 22662
BID FIRST B 560
BID SECOND B 600
GET FIRST A
GET SECOND B
PUT FIRST TWO 12222
PUT SECOND FOUR_OF_A_KIND 34666
ROUND 13
PUT FIRST ONE 15566
PUT SECOND ONE 22233
SCOREFIRST 256110
SCORESECOND 230300
