[FIRST "Team 604"]
[SECOND "Team 613"]
[RESULT "1-0"]
ROUND 1
ROLL 35331 34565
BID FIRST B 0
BID SECOND B 460
GET FIRST A
GET SECOND B
ROUND 2
ROLL 55245 26121
BID FIRST A 483
BID SECOND B 460
GET FIRST A
GET SECOND B
PUT FIRST FOUR_OF_A_KIND 55545
PUT SECOND LARGE_STRAIGHT 12345
ROUND 3
ROLL 26651 54214
BID FIRST A 483
BID SECOND A 470
GET FIRST A
GET SECOND B
PUT FIRST FULL_HOUSE 33366
PUT SECOND CHOICE 45566
ROUND 4
ROLL 34331 24626
BID FIRST B 509
BID SECOND B 480
GET FIRST B
GET SECOND A
PUT FIRST CHOICE 25466
PUT SECOND FULL_HOUSE 33344
ROUND 5
ROLL 25151 44365
BID FIRST B 233
BID SECOND B 490
GET FIRST A
GET SECOND B
PUT FIRST ONE 12111
PUT SECOND SMALL_STRAIGHT 11234
ROUND 6
ROLL 35264 31534
BID FIRST A 528
BID SECOND A 500
GET FIRST A
GET SECOND B
PUT FIRST FIVE 22555
PUT SECOND FIVE 11255
ROUND 7
ROLL 16134 32142
BID FIRST B 238
BID SECOND A 510
GET FIRST B
GET SECOND A
PUT FIRST SMALL_STRAIGHT 23241
PUT SECOND SIX 11366
ROUND 8
ROLL 43242 24113
BID FIRST A 240
BID SECOND A 520
GET FIRST B
GET SECOND A
PUT FIRST TWO 22211
PUT SECOND YACHT 44444
ROUND 9
ROLL 15413 44125
BID FIRST B 243
BID SECOND B 530
GET FIRST A
GET SECOND B
PUT FIRST THREE 33113
PUT SECOND THREE 12333
ROUND 10
ROLL 16551 64522
BID FIRST B 245
BID SECOND A 540
GET FIRST B
GET SECOND A
PUT FIRST FOUR 44544
PUT SECOND FOUR 11244
ROUND 11
ROLL 52363 55246
BID FIRST B 248
BID SECOND B 550
GET FIRST A
GET SECOND B
PUT FIRST SIX 66556
PUT SECOND FOUR_OF_A_KIND 55556
ROUND 12
ROLL 22623 55653
BID FIRST B 252
BID SECOND B 560
GET FIRST A
GET SECOND B
PUT FIRST YACHT 22222
PUT SECOND TWO 22345
ROUND 13
PUT FIRST LARGE_STRAIGHT 26333
PUT SECOND ONE 55566
SCOREFIRST 234730
SCORESECOND 203830
