[FIRST "Team 613"]
[SECOND "Team 1413"]
[RESULT "1-0"]
ROUND 1
ROLL 63422 54511
BID FIRST A 460
BID SECOND A 333
GET FIRST A
GET SECOND B
ROUND 2
ROLL 61442 24216
BID FIRST A 460
BID SECOND A 666
GET FIRST B
GET SECOND A
PUT FIRST CHOICE 34466
PUT SECOND FOUR 44465
ROUND 3
ROLL 21256 24255
BID FIRST B 470
BID SECOND B 0
GET FIRST B
GET SECOND A
PUT FIRST YACHT 22222
PUT SECOND TWO 22265
ROUND 4
ROLL 54445 66364
BID FIRST B 480
BID SECOND B 8333
GET FIRST A
GET SECOND B
PUT FIRST FOUR_OF_A_KIND 45555
PUT SECOND SIX 66645
ROUND 5
ROLL 65425 52625
BID FIRST B 490
BID SECOND A 0
GET FIRST B
GET SECOND A
PUT FIRST FULL_HOUSE 44455
PUT SECOND ONE 11112
ROUND 6
ROLL 12165 55114
BID FIRST B 500
BID SECOND B 0
GET FIRST B
GET SECOND A
PUT FIRST FIVE 11155
PUT SECOND FIVE 55511
ROUND 7
ROLL 66422 35233
BID FIRST A 510
BID SECOND A 0
GET FIRST A
GET SECOND B
PUT FIRST SIX 22666
PUT SECOND THREE 33332
ROUND 8
ROLL 22354 51554
BID FIRST B 520
BID SECOND B 6666
GET FIRST A
GET SECOND B
PUT FIRST SMALL_STRAIGHT 22345
PUT SECOND FULL_HOUSE 55566
ROUND 9
ROLL 64313 63633
BID FIRST B 530
BID SECOND B 0
GET FIRST B
GET SECOND A
PUT FIRST THREE 22333
PUT SECOND LARGE_STRAIGHT 23456
ROUND 10
ROLL 32324 26145
BID FIRST B 540
BID SECOND B 6000
GET FIRST A
GET SECOND B
PUT FIRST FOUR 22444
PUT SECOND CHOICE 65444
ROUND 11
ROLL 63623 11124
BID FIRST A 550
BID SECOND A 1500
GET FIRST B
GET SECOND A
PUT FIRST TWO 11122
PUT SECOND YACHT 66333
ROUND 12
ROLL 66625 31244
BID FIRST A 560
BID SECOND B 4666
GET FIRST A
GET SECOND B
PUT FIRST LARGE_STRAIGHT 23456
PUT SECOND SMALL_STRAIGHT 12341
ROUND 13
PUT FIRST ONE 36666
PUT SECOND FOUR_OF_A_KIND 42211
SCOREFIRST 216030
SCORESECOND 169502
