[FIRST "Team 131"]
[SECOND "Team 613"]
[RESULT "0-1"]
ROUND 1
ROLL 51123 22222
BID FIRST B 500
BID SECOND A 460
GET FIRST B
GET SECOND A
ROUND 2
ROLL 64564 66656
BID FIRST B 500
BID SECOND B 460
GET FIRST B
GET SECOND A
PUT FIRST YACHT 22222
PUT SECOND LARGE_STRAIGHT 12345
ROUND 3
ROLL 31631 55241
BID FIRST A 500
BID SECOND B 470
GET FIRST A
GET SECOND B
PUT FIRST SIX 66666
PUT SECOND FULL_HOUSE 55566
ROUND 4
ROLL 53235 31366
BID FIRST B 500
BID SECOND B 480
GET FIRST B
GET SECOND A
PUT FIRST THREE 33335
PUT SECOND CHOICE 34455
ROUND 5
ROLL 25661 45533
BID FIRST A 500
BID SECOND A 490
GET FIRST A
GET SECOND B
PUT FIRST FOUR_OF_A_KIND 56666
PUT SECOND SMALL_STRAIGHT 11234
ROUND 6
ROLL 26261 66335
BID FIRST B 500
BID SECOND B 500
GET FIRST A
GET SECOND B
PUT FIRST ONE 11111
PUT SECOND FOUR_OF_A_KIND 33336
ROUND 7
ROLL 26143 62142
BID FIRST A 500
BID SECOND B 510
GET FIRST A
GET SECOND B
PUT FIRST FULL_HOUSE 22666
PUT SECOND FIVE 12555
ROUND 8
ROLL 34165 12461
BID FIRST A 500
BID SECOND B 520
GET FIRST A
GET SECOND B
PUT FIRST FIVE 11256
PUT SECOND SIX 11666
ROUND 9
ROLL 62633 42516
BID FIRST B 500
BID SECOND B 530
GET FIRST A
GET SECOND B
PUT FIRST FOUR 22446
PUT SECOND FOUR 12444
ROUND 10
ROLL 13415 62533
BID FIRST B 500
BID SECOND B 540
GET FIRST A
GET SECOND B
PUT FIRST LARGE_STRAIGHT 11456
PUT SECOND TWO 22223
ROUND 11
ROLL 33544 16665
BID FIRST B 500
BID SECOND B 550
GET FIRST A
GET SECOND B
PUT FIRST CHOICE 33445
PUT SECOND YACHT 66666
ROUND 12
ROLL 11643 62131
BID FIRST B 500
BID SECOND A 560
GET FIRST B
GET SECOND A
PUT FIRST TWO 11236
PUT SECOND THREE 11133
ROUND 13
PUT FIRST SMALL_STRAIGHT 33333
PUT SECOND ONE 45556
SCOREFIRST 180000
SCORESECOND 216790
