[FIRST "Team 613"]
[SECOND "Team 1186"]
[RESULT "1-0"]
ROUND 1
ROLL 41316 25324
BID FIRST B 460
BID SECOND B 0
GET FIRST B
GET SECOND A
ROUND 2
ROLL 52352 64145
BID FIRST B 460
BID SECOND A 1019
GET FIRST B
GET SECOND A
PUT FIRST LARGE_STRAIGHT 12345
PUT SECOND LARGE_STRAIGHT 41352
ROUND 3
ROLL 26115 53264
BID FIRST B 470
BID SECOND B 1792
GET FIRST A
GET SECOND B
PUT FIRST CHOICE 45566
PUT SECOND CHOICE 65564
ROUND 4
ROLL 12563 31411
BID FIRST A 480
BID SECOND A 0
GET FIRST A
GET SECOND B
PUT FIRST SMALL_STRAIGHT 11234
PUT SECOND THREE 13233
ROUND 5
ROLL 53452 42366
BID FIRST B 490
BID SECOND B 1311
GET FIRST A
GET SECOND B
PUT FIRST FULL_HOUSE 22555
PUT SECOND SIX 21466
ROUND 6
ROLL 32456 36365
BID FIRST B 500
BID SECOND B 2675
GET FIRST A
GET SECOND B
PUT FIRST SIX 12266
PUT SECOND FULL_HOUSE 33636
ROUND 7
ROLL 23216 24454
BID FIRST B 510
BID SECOND B 8344
GET FIRST A
GET SECOND B
PUT FIRST THREE 12333
PUT SECOND FOUR 14444
ROUND 8
ROLL 22463 52366
BID FIRST B 520
BID SECOND B 0
GET FIRST B
GET SECOND A
PUT FIRST FIVE 22355
PUT SECOND FIVE 12525
ROUND 9
ROLL 46552 32561
BID FIRST B 530
BID SECOND A 0
GET FIRST B
GET SECOND A
PUT FIRST FOUR_OF_A_KIND 56666
PUT SECOND SMALL_STRAIGHT 24635
ROUND 10
ROLL 15134 31525
BID FIRST B 540
BID SECOND B 0
GET FIRST B
GET SECOND A
PUT FIRST FOUR 11244
PUT SECOND TWO 24652
ROUND 11
ROLL 23355 64333
BID FIRST B 550
BID SECOND B 10488
GET FIRST A
GET SECOND B
PUT FIRST TWO 22333
PUT SECOND FOUR_OF_A_KIND 36333
ROUND 12
ROLL 36545 36312
BID FIRST B 560
BID SECOND B 0
GET FIRST B
GET SECOND A
PUT FIRST ONE 12333
PUT SECOND ONE 15144
ROUND 13
PUT FIRST YACHT 55556
PUT SECOND YACHT 36545
SCOREFIRST 161970
SCORESECOND 137371
