[FIRST "Team 1548"]
[SECOND "Team 613"]
[RESULT "1-0"]
ROUND 1
ROLL 43622 52654
BID FIRST B 1800
BID SECOND B 460
GET FIRST B
GET SECOND A
ROUND 2
ROLL 12341 32666
BID FIRST B 6000
BID SECOND B 460
GET FIRST B
GET SECOND A
PUT FIRST SIX 66665
PUT SECOND CHOICE 33446
ROUND 3
ROLL 22342 54655
BID FIRST B 5158
BID SECOND B 470
GET FIRST B
GET SECOND A
PUT FIRST FIVE 55552
PUT SECOND YACHT 22222
ROUND 4
ROLL 55652 65511
BID FIRST A 6000
BID SECOND A 480
GET FIRST A
GET SECOND B
PUT FIRST LARGE_STRAIGHT 23456
PUT SECOND LARGE_STRAIGHT 12345
ROUND 5
ROLL 45123 64562
BID FIRST B 440
BID SECOND B 490
GET FIRST A
GET SECOND B
PUT FIRST SMALL_STRAIGHT 34562
PUT SECOND FULL_HOUSE 55666
ROUND 6
ROLL 54325 44166
BID FIRST A 1276
BID SECOND B 500
GET FIRST A
GET SECOND B
PUT FIRST FOUR_OF_A_KIND 55554
PUT SECOND SIX 11166
ROUND 7
ROLL 23255 61262
BID FIRST B 372
BID SECOND B 510
GET FIRST A
GET SECOND B
PUT FIRST TWO 22221
PUT SECOND FOUR 11444
ROUND 8
ROLL 52144 31615
BID FIRST A 208
BID SECOND B 520
GET FIRST A
GET SECOND B
PUT FIRST FULL_HOUSE 55544
PUT SECOND TWO 11222
ROUND 9
ROLL 32425 22642
BID FIRST B 1206
BID SECOND B 530
GET FIRST B
GET SECOND A
PUT FIRST CHOICE 64433
PUT SECOND SMALL_STRAIGHT 22345
ROUND 10
ROLL 11235 53344
BID FIRST A 819
BID SECOND B 540
GET FIRST A
GET SECOND B
PUT FIRST YACHT 22222
PUT SECOND FIVE 33355
ROUND 11
ROLL 56525 11121
BID FIRST B 256
BID SECOND A 550
GET FIRST B
GET SECOND A
PUT FIRST ONE 11113
PUT SECOND FOUR_OF_A_KIND 56666
ROUND 12
ROLL 64635 41421
BID FIRST B 19
BID SECOND A 560
GET FIRST B
GET SECOND A
PUT FIRST THREE 51121
PUT SECOND THREE 23444
ROUND 13
PUT FIRST FOUR 41421
PUT SECOND ONE 55566
SCOREFIRST 239070
SCORESECOND 213730
