[FIRST "Team 1594"]
[SECOND "Team 613"]
[RESULT "0-1"]
ROUND 1
ROLL 35435 13266
BID FIRST A 1560
BID SECOND B 460
GET FIRST A
GET SECOND B
ROUND 2
ROLL 44211 54615
BID FIRST B 461
BID SECOND B 460
GET FIRST B
GET SECOND A
PUT FIRST SMALL_STRAIGHT 34561
PUT SECOND CHOICE 34466
ROUND 3
ROLL 56553 36211
BID FIRST A 461
BID SECOND A 470
GET FIRST B
GET SECOND A
PUT FIRST LARGE_STRAIGHT 12345
PUT SECOND FULL_HOUSE 22555
ROUND 4
ROLL 41244 16564
BID FIRST B 471
BID SECOND B 480
GET FIRST A
GET SECOND B
PUT FIRST FULL_HOUSE 44455
PUT SECOND SIX 11666
ROUND 5
ROLL 51345 42613
BID FIRST A 481
BID SECOND B 490
GET FIRST A
GET SECOND B
PUT FIRST CHOICE 65543
PUT SECOND LARGE_STRAIGHT 12345
ROUND 6
ROLL 61511 11153
BID FIRST A 491
BID SECOND A 500
GET FIRST B
GET SECOND A
PUT FIRST YACHT 11111
PUT SECOND YACHT 11111
ROUND 7
ROLL 34552 21635
BID FIRST A 501
BID SECOND B 510
GET FIRST A
GET SECOND B
PUT FIRST FIVE 55512
PUT SECOND SMALL_STRAIGHT 12334
ROUND 8
ROLL 54261 36363
BID FIRST B 511
BID SECOND B 520
GET FIRST A
GET SECOND B
PUT FIRST THREE 33312
PUT SECOND FOUR_OF_A_KIND 66666
ROUND 9
ROLL 15664 13531
BID FIRST A 521
BID SECOND A 530
GET FIRST B
GET SECOND A
PUT FIRST FOUR 44112
PUT SECOND FIVE 13555
ROUND 10
ROLL 41666 53515
BID FIRST A 531
BID SECOND A 540
GET FIRST B
GET SECOND A
PUT FIRST FOUR_OF_A_KIND 55556
PUT SECOND FOUR 13344
ROUND 11
ROLL 53341 33463
BID FIRST B 541
BID SECOND B 550
GET FIRST A
GET SECOND B
PUT FIRST ONE 11333
PUT SECOND THREE 33346
ROUND 12
ROLL 54264 42431
BID FIRST A 551
BID SECOND B 560
GET FIRST A
GET SECOND B
PUT FIRST SIX 62334
PUT SECOND TWO 12344
ROUND 13
PUT FIRST TWO 55544
PUT SECOND ONE 66666
SCOREFIRST 205973
SCORESECOND 213850
