[FIRST "Team 613"]
[SECOND "Team 653"]
[RESULT "1-0"]
ROUND 1
ROLL 31351 65153
BID FIRST B 460
BID SECOND B 4
GET FIRST B
GET SECOND A
ROUND 2
ROLL 25552 12266
BID FIRST B 460
BID SECOND A 19
GET FIRST B
GET SECOND A
PUT FIRST FULL_HOUSE 55666
PUT SECOND CHOICE 35555
ROUND 3
ROLL 16615 11334
BID FIRST A 470
BID SECOND A 12
GET FIRST A
GET SECOND B
PUT FIRST CHOICE 23566
PUT SECOND SMALL_STRAIGHT 13124
ROUND 4
ROLL 16613 34452
BID FIRST A 480
BID SECOND A 9
GET FIRST A
GET SECOND B
PUT FIRST YACHT 11111
PUT SECOND LARGE_STRAIGHT 21345
ROUND 5
ROLL 44555 16225
BID FIRST A 490
BID SECOND A 41
GET FIRST A
GET SECOND B
PUT FIRST LARGE_STRAIGHT 12345
PUT SECOND FULL_HOUSE 33222
ROUND 6
ROLL 65552 61162
BID FIRST B 500
BID SECOND B 1
GET FIRST B
GET SECOND A
PUT FIRST FOUR_OF_A_KIND 56666
PUT SECOND FOUR_OF_A_KIND 65555
ROUND 7
ROLL 45531 21165
BID FIRST A 510
BID SECOND A 2
GET FIRST A
GET SECOND B
PUT FIRST SMALL_STRAIGHT 11234
PUT SECOND SIX 14166
ROUND 8
ROLL 33612 26222
BID FIRST B 520
BID SECOND A 0
GET FIRST B
GET SECOND A
PUT FIRST FIVE 12555
PUT SECOND TWO 22112
ROUND 9
ROLL 44123 53633
BID FIRST A 530
BID SECOND A 0
GET FIRST A
GET SECOND B
PUT FIRST FOUR 12444
PUT SECOND YACHT 33333
ROUND 10
ROLL 43125 23442
BID FIRST A 540
BID SECOND B 0
GET FIRST A
GET SECOND B
PUT FIRST TWO 12222
PUT SECOND FIVE 56156
ROUND 11
ROLL 25542 44563
BID FIRST B 550
BID SECOND B 2
GET FIRST B
GET SECOND A
PUT FIRST SIX 33366
PUT SECOND FOUR 23444
ROUND 12
ROLL 51356 23564
BID FIRST A 560
BID SECOND A 0
GET FIRST A
GET SECOND B
PUT FIRST THREE 13444
PUT SECOND THREE 22553
ROUND 13
PUT FIRST ONE 55556
PUT SECOND ONE 22564
SCOREFIRST 217930
SCORESECOND 199052
