[FIRST "Team 613"]
[SECOND "Team 571"]
[RESULT "1-0"]
ROUND 1
ROLL 53221 42426
BID FIRST B 460
BID SECOND B 1
GET FIRST B
GET SECOND A
ROUND 2
ROLL 15163 42431
BID FIRST A 460
BID SECOND B 552
GET FIRST A
GET SECOND B
PUT FIRST LARGE_STRAIGHT 12345
PUT SECOND LARGE_STRAIGHT 12345
ROUND 3
ROLL 31114 34426
BID FIRST B 470
BID SECOND B 460
GET FIRST B
GET SECOND A
PUT FIRST FULL_HOUSE 44666
PUT SECOND SMALL_STRAIGHT 12234
ROUND 4
ROLL 66453 11433
BID FIRST A 480
BID SECOND A 463
GET FIRST A
GET SECOND B
PUT FIRST CHOICE 44566
PUT SECOND YACHT 11111
ROUND 5
ROLL 21454 66256
BID FIRST B 490
BID SECOND B 467
GET FIRST B
GET SECOND A
PUT FIRST SIX 12666
PUT SECOND FULL_HOUSE 33444
ROUND 6
ROLL 22252 33311
BID FIRST B 500
BID SECOND A 472
GET FIRST B
GET SECOND A
PUT FIRST YACHT 33333
PUT SECOND TWO 22222
ROUND 7
ROLL 52131 11436
BID FIRST B 510
BID SECOND B 476
GET FIRST B
GET SECOND A
PUT FIRST SMALL_STRAIGHT 11234
PUT SECOND FIVE 13555
ROUND 8
ROLL 15241 45323
BID FIRST B 520
BID SECOND B 481
GET FIRST B
GET SECOND A
PUT FIRST FIVE 11255
PUT SECOND ONE 11114
ROUND 9
ROLL 21262 43556
BID FIRST B 530
BID SECOND B 486
GET FIRST B
GET SECOND A
PUT FIRST THREE 23334
PUT SECOND CHOICE 23456
ROUND 10
ROLL 21261 53326
BID FIRST B 540
BID SECOND A 491
GET FIRST B
GET SECOND A
PUT FIRST FOUR 23345
PUT SECOND FOUR_OF_A_KIND 22226
ROUND 11
ROLL 44326 33422
BID FIRST B 550
BID SECOND A 496
GET FIRST B
GET SECOND A
PUT FIRST TWO 22334
PUT SECOND FOUR 11244
ROUND 12
ROLL 12212 42552
BID FIRST B 560
BID SECOND A 500
GET FIRST B
GET SECOND A
PUT FIRST FOUR_OF_A_KIND 55556
PUT SECOND SIX 12236
ROUND 13
PUT FIRST ONE 22466
PUT SECOND THREE 11222
SCOREFIRST 210930
SCORESECOND 190323
