[FIRST "Team 613"]
[SECOND "Team 1483"]
[RESULT "1-0"]
ROUND 1
ROLL 42116 45363
BID FIRST B 460
BID SECOND B 3500
GET FIRST A
GET SECOND B
ROUND 2
ROLL 61264 15625
BID FIRST B 460
BID SECOND B 0
GET FIRST B
GET SECOND A
PUT FIRST CHOICE 45566
PUT SECOND LARGE_STRAIGHT 23456
ROUND 3
ROLL 65366 13122
BID FIRST A 470
BID SECOND A 0
GET FIRST A
GET SECOND B
PUT FIRST FULL_HOUSE 22666
PUT SECOND CHOICE 33466
ROUND 4
ROLL 36453 12641
BID FIRST A 480
BID SECOND B 17500
GET FIRST A
GET SECOND B
PUT FIRST SMALL_STRAIGHT 13456
PUT SECOND YACHT 11111
ROUND 5
ROLL 66124 43135
BID FIRST A 490
BID SECOND A 3300
GET FIRST B
GET SECOND A
PUT FIRST FOUR_OF_A_KIND 33335
PUT SECOND FULL_HOUSE 44666
ROUND 6
ROLL 25243 21431
BID FIRST A 500
BID SECOND B 0
GET FIRST A
GET SECOND B
PUT FIRST LARGE_STRAIGHT 12345
PUT SECOND SMALL_STRAIGHT 12234
ROUND 7
ROLL 32423 52661
BID FIRST B 510
BID SECOND B 600
GET FIRST A
GET SECOND B
PUT FIRST FOUR 11244
PUT SECOND FOUR_OF_A_KIND 22226
ROUND 8
ROLL 41363 65462
BID FIRST B 520
BID SECOND B 1800
GET FIRST A
GET SECOND B
PUT FIRST THREE 13333
PUT SECOND SIX 11666
ROUND 9
ROLL 36355 25623
BID FIRST A 530
BID SECOND A 1500
GET FIRST B
GET SECOND A
PUT FIRST SIX 22266
PUT SECOND FIVE 15555
ROUND 10
ROLL 66354 46433
BID FIRST B 540
BID SECOND B 0
GET FIRST B
GET SECOND A
PUT FIRST FIVE 23355
PUT SECOND THREE 23334
ROUND 11
ROLL 33146 21241
BID FIRST A 550
BID SECOND B 0
GET FIRST A
GET SECOND B
PUT FIRST ONE 13334
PUT SECOND FOUR 44666
ROUND 12
ROLL 52344 34463
BID FIRST B 560
BID SECOND A 0
GET FIRST B
GET SECOND A
PUT FIRST YACHT 44444
PUT SECOND TWO 12225
ROUND 13
PUT FIRST TWO 33666
PUT SECOND ONE 13445
SCOREFIRST 201950
SCORESECOND 190800
