[FIRST "Team 1283"]
[SECOND "Team 613"]
[RESULT "1-0"]
ROUND 1
ROLL 62233 41654
BID FIRST B 581
BID SECOND B 460
GET FIRST B
GET SECOND A
ROUND 2
ROLL 61516 31513
BID FIRST A 1084
BID SECOND A 460
GET FIRST A
GET SECOND B
PUT FIRST FULL_HOUSE 16116
PUT SECOND CHOICE 33356
ROUND 3
ROLL 44464 21545
BID FIRST A 2815
BID SECOND A 470
GET FIRST A
GET SECOND B
PUT FIRST YACHT 44444
PUT SECOND LARGE_STRAIGHT 12345
ROUND 4
ROLL 23144 22543
BID FIRST B 315
BID SECOND B 480
GET FIRST A
GET SECOND B
PUT FIRST LARGE_STRAIGHT 52314
PUT SECOND FULL_HOUSE 22255
ROUND 5
ROLL 14432 61411
BID FIRST B 464
BID SECOND A 490
GET FIRST B
GET SECOND A
PUT FIRST FOUR 44411
PUT SECOND SMALL_STRAIGHT 11234
ROUND 6
ROLL 32551 63313
BID FIRST A 507
BID SECOND A 500
GET FIRST A
GET SECOND B
PUT FIRST CHOICE 62551
PUT SECOND FOUR_OF_A_KIND 33336
ROUND 7
ROLL 13632 52166
BID FIRST B 1072
BID SECOND B 510
GET FIRST B
GET SECOND A
PUT FIRST SIX 66166
PUT SECOND FOUR 11144
ROUND 8
ROLL 55645 56334
BID FIRST A 2247
BID SECOND A 520
GET FIRST A
GET SECOND B
PUT FIRST FIVE 55555
PUT SECOND SIX 22366
ROUND 9
ROLL 53426 42116
BID FIRST A 1137
BID SECOND B 530
GET FIRST A
GET SECOND B
PUT FIRST SMALL_STRAIGHT 21342
PUT SECOND THREE 11333
ROUND 10
ROLL 46661 42545
BID FIRST A 2114
BID SECOND B 540
GET FIRST A
GET SECOND B
PUT FIRST FOUR_OF_A_KIND 66666
PUT SECOND FIVE 22555
ROUND 11
ROLL 66625 51446
BID FIRST A 1183
BID SECOND A 550
GET FIRST A
GET SECOND B
PUT FIRST THREE 34412
PUT SECOND YACHT 44444
ROUND 12
ROLL 56531 12614
BID FIRST A 771
BID SECOND A 560
GET FIRST A
GET SECOND B
PUT FIRST ONE 55531
PUT SECOND ONE 11124
ROUND 13
PUT FIRST TWO 66665
PUT SECOND TWO 45666
SCOREFIRST 245340
SCORESECOND 197990
