[FIRST "Team 613"]
[SECOND "Team 1716"]
[RESULT "1-0"]
ROUND 1
ROLL 26244 54656
BID FIRST B 460
BID SECOND B 2476
GET FIRST A
GET SECOND B
ROUND 2
ROLL 31162 11126
BID FIRST A 460
BID SECOND A 106
GET FIRST A
GET SECOND B
PUT FIRST CHOICE 34466
PUT SECOND FULL_HOUSE 55666
ROUND 3
ROLL 62241 23632
BID FIRST A 470
BID SECOND A 1
GET FIRST A
GET SECOND B
PUT FIRST YACHT 22222
PUT SECOND CHOICE 23346
ROUND 4
ROLL 13465 64635
BID FIRST B 480
BID SECOND A 1
GET FIRST B
GET SECOND A
PUT FIRST FULL_HOUSE 44666
PUT SECOND LARGE_STRAIGHT 12345
ROUND 5
ROLL 55461 35442
BID FIRST A 490
BID SECOND A 447
GET FIRST A
GET SECOND B
PUT FIRST FIVE 11555
PUT SECOND SMALL_STRAIGHT 11234
ROUND 6
ROLL 65554 21122
BID FIRST A 500
BID SECOND A 7480
GET FIRST B
GET SECOND A
PUT FIRST SMALL_STRAIGHT 11234
PUT SECOND FOUR_OF_A_KIND 55556
ROUND 7
ROLL 46411 46621
BID FIRST B 510
BID SECOND B 1
GET FIRST B
GET SECOND A
PUT FIRST SIX 11666
PUT SECOND FOUR 14444
ROUND 8
ROLL 16651 24152
BID FIRST A 520
BID SECOND A 6376
GET FIRST B
GET SECOND A
PUT FIRST FOUR_OF_A_KIND 22225
PUT SECOND SIX 16666
ROUND 9
ROLL 26122 62144
BID FIRST B 530
BID SECOND A 1
GET FIRST B
GET SECOND A
PUT FIRST FOUR 14444
PUT SECOND TWO 12222
ROUND 10
ROLL 22545 46632
BID FIRST B 540
BID SECOND A 1
GET FIRST B
GET SECOND A
PUT FIRST TWO 11222
PUT SECOND FIVE 11555
ROUND 11
ROLL 15552 25326
BID FIRST B 550
BID SECOND B 1
GET FIRST B
GET SECOND A
PUT FIRST LARGE_STRAIGHT 23456
PUT SECOND YACHT 11222
ROUND 12
ROLL 42623 26162
BID FIRST B 560
BID SECOND A 1
GET FIRST B
GET SECOND A
PUT FIRST THREE 12223
PUT SECOND THREE 22344
ROUND 13
PUT FIRST ONE 66666
PUT SECOND ONE 55566
SCOREFIRST 211890
SCORESECOND 202220
