[FIRST "Team 457"]
[SECOND "Team 613"]
[RESULT "1-0"]
ROUND 1
ROLL 66246 35263
BID FIRST A 625
BID SECOND A 460
GET FIRST A
GET SECOND B
ROUND 2
ROLL 24335 16512
BID FIRST A 1587
BID SECOND B 460
GET FIRST A
GET SECOND B
PUT FIRST LARGE_STRAIGHT 23456
PUT SECOND CHOICE 35566
ROUND 3
ROLL 44214 33436
BID FIRST B 675
BID SECOND B 470
GET FIRST B
GET SECOND A
PUT FIRST FULL_HOUSE 44666
PUT SECOND FULL_HOUSE 22444
ROUND 4
ROLL 35541 23253
BID FIRST B 61
BID SECOND A 480
GET FIRST B
GET SECOND A
PUT FIRST THREE 33333
PUT SECOND LARGE_STRAIGHT 12345
ROUND 5
ROLL 12552 54462
BID FIRST B 15
BID SECOND B 490
GET FIRST A
GET SECOND B
PUT FIRST YACHT 22222
PUT SECOND SMALL_STRAIGHT 11234
ROUND 6
ROLL 34536 26536
BID FIRST B 255
BID SECOND B 500
GET FIRST A
GET SECOND B
PUT FIRST FIVE 55551
PUT SECOND SIX 12666
ROUND 7
ROLL 23115 65154
BID FIRST B 4080
BID SECOND B 510
GET FIRST B
GET SECOND A
PUT FIRST SMALL_STRAIGHT 34561
PUT SECOND FOUR_OF_A_KIND 45555
ROUND 8
ROLL 55162 43164
BID FIRST B 582
BID SECOND B 520
GET FIRST B
GET SECOND A
PUT FIRST FOUR 44413
PUT SECOND FIVE 11155
ROUND 9
ROLL 55555 54642
BID FIRST B 3052
BID SECOND B 530
GET FIRST B
GET SECOND A
PUT FIRST SIX 66633
PUT SECOND YACHT 55555
ROUND 10
ROLL 36365 43633
BID FIRST B 393
BID SECOND A 540
GET FIRST B
GET SECOND A
PUT FIRST CHOICE 44556
PUT SECOND THREE 23333
ROUND 11
ROLL 41265 32551
BID FIRST A 498
BID SECOND B 550
GET FIRST A
GET SECOND B
PUT FIRST TWO 22516
PUT SECOND TWO 12235
ROUND 12
ROLL 52653 52336
BID FIRST B 815
BID SECOND B 560
GET FIRST B
GET SECOND A
PUT FIRST FOUR_OF_A_KIND 33336
PUT SECOND FOUR 23555
ROUND 13
PUT FIRST ONE 23445
PUT SECOND ONE 56666
SCOREFIRST 254902
SCORESECOND 204030
