[FIRST "Team 872"]
[SECOND "Team 613"]
[RESULT "1-0"]
ROUND 1
ROLL 33313 52456
BID FIRST A 0
BID SECOND B 460
GET FIRST A
GET SECOND B
ROUND 2
ROLL 45456 64223
BID FIRST B 2000
BID SECOND B 460
GET FIRST B
GET SECOND A
PUT FIRST YACHT 33333
PUT SECOND FULL_HOUSE 55566
ROUND 3
ROLL 64655 34224
BID FIRST A 1000
BID SECOND A 470
GET FIRST A
GET SECOND B
PUT FIRST FULL_HOUSE 66655
PUT SECOND YACHT 44444
ROUND 4
ROLL 54233 64355
BID FIRST B 1000
BID SECOND B 480
GET FIRST B
GET SECOND A
PUT FIRST LARGE_STRAIGHT 12345
PUT SECOND CHOICE 33455
ROUND 5
ROLL 44632 55614
BID FIRST B 1000
BID SECOND B 490
GET FIRST B
GET SECOND A
PUT FIRST FIVE 55512
PUT SECOND FOUR_OF_A_KIND 22226
ROUND 6
ROLL 41546 64451
BID FIRST B 1000
BID SECOND B 500
GET FIRST B
GET SECOND A
PUT FIRST FOUR_OF_A_KIND 44446
PUT SECOND LARGE_STRAIGHT 12345
ROUND 7
ROLL 61614 16524
BID FIRST A 1000
BID SECOND A 510
GET FIRST A
GET SECOND B
PUT FIRST SIX 66661
PUT SECOND FOUR 14444
ROUND 8
ROLL 24123 45525
BID FIRST B 1000
BID SECOND B 520
GET FIRST B
GET SECOND A
PUT FIRST FOUR 44411
PUT SECOND SMALL_STRAIGHT 12234
ROUND 9
ROLL 11343 32135
BID FIRST B 1000
BID SECOND B 530
GET FIRST B
GET SECOND A
PUT FIRST CHOICE 55555
PUT SECOND SIX 11266
ROUND 10
ROLL 62214 35352
BID FIRST A 1000
BID SECOND A 540
GET FIRST A
GET SECOND B
PUT FIRST SMALL_STRAIGHT 12341
PUT SECOND FIVE 23555
ROUND 11
ROLL 13626 34325
BID FIRST B 1000
BID SECOND A 550
GET FIRST B
GET SECOND A
PUT FIRST THREE 33322
PUT SECOND THREE 33333
ROUND 12
ROLL 41354 24142
BID FIRST B 1000
BID SECOND A 560
GET FIRST B
GET SECOND A
PUT FIRST TWO 22221
PUT SECOND TWO 11234
ROUND 13
PUT FIRST ONE 44456
PUT SECOND ONE 44566
SCOREFIRST 261000
SCORESECOND 218930
