[FIRST "Team 613"]
[SECOND "Team 746"]
[RESULT "1-0"]
ROUND 1
ROLL 42164 36221
BID FIRST A 460
BID SECOND A 1500
GET FIRST B
GET SECOND A
ROUND 2
ROLL 43451 26155
BID FIRST B 460
BID SECOND B 5500
GET FIRST A
GET SECOND B
PUT FIRST LARGE_STRAIGHT 12345
PUT SECOND CHOICE 45566
ROUND 3
ROLL 66551 21242
BID FIRST A 470
BID SECOND B 23500
GET FIRST A
GET SECOND B
PUT FIRST FULL_HOUSE 55666
PUT SECOND YACHT 22222
ROUND 4
ROLL 23666 32456
BID FIRST A 480
BID SECOND A 0
GET FIRST A
GET SECOND B
PUT FIRST CHOICE 34666
PUT SECOND SMALL_STRAIGHT 11234
ROUND 5
ROLL 34432 62411
BID FIRST A 490
BID SECOND A 3000
GET FIRST B
GET SECOND A
PUT FIRST SMALL_STRAIGHT 11234
PUT SECOND LARGE_STRAIGHT 12345
ROUND 6
ROLL 43236 14365
BID FIRST B 500
BID SECOND A 0
GET FIRST B
GET SECOND A
PUT FIRST SIX 11166
PUT SECOND FOUR 44446
ROUND 7
ROLL 33435 46162
BID FIRST B 510
BID SECOND B 4500
GET FIRST A
GET SECOND B
PUT FIRST FOUR_OF_A_KIND 33335
PUT SECOND FULL_HOUSE 33666
ROUND 8
ROLL 65352 53664
BID FIRST B 520
BID SECOND A 1000
GET FIRST B
GET SECOND A
PUT FIRST FOUR 22444
PUT SECOND TWO 22234
ROUND 9
ROLL 22331 14145
BID FIRST B 530
BID SECOND B 3000
GET FIRST A
GET SECOND B
PUT FIRST FIVE 12255
PUT SECOND FIVE 15556
ROUND 10
ROLL 52266 35623
BID FIRST A 540
BID SECOND B 3500
GET FIRST A
GET SECOND B
PUT FIRST THREE 22333
PUT SECOND THREE 13334
ROUND 11
ROLL 51236 32545
BID FIRST A 550
BID SECOND A 500
GET FIRST A
GET SECOND B
PUT FIRST YACHT 66666
PUT SECOND ONE 12456
ROUND 12
ROLL 54516 32251
BID FIRST A 560
BID SECOND A 13000
GET FIRST B
GET SECOND A
PUT FIRST TWO 11222
PUT SECOND FOUR_OF_A_KIND 55556
ROUND 13
PUT FIRST ONE 33555
PUT SECOND SIX 32441
SCOREFIRST 213950
SCORESECOND 160000
