[FIRST "Team 1476"]
[SECOND "Team 613"]
[RESULT "1-0"]
ROUND 1
ROLL 35544 31243
BID FIRST A 2120
BID SECOND A 460
GET FIRST A
GET SECOND B
ROUND 2
ROLL 13144 41131
BID FIRST B 5632
BID SECOND B 460
GET FIRST B
GET SECOND A
PUT FIRST ONE 11133
PUT SECOND FULL_HOUSE 33444
ROUND 3
ROLL 43552 46624
BID FIRST B 8648
BID SECOND B 470
GET FIRST B
GET SECOND A
PUT FIRST FOUR 44444
PUT SECOND LARGE_STRAIGHT 12345
ROUND 4
ROLL 25351 56233
BID FIRST B 1320
BID SECOND B 480
GET FIRST B
GET SECOND A
PUT FIRST FULL_HOUSE 66655
PUT SECOND CHOICE 33555
ROUND 5
ROLL 22523 21361
BID FIRST A 8759
BID SECOND B 490
GET FIRST A
GET SECOND B
PUT FIRST YACHT 22222
PUT SECOND YACHT 11111
ROUND 6
ROLL 66253 34352
BID FIRST A 296
BID SECOND A 500
GET FIRST B
GET SECOND A
PUT FIRST SMALL_STRAIGHT 23453
PUT SECOND SIX 22666
ROUND 7
ROLL 42243 43666
BID FIRST B 540
BID SECOND B 510
GET FIRST B
GET SECOND A
PUT FIRST THREE 33334
PUT SECOND SMALL_STRAIGHT 22345
ROUND 8
ROLL 52433 15352
BID FIRST A 1193
BID SECOND B 520
GET FIRST A
GET SECOND B
PUT FIRST LARGE_STRAIGHT 23456
PUT SECOND FIVE 12255
ROUND 9
ROLL 22452 36426
BID FIRST B 375
BID SECOND B 530
GET FIRST A
GET SECOND B
PUT FIRST TWO 22234
PUT SECOND FOUR_OF_A_KIND 33336
ROUND 10
ROLL 53525 36215
BID FIRST A 432
BID SECOND B 540
GET FIRST A
GET SECOND B
PUT FIRST FIVE 55555
PUT SECOND FOUR 12244
ROUND 11
ROLL 62166 11554
BID FIRST A 424
BID SECOND A 550
GET FIRST B
GET SECOND A
PUT FIRST SIX 66112
PUT SECOND TWO 12235
ROUND 12
ROLL 14515 23631
BID FIRST A 963
BID SECOND B 560
GET FIRST A
GET SECOND B
PUT FIRST FOUR_OF_A_KIND 55551
PUT SECOND THREE 12336
ROUND 13
PUT FIRST CHOICE 53414
PUT SECOND ONE 66666
SCOREFIRST 245488
SCORESECOND 196690
