[FIRST "Team 1474"]
[SECOND "Team 613"]
[RESULT "1-0"]
ROUND 1
ROLL 62516 56615
BID FIRST B 3000
BID SECOND B 460
GET FIRST B
GET SECOND A
ROUND 2
ROLL 56645 23535
BID FIRST A 3000
BID SECOND A 460
GET FIRST A
GET SECOND B
PUT FIRST FULL_HOUSE 55566
PUT SECOND FULL_HOUSE 55566
ROUND 3
ROLL 64412 61651
BID FIRST A 3000
BID SECOND B 470
GET FIRST A
GET SECOND B
PUT FIRST FOUR 44411
PUT SECOND CHOICE 33566
ROUND 4
ROLL 14314 46434
BID FIRST A 3000
BID SECOND B 480
GET FIRST A
GET SECOND B
PUT FIRST LARGE_STRAIGHT 12345
PUT SECOND SMALL_STRAIGHT 11234
ROUND 5
ROLL 25335 34466
BID FIRST B 10000
BID SECOND B 490
GET FIRST B
GET SECOND A
PUT FIRST YACHT 66666
PUT SECOND LARGE_STRAIGHT 12345
ROUND 6
ROLL 36663 43622
BID FIRST A 3000
BID SECOND A 500
GET FIRST A
GET SECOND B
PUT FIRST CHOICE 66644
PUT SECOND SIX 22266
ROUND 7
ROLL 61312 25554
BID FIRST B 3000
BID SECOND B 510
GET FIRST B
GET SECOND A
PUT FIRST SMALL_STRAIGHT 12343
PUT SECOND THREE 11333
ROUND 8
ROLL 34333 41263
BID FIRST A 3000
BID SECOND B 520
GET FIRST A
GET SECOND B
PUT FIRST FOUR_OF_A_KIND 33333
PUT SECOND FOUR 12444
ROUND 9
ROLL 34232 33113
BID FIRST A 3000
BID SECOND B 530
GET FIRST A
GET SECOND B
PUT FIRST TWO 22334
PUT SECOND FOUR_OF_A_KIND 33336
ROUND 10
ROLL 11634 33321
BID FIRST A 3000
BID SECOND B 540
GET FIRST A
GET SECOND B
PUT FIRST ONE 11344
PUT SECOND FIVE 11125
ROUND 11
ROLL 41662 56566
BID FIRST B 3000
BID SECOND B 550
GET FIRST B
GET SECOND A
PUT FIRST SIX 66664
PUT SECOND TWO 12233
ROUND 12
ROLL 61662 14355
BID FIRST A 3000
BID SECOND A 560
GET FIRST A
GET SECOND B
PUT FIRST FIVE 55555
PUT SECOND ONE 13344
ROUND 13
PUT FIRST THREE 12666
PUT SECOND YACHT 55666
SCOREFIRST 222000
SCORESECOND 156990
