[FIRST "Team 467"]
[SECOND "Team 613"]
[RESULT "1-0"]
ROUND 1
ROLL 31163 11361
BID FIRST B 2000
BID SECOND B 460
GET FIRST B
GET SECOND A
ROUND 2
ROLL 63535 35131
BID FIRST A 2000
BID SECOND A 460
GET FIRST A
GET SECOND B
PUT FIRST CHOICE 36655
PUT SECOND CHOICE 33356
ROUND 3
ROLL 35314 36623
BID FIRST A 2000
BID SECOND B 470
GET FIRST A
GET SECOND B
PUT FIRST FOUR_OF_A_KIND 33353
PUT SECOND FULL_HOUSE 33366
ROUND 4
ROLL 31263 11233
BID FIRST A 2000
BID SECOND A 480
GET FIRST A
GET SECOND B
PUT FIRST YACHT 11111
PUT SECOND YACHT 11111
ROUND 5
ROLL 34222 46261
BID FIRST A 2000
BID SECOND B 490
GET FIRST A
GET SECOND B
PUT FIRST FULL_HOUSE 43334
PUT SECOND SMALL_STRAIGHT 11234
ROUND 6
ROLL 16613 44351
BID FIRST B 4444
BID SECOND A 500
GET FIRST B
GET SECOND A
PUT FIRST LARGE_STRAIGHT 26435
PUT SECOND FOUR_OF_A_KIND 36666
ROUND 7
ROLL 43565 16546
BID FIRST A 3960
BID SECOND B 510
GET FIRST A
GET SECOND B
PUT FIRST SMALL_STRAIGHT 22413
PUT SECOND LARGE_STRAIGHT 12345
ROUND 8
ROLL 54536 22541
BID FIRST A 3432
BID SECOND A 520
GET FIRST A
GET SECOND B
PUT FIRST FIVE 25555
PUT SECOND SIX 11166
ROUND 9
ROLL 41414 24344
BID FIRST B 2392
BID SECOND B 530
GET FIRST B
GET SECOND A
PUT FIRST FOUR 44444
PUT SECOND FOUR 14444
ROUND 10
ROLL 46444 45311
BID FIRST A 936
BID SECOND A 540
GET FIRST A
GET SECOND B
PUT FIRST SIX 63626
PUT SECOND FIVE 11155
ROUND 11
ROLL 14613 24532
BID FIRST B 616
BID SECOND A 550
GET FIRST B
GET SECOND A
PUT FIRST THREE 34443
PUT SECOND TWO 11222
ROUND 12
ROLL 21666 24564
BID FIRST A 216
BID SECOND A 560
GET FIRST B
GET SECOND A
PUT FIRST TWO 42422
PUT SECOND THREE 12334
ROUND 13
PUT FIRST ONE 54564
PUT SECOND ONE 46666
SCOREFIRST 233436
SCORESECOND 212910
