[FIRST "Team 613"]
[SECOND "Team 1171"]
[RESULT "0-1"]
ROUND 1
ROLL 46436 34516
BID FIRST A 460
BID SECOND A 3208
GET FIRST B
GET SECOND A
ROUND 2
ROLL 35646 43466
BID FIRST A 460
BID SECOND B 0
GET FIRST A
GET SECOND B
PUT FIRST FULL_HOUSE 55666
PUT SECOND SIX 66663
ROUND 3
ROLL 61332 61324
BID FIRST B 470
BID SECOND B 1866
GET FIRST A
GET SECOND B
PUT FIRST CHOICE 33446
PUT SECOND FOUR 44444
ROUND 4
ROLL 55635 11453
BID FIRST A 480
BID SECOND B 141
GET FIRST A
GET SECOND B
PUT FIRST FIVE 11555
PUT SECOND LARGE_STRAIGHT 23456
ROUND 5
ROLL 13556 31612
BID FIRST A 490
BID SECOND B 962
GET FIRST A
GET SECOND B
PUT FIRST FOUR_OF_A_KIND 33336
PUT SECOND YACHT 11111
ROUND 6
ROLL 64515 35142
BID FIRST A 500
BID SECOND B 0
GET FIRST A
GET SECOND B
PUT FIRST SIX 11266
PUT SECOND CHOICE 65433
ROUND 7
ROLL 36642 15534
BID FIRST A 510
BID SECOND B 0
GET FIRST A
GET SECOND B
PUT FIRST LARGE_STRAIGHT 23456
PUT SECOND FULL_HOUSE 33355
ROUND 8
ROLL 66163 14244
BID FIRST A 520
BID SECOND B 0
GET FIRST A
GET SECOND B
PUT FIRST SMALL_STRAIGHT 13456
PUT SECOND FOUR_OF_A_KIND 44442
ROUND 9
ROLL 13562 45324
BID FIRST B 530
BID SECOND B 1066
GET FIRST A
GET SECOND B
PUT FIRST THREE 12355
PUT SECOND SMALL_STRAIGHT 23451
ROUND 10
ROLL 53455 56122
BID FIRST B 540
BID SECOND A 1134
GET FIRST B
GET SECOND A
PUT FIRST YACHT 66666
PUT SECOND FIVE 55511
ROUND 11
ROLL 14522 52112
BID FIRST A 550
BID SECOND A 24
GET FIRST A
GET SECOND B
PUT FIRST TWO 12222
PUT SECOND TWO 22221
ROUND 12
ROLL 11346 43545
BID FIRST B 560
BID SECOND B 0
GET FIRST B
GET SECOND A
PUT FIRST FOUR 13444
PUT SECOND THREE 33111
ROUND 13
PUT FIRST ONE 55555
PUT SECOND ONE 44456
SCOREFIRST 207850
SCORESECOND 252647
