[FIRST "Team 613"]
[SECOND "Team 976"]
[RESULT "1-0"]
ROUND 1
ROLL 26512 15114
BID FIRST A 460
BID SECOND A 815
GET FIRST B
GET SECOND A
ROUND 2
ROLL 56332 43236
BID FIRST B 460
BID SECOND A 0
GET FIRST B
GET SECOND A
PUT FIRST LARGE_STRAIGHT 12345
PUT SECOND SIX 12266
ROUND 3
ROLL 15334 45343
BID FIRST B 470
BID SECOND B 951
GET FIRST A
GET SECOND B
PUT FIRST CHOICE 34456
PUT SECOND FIVE 23555
ROUND 4
ROLL 32155 14453
BID FIRST A 480
BID SECOND B 1020
GET FIRST A
GET SECOND B
PUT FIRST FULL_HOUSE 33355
PUT SECOND FOUR 14444
ROUND 5
ROLL 12634 23465
BID FIRST B 490
BID SECOND B 8400
GET FIRST A
GET SECOND B
PUT FIRST YACHT 11111
PUT SECOND YACHT 33333
ROUND 6
ROLL 42344 44166
BID FIRST B 500
BID SECOND B 1468
GET FIRST A
GET SECOND B
PUT FIRST FOUR_OF_A_KIND 44446
PUT SECOND CHOICE 55666
ROUND 7
ROLL 66666 32134
BID FIRST A 510
BID SECOND A 8400
GET FIRST B
GET SECOND A
PUT FIRST SMALL_STRAIGHT 12234
PUT SECOND FOUR_OF_A_KIND 66666
ROUND 8
ROLL 32464 42411
BID FIRST A 520
BID SECOND B 400
GET FIRST A
GET SECOND B
PUT FIRST THREE 23333
PUT SECOND FULL_HOUSE 22444
ROUND 9
ROLL 14342 33434
BID FIRST B 530
BID SECOND B 0
GET FIRST B
GET SECOND A
PUT FIRST FOUR 24444
PUT SECOND SMALL_STRAIGHT 11234
ROUND 10
ROLL 61441 45565
BID FIRST B 540
BID SECOND B 1643
GET FIRST A
GET SECOND B
PUT FIRST SIX 11266
PUT SECOND ONE 11444
ROUND 11
ROLL 41113 64655
BID FIRST B 550
BID SECOND B 1184
GET FIRST A
GET SECOND B
PUT FIRST ONE 11133
PUT SECOND TWO 44555
ROUND 12
ROLL 26653 55321
BID FIRST A 560
BID SECOND B 1431
GET FIRST A
GET SECOND B
PUT FIRST FIVE 23335
PUT SECOND THREE 12355
ROUND 13
PUT FIRST TWO 44466
PUT SECOND LARGE_STRAIGHT 55666
SCOREFIRST 206970
SCORESECOND 161288
