[FIRST "Team 613"]
[SECOND "Team 1537"]
[RESULT "1-0"]
ROUND 1
ROLL 13422 51535
BID FIRST B 460
BID SECOND B 6999
GET FIRST A
GET SECOND B
ROUND 2
ROLL 31226 44116
BID FIRST B 460
BID SECOND A 459
GET FIRST B
GET SECOND A
PUT FIRST CHOICE 34446
PUT SECOND CHOICE 35556
ROUND 3
ROLL 11341 43463
BID FIRST B 470
BID SECOND A 10001
GET FIRST B
GET SECOND A
PUT FIRST SMALL_STRAIGHT 11234
PUT SECOND YACHT 11111
ROUND 4
ROLL 11352 44362
BID FIRST B 480
BID SECOND A 7001
GET FIRST B
GET SECOND A
PUT FIRST FULL_HOUSE 44466
PUT SECOND LARGE_STRAIGHT 12345
ROUND 5
ROLL 53111 61653
BID FIRST B 490
BID SECOND B 10001
GET FIRST A
GET SECOND B
PUT FIRST FOUR_OF_A_KIND 11115
PUT SECOND FULL_HOUSE 33366
ROUND 6
ROLL 24514 46626
BID FIRST B 500
BID SECOND A 469
GET FIRST B
GET SECOND A
PUT FIRST SIX 22666
PUT SECOND FIVE 11155
ROUND 7
ROLL 15514 14311
BID FIRST A 510
BID SECOND B 449
GET FIRST A
GET SECOND B
PUT FIRST LARGE_STRAIGHT 12345
PUT SECOND SMALL_STRAIGHT 11234
ROUND 8
ROLL 12223 64336
BID FIRST B 520
BID SECOND B 489
GET FIRST B
GET SECOND A
PUT FIRST THREE 13333
PUT SECOND FOUR_OF_A_KIND 22224
ROUND 9
ROLL 65163 52622
BID FIRST B 530
BID SECOND A 422
GET FIRST B
GET SECOND A
PUT FIRST FIVE 22255
PUT SECOND SIX 23366
ROUND 10
ROLL 32166 23414
BID FIRST A 540
BID SECOND B 4001
GET FIRST A
GET SECOND B
PUT FIRST YACHT 66666
PUT SECOND FOUR 23444
ROUND 11
ROLL 66145 22653
BID FIRST A 550
BID SECOND A 422
GET FIRST A
GET SECOND B
PUT FIRST FOUR 11444
PUT SECOND TWO 22355
ROUND 12
ROLL 31652 56415
BID FIRST B 560
BID SECOND B 516
GET FIRST B
GET SECOND A
PUT FIRST TWO 12345
PUT SECOND ONE 11111
ROUND 13
PUT FIRST ONE 55666
PUT SECOND THREE 23566
SCOREFIRST 198830
SCORESECOND 159625
