[FIRST "Team 613"]
[SECOND "Team 1502"]
[RESULT "1-0"]
ROUND 1
ROLL 62341 36561
BID FIRST B 460
BID SECOND B 0
GET FIRST B
GET SECOND A
ROUND 2
ROLL 61365 64512
BID FIRST B 460
BID SECOND B 3000
GET FIRST A
GET SECOND B
PUT FIRST CHOICE 56666
PUT SECOND LARGE_STRAIGHT 12345
ROUND 3
ROLL 16112 65353
BID FIRST B 470
BID SECOND A 0
GET FIRST B
GET SECOND A
PUT FIRST FULL_HOUSE 33555
PUT SECOND CHOICE 66642
ROUND 4
ROLL 56116 36625
BID FIRST B 480
BID SECOND A 8000
GET FIRST B
GET SECOND A
PUT FIRST SIX 11666
PUT SECOND YACHT 11111
ROUND 5
ROLL 15456 66525
BID FIRST B 490
BID SECOND A 3000
GET FIRST B
GET SECOND A
PUT FIRST FIVE 22555
PUT SECOND FULL_HOUSE 55566
ROUND 6
ROLL 63512 12625
BID FIRST B 500
BID SECOND A 6000
GET FIRST B
GET SECOND A
PUT FIRST THREE 12333
PUT SECOND SMALL_STRAIGHT 12345
ROUND 7
ROLL 45111 16442
BID FIRST B 510
BID SECOND A 3000
GET FIRST B
GET SECOND A
PUT FIRST FOUR_OF_A_KIND 56666
PUT SECOND SIX 66542
ROUND 8
ROLL 53361 41365
BID FIRST B 520
BID SECOND B 9000
GET FIRST A
GET SECOND B
PUT FIRST LARGE_STRAIGHT 12345
PUT SECOND ONE 11111
ROUND 9
ROLL 32252 14163
BID FIRST B 530
BID SECOND A 2000
GET FIRST B
GET SECOND A
PUT FIRST SMALL_STRAIGHT 11234
PUT SECOND FIVE 55643
ROUND 10
ROLL 15624 36613
BID FIRST B 540
BID SECOND A 6000
GET FIRST B
GET SECOND A
PUT FIRST FOUR 11334
PUT SECOND TWO 22226
ROUND 11
ROLL 14312 45143
BID FIRST B 550
BID SECOND A 2000
GET FIRST B
GET SECOND A
PUT FIRST ONE 13344
PUT SECOND FOUR 44533
ROUND 12
ROLL 41265 61314
BID FIRST B 560
BID SECOND B 0
GET FIRST B
GET SECOND A
PUT FIRST YACHT 66666
PUT SECOND FOUR_OF_A_KIND 11116
ROUND 13
PUT FIRST TWO 11345
PUT SECOND THREE 54221
SCOREFIRST 216890
SCORESECOND 157000
