[FIRST "Team 1174"]
[SECOND "Team 613"]
[RESULT "1-0"]
ROUND 1
ROLL 64535 22565
BID FIRST A 975
BID SECOND A 460
GET FIRST A
GET SECOND B
ROUND 2
ROLL 55223 56554
BID FIRST B 1529
BID SECOND B 460
GET FIRST B
GET SECOND A
PUT FIRST YACHT 55555
PUT SECOND CHOICE 55556
ROUND 3
ROLL 34644 23644
BID FIRST A 2
BID SECOND A 470
GET FIRST B
GET SECOND A
PUT FIRST FOUR 44442
PUT SECOND FULL_HOUSE 33444
ROUND 4
ROLL 33555 23665
BID FIRST B 2
BID SECOND B 480
GET FIRST A
GET SECOND B
PUT FIRST FOUR_OF_A_KIND 33335
PUT SECOND YACHT 22222
ROUND 5
ROLL 25611 56211
BID FIRST B 2
BID SECOND B 490
GET FIRST A
GET SECOND B
PUT FIRST ONE 11255
PUT SECOND FOUR_OF_A_KIND 56666
ROUND 6
ROLL 64665 42261
BID FIRST A 677
BID SECOND A 500
GET FIRST A
GET SECOND B
PUT FIRST SIX 66666
PUT SECOND LARGE_STRAIGHT 12345
ROUND 7
ROLL 22542 66553
BID FIRST B 2058
BID SECOND B 510
GET FIRST B
GET SECOND A
PUT FIRST FIVE 55554
PUT SECOND TWO 22222
ROUND 8
ROLL 63223 43354
BID FIRST A 1696
BID SECOND B 520
GET FIRST A
GET SECOND B
PUT FIRST FULL_HOUSE 66666
PUT SECOND SMALL_STRAIGHT 13456
ROUND 9
ROLL 53453 51643
BID FIRST A 323
BID SECOND B 530
GET FIRST A
GET SECOND B
PUT FIRST SMALL_STRAIGHT 23455
PUT SECOND FOUR 11444
ROUND 10
ROLL 62343 26335
BID FIRST B 2
BID SECOND B 540
GET FIRST A
GET SECOND B
PUT FIRST THREE 33333
PUT SECOND FIVE 23555
ROUND 11
ROLL 14243 53345
BID FIRST B 666
BID SECOND B 550
GET FIRST B
GET SECOND A
PUT FIRST LARGE_STRAIGHT 34562
PUT SECOND SIX 12366
ROUND 12
ROLL 12335 24143
BID FIRST A 1500
BID SECOND B 560
GET FIRST A
GET SECOND B
PUT FIRST TWO 22133
PUT SECOND THREE 13333
ROUND 13
PUT FIRST CHOICE 33455
PUT SECOND ONE 24444
SCOREFIRST 274584
SCORESECOND 227890
