[FIRST "Team 613"]
[SECOND "Team 997"]
[RESULT "0-1"]
ROUND 1
ROLL 62512 43326
BID FIRST B 460
BID SECOND A 600
GET FIRST B
GET SECOND A
ROUND 2
ROLL 65136 51233
BID FIRST A 460
BID SECOND A 1000
GET FIRST B
GET SECOND A
PUT FIRST LARGE_STRAIGHT 12345
PUT SECOND SIX 66611
ROUND 3
ROLL 13221 64313
BID FIRST B 470
BID SECOND B 500
GET FIRST A
GET SECOND B
PUT FIRST CHOICE 33336
PUT SECOND LARGE_STRAIGHT 23456
ROUND 4
ROLL 43231 31461
BID FIRST B 480
BID SECOND B 500
GET FIRST A
GET SECOND B
PUT FIRST SMALL_STRAIGHT 11234
PUT SECOND SMALL_STRAIGHT 34561
ROUND 5
ROLL 34431 26425
BID FIRST A 490
BID SECOND B 700
GET FIRST A
GET SECOND B
PUT FIRST FULL_HOUSE 33344
PUT SECOND TWO 22211
ROUND 6
ROLL 66464 61414
BID FIRST A 500
BID SECOND A 1400
GET FIRST B
GET SECOND A
PUT FIRST FOUR_OF_A_KIND 11116
PUT SECOND FOUR_OF_A_KIND 66665
ROUND 7
ROLL 32542 62145
BID FIRST B 510
BID SECOND B 700
GET FIRST A
GET SECOND B
PUT FIRST YACHT 22222
PUT SECOND FOUR 44441
ROUND 8
ROLL 46421 44141
BID FIRST A 520
BID SECOND A 600
GET FIRST B
GET SECOND A
PUT FIRST FOUR 44444
PUT SECOND ONE 12233
ROUND 9
ROLL 55364 33234
BID FIRST A 530
BID SECOND A 900
GET FIRST B
GET SECOND A
PUT FIRST THREE 13333
PUT SECOND FIVE 55534
ROUND 10
ROLL 32336 64365
BID FIRST B 540
BID SECOND B 1100
GET FIRST A
GET SECOND B
PUT FIRST SIX 12236
PUT SECOND YACHT 66666
ROUND 11
ROLL 21361 64132
BID FIRST B 550
BID SECOND B 500
GET FIRST B
GET SECOND A
PUT FIRST FIVE 12335
PUT SECOND THREE 11233
ROUND 12
ROLL 21315 62333
BID FIRST B 560
BID SECOND B 400
GET FIRST B
GET SECOND A
PUT FIRST TWO 23333
PUT SECOND CHOICE 65544
ROUND 13
PUT FIRST ONE 44466
PUT SECOND FULL_HOUSE 11234
SCOREFIRST 186950
SCORESECOND 202900
