[FIRST "Team 613"]
[SECOND "Team 1642"]
[RESULT "1-0"]
ROUND 1
ROLL 44362 55326
BID FIRST B 460
BID SECOND B 0
GET FIRST B
GET SECOND A
ROUND 2
ROLL 41564 21441
BID FIRST A 460
BID SECOND B 1200
GET FIRST A
GET SECOND B
PUT FIRST LARGE_STRAIGHT 12345
PUT SECOND FOUR 14444
ROUND 3
ROLL 34356 21236
BID FIRST B 470
BID SECOND B 1200
GET FIRST A
GET SECOND B
PUT FIRST FULL_HOUSE 55666
PUT SECOND TWO 12222
ROUND 4
ROLL 12365 46213
BID FIRST B 480
BID SECOND B 0
GET FIRST B
GET SECOND A
PUT FIRST CHOICE 44456
PUT SECOND CHOICE 35666
ROUND 5
ROLL 51521 44544
BID FIRST B 490
BID SECOND A 2400
GET FIRST B
GET SECOND A
PUT FIRST FOUR_OF_A_KIND 44445
PUT SECOND ONE 11112
ROUND 6
ROLL 55254 46234
BID FIRST A 500
BID SECOND B 0
GET FIRST A
GET SECOND B
PUT FIRST SMALL_STRAIGHT 12234
PUT SECOND LARGE_STRAIGHT 23456
ROUND 7
ROLL 61613 25233
BID FIRST A 510
BID SECOND A 2400
GET FIRST B
GET SECOND A
PUT FIRST FIVE 25555
PUT SECOND THREE 11333
ROUND 8
ROLL 31114 43541
BID FIRST B 520
BID SECOND A 2400
GET FIRST B
GET SECOND A
PUT FIRST YACHT 33333
PUT SECOND SMALL_STRAIGHT 34566
ROUND 9
ROLL 44651 41311
BID FIRST A 530
BID SECOND B 2400
GET FIRST A
GET SECOND B
PUT FIRST FOUR 14444
PUT SECOND YACHT 11111
ROUND 10
ROLL 36345 22263
BID FIRST A 540
BID SECOND B 0
GET FIRST A
GET SECOND B
PUT FIRST SIX 12366
PUT SECOND FOUR_OF_A_KIND 22226
ROUND 11
ROLL 15433 11622
BID FIRST B 550
BID SECOND B 1200
GET FIRST A
GET SECOND B
PUT FIRST THREE 13334
PUT SECOND FULL_HOUSE 11144
ROUND 12
ROLL 62426 43264
BID FIRST A 560
BID SECOND B 0
GET FIRST A
GET SECOND B
PUT FIRST TWO 22445
PUT SECOND SIX 22266
ROUND 13
PUT FIRST ONE 55566
PUT SECOND FIVE 33344
SCOREFIRST 224990
SCORESECOND 181800
