[FIRST "Team 613"]
[SECOND "Team 362"]
[RESULT "1-0"]
ROUND 1
ROLL 25526 14365
BID FIRST B 460
BID SECOND A 0
GET FIRST B
GET SECOND A
ROUND 2
ROLL 25231 45115
BID FIRST B 460
BID SECOND B 0
GET FIRST B
GET SECOND A
PUT FIRST CHOICE 45556
PUT SECOND FIVE 25525
ROUND 3
ROLL 13342 26541
BID FIRST B 470
BID SECOND B 3000
GET FIRST A
GET SECOND B
PUT FIRST FULL_HOUSE 33344
PUT SECOND LARGE_STRAIGHT 62354
ROUND 4
ROLL 21314 11334
BID FIRST B 480
BID SECOND B 0
GET FIRST B
GET SECOND A
PUT FIRST YACHT 11111
PUT SECOND SMALL_STRAIGHT 21234
ROUND 5
ROLL 56214 44343
BID FIRST A 490
BID SECOND B 0
GET FIRST A
GET SECOND B
PUT FIRST LARGE_STRAIGHT 12345
PUT SECOND FOUR 61444
ROUND 6
ROLL 35212 11344
BID FIRST B 500
BID SECOND A 0
GET FIRST B
GET SECOND A
PUT FIRST SMALL_STRAIGHT 11234
PUT SECOND CHOICE 23335
ROUND 7
ROLL 13324 62134
BID FIRST B 510
BID SECOND A 0
GET FIRST B
GET SECOND A
PUT FIRST SIX 11266
PUT SECOND TWO 11222
ROUND 8
ROLL 21563 26663
BID FIRST B 520
BID SECOND B 0
GET FIRST B
GET SECOND A
PUT FIRST FOUR 23444
PUT SECOND THREE 11333
ROUND 9
ROLL 14525 15431
BID FIRST A 530
BID SECOND A 0
GET FIRST A
GET SECOND B
PUT FIRST FIVE 12355
PUT SECOND FULL_HOUSE 15151
ROUND 10
ROLL 55354 33466
BID FIRST B 540
BID SECOND B 3000
GET FIRST A
GET SECOND B
PUT FIRST THREE 33445
PUT SECOND SIX 42666
ROUND 11
ROLL 55332 45224
BID FIRST B 550
BID SECOND A 3000
GET FIRST B
GET SECOND A
PUT FIRST TWO 22445
PUT SECOND YACHT 33333
ROUND 12
ROLL 56253 33464
BID FIRST B 560
BID SECOND A 0
GET FIRST B
GET SECOND A
PUT FIRST FOUR_OF_A_KIND 56666
PUT SECOND FOUR_OF_A_KIND 55565
ROUND 13
PUT FIRST ONE 33445
PUT SECOND ONE 44223
SCOREFIRST 205950
SCORESECOND 201000
