[FIRST "Team 613"]
[SECOND "Team 1302"]
[RESULT "0-1"]
ROUND 1
ROLL 45326 62623
BID FIRST A 460
BID SECOND A 5500
GET FIRST B
GET SECOND A
ROUND 2
ROLL 22554 36654
BID FIRST B 460
BID SECOND B 0
GET FIRST B
GET SECOND A
PUT FIRST LARGE_STRAIGHT 23456
PUT SECOND LARGE_STRAIGHT 36254
ROUND 3
ROLL 46164 25335
BID FIRST A 470
BID SECOND A 0
GET FIRST A
GET SECOND B
PUT FIRST YACHT 66666
PUT SECOND CHOICE 55455
ROUND 4
ROLL 64122 52411
BID FIRST A 480
BID SECOND A 16500
GET FIRST B
GET SECOND A
PUT FIRST CHOICE 34445
PUT SECOND YACHT 22222
ROUND 5
ROLL 22461 64545
BID FIRST B 490
BID SECOND B 5000
GET FIRST A
GET SECOND B
PUT FIRST FOUR_OF_A_KIND 22226
PUT SECOND FULL_HOUSE 64644
ROUND 6
ROLL 64346 44553
BID FIRST A 500
BID SECOND B 0
GET FIRST A
GET SECOND B
PUT FIRST FULL_HOUSE 44466
PUT SECOND FOUR_OF_A_KIND 55455
ROUND 7
ROLL 11565 62165
BID FIRST B 510
BID SECOND B 2500
GET FIRST A
GET SECOND B
PUT FIRST FIVE 11155
PUT SECOND SMALL_STRAIGHT 14321
ROUND 8
ROLL 33243 44665
BID FIRST B 520
BID SECOND B 4500
GET FIRST A
GET SECOND B
PUT FIRST SMALL_STRAIGHT 11234
PUT SECOND SIX 36666
ROUND 9
ROLL 33213 33154
BID FIRST B 530
BID SECOND B 0
GET FIRST B
GET SECOND A
PUT FIRST THREE 33333
PUT SECOND THREE 33313
ROUND 10
ROLL 63115 14264
BID FIRST B 540
BID SECOND B 2000
GET FIRST A
GET SECOND B
PUT FIRST SIX 11166
PUT SECOND FOUR 44144
ROUND 11
ROLL 13353 11241
BID FIRST A 550
BID SECOND A 3500
GET FIRST B
GET SECOND A
PUT FIRST FOUR 11144
PUT SECOND FIVE 55615
ROUND 12
ROLL 23241 62325
BID FIRST B 560
BID SECOND B 400
GET FIRST B
GET SECOND A
PUT FIRST TWO 12223
PUT SECOND TWO 22221
ROUND 13
PUT FIRST ONE 35556
PUT SECOND ONE 33334
SCOREFIRST 205030
SCORESECOND 237900
