[FIRST "Team 613"]
[SECOND "Team 1110"]
[RESULT "1-0"]
ROUND 1
ROLL 43535 54133
BID FIRST A 460
BID SECOND A 0
GET FIRST A
GET SECOND B
ROUND 2
ROLL 22513 35316
BID FIRST B 460
BID SECOND A 0
GET FIRST B
GET SECOND A
PUT FIRST CHOICE 45556
PUT SECOND LARGE_STRAIGHT 54132
ROUND 3
ROLL 63252 42515
BID FIRST A 470
BID SECOND A 0
GET FIRST A
GET SECOND B
PUT FIRST YACHT 33333
PUT SECOND CHOICE 35455
ROUND 4
ROLL 44412 36416
BID FIRST B 480
BID SECOND A 0
GET FIRST B
GET SECOND A
PUT FIRST LARGE_STRAIGHT 12345
PUT SECOND FULL_HOUSE 22444
ROUND 5
ROLL 12253 24134
BID FIRST B 490
BID SECOND B 1202
GET FIRST A
GET SECOND B
PUT FIRST FULL_HOUSE 22666
PUT SECOND SMALL_STRAIGHT 13124
ROUND 6
ROLL 35243 63164
BID FIRST B 500
BID SECOND B 0
GET FIRST B
GET SECOND A
PUT FIRST SMALL_STRAIGHT 11234
PUT SECOND THREE 12333
ROUND 7
ROLL 14164 52316
BID FIRST B 510
BID SECOND A 3986
GET FIRST B
GET SECOND A
PUT FIRST SIX 11666
PUT SECOND FOUR_OF_A_KIND 44464
ROUND 8
ROLL 24565 23226
BID FIRST A 520
BID SECOND A 2725
GET FIRST B
GET SECOND A
PUT FIRST FOUR_OF_A_KIND 22226
PUT SECOND FIVE 15255
ROUND 9
ROLL 22212 16462
BID FIRST B 530
BID SECOND A 13320
GET FIRST B
GET SECOND A
PUT FIRST FIVE 12355
PUT SECOND YACHT 22222
ROUND 10
ROLL 34635 31161
BID FIRST A 540
BID SECOND A 0
GET FIRST A
GET SECOND B
PUT FIRST THREE 33334
PUT SECOND SIX 11466
ROUND 11
ROLL 23562 61141
BID FIRST B 550
BID SECOND B 0
GET FIRST B
GET SECOND A
PUT FIRST FOUR 11144
PUT SECOND ONE 13111
ROUND 12
ROLL 41132 26354
BID FIRST B 560
BID SECOND A 0
GET FIRST B
GET SECOND A
PUT FIRST TWO 23455
PUT SECOND TWO 23522
ROUND 13
PUT FIRST ONE 66666
PUT SECOND FOUR 64113
SCOREFIRST 201950
SCORESECOND 183767
