[FIRST "Team 613"]
[SECOND "Team 982"]
[RESULT "0-1"]
ROUND 1
ROLL 41514 33323
BID FIRST B 460
BID SECOND A 1000
GET FIRST B
GET SECOND A
ROUND 2
ROLL 44251 15646
BID FIRST B 460
BID SECOND B 4000
GET FIRST A
GET SECOND B
PUT FIRST LARGE_STRAIGHT 12345
PUT SECOND CHOICE 45566
ROUND 3
ROLL 36615 34544
BID FIRST A 470
BID SECOND B 0
GET FIRST A
GET SECOND B
PUT FIRST CHOICE 34566
PUT SECOND YACHT 44444
ROUND 4
ROLL 14423 21643
BID FIRST B 480
BID SECOND A 0
GET FIRST B
GET SECOND A
PUT FIRST FOUR_OF_A_KIND 33336
PUT SECOND LARGE_STRAIGHT 13542
ROUND 5
ROLL 44253 54611
BID FIRST B 490
BID SECOND A 3000
GET FIRST B
GET SECOND A
PUT FIRST FULL_HOUSE 11144
PUT SECOND FOUR 11444
ROUND 6
ROLL 44243 23132
BID FIRST A 500
BID SECOND A 1000
GET FIRST B
GET SECOND A
PUT FIRST TWO 12222
PUT SECOND THREE 13233
ROUND 7
ROLL 26436 44453
BID FIRST B 510
BID SECOND A 931
GET FIRST B
GET SECOND A
PUT FIRST SMALL_STRAIGHT 13456
PUT SECOND FULL_HOUSE 44466
ROUND 8
ROLL 45331 63434
BID FIRST B 520
BID SECOND A 0
GET FIRST B
GET SECOND A
PUT FIRST FOUR 34444
PUT SECOND FIVE 52245
ROUND 9
ROLL 15151 43543
BID FIRST A 530
BID SECOND B 0
GET FIRST A
GET SECOND B
PUT FIRST FIVE 11555
PUT SECOND FOUR_OF_A_KIND 33335
ROUND 10
ROLL 26122 32611
BID FIRST B 540
BID SECOND A 0
GET FIRST B
GET SECOND A
PUT FIRST SIX 11166
PUT SECOND SMALL_STRAIGHT 41432
ROUND 11
ROLL 61125 15641
BID FIRST B 550
BID SECOND A 0
GET FIRST B
GET SECOND A
PUT FIRST THREE 13333
PUT SECOND SIX 46126
ROUND 12
ROLL 32133 46242
BID FIRST B 560
BID SECOND B 0
GET FIRST B
GET SECOND A
PUT FIRST ONE 12224
PUT SECOND TWO 21122
ROUND 13
PUT FIRST YACHT 44566
PUT SECOND ONE 53133
SCOREFIRST 192850
SCORESECOND 202069
