[FIRST "Team 613"]
[SECOND "Team 809"]
[RESULT "0-1"]
ROUND 1
ROLL 34146 55556
BID FIRST B 460
BID SECOND B 9
GET FIRST B
GET SECOND A
ROUND 2
ROLL 24446 41122
BID FIRST A 460
BID SECOND A 496
GET FIRST B
GET SECOND A
PUT FIRST CHOICE 55556
PUT SECOND YACHT 44444
ROUND 3
ROLL 56146 31213
BID FIRST A 470
BID SECOND A 482
GET FIRST B
GET SECOND A
PUT FIRST SMALL_STRAIGHT 11234
PUT SECOND LARGE_STRAIGHT 31254
ROUND 4
ROLL 32455 46336
BID FIRST B 480
BID SECOND B 475
GET FIRST B
GET SECOND A
PUT FIRST FULL_HOUSE 33366
PUT SECOND FOUR_OF_A_KIND 66665
ROUND 5
ROLL 26313 26116
BID FIRST B 490
BID SECOND B 488
GET FIRST B
GET SECOND A
PUT FIRST SIX 11166
PUT SECOND CHOICE 34563
ROUND 6
ROLL 25231 43635
BID FIRST B 500
BID SECOND A 481
GET FIRST B
GET SECOND A
PUT FIRST LARGE_STRAIGHT 12345
PUT SECOND FULL_HOUSE 22323
ROUND 7
ROLL 14432 42533
BID FIRST A 510
BID SECOND A 511
GET FIRST B
GET SECOND A
PUT FIRST THREE 22333
PUT SECOND SMALL_STRAIGHT 11243
ROUND 8
ROLL 65613 56261
BID FIRST B 520
BID SECOND A 496
GET FIRST B
GET SECOND A
PUT FIRST FIVE 12255
PUT SECOND SIX 51166
ROUND 9
ROLL 41424 43432
BID FIRST B 530
BID SECOND A 505
GET FIRST B
GET SECOND A
PUT FIRST FOUR_OF_A_KIND 44446
PUT SECOND FOUR 42444
ROUND 10
ROLL 43433 54322
BID FIRST B 540
BID SECOND A 519
GET FIRST B
GET SECOND A
PUT FIRST TWO 22233
PUT SECOND THREE 53333
ROUND 11
ROLL 62125 33124
BID FIRST B 550
BID SECOND B 1
GET FIRST B
GET SECOND A
PUT FIRST FOUR 12344
PUT SECOND TWO 11222
ROUND 12
ROLL 34245 46366
BID FIRST B 560
BID SECOND A 1
GET FIRST B
GET SECOND A
PUT FIRST YACHT 66666
PUT SECOND FIVE 44655
ROUND 13
PUT FIRST ONE 33345
PUT SECOND ONE 13424
SCOREFIRST 205810
SCORESECOND 211482
