[FIRST "Team 1594"]
[SECOND "Team 613"]
[RESULT "0-1"]
ROUND 1
ROLL 45353 12224
BID FIRST A 7020
BID SECOND A 460
GET FIRST A
GET SECOND B
ROUND 2
ROLL 54556 61253
BID FIRST A 461
BID SECOND A 460
GET FIRST A
GET SECOND B
PUT FIRST YACHT 55555
PUT SECOND LARGE_STRAIGHT 12345
ROUND 3
ROLL 16564 25343
BID FIRST A 461
BID SECOND A 470
GET FIRST B
GET SECOND A
PUT FIRST LARGE_STRAIGHT 23456
PUT SECOND CHOICE 45666
ROUND 4
ROLL 63121 15111
BID FIRST A 471
BID SECOND A 480
GET FIRST B
GET SECOND A
PUT FIRST FOUR_OF_A_KIND 11115
PUT SECOND FOUR_OF_A_KIND 22226
ROUND 5
ROLL 22526 52464
BID FIRST B 481
BID SECOND B 490
GET FIRST A
GET SECOND B
PUT FIRST SMALL_STRAIGHT 23452
PUT SECOND SMALL_STRAIGHT 11234
ROUND 6
ROLL 32244 33614
BID FIRST B 491
BID SECOND B 500
GET FIRST A
GET SECOND B
PUT FIRST FULL_HOUSE 44433
PUT SECOND FULL_HOUSE 11166
ROUND 7
ROLL 46531 56413
BID FIRST A 0
BID SECOND B 510
GET FIRST A
GET SECOND B
PUT FIRST CHOICE 66543
PUT SECOND FOUR 13444
ROUND 8
ROLL 41662 12553
BID FIRST A 511
BID SECOND A 520
GET FIRST B
GET SECOND A
PUT FIRST FIVE 55112
PUT SECOND SIX 12666
ROUND 9
ROLL 31461 22664
BID FIRST B 521
BID SECOND B 530
GET FIRST A
GET SECOND B
PUT FIRST THREE 33311
PUT SECOND FIVE 22355
ROUND 10
ROLL 26356 53443
BID FIRST A 531
BID SECOND A 540
GET FIRST B
GET SECOND A
PUT FIRST FOUR 44422
PUT SECOND THREE 23344
ROUND 11
ROLL 36256 26432
BID FIRST A 541
BID SECOND B 550
GET FIRST A
GET SECOND B
PUT FIRST SIX 66622
PUT SECOND YACHT 66666
ROUND 12
ROLL 15352 22121
BID FIRST A 551
BID SECOND A 560
GET FIRST B
GET SECOND A
PUT FIRST TWO 22211
PUT SECOND TWO 12223
ROUND 13
PUT FIRST ONE 53335
PUT SECOND ONE 34555
SCOREFIRST 196996
SCORESECOND 198770
