[FIRST "Team 613"]
[SECOND "Team 1490"]
[RESULT "1-0"]
ROUND 1
ROLL 56631 42126
BID FIRST A 460
BID SECOND A 2200
GET FIRST B
GET SECOND A
ROUND 2
ROLL 42532 52224
BID FIRST A 460
BID SECOND A 850
GET FIRST B
GET SECOND A
PUT FIRST YACHT 22222
PUT SECOND SIX 12266
ROUND 3
ROLL 55352 45353
BID FIRST A 470
BID SECOND B 1050
GET FIRST A
GET SECOND B
PUT FIRST LARGE_STRAIGHT 12345
PUT SECOND FIVE 35555
ROUND 4
ROLL 61532 56544
BID FIRST B 480
BID SECOND B 1250
GET FIRST A
GET SECOND B
PUT FIRST FULL_HOUSE 55566
PUT SECOND FOUR 34444
ROUND 5
ROLL 15545 34431
BID FIRST A 490
BID SECOND A 1050
GET FIRST B
GET SECOND A
PUT FIRST CHOICE 34445
PUT SECOND YACHT 55555
ROUND 6
ROLL 65261 55632
BID FIRST A 500
BID SECOND B 550
GET FIRST A
GET SECOND B
PUT FIRST SIX 11166
PUT SECOND THREE 12333
ROUND 7
ROLL 65413 63122
BID FIRST A 510
BID SECOND A 1000
GET FIRST B
GET SECOND A
PUT FIRST FOUR_OF_A_KIND 22226
PUT SECOND FULL_HOUSE 44555
ROUND 8
ROLL 23462 13533
BID FIRST A 520
BID SECOND A 450
GET FIRST A
GET SECOND B
PUT FIRST SMALL_STRAIGHT 12234
PUT SECOND ONE 11333
ROUND 9
ROLL 65354 16421
BID FIRST A 530
BID SECOND A 1150
GET FIRST B
GET SECOND A
PUT FIRST THREE 11333
PUT SECOND FOUR_OF_A_KIND 56666
ROUND 10
ROLL 66616 45651
BID FIRST A 540
BID SECOND A 625
GET FIRST B
GET SECOND A
PUT FIRST FIVE 12555
PUT SECOND SMALL_STRAIGHT 34556
ROUND 11
ROLL 34161 54121
BID FIRST B 550
BID SECOND A 375
GET FIRST B
GET SECOND A
PUT FIRST FOUR 11444
PUT SECOND CHOICE 46666
ROUND 12
ROLL 36463 34624
BID FIRST A 560
BID SECOND B 150
GET FIRST A
GET SECOND B
PUT FIRST TWO 23345
PUT SECOND TWO 11123
ROUND 13
PUT FIRST ONE 66666
PUT SECOND LARGE_STRAIGHT 33446
SCOREFIRST 206870
SCORESECOND 196200
