[FIRST "Team 613"]
[SECOND "Team 1582"]
[RESULT "1-0"]
ROUND 1
ROLL 54463 41666
BID FIRST B 460
BID SECOND B 1
GET FIRST B
GET SECOND A
ROUND 2
ROLL 65166 24633
BID FIRST A 460
BID SECOND A 3
GET FIRST A
GET SECOND B
PUT FIRST YACHT 66666
PUT SECOND LARGE_STRAIGHT 23456
ROUND 3
ROLL 41345 33442
BID FIRST A 470
BID SECOND A 2
GET FIRST A
GET SECOND B
PUT FIRST CHOICE 44556
PUT SECOND CHOICE 64444
ROUND 4
ROLL 31253 36152
BID FIRST B 480
BID SECOND B 2
GET FIRST B
GET SECOND A
PUT FIRST LARGE_STRAIGHT 12345
PUT SECOND YACHT 33333
ROUND 5
ROLL 52324 11311
BID FIRST A 490
BID SECOND A 4
GET FIRST A
GET SECOND B
PUT FIRST SMALL_STRAIGHT 11234
PUT SECOND FOUR_OF_A_KIND 11115
ROUND 6
ROLL 13643 61642
BID FIRST B 500
BID SECOND B 3
GET FIRST B
GET SECOND A
PUT FIRST FULL_HOUSE 22666
PUT SECOND SMALL_STRAIGHT 12341
ROUND 7
ROLL 34236 12354
BID FIRST A 510
BID SECOND A 2
GET FIRST A
GET SECOND B
PUT FIRST THREE 11333
PUT SECOND FULL_HOUSE 33322
ROUND 8
ROLL 12534 63155
BID FIRST B 520
BID SECOND B 2
GET FIRST B
GET SECOND A
PUT FIRST FIVE 12555
PUT SECOND FIVE 55112
ROUND 9
ROLL 44216 53665
BID FIRST B 530
BID SECOND B 3
GET FIRST B
GET SECOND A
PUT FIRST FOUR_OF_A_KIND 56666
PUT SECOND FOUR 44441
ROUND 10
ROLL 14264 62615
BID FIRST B 540
BID SECOND B 5
GET FIRST B
GET SECOND A
PUT FIRST SIX 12366
PUT SECOND SIX 66612
ROUND 11
ROLL 43126 16664
BID FIRST B 550
BID SECOND A 2
GET FIRST B
GET SECOND A
PUT FIRST FOUR 13444
PUT SECOND THREE 33312
ROUND 12
ROLL 25131 56341
BID FIRST B 560
BID SECOND A 3
GET FIRST B
GET SECOND A
PUT FIRST ONE 13455
PUT SECOND TWO 22113
ROUND 13
PUT FIRST TWO 56666
PUT SECOND ONE 44456
SCOREFIRST 212930
SCORESECOND 196022
