[FIRST "Team 613"]
[SECOND "Team 282"]
[RESULT "1-0"]
ROUND 1
ROLL 52352 35233
BID FIRST B 460
BID SECOND B 0
GET FIRST B
GET SECOND A
ROUND 2
ROLL 55335 54412
BID FIRST A 460
BID SECOND A 462
GET FIRST B
GET SECOND A
PUT FIRST LARGE_STRAIGHT 12345
PUT SECOND FIVE 55555
ROUND 3
ROLL 52224 66426
BID FIRST B 470
BID SECOND B 330
GET FIRST B
GET SECOND A
PUT FIRST CHOICE 45666
PUT SECOND TWO 22222
ROUND 4
ROLL 34231 55666
BID FIRST B 480
BID SECOND B 117
GET FIRST B
GET SECOND A
PUT FIRST FULL_HOUSE 55666
PUT SECOND THREE 33333
ROUND 5
ROLL 54365 25611
BID FIRST A 490
BID SECOND A 474
GET FIRST A
GET SECOND B
PUT FIRST SMALL_STRAIGHT 22345
PUT SECOND FOUR 54421
ROUND 6
ROLL 23555 56424
BID FIRST B 500
BID SECOND B 395
GET FIRST B
GET SECOND A
PUT FIRST SIX 23366
PUT SECOND SIX 25611
ROUND 7
ROLL 26132 54255
BID FIRST B 510
BID SECOND B 328
GET FIRST B
GET SECOND A
PUT FIRST YACHT 55555
PUT SECOND CHOICE 35556
ROUND 8
ROLL 44232 54526
BID FIRST B 520
BID SECOND A 487
GET FIRST B
GET SECOND A
PUT FIRST FOUR_OF_A_KIND 44446
PUT SECOND YACHT 22222
ROUND 9
ROLL 64565 16541
BID FIRST A 530
BID SECOND A 0
GET FIRST A
GET SECOND B
PUT FIRST FIVE 25555
PUT SECOND FULL_HOUSE 34434
ROUND 10
ROLL 16531 14352
BID FIRST B 540
BID SECOND B 224
GET FIRST B
GET SECOND A
PUT FIRST FOUR 12444
PUT SECOND FOUR_OF_A_KIND 11611
ROUND 11
ROLL 63632 64516
BID FIRST B 550
BID SECOND B 156
GET FIRST B
GET SECOND A
PUT FIRST THREE 12345
PUT SECOND ONE 56531
ROUND 12
ROLL 55235 61536
BID FIRST B 560
BID SECOND A 304
GET FIRST B
GET SECOND A
PUT FIRST ONE 13556
PUT SECOND LARGE_STRAIGHT 63632
ROUND 13
PUT FIRST TWO 66666
PUT SECOND SMALL_STRAIGHT 55235
SCOREFIRST 214850
SCORESECOND 202771
