[FIRST "Team 385"]
[SECOND "Team 613"]
[RESULT "1-0"]
ROUND 1
ROLL 51166 13113
BID FIRST A 10
BID SECOND A 460
GET FIRST B
GET SECOND A
ROUND 2
ROLL 31345 11636
BID FIRST B 7050
BID SECOND B 460
GET FIRST B
GET SECOND A
PUT FIRST YACHT 11111
PUT SECOND CHOICE 45566
ROUND 3
ROLL 55642 66422
BID FIRST A 62
BID SECOND A 470
GET FIRST B
GET SECOND A
PUT FIRST CHOICE 33636
PUT SECOND LARGE_STRAIGHT 12345
ROUND 4
ROLL 53456 15623
BID FIRST A 1050
BID SECOND A 480
GET FIRST A
GET SECOND B
PUT FIRST LARGE_STRAIGHT 64253
PUT SECOND FULL_HOUSE 11166
ROUND 5
ROLL 44544 32656
BID FIRST A 300
BID SECOND B 490
GET FIRST A
GET SECOND B
PUT FIRST FULL_HOUSE 64644
PUT SECOND FIVE 22555
ROUND 6
ROLL 66555 13116
BID FIRST A 3900
BID SECOND A 500
GET FIRST A
GET SECOND B
PUT FIRST FOUR_OF_A_KIND 25555
PUT SECOND SIX 11666
ROUND 7
ROLL 14641 44252
BID FIRST B 600
BID SECOND A 510
GET FIRST B
GET SECOND A
PUT FIRST FOUR 44442
PUT SECOND FOUR_OF_A_KIND 33336
ROUND 8
ROLL 62161 53554
BID FIRST A 5100
BID SECOND B 520
GET FIRST A
GET SECOND B
PUT FIRST SIX 66616
PUT SECOND FOUR 11444
ROUND 9
ROLL 25565 52666
BID FIRST A 10800
BID SECOND B 530
GET FIRST A
GET SECOND B
PUT FIRST FIVE 55555
PUT SECOND THREE 12355
ROUND 10
ROLL 25246 65414
BID FIRST A 600
BID SECOND B 540
GET FIRST A
GET SECOND B
PUT FIRST TWO 22222
PUT SECOND ONE 14455
ROUND 11
ROLL 42452 36411
BID FIRST B 5550
BID SECOND B 550
GET FIRST B
GET SECOND A
PUT FIRST SMALL_STRAIGHT 16543
PUT SECOND TWO 22445
ROUND 12
ROLL 61345 26631
BID FIRST A 0
BID SECOND B 560
GET FIRST A
GET SECOND B
PUT FIRST ONE 66111
PUT SECOND YACHT 66666
ROUND 13
PUT FIRST THREE 46345
PUT SECOND SMALL_STRAIGHT 12356
SCOREFIRST 243122
SCORESECOND 189910
