[FIRST "Team 1703"]
[SECOND "Team 613"]
[RESULT "1-0"]
ROUND 1
ROLL 56322 32312
BID FIRST A 0
BID SECOND A 460
GET FIRST B
GET SECOND A
ROUND 2
ROLL 53466 23126
BID FIRST A 543
BID SECOND A 460
GET FIRST A
GET SECOND B
PUT FIRST LARGE_STRAIGHT 32154
PUT SECOND CHOICE 33566
ROUND 3
ROLL 16214 56251
BID FIRST A 0
BID SECOND B 470
GET FIRST A
GET SECOND B
PUT FIRST SIX 32666
PUT SECOND YACHT 22222
ROUND 4
ROLL 45335 46255
BID FIRST B 600
BID SECOND B 480
GET FIRST B
GET SECOND A
PUT FIRST CHOICE 44655
PUT SECOND FOUR_OF_A_KIND 55556
ROUND 5
ROLL 16324 16242
BID FIRST A 0
BID SECOND B 490
GET FIRST A
GET SECOND B
PUT FIRST SMALL_STRAIGHT 31214
PUT SECOND SMALL_STRAIGHT 11234
ROUND 6
ROLL 26245 12666
BID FIRST B 799
BID SECOND B 500
GET FIRST B
GET SECOND A
PUT FIRST FOUR_OF_A_KIND 63666
PUT SECOND LARGE_STRAIGHT 12345
ROUND 7
ROLL 13142 61213
BID FIRST A 0
BID SECOND B 510
GET FIRST A
GET SECOND B
PUT FIRST TWO 21222
PUT SECOND FULL_HOUSE 22666
ROUND 8
ROLL 15121 32554
BID FIRST A 791
BID SECOND B 520
GET FIRST A
GET SECOND B
PUT FIRST YACHT 11111
PUT SECOND FIVE 11255
ROUND 9
ROLL 51551 61446
BID FIRST A 781
BID SECOND B 530
GET FIRST A
GET SECOND B
PUT FIRST FIVE 35555
PUT SECOND FOUR 14444
ROUND 10
ROLL 46313 45361
BID FIRST A 0
BID SECOND B 540
GET FIRST A
GET SECOND B
PUT FIRST FOUR 42114
PUT SECOND SIX 12666
ROUND 11
ROLL 11145 35123
BID FIRST B 759
BID SECOND A 550
GET FIRST B
GET SECOND A
PUT FIRST THREE 13333
PUT SECOND THREE 11333
ROUND 12
ROLL 61532 12221
BID FIRST A 350
BID SECOND A 560
GET FIRST B
GET SECOND A
PUT FIRST FULL_HOUSE 11222
PUT SECOND TWO 11234
ROUND 13
PUT FIRST ONE 65121
PUT SECOND ONE 45556
SCOREFIRST 253077
SCORESECOND 217810
