[FIRST "Team 613"]
[SECOND "Team 566"]
[RESULT "0-1"]
ROUND 1
ROLL 35215 65635
BID FIRST B 460
BID SECOND B 389
GET FIRST B
GET SECOND A
ROUND 2
ROLL 66644 35132
BID FIRST A 460
BID SECOND A 1210
GET FIRST B
GET SECOND A
PUT FIRST FULL_HOUSE 55566
PUT SECOND LARGE_STRAIGHT 12345
ROUND 3
ROLL 24621 15145
BID FIRST B 470
BID SECOND A 1008
GET FIRST B
GET SECOND A
PUT FIRST LARGE_STRAIGHT 12345
PUT SECOND FOUR_OF_A_KIND 66665
ROUND 4
ROLL 55352 42521
BID FIRST A 480
BID SECOND A 972
GET FIRST B
GET SECOND A
PUT FIRST CHOICE 33455
PUT SECOND FULL_HOUSE 55544
ROUND 5
ROLL 54554 45256
BID FIRST A 490
BID SECOND B 936
GET FIRST A
GET SECOND B
PUT FIRST FIVE 11555
PUT SECOND CHOICE 65543
ROUND 6
ROLL 44325 36222
BID FIRST A 500
BID SECOND B 1803
GET FIRST A
GET SECOND B
PUT FIRST FOUR_OF_A_KIND 44445
PUT SECOND YACHT 22222
ROUND 7
ROLL 13531 13513
BID FIRST B 510
BID SECOND B 321
GET FIRST B
GET SECOND A
PUT FIRST THREE 11333
PUT SECOND THREE 33311
ROUND 8
ROLL 52323 53135
BID FIRST B 520
BID SECOND A 1096
GET FIRST B
GET SECOND A
PUT FIRST TWO 11222
PUT SECOND FIVE 55633
ROUND 9
ROLL 41564 33256
BID FIRST A 530
BID SECOND B 3225
GET FIRST A
GET SECOND B
PUT FIRST SMALL_STRAIGHT 13456
PUT SECOND TWO 22222
ROUND 10
ROLL 36222 51524
BID FIRST B 540
BID SECOND A 329
GET FIRST B
GET SECOND A
PUT FIRST YACHT 55555
PUT SECOND SIX 66533
ROUND 11
ROLL 23115 45443
BID FIRST B 550
BID SECOND B 1318
GET FIRST A
GET SECOND B
PUT FIRST FOUR 11144
PUT SECOND SMALL_STRAIGHT 12345
ROUND 12
ROLL 11415 21136
BID FIRST B 560
BID SECOND A 2380
GET FIRST B
GET SECOND A
PUT FIRST SIX 11226
PUT SECOND FOUR 44411
ROUND 13
PUT FIRST ONE 23335
PUT SECOND ONE 12235
SCOREFIRST 203910
SCORESECOND 210433
