[FIRST "Team 613"]
[SECOND "Team 292"]
[RESULT "1-0"]
ROUND 1
ROLL 56643 21545
BID FIRST A 460
BID SECOND A 0
GET FIRST A
GET SECOND B
ROUND 2
ROLL 65622 32515
BID FIRST A 460
BID SECOND B 0
GET FIRST A
GET SECOND B
PUT FIRST LARGE_STRAIGHT 23456
PUT SECOND LARGE_STRAIGHT 12345
ROUND 3
ROLL 63445 65363
BID FIRST B 470
BID SECOND B 1
GET FIRST B
GET SECOND A
PUT FIRST YACHT 66666
PUT SECOND CHOICE 55556
ROUND 4
ROLL 25565 62144
BID FIRST A 480
BID SECOND A 0
GET FIRST A
GET SECOND B
PUT FIRST CHOICE 55556
PUT SECOND FOUR_OF_A_KIND 44446
ROUND 5
ROLL 25512 32215
BID FIRST A 490
BID SECOND A 2613
GET FIRST B
GET SECOND A
PUT FIRST FULL_HOUSE 33355
PUT SECOND FULL_HOUSE 22255
ROUND 6
ROLL 31253 46212
BID FIRST B 500
BID SECOND B 3224
GET FIRST A
GET SECOND B
PUT FIRST FOUR_OF_A_KIND 22225
PUT SECOND SMALL_STRAIGHT 11234
ROUND 7
ROLL 45123 21342
BID FIRST A 510
BID SECOND B 0
GET FIRST A
GET SECOND B
PUT FIRST SMALL_STRAIGHT 11234
PUT SECOND TWO 12222
ROUND 8
ROLL 12416 16414
BID FIRST B 520
BID SECOND A 0
GET FIRST B
GET SECOND A
PUT FIRST FOUR 11144
PUT SECOND SIX 11366
ROUND 9
ROLL 36525 26513
BID FIRST A 530
BID SECOND A 0
GET FIRST A
GET SECOND B
PUT FIRST FIVE 22555
PUT SECOND FOUR 11244
ROUND 10
ROLL 64162 64246
BID FIRST B 540
BID SECOND A 0
GET FIRST B
GET SECOND A
PUT FIRST SIX 26666
PUT SECOND FIVE 12356
ROUND 11
ROLL 42525 36441
BID FIRST B 550
BID SECOND B 0
GET FIRST B
GET SECOND A
PUT FIRST THREE 13333
PUT SECOND ONE 12466
ROUND 12
ROLL 42555 36355
BID FIRST B 560
BID SECOND A 7131
GET FIRST B
GET SECOND A
PUT FIRST TWO 33444
PUT SECOND YACHT 55555
ROUND 13
PUT FIRST ONE 45566
PUT SECOND THREE 22244
SCOREFIRST 207910
SCORESECOND 180033
