[FIRST "Team 613"]
[SECOND "Team 1780"]
[RESULT "0-1"]
ROUND 1
ROLL 42522 24326
BID FIRST A 460
BID SECOND A 1
GET FIRST A
GET SECOND B
ROUND 2
ROLL 15611 43322
BID FIRST A 460
BID SECOND B 0
GET FIRST A
GET SECOND B
PUT FIRST CHOICE 24556
PUT SECOND FULL_HOUSE 43433
ROUND 3
ROLL 25111 31514
BID FIRST B 470
BID SECOND A 0
GET FIRST B
GET SECOND A
PUT FIRST YACHT 11111
PUT SECOND YACHT 22222
ROUND 4
ROLL 41161 31565
BID FIRST B 480
BID SECOND A 0
GET FIRST B
GET SECOND A
PUT FIRST LARGE_STRAIGHT 12345
PUT SECOND SIX 61116
ROUND 5
ROLL 26251 34531
BID FIRST A 490
BID SECOND A 0
GET FIRST A
GET SECOND B
PUT FIRST FULL_HOUSE 55566
PUT SECOND FIVE 51115
ROUND 6
ROLL 43113 35623
BID FIRST B 500
BID SECOND B 3001
GET FIRST A
GET SECOND B
PUT FIRST SMALL_STRAIGHT 11234
PUT SECOND LARGE_STRAIGHT 41523
ROUND 7
ROLL 44434 24664
BID FIRST B 510
BID SECOND A 3001
GET FIRST B
GET SECOND A
PUT FIRST SIX 12266
PUT SECOND FOUR 44444
ROUND 8
ROLL 66535 44435
BID FIRST A 520
BID SECOND B 0
GET FIRST A
GET SECOND B
PUT FIRST FIVE 23355
PUT SECOND THREE 33333
ROUND 9
ROLL 14132 11433
BID FIRST B 530
BID SECOND B 0
GET FIRST B
GET SECOND A
PUT FIRST FOUR 11444
PUT SECOND CHOICE 64454
ROUND 10
ROLL 54326 65315
BID FIRST B 540
BID SECOND B 0
GET FIRST B
GET SECOND A
PUT FIRST FOUR_OF_A_KIND 33336
PUT SECOND TWO 14242
ROUND 11
ROLL 12664 51563
BID FIRST B 550
BID SECOND A 0
GET FIRST B
GET SECOND A
PUT FIRST THREE 11355
PUT SECOND ONE 13312
ROUND 12
ROLL 64361 12554
BID FIRST A 560
BID SECOND A 0
GET FIRST A
GET SECOND B
PUT FIRST ONE 13455
PUT SECOND SMALL_STRAIGHT 56662
ROUND 13
PUT FIRST TWO 66666
PUT SECOND FOUR_OF_A_KIND 41554
SCOREFIRST 194930
SCORESECOND 211999
