[FIRST "Team 613"]
[SECOND "Team 1467"]
[RESULT "0-1"]
ROUND 1
ROLL 24153 61565
BID FIRST B 460
BID SECOND A 600
GET FIRST B
GET SECOND A
ROUND 2
ROLL 54226 31522
BID FIRST A 460
BID SECOND A 5503
GET FIRST B
GET SECOND A
PUT FIRST FULL_HOUSE 55566
PUT SECOND LARGE_STRAIGHT 24153
ROUND 3
ROLL 25223 34466
BID FIRST B 470
BID SECOND B 5547
GET FIRST A
GET SECOND B
PUT FIRST YACHT 22222
PUT SECOND FULL_HOUSE 46466
ROUND 4
ROLL 23352 36262
BID FIRST B 480
BID SECOND B 1949
GET FIRST A
GET SECOND B
PUT FIRST CHOICE 33355
PUT SECOND FOUR_OF_A_KIND 22322
ROUND 5
ROLL 46355 23162
BID FIRST A 490
BID SECOND A 2001
GET FIRST B
GET SECOND A
PUT FIRST FOUR_OF_A_KIND 22226
PUT SECOND SIX 56665
ROUND 6
ROLL 31232 23653
BID FIRST B 500
BID SECOND B 1955
GET FIRST A
GET SECOND B
PUT FIRST THREE 13333
PUT SECOND THREE 33363
ROUND 7
ROLL 24612 22464
BID FIRST B 510
BID SECOND B 3943
GET FIRST A
GET SECOND B
PUT FIRST TWO 12222
PUT SECOND FOUR 44464
ROUND 8
ROLL 65315 26526
BID FIRST A 520
BID SECOND B 4707
GET FIRST A
GET SECOND B
PUT FIRST SMALL_STRAIGHT 13456
PUT SECOND YACHT 22222
ROUND 9
ROLL 25515 56611
BID FIRST A 530
BID SECOND A 2799
GET FIRST B
GET SECOND A
PUT FIRST SIX 11666
PUT SECOND FIVE 55555
ROUND 10
ROLL 21214 61644
BID FIRST B 540
BID SECOND A 771
GET FIRST B
GET SECOND A
PUT FIRST FIVE 11155
PUT SECOND TWO 66222
ROUND 11
ROLL 41426 11324
BID FIRST A 550
BID SECOND B 3001
GET FIRST A
GET SECOND B
PUT FIRST FOUR 14444
PUT SECOND SMALL_STRAIGHT 11432
ROUND 12
ROLL 54111 55546
BID FIRST B 560
BID SECOND B 42
GET FIRST B
GET SECOND A
PUT FIRST ONE 12455
PUT SECOND ONE 11111
ROUND 13
PUT FIRST LARGE_STRAIGHT 56666
PUT SECOND CHOICE 54541
SCOREFIRST 225810
SCORESECOND 235266
