[FIRST "Team 613"]
[SECOND "Team 1490"]
[RESULT "1-0"]
ROUND 1
ROLL 15535 25354
BID FIRST A 1133
BID SECOND B 2000
GET FIRST A
GET SECOND B
ROUND 2
ROLL 62423 35566
BID FIRST B 1740
BID SECOND B 1300
GET FIRST B
GET SECOND A
PUT FIRST FIVE 55555
PUT SECOND LARGE_STRAIGHT 23456
ROUND 3
ROLL 55234 15514
BID FIRST A 297
BID SECOND A 1000
GET FIRST B
GET SECOND A
PUT FIRST ONE 11133
PUT SECOND FIVE 22555
ROUND 4
ROLL 33155 43231
BID FIRST B 214
BID SECOND A 900
GET FIRST B
GET SECOND A
PUT FIRST LARGE_STRAIGHT 12345
PUT SECOND THREE 13333
ROUND 5
ROLL 16636 64513
BID FIRST A 1204
BID SECOND A 1150
GET FIRST A
GET SECOND B
PUT FIRST SIX 66666
PUT SECOND FOUR 13444
ROUND 6
ROLL 35665 25114
BID FIRST A 1830
BID SECOND A 1300
GET FIRST A
GET SECOND B
PUT FIRST THREE 13334
PUT SECOND FOUR_OF_A_KIND 45555
ROUND 7
ROLL 61214 26631
BID FIRST B 647
BID SECOND B 950
GET FIRST A
GET SECOND B
PUT FIRST FULL_HOUSE 55666
PUT SECOND SIX 11666
ROUND 8
ROLL 34461 42335
BID FIRST B 222
BID SECOND A 950
GET FIRST B
GET SECOND A
PUT FIRST SMALL_STRAIGHT 11234
PUT SECOND TWO 11222
ROUND 9
ROLL 31346 63561
BID FIRST B 745
BID SECOND B 1100
GET FIRST A
GET SECOND B
PUT FIRST CHOICE 44556
PUT SECOND ONE 45666
ROUND 10
ROLL 34534 32261
BID FIRST A 3407
BID SECOND A 950
GET FIRST A
GET SECOND B
PUT FIRST YACHT 33333
PUT SECOND SMALL_STRAIGHT 12346
ROUND 11
ROLL 62334 56321
BID FIRST A 8421
BID SECOND A 900
GET FIRST A
GET SECOND B
PUT FIRST FOUR 12444
PUT SECOND FULL_HOUSE 22333
ROUND 12
ROLL 21465 64342
BID FIRST B 13
BID SECOND B 950
GET FIRST A
GET SECOND B
PUT FIRST TWO 12233
PUT SECOND CHOICE 44566
ROUND 13
PUT FIRST FOUR_OF_A_KIND 45566
PUT SECOND YACHT 11233
SCOREFIRST 248531
SCORESECOND 202750
