[FIRST "Team 613"]
[SECOND "Team 1066"]
[RESULT "1-0"]
ROUND 1
ROLL 61231 55666
BID FIRST B 7003
BID SECOND B 4230
GET FIRST B
GET SECOND A
ROUND 2
ROLL 43425 51144
BID FIRST B 665
BID SECOND A 900
GET FIRST B
GET SECOND A
PUT FIRST SIX 11666
PUT SECOND CHOICE 65443
ROUND 3
ROLL 24431 56365
BID FIRST A 2595
BID SECOND A 0
GET FIRST A
GET SECOND B
PUT FIRST FOUR 14444
PUT SECOND FIVE 55663
ROUND 4
ROLL 31435 31111
BID FIRST B 993
BID SECOND B 0
GET FIRST B
GET SECOND A
PUT FIRST ONE 11112
PUT SECOND LARGE_STRAIGHT 12345
ROUND 5
ROLL 63413 23512
BID FIRST A 210
BID SECOND A 1200
GET FIRST B
GET SECOND A
PUT FIRST FIVE 15555
PUT SECOND THREE 33336
ROUND 6
ROLL 32415 22442
BID FIRST B 1153
BID SECOND B 0
GET FIRST B
GET SECOND A
PUT FIRST YACHT 22222
PUT SECOND ONE 11115
ROUND 7
ROLL 12452 33364
BID FIRST B 294
BID SECOND A 0
GET FIRST B
GET SECOND A
PUT FIRST THREE 33333
PUT SECOND FOUR 44453
ROUND 8
ROLL 52456 46116
BID FIRST A 1549
BID SECOND A 1200
GET FIRST A
GET SECOND B
PUT FIRST LARGE_STRAIGHT 23456
PUT SECOND TWO 22226
ROUND 9
ROLL 32543 61546
BID FIRST B 1425
BID SECOND B 1500
GET FIRST A
GET SECOND B
PUT FIRST SMALL_STRAIGHT 23345
PUT SECOND SIX 66654
ROUND 10
ROLL 33431 22341
BID FIRST B 311
BID SECOND A 600
GET FIRST B
GET SECOND A
PUT FIRST FOUR_OF_A_KIND 44446
PUT SECOND YACHT 11111
ROUND 11
ROLL 53412 26664
BID FIRST A 12
BID SECOND B 2700
GET FIRST A
GET SECOND B
PUT FIRST TWO 11222
PUT SECOND FULL_HOUSE 66644
ROUND 12
ROLL 43462 45156
BID FIRST B 4395
BID SECOND A 0
GET FIRST B
GET SECOND A
PUT FIRST FULL_HOUSE 44555
PUT SECOND FOUR_OF_A_KIND 33336
ROUND 13
PUT FIRST CHOICE 13356
PUT SECOND SMALL_STRAIGHT 24442
SCOREFIRST 254665
SCORESECOND 243530
