[FIRST "Team 613"]
[SECOND "Team 880"]
[RESULT "0-1"]
ROUND 1
ROLL 26553 64463
BID FIRST B 1020
BID SECOND B 2700
GET FIRST A
GET SECOND B
ROUND 2
ROLL 42245 16646
BID FIRST B 1475
BID SECOND B 1602
GET FIRST A
GET SECOND B
PUT FIRST FIVE 22555
PUT SECOND YACHT 66666
ROUND 3
ROLL 52614 14651
BID FIRST B 80
BID SECOND A 1976
GET FIRST B
GET SECOND A
PUT FIRST FOUR 11444
PUT SECOND FOUR 44441
ROUND 4
ROLL 55123 34123
BID FIRST B 221
BID SECOND A 2034
GET FIRST B
GET SECOND A
PUT FIRST LARGE_STRAIGHT 12345
PUT SECOND FIVE 55511
ROUND 5
ROLL 25565 14165
BID FIRST B 342
BID SECOND A 1458
GET FIRST B
GET SECOND A
PUT FIRST SIX 11666
PUT SECOND FULL_HOUSE 55566
ROUND 6
ROLL 66566 12624
BID FIRST A 766
BID SECOND A 644
GET FIRST A
GET SECOND B
PUT FIRST FOUR_OF_A_KIND 56666
PUT SECOND TWO 22222
ROUND 7
ROLL 41424 35663
BID FIRST B 1438
BID SECOND B 1420
GET FIRST B
GET SECOND A
PUT FIRST THREE 23333
PUT SECOND FOUR_OF_A_KIND 44446
ROUND 8
ROLL 44411 34164
BID FIRST B 1175
BID SECOND A 2014
GET FIRST B
GET SECOND A
PUT FIRST FULL_HOUSE 55666
PUT SECOND SMALL_STRAIGHT 12341
ROUND 9
ROLL 55255 51321
BID FIRST B 173
BID SECOND A 2178
GET FIRST B
GET SECOND A
PUT FIRST ONE 11123
PUT SECOND LARGE_STRAIGHT 12345
ROUND 10
ROLL 33161 44154
BID FIRST B 813
BID SECOND B 2733
GET FIRST A
GET SECOND B
PUT FIRST SMALL_STRAIGHT 13456
PUT SECOND CHOICE 55554
ROUND 11
ROLL 21466 51523
BID FIRST A 1674
BID SECOND A 1446
GET FIRST A
GET SECOND B
PUT FIRST CHOICE 44466
PUT SECOND ONE 11123
ROUND 12
ROLL 63263 66461
BID FIRST B 3221
BID SECOND B 1746
GET FIRST B
GET SECOND A
PUT FIRST TWO 11123
PUT SECOND THREE 33244
ROUND 13
PUT FIRST YACHT 34666
PUT SECOND SIX 66455
SCOREFIRST 182218
SCORESECOND 218561
