[FIRST "Team 613"]
[SECOND "Team 1846"]
[RESULT "1-0"]
ROUND 1
ROLL 64554 14444
BID FIRST B 4044
BID SECOND B 5252
GET FIRST A
GET SECOND B
ROUND 2
ROLL 56432 16344
BID FIRST B 896
BID SECOND B 868
GET FIRST B
GET SECOND A
PUT FIRST FOUR 14444
PUT SECOND YACHT 44444
ROUND 3
ROLL 64364 43465
BID FIRST A 789
BID SECOND A 2571
GET FIRST B
GET SECOND A
PUT FIRST SIX 33666
PUT SECOND LARGE_STRAIGHT 12345
ROUND 4
ROLL 24332 16414
BID FIRST B 778
BID SECOND B 4572
GET FIRST A
GET SECOND B
PUT FIRST FIVE 22555
PUT SECOND SIX 16666
ROUND 5
ROLL 46532 26235
BID FIRST A 1083
BID SECOND A 3548
GET FIRST B
GET SECOND A
PUT FIRST LARGE_STRAIGHT 23456
PUT SECOND FOUR 14444
ROUND 6
ROLL 66566 16444
BID FIRST A 1302
BID SECOND A 0
GET FIRST A
GET SECOND B
PUT FIRST FOUR_OF_A_KIND 56666
PUT SECOND FULL_HOUSE 44466
ROUND 7
ROLL 11352 23632
BID FIRST B 1017
BID SECOND B 1920
GET FIRST A
GET SECOND B
PUT FIRST THREE 11333
PUT SECOND THREE 13333
ROUND 8
ROLL 24436 41564
BID FIRST A 1918
BID SECOND B 1662
GET FIRST A
GET SECOND B
PUT FIRST TWO 22234
PUT SECOND CHOICE 24466
ROUND 9
ROLL 62556 25564
BID FIRST A 351
BID SECOND B 1690
GET FIRST A
GET SECOND B
PUT FIRST FULL_HOUSE 55666
PUT SECOND FIVE 15555
ROUND 10
ROLL 25334 11521
BID FIRST B 12
BID SECOND A 3606
GET FIRST B
GET SECOND A
PUT FIRST ONE 11122
PUT SECOND SMALL_STRAIGHT 33456
ROUND 11
ROLL 34456 35442
BID FIRST B 1269
BID SECOND A 88
GET FIRST B
GET SECOND A
PUT FIRST YACHT 44444
PUT SECOND TWO 22223
ROUND 12
ROLL 55645 15555
BID FIRST A 1471
BID SECOND A 2902
GET FIRST B
GET SECOND A
PUT FIRST CHOICE 55555
PUT SECOND ONE 44446
ROUND 13
PUT FIRST SMALL_STRAIGHT 12355
PUT SECOND FOUR_OF_A_KIND 55556
SCOREFIRST 267434
SCORESECOND 255057
