[FIRST "Team 945"]
[SECOND "Team 613"]
[RESULT "1-0"]
ROUND 1
ROLL 43333 25441
BID FIRST A 648
BID SECOND A 7949
GET FIRST B
GET SECOND A
ROUND 2
ROLL 56345 12361
BID FIRST A 3232
BID SECOND A 215
GET FIRST A
GET SECOND B
PUT FIRST LARGE_STRAIGHT 12345
PUT SECOND YACHT 33333
ROUND 3
ROLL 33145 26424
BID FIRST B 2139
BID SECOND B 807
GET FIRST B
GET SECOND A
PUT FIRST FOUR 24444
PUT SECOND LARGE_STRAIGHT 12345
ROUND 4
ROLL 32146 64214
BID FIRST A 0
BID SECOND B 494
GET FIRST A
GET SECOND B
PUT FIRST SMALL_STRAIGHT 12234
PUT SECOND FOUR 11444
ROUND 5
ROLL 41151 43146
BID FIRST B 2602
BID SECOND B 478
GET FIRST B
GET SECOND A
PUT FIRST SIX 16666
PUT SECOND ONE 11112
ROUND 6
ROLL 42434 21566
BID FIRST A 0
BID SECOND B 586
GET FIRST A
GET SECOND B
PUT FIRST YACHT 44444
PUT SECOND SIX 16666
ROUND 7
ROLL 22356 44453
BID FIRST B 1767
BID SECOND B 12
GET FIRST B
GET SECOND A
PUT FIRST FULL_HOUSE 44455
PUT SECOND FIVE 22555
ROUND 8
ROLL 66542 45661
BID FIRST A 925
BID SECOND B 148
GET FIRST A
GET SECOND B
PUT FIRST THREE 23334
PUT SECOND SMALL_STRAIGHT 12334
ROUND 9
ROLL 25136 26436
BID FIRST B 2227
BID SECOND B 1189
GET FIRST B
GET SECOND A
PUT FIRST FOUR_OF_A_KIND 46666
PUT SECOND FOUR_OF_A_KIND 56666
ROUND 10
ROLL 66454 33141
BID FIRST A 2294
BID SECOND A 2636
GET FIRST B
GET SECOND A
PUT FIRST ONE 11333
PUT SECOND FULL_HOUSE 44466
ROUND 11
ROLL 31242 11652
BID FIRST A 2492
BID SECOND A 2482
GET FIRST A
GET SECOND B
PUT FIRST TWO 12222
PUT SECOND CHOICE 35556
ROUND 12
ROLL 55212 16621
BID FIRST A 4736
BID SECOND A 4128
GET FIRST A
GET SECOND B
PUT FIRST FIVE 55551
PUT SECOND TWO 22266
ROUND 13
PUT FIRST CHOICE 43422
PUT SECOND THREE 11111
SCOREFIRST 256822
SCORESECOND 230498
