[FIRST "Team 613"]
[SECOND "Team 1884"]
[RESULT "0-1"]
ROUND 1
ROLL 62164 44661
BID FIRST B 1020
BID SECOND A 0
GET FIRST B
GET SECOND A
ROUND 2
ROLL 64563 24421
BID FIRST A 467
BID SECOND A 4279
GET FIRST B
GET SECOND A
PUT FIRST FOUR 14444
PUT SECOND SIX 66466
ROUND 3
ROLL 16161 31542
BID FIRST A 1430
BID SECOND B 163
GET FIRST A
GET SECOND B
PUT FIRST SIX 16666
PUT SECOND LARGE_STRAIGHT 21453
ROUND 4
ROLL 21542 16213
BID FIRST B 906
BID SECOND B 27
GET FIRST B
GET SECOND A
PUT FIRST YACHT 11111
PUT SECOND TWO 12212
ROUND 5
ROLL 43555 31215
BID FIRST A 680
BID SECOND A 1645
GET FIRST B
GET SECOND A
PUT FIRST TWO 12222
PUT SECOND FIVE 55555
ROUND 6
ROLL 32513 13333
BID FIRST B 1491
BID SECOND B 6084
GET FIRST A
GET SECOND B
PUT FIRST THREE 13333
PUT SECOND YACHT 33333
ROUND 7
ROLL 23425 23613
BID FIRST A 2502
BID SECOND A 3482
GET FIRST B
GET SECOND A
PUT FIRST CHOICE 35566
PUT SECOND FOUR 44414
ROUND 8
ROLL 51436 11142
BID FIRST B 828
BID SECOND A 3340
GET FIRST B
GET SECOND A
PUT FIRST ONE 11111
PUT SECOND CHOICE 35546
ROUND 9
ROLL 61645 25364
BID FIRST B 761
BID SECOND B 89
GET FIRST B
GET SECOND A
PUT FIRST LARGE_STRAIGHT 23456
PUT SECOND SMALL_STRAIGHT 23214
ROUND 10
ROLL 12431 32164
BID FIRST A 733
BID SECOND B 0
GET FIRST A
GET SECOND B
PUT FIRST SMALL_STRAIGHT 11234
PUT SECOND FULL_HOUSE 36636
ROUND 11
ROLL 66646 43523
BID FIRST A 10177
BID SECOND A 7115
GET FIRST A
GET SECOND B
PUT FIRST FOUR_OF_A_KIND 46666
PUT SECOND THREE 52433
ROUND 12
ROLL 52416 36222
BID FIRST A 6466
BID SECOND B 0
GET FIRST A
GET SECOND B
PUT FIRST FULL_HOUSE 22244
PUT SECOND FOUR_OF_A_KIND 26222
ROUND 13
PUT FIRST FIVE 12356
PUT SECOND ONE 11453
SCOREFIRST 249819
SCORESECOND 258238
