[FIRST "Team 613"]
[SECOND "Team 1828"]
[RESULT "0-1"]
ROUND 1
ROLL 32512 22164
BID FIRST B 0
BID SECOND B 400
GET FIRST A
GET SECOND B
ROUND 2
ROLL 62511 23221
BID FIRST B 1627
BID SECOND B 6000
GET FIRST A
GET SECOND B
PUT FIRST TWO 11222
PUT SECOND YACHT 22222
ROUND 3
ROLL 34215 41645
BID FIRST B 680
BID SECOND A 900
GET FIRST B
GET SECOND A
PUT FIRST FIVE 11555
PUT SECOND LARGE_STRAIGHT 23456
ROUND 4
ROLL 43124 55444
BID FIRST B 826
BID SECOND B 1400
GET FIRST A
GET SECOND B
PUT FIRST FOUR 14444
PUT SECOND FOUR 44445
ROUND 5
ROLL 63344 42235
BID FIRST A 565
BID SECOND A 600
GET FIRST B
GET SECOND A
PUT FIRST LARGE_STRAIGHT 23456
PUT SECOND THREE 33356
ROUND 6
ROLL 24645 31625
BID FIRST B 862
BID SECOND A 200
GET FIRST B
GET SECOND A
PUT FIRST THREE 12333
PUT SECOND CHOICE 44456
ROUND 7
ROLL 36622 64514
BID FIRST A 12
BID SECOND A 1300
GET FIRST B
GET SECOND A
PUT FIRST FULL_HOUSE 55666
PUT SECOND TWO 22266
ROUND 8
ROLL 35461 24425
BID FIRST A 1922
BID SECOND A 1200
GET FIRST A
GET SECOND B
PUT FIRST SMALL_STRAIGHT 11234
PUT SECOND ONE 11145
ROUND 9
ROLL 26262 53456
BID FIRST B 1051
BID SECOND B 900
GET FIRST B
GET SECOND A
PUT FIRST CHOICE 55566
PUT SECOND SIX 34466
ROUND 10
ROLL 31432 21324
BID FIRST B 12
BID SECOND A 200
GET FIRST B
GET SECOND A
PUT FIRST FOUR_OF_A_KIND 34444
PUT SECOND FIVE 22334
ROUND 11
ROLL 55642 42361
BID FIRST B 8522
BID SECOND B 900
GET FIRST B
GET SECOND A
PUT FIRST ONE 11222
PUT SECOND FULL_HOUSE 22255
ROUND 12
ROLL 35651 36312
BID FIRST B 12
BID SECOND A 200
GET FIRST B
GET SECOND A
PUT FIRST SIX 33466
PUT SECOND SMALL_STRAIGHT 34566
ROUND 13
PUT FIRST YACHT 12233
PUT SECOND FOUR_OF_A_KIND 11225
SCOREFIRST 168969
SCORESECOND 171800
