[FIRST "Team 613"]
[SECOND "Team 1650"]
[RESULT "1-0"]
ROUND 1
ROLL 55514 34263
BID FIRST A 6403
BID SECOND A 850
GET FIRST A
GET SECOND B
ROUND 2
ROLL 65455 24435
BID FIRST A 641
BID SECOND A 12000
GET FIRST B
GET SECOND A
PUT FIRST FIVE 15555
PUT SECOND LARGE_STRAIGHT 23456
ROUND 3
ROLL 14554 51643
BID FIRST A 2321
BID SECOND A 4980
GET FIRST B
GET SECOND A
PUT FIRST FOUR 14444
PUT SECOND FIVE 15555
ROUND 4
ROLL 66462 55635
BID FIRST A 2062
BID SECOND A 7946
GET FIRST B
GET SECOND A
PUT FIRST THREE 23335
PUT SECOND SIX 26666
ROUND 5
ROLL 31314 55223
BID FIRST B 1870
BID SECOND A 8200
GET FIRST B
GET SECOND A
PUT FIRST YACHT 55555
PUT SECOND YACHT 44444
ROUND 6
ROLL 43511 21324
BID FIRST B 1652
BID SECOND A 2818
GET FIRST B
GET SECOND A
PUT FIRST TWO 12222
PUT SECOND THREE 13333
ROUND 7
ROLL 42456 51433
BID FIRST A 313
BID SECOND A 2989
GET FIRST B
GET SECOND A
PUT FIRST SMALL_STRAIGHT 13456
PUT SECOND FULL_HOUSE 44455
ROUND 8
ROLL 23243 36366
BID FIRST B 3868
BID SECOND B 3591
GET FIRST B
GET SECOND A
PUT FIRST SIX 36666
PUT SECOND SMALL_STRAIGHT 11234
ROUND 9
ROLL 22515 24345
BID FIRST A 3792
BID SECOND A 2711
GET FIRST A
GET SECOND B
PUT FIRST LARGE_STRAIGHT 12345
PUT SECOND TWO 12223
ROUND 10
ROLL 36661 43511
BID FIRST A 3037
BID SECOND A 4336
GET FIRST B
GET SECOND A
PUT FIRST FULL_HOUSE 33355
PUT SECOND FOUR_OF_A_KIND 56666
ROUND 11
ROLL 53166 51434
BID FIRST B 3654
BID SECOND A 3715
GET FIRST B
GET SECOND A
PUT FIRST ONE 11123
PUT SECOND FOUR 11344
ROUND 12
ROLL 56345 16142
BID FIRST B 12
BID SECOND A 3852
GET FIRST B
GET SECOND A
PUT FIRST FOUR_OF_A_KIND 44446
PUT SECOND CHOICE 55666
ROUND 13
PUT FIRST CHOICE 11235
PUT SECOND ONE 33345
SCOREFIRST 250123
SCORESECOND 235316
