[FIRST "Team 613"]
[SECOND "Team 1621"]
[RESULT "1-0"]
ROUND 1
ROLL 62141 63125
BID FIRST A 85
BID SECOND B 20
GET FIRST A
GET SECOND B
ROUND 2
ROLL 52365 25353
BID FIRST B 12
BID SECOND A 20
GET FIRST B
GET SECOND A
PUT FIRST LARGE_STRAIGHT 12345
PUT SECOND FIVE 63555
ROUND 3
ROLL 15543 15343
BID FIRST A 157
BID SECOND A 20
GET FIRST A
GET SECOND B
PUT FIRST FIVE 11555
PUT SECOND LARGE_STRAIGHT 12354
ROUND 4
ROLL 45412 11356
BID FIRST B 279
BID SECOND A 0
GET FIRST B
GET SECOND A
PUT FIRST THREE 11333
PUT SECOND FOUR 26144
ROUND 5
ROLL 54416 22326
BID FIRST B 622
BID SECOND A 720
GET FIRST B
GET SECOND A
PUT FIRST TWO 22223
PUT SECOND THREE 33512
ROUND 6
ROLL 66426 51443
BID FIRST A 1731
BID SECOND A 1409
GET FIRST A
GET SECOND B
PUT FIRST SIX 66666
PUT SECOND FULL_HOUSE 54454
ROUND 7
ROLL 11642 51125
BID FIRST A 1338
BID SECOND A 0
GET FIRST A
GET SECOND B
PUT FIRST FOUR 11444
PUT SECOND SIX 16143
ROUND 8
ROLL 15552 63543
BID FIRST A 1187
BID SECOND B 800
GET FIRST A
GET SECOND B
PUT FIRST FULL_HOUSE 55566
PUT SECOND SMALL_STRAIGHT 51234
ROUND 9
ROLL 26423 36341
BID FIRST A 2025
BID SECOND A 800
GET FIRST A
GET SECOND B
PUT FIRST YACHT 22222
PUT SECOND CHOICE 56564
ROUND 10
ROLL 11162 56634
BID FIRST A 4104
BID SECOND B 800
GET FIRST A
GET SECOND B
PUT FIRST ONE 11112
PUT SECOND FOUR_OF_A_KIND 33363
ROUND 11
ROLL 33556 23254
BID FIRST B 116
BID SECOND A 2100
GET FIRST B
GET SECOND A
PUT FIRST SMALL_STRAIGHT 22345
PUT SECOND ONE 11564
ROUND 12
ROLL 36546 23454
BID FIRST A 1074
BID SECOND A 2980
GET FIRST B
GET SECOND A
PUT FIRST CHOICE 45566
PUT SECOND TWO 33556
ROUND 13
PUT FIRST FOUR_OF_A_KIND 23344
PUT SECOND YACHT 36546
SCOREFIRST 250418
SCORESECOND 142789
