[FIRST "Team 613"]
[SECOND "Team 1587"]
[RESULT "1-0"]
ROUND 1
ROLL 24333 14231
BID FIRST A 783
BID SECOND A 2000
GET FIRST B
GET SECOND A
ROUND 2
ROLL 15343 12362
BID FIRST A 1069
BID SECOND A 2000
GET FIRST B
GET SECOND A
PUT FIRST TWO 11222
PUT SECOND THREE 33333
ROUND 3
ROLL 26423 34233
BID FIRST B 1472
BID SECOND A 0
GET FIRST B
GET SECOND A
PUT FIRST YACHT 33333
PUT SECOND TWO 12223
ROUND 4
ROLL 35222 13513
BID FIRST B 33
BID SECOND A 0
GET FIRST B
GET SECOND A
PUT FIRST LARGE_STRAIGHT 12345
PUT SECOND FOUR 22444
ROUND 5
ROLL 41364 36242
BID FIRST A 535
BID SECOND A 0
GET FIRST A
GET SECOND B
PUT FIRST FOUR 11444
PUT SECOND CHOICE 45566
ROUND 6
ROLL 11561 24353
BID FIRST A 28
BID SECOND A 2000
GET FIRST B
GET SECOND A
PUT FIRST THREE 13333
PUT SECOND ONE 11122
ROUND 7
ROLL 14435 66541
BID FIRST B 1363
BID SECOND B 2000
GET FIRST A
GET SECOND B
PUT FIRST SMALL_STRAIGHT 12344
PUT SECOND FULL_HOUSE 55666
ROUND 8
ROLL 32316 33311
BID FIRST B 667
BID SECOND B 2000
GET FIRST A
GET SECOND B
PUT FIRST FULL_HOUSE 55666
PUT SECOND YACHT 33333
ROUND 9
ROLL 11145 63431
BID FIRST B 2643
BID SECOND B 2000
GET FIRST B
GET SECOND A
PUT FIRST FOUR_OF_A_KIND 33336
PUT SECOND FOUR_OF_A_KIND 11115
ROUND 10
ROLL 55222 43261
BID FIRST B 6266
BID SECOND A 2000
GET FIRST B
GET SECOND A
PUT FIRST ONE 11122
PUT SECOND FIVE 11255
ROUND 11
ROLL 31615 62424
BID FIRST A 8015
BID SECOND A 2000
GET FIRST A
GET SECOND B
PUT FIRST CHOICE 44566
PUT SECOND SIX 22226
ROUND 12
ROLL 34332 12424
BID FIRST B 245
BID SECOND A 0
GET FIRST B
GET SECOND A
PUT FIRST SIX 11122
PUT SECOND SMALL_STRAIGHT 22333
ROUND 13
PUT FIRST FIVE 33444
PUT SECOND LARGE_STRAIGHT 44444
SCOREFIRST 183701
SCORESECOND 157000
