[FIRST "Team 613"]
[SECOND "Team 942"]
[RESULT "1-0"]
ROUND 1
ROLL 42136 33363
BID FIRST B 1659
BID SECOND A 100
GET FIRST B
GET SECOND A
ROUND 2
ROLL 54662 24612
BID FIRST A 282
BID SECOND A 100
GET FIRST A
GET SECOND B
PUT FIRST THREE 23333
PUT SECOND SMALL_STRAIGHT 11234
ROUND 3
ROLL 62233 45563
BID FIRST A 107
BID SECOND B 4500
GET FIRST A
GET SECOND B
PUT FIRST SIX 26666
PUT SECOND FULL_HOUSE 55666
ROUND 4
ROLL 54333 16431
BID FIRST A 1773
BID SECOND A 207
GET FIRST A
GET SECOND B
PUT FIRST YACHT 33333
PUT SECOND THREE 11233
ROUND 5
ROLL 41116 11114
BID FIRST B 93
BID SECOND B 207
GET FIRST A
GET SECOND B
PUT FIRST FOUR 11444
PUT SECOND FOUR_OF_A_KIND 14444
ROUND 6
ROLL 52364 63644
BID FIRST B 126
BID SECOND A 193
GET FIRST B
GET SECOND A
PUT FIRST FULL_HOUSE 55666
PUT SECOND LARGE_STRAIGHT 12345
ROUND 7
ROLL 21164 11352
BID FIRST B 363
BID SECOND B 226
GET FIRST B
GET SECOND A
PUT FIRST LARGE_STRAIGHT 12345
PUT SECOND ONE 11112
ROUND 8
ROLL 32413 23455
BID FIRST B 12
BID SECOND B 463
GET FIRST A
GET SECOND B
PUT FIRST ONE 11122
PUT SECOND TWO 22344
ROUND 9
ROLL 52353 22526
BID FIRST B 69
BID SECOND B 112
GET FIRST A
GET SECOND B
PUT FIRST SMALL_STRAIGHT 23345
PUT SECOND SIX 26666
ROUND 10
ROLL 65244 34363
BID FIRST A 1116
BID SECOND A 169
GET FIRST A
GET SECOND B
PUT FIRST CHOICE 44556
PUT SECOND FOUR 22334
ROUND 11
ROLL 21354 21363
BID FIRST A 87
BID SECOND A 1216
GET FIRST B
GET SECOND A
PUT FIRST FOUR_OF_A_KIND 33336
PUT SECOND FIVE 15555
ROUND 12
ROLL 55451 56543
BID FIRST A 6790
BID SECOND B 187
GET FIRST A
GET SECOND B
PUT FIRST FIVE 44555
PUT SECOND CHOICE 45566
ROUND 13
PUT FIRST TWO 11223
PUT SECOND YACHT 23334
SCOREFIRST 258045
SCORESECOND 171724
