[FIRST "Team 613"]
[SECOND "Team 124"]
[RESULT "1-0"]
ROUND 1
ROLL 22114 15431
BID FIRST B 0
BID SECOND B 1900
GET FIRST A
GET SECOND B
ROUND 2
ROLL 25436 63342
BID FIRST A 317
BID SECOND A 3900
GET FIRST B
GET SECOND A
PUT FIRST TWO 11222
PUT SECOND CHOICE 44556
ROUND 3
ROLL 46232 45331
BID FIRST B 1365
BID SECOND A 1400
GET FIRST B
GET SECOND A
PUT FIRST THREE 13333
PUT SECOND FULL_HOUSE 11333
ROUND 4
ROLL 23451 42131
BID FIRST B 44
BID SECOND A 3750
GET FIRST B
GET SECOND A
PUT FIRST FOUR 14444
PUT SECOND SMALL_STRAIGHT 34456
ROUND 5
ROLL 66263 11632
BID FIRST A 1447
BID SECOND A 2450
GET FIRST B
GET SECOND A
PUT FIRST ONE 11122
PUT SECOND YACHT 22222
ROUND 6
ROLL 56615 21561
BID FIRST A 1298
BID SECOND A 1950
GET FIRST B
GET SECOND A
PUT FIRST SIX 11666
PUT SECOND SIX 66666
ROUND 7
ROLL 65352 63433
BID FIRST B 760
BID SECOND A 1950
GET FIRST B
GET SECOND A
PUT FIRST YACHT 33333
PUT SECOND FOUR_OF_A_KIND 55556
ROUND 8
ROLL 53621 41616
BID FIRST B 498
BID SECOND A 1400
GET FIRST B
GET SECOND A
PUT FIRST FULL_HOUSE 55666
PUT SECOND THREE 11333
ROUND 9
ROLL 61352 24164
BID FIRST A 1872
BID SECOND B 1650
GET FIRST A
GET SECOND B
PUT FIRST LARGE_STRAIGHT 12345
PUT SECOND FOUR 12244
ROUND 10
ROLL 45334 12614
BID FIRST A 2691
BID SECOND A 1200
GET FIRST A
GET SECOND B
PUT FIRST SMALL_STRAIGHT 11234
PUT SECOND FIVE 12566
ROUND 11
ROLL 34215 64455
BID FIRST A 3147
BID SECOND A 4200
GET FIRST B
GET SECOND A
PUT FIRST FIVE 34555
PUT SECOND TWO 11226
ROUND 12
ROLL 53252 62233
BID FIRST B 444
BID SECOND A 800
GET FIRST B
GET SECOND A
PUT FIRST CHOICE 44666
PUT SECOND ONE 13445
ROUND 13
PUT FIRST FOUR_OF_A_KIND 22334
PUT SECOND LARGE_STRAIGHT 22355
SCOREFIRST 252535
SCORESECOND 158850
