[FIRST "Team 613"]
[SECOND "Team 1059"]
[RESULT "1-0"]
ROUND 1
ROLL 33346 54141
BID FIRST A 6478
BID SECOND B 365
GET FIRST A
GET SECOND B
ROUND 2
ROLL 45345 32132
BID FIRST B 257
BID SECOND B 3067
GET FIRST A
GET SECOND B
PUT FIRST THREE 33334
PUT SECOND LARGE_STRAIGHT 12345
ROUND 3
ROLL 62651 34335
BID FIRST B 912
BID SECOND A 1200
GET FIRST B
GET SECOND A
PUT FIRST FIVE 33555
PUT SECOND SMALL_STRAIGHT 12341
ROUND 4
ROLL 22433 23244
BID FIRST B 590
BID SECOND B 2531
GET FIRST A
GET SECOND B
PUT FIRST FOUR 24444
PUT SECOND CHOICE 66544
ROUND 5
ROLL 61162 45544
BID FIRST A 882
BID SECOND B 2500
GET FIRST A
GET SECOND B
PUT FIRST SIX 11666
PUT SECOND FULL_HOUSE 44455
ROUND 6
ROLL 16232 61336
BID FIRST A 858
BID SECOND A 2000
GET FIRST B
GET SECOND A
PUT FIRST YACHT 33333
PUT SECOND YACHT 22222
ROUND 7
ROLL 62112 66665
BID FIRST B 2094
BID SECOND B 3192
GET FIRST A
GET SECOND B
PUT FIRST TWO 12222
PUT SECOND FOUR_OF_A_KIND 66665
ROUND 8
ROLL 31434 14225
BID FIRST A 1071
BID SECOND A 1200
GET FIRST B
GET SECOND A
PUT FIRST ONE 11122
PUT SECOND THREE 33331
ROUND 9
ROLL 64263 41552
BID FIRST A 1199
BID SECOND A 2000
GET FIRST B
GET SECOND A
PUT FIRST FULL_HOUSE 55666
PUT SECOND SIX 66631
ROUND 10
ROLL 53411 65414
BID FIRST A 1658
BID SECOND A 2000
GET FIRST B
GET SECOND A
PUT FIRST FOUR_OF_A_KIND 44446
PUT SECOND FOUR 44443
ROUND 11
ROLL 43561 23133
BID FIRST A 4849
BID SECOND A 2000
GET FIRST A
GET SECOND B
PUT FIRST LARGE_STRAIGHT 12345
PUT SECOND ONE 11113
ROUND 12
ROLL 14531 16614
BID FIRST A 2150
BID SECOND B 300
GET FIRST A
GET SECOND B
PUT FIRST SMALL_STRAIGHT 13456
PUT SECOND FIVE 56643
ROUND 13
PUT FIRST CHOICE 11155
PUT SECOND TWO 22113
SCOREFIRST 257456
SCORESECOND 211645
