[FIRST "Team 613"]
[SECOND "Team 1157"]
[RESULT "1-0"]
ROUND 1
ROLL 16635 41652
BID FIRST A 1529
BID SECOND A 1082
GET FIRST A
GET SECOND B
ROUND 2
ROLL 26514 16566
BID FIRST B 2190
BID SECOND B 2788
GET FIRST A
GET SECOND B
PUT FIRST SIX 11666
PUT SECOND SIX 66662
ROUND 3
ROLL 43535 55261
BID FIRST B 332
BID SECOND A 1
GET FIRST B
GET SECOND A
PUT FIRST FIVE 15555
PUT SECOND FIVE 55551
ROUND 4
ROLL 66163 41562
BID FIRST A 208
BID SECOND A 3645
GET FIRST B
GET SECOND A
PUT FIRST LARGE_STRAIGHT 12345
PUT SECOND FULL_HOUSE 66644
ROUND 5
ROLL 36152 45444
BID FIRST B 1742
BID SECOND B 5845
GET FIRST A
GET SECOND B
PUT FIRST TWO 12223
PUT SECOND FOUR 44445
ROUND 6
ROLL 34145 55543
BID FIRST B 559
BID SECOND B 1173
GET FIRST A
GET SECOND B
PUT FIRST FULL_HOUSE 55666
PUT SECOND THREE 33334
ROUND 7
ROLL 42634 52153
BID FIRST A 249
BID SECOND B 1015
GET FIRST A
GET SECOND B
PUT FIRST YACHT 44444
PUT SECOND YACHT 55555
ROUND 8
ROLL 25324 25553
BID FIRST A 429
BID SECOND A 401
GET FIRST A
GET SECOND B
PUT FIRST THREE 12333
PUT SECOND TWO 22111
ROUND 9
ROLL 12644 46643
BID FIRST A 457
BID SECOND A 2076
GET FIRST B
GET SECOND A
PUT FIRST FOUR 22444
PUT SECOND LARGE_STRAIGHT 12345
ROUND 10
ROLL 64124 13521
BID FIRST A 2233
BID SECOND A 1
GET FIRST A
GET SECOND B
PUT FIRST FOUR_OF_A_KIND 56666
PUT SECOND SMALL_STRAIGHT 12346
ROUND 11
ROLL 11254 16645
BID FIRST B 138
BID SECOND A 1
GET FIRST B
GET SECOND A
PUT FIRST SMALL_STRAIGHT 11234
PUT SECOND FOUR_OF_A_KIND 55552
ROUND 12
ROLL 14563 22352
BID FIRST A 621
BID SECOND A 1500
GET FIRST B
GET SECOND A
PUT FIRST CHOICE 45566
PUT SECOND ONE 13111
ROUND 13
PUT FIRST ONE 22234
PUT SECOND CHOICE 35644
SCOREFIRST 278867
SCORESECOND 263440
