[FIRST "Team 613"]
[SECOND "Team 618"]
[RESULT "1-0"]
ROUND 1
ROLL 23645 15166
BID FIRST A 5610
BID SECOND A 1500
GET FIRST A
GET SECOND B
ROUND 2
ROLL 14653 63441
BID FIRST B 207
BID SECOND A 6843
GET FIRST B
GET SECOND A
PUT FIRST FOUR 12444
PUT SECOND FULL_HOUSE 56665
ROUND 3
ROLL 46513 36331
BID FIRST B 1933
BID SECOND A 5740
GET FIRST B
GET SECOND A
PUT FIRST YACHT 33333
PUT SECOND SMALL_STRAIGHT 43653
ROUND 4
ROLL 24522 16353
BID FIRST B 2469
BID SECOND A 0
GET FIRST B
GET SECOND A
PUT FIRST SIX 16666
PUT SECOND FOUR_OF_A_KIND 11115
ROUND 5
ROLL 22146 56523
BID FIRST A 337
BID SECOND B 3634
GET FIRST A
GET SECOND B
PUT FIRST LARGE_STRAIGHT 12345
PUT SECOND LARGE_STRAIGHT 42563
ROUND 6
ROLL 42456 33155
BID FIRST B 815
BID SECOND B 3739
GET FIRST A
GET SECOND B
PUT FIRST SMALL_STRAIGHT 12234
PUT SECOND THREE 22331
ROUND 7
ROLL 13235 64124
BID FIRST A 610
BID SECOND A 3374
GET FIRST B
GET SECOND A
PUT FIRST FULL_HOUSE 55666
PUT SECOND FIVE 45555
ROUND 8
ROLL 33645 34215
BID FIRST B 2321
BID SECOND A 956
GET FIRST B
GET SECOND A
PUT FIRST FOUR_OF_A_KIND 44445
PUT SECOND TWO 21245
ROUND 9
ROLL 42241 56134
BID FIRST B 3566
BID SECOND A 0
GET FIRST B
GET SECOND A
PUT FIRST ONE 11122
PUT SECOND ONE 42241
ROUND 10
ROLL 25145 24531
BID FIRST B 3514
BID SECOND A 4784
GET FIRST B
GET SECOND A
PUT FIRST THREE 12333
PUT SECOND CHOICE 36545
ROUND 11
ROLL 63312 26436
BID FIRST A 10366
BID SECOND B 0
GET FIRST A
GET SECOND B
PUT FIRST CHOICE 45566
PUT SECOND SIX 21266
ROUND 12
ROLL 61443 26665
BID FIRST A 8818
BID SECOND A 0
GET FIRST A
GET SECOND B
PUT FIRST TWO 11233
PUT SECOND FOUR 42665
ROUND 13
PUT FIRST FIVE 34446
PUT SECOND YACHT 33336
SCOREFIRST 182284
SCORESECOND 124430
