[FIRST "Team 613"]
[SECOND "Team 1217"]
[RESULT "0-1"]
ROUND 1
ROLL 62613 62622
BID FIRST B 5878
BID SECOND B 5
GET FIRST B
GET SECOND A
ROUND 2
ROLL 22133 63452
BID FIRST A 375
BID SECOND B 2184
GET FIRST A
GET SECOND B
PUT FIRST YACHT 22222
PUT SECOND FULL_HOUSE 66633
ROUND 3
ROLL 15345 22425
BID FIRST B 1262
BID SECOND B 556
GET FIRST B
GET SECOND A
PUT FIRST LARGE_STRAIGHT 12345
PUT SECOND LARGE_STRAIGHT 12345
ROUND 4
ROLL 25143 23611
BID FIRST B 12
BID SECOND A 311
GET FIRST B
GET SECOND A
PUT FIRST SIX 11666
PUT SECOND SMALL_STRAIGHT 43211
ROUND 5
ROLL 21445 54525
BID FIRST B 456
BID SECOND B 1383
GET FIRST A
GET SECOND B
PUT FIRST TWO 12222
PUT SECOND YACHT 55555
ROUND 6
ROLL 62152 34261
BID FIRST B 452
BID SECOND B 149
GET FIRST B
GET SECOND A
PUT FIRST FOUR 12444
PUT SECOND TWO 22221
ROUND 7
ROLL 13156 24546
BID FIRST A 67
BID SECOND B 0
GET FIRST A
GET SECOND B
PUT FIRST THREE 13333
PUT SECOND FOUR 44442
ROUND 8
ROLL 23544 31551
BID FIRST B 858
BID SECOND B 1452
GET FIRST A
GET SECOND B
PUT FIRST FIVE 12555
PUT SECOND FIVE 55555
ROUND 9
ROLL 33123 56411
BID FIRST A 404
BID SECOND B 516
GET FIRST A
GET SECOND B
PUT FIRST SMALL_STRAIGHT 12334
PUT SECOND SIX 66611
ROUND 10
ROLL 15226 34664
BID FIRST B 205
BID SECOND B 1605
GET FIRST A
GET SECOND B
PUT FIRST CHOICE 45666
PUT SECOND ONE 44411
ROUND 11
ROLL 35322 36563
BID FIRST B 2558
BID SECOND B 341
GET FIRST B
GET SECOND A
PUT FIRST FULL_HOUSE 33366
PUT SECOND THREE 33332
ROUND 12
ROLL 12423 35361
BID FIRST B 12
BID SECOND A 855
GET FIRST B
GET SECOND A
PUT FIRST ONE 11223
PUT SECOND FOUR_OF_A_KIND 32221
ROUND 13
PUT FIRST FOUR_OF_A_KIND 33556
PUT SECOND CHOICE 66554
SCOREFIRST 235499
SCORESECOND 253745
