[FIRST "Team 613"]
[SECOND "Team 1472"]
[RESULT "1-0"]
ROUND 1
ROLL 66324 66345
BID FIRST B 3740
BID SECOND B 1320
GET FIRST B
GET SECOND A
ROUND 2
ROLL 12616 64622
BID FIRST B 132
BID SECOND A 3700
GET FIRST B
GET SECOND A
PUT FIRST SIX 26666
PUT SECOND SIX 66661
ROUND 3
ROLL 34455 24561
BID FIRST A 986
BID SECOND A 3700
GET FIRST B
GET SECOND A
PUT FIRST FOUR 12444
PUT SECOND FOUR 44412
ROUND 4
ROLL 56652 65145
BID FIRST B 475
BID SECOND A 3700
GET FIRST B
GET SECOND A
PUT FIRST FIVE 15555
PUT SECOND FIVE 55552
ROUND 5
ROLL 44552 31243
BID FIRST B 725
BID SECOND A 3700
GET FIRST B
GET SECOND A
PUT FIRST THREE 12333
PUT SECOND LARGE_STRAIGHT 23456
ROUND 6
ROLL 53164 64516
BID FIRST B 1635
BID SECOND B 3700
GET FIRST A
GET SECOND B
PUT FIRST LARGE_STRAIGHT 12345
PUT SECOND FULL_HOUSE 66655
ROUND 7
ROLL 51543 33514
BID FIRST A 777
BID SECOND B 3500
GET FIRST A
GET SECOND B
PUT FIRST FULL_HOUSE 55666
PUT SECOND THREE 33311
ROUND 8
ROLL 56133 34651
BID FIRST B 333
BID SECOND B 3700
GET FIRST A
GET SECOND B
PUT FIRST SMALL_STRAIGHT 13456
PUT SECOND FOUR_OF_A_KIND 44441
ROUND 9
ROLL 35626 54321
BID FIRST B 447
BID SECOND B 3500
GET FIRST A
GET SECOND B
PUT FIRST CHOICE 44566
PUT SECOND SMALL_STRAIGHT 65543
ROUND 10
ROLL 53334 35536
BID FIRST B 1839
BID SECOND A 3700
GET FIRST B
GET SECOND A
PUT FIRST YACHT 33333
PUT SECOND CHOICE 55422
ROUND 11
ROLL 22126 33135
BID FIRST A 3428
BID SECOND B 3500
GET FIRST A
GET SECOND B
PUT FIRST TWO 12222
PUT SECOND YACHT 33333
ROUND 12
ROLL 56456 33614
BID FIRST A 2092
BID SECOND A 3700
GET FIRST B
GET SECOND A
PUT FIRST ONE 11334
PUT SECOND ONE 11334
ROUND 13
PUT FIRST FOUR_OF_A_KIND 55666
PUT SECOND TWO 55656
SCOREFIRST 252377
SCORESECOND 221220
