[FIRST "Team 613"]
[SECOND "Team 995"]
[RESULT "0-1"]
ROUND 1
ROLL 55141 56253
BID FIRST B 1955
BID SECOND B 0
GET FIRST B
GET SECOND A
ROUND 2
ROLL 63151 34665
BID FIRST B 12
BID SECOND B 5000
GET FIRST A
GET SECOND B
PUT FIRST FIVE 11555
PUT SECOND FIVE 55511
ROUND 3
ROLL 62556 35453
BID FIRST A 1478
BID SECOND A 2300
GET FIRST B
GET SECOND A
PUT FIRST THREE 23333
PUT SECOND SIX 66662
ROUND 4
ROLL 26614 54246
BID FIRST B 243
BID SECOND B 2145
GET FIRST A
GET SECOND B
PUT FIRST SIX 16666
PUT SECOND FOUR 44442
ROUND 5
ROLL 46166 41311
BID FIRST A 1180
BID SECOND A 4455
GET FIRST B
GET SECOND A
PUT FIRST FOUR 11444
PUT SECOND FULL_HOUSE 66655
ROUND 6
ROLL 32336 16416
BID FIRST B 2207
BID SECOND B 1155
GET FIRST B
GET SECOND A
PUT FIRST LARGE_STRAIGHT 12345
PUT SECOND THREE 33331
ROUND 7
ROLL 55134 34153
BID FIRST A 320
BID SECOND A 975
GET FIRST B
GET SECOND A
PUT FIRST ONE 11133
PUT SECOND LARGE_STRAIGHT 12345
ROUND 8
ROLL 24322 32323
BID FIRST A 179
BID SECOND A 195
GET FIRST B
GET SECOND A
PUT FIRST SMALL_STRAIGHT 22345
PUT SECOND CHOICE 66554
ROUND 9
ROLL 44416 13245
BID FIRST A 825
BID SECOND B 2080
GET FIRST A
GET SECOND B
PUT FIRST FULL_HOUSE 44666
PUT SECOND SMALL_STRAIGHT 12343
ROUND 10
ROLL 32655 62424
BID FIRST B 1453
BID SECOND B 1050
GET FIRST B
GET SECOND A
PUT FIRST CHOICE 44456
PUT SECOND FOUR_OF_A_KIND 22226
ROUND 11
ROLL 54223 12661
BID FIRST B 12
BID SECOND A 1050
GET FIRST B
GET SECOND A
PUT FIRST TWO 11222
PUT SECOND TWO 22334
ROUND 12
ROLL 52514 34566
BID FIRST B 11078
BID SECOND A 1120
GET FIRST B
GET SECOND A
PUT FIRST FOUR_OF_A_KIND 56666
PUT SECOND YACHT 55555
ROUND 13
PUT FIRST YACHT 13334
PUT SECOND ONE 12445
SCOREFIRST 215882
SCORESECOND 252885
