[FIRST "Team 1253"]
[SECOND "Team 613"]
[RESULT "1-0"]
ROUND 1
ROLL 51255 42356
BID FIRST A 1036
BID SECOND A 283
GET FIRST A
GET SECOND B
ROUND 2
ROLL 43265 14426
BID FIRST A 632
BID SECOND A 509
GET FIRST A
GET SECOND B
PUT FIRST LARGE_STRAIGHT 12345
PUT SECOND FOUR 12444
ROUND 3
ROLL 45243 13316
BID FIRST A 640
BID SECOND A 264
GET FIRST A
GET SECOND B
PUT FIRST FOUR_OF_A_KIND 55556
PUT SECOND SIX 11666
ROUND 4
ROLL 45146 45512
BID FIRST A 59
BID SECOND A 407
GET FIRST B
GET SECOND A
PUT FIRST FULL_HOUSE 44455
PUT SECOND LARGE_STRAIGHT 12345
ROUND 5
ROLL 52354 62446
BID FIRST B 292
BID SECOND A 552
GET FIRST B
GET SECOND A
PUT FIRST CHOICE 34466
PUT SECOND FIVE 23555
ROUND 6
ROLL 15343 11513
BID FIRST B 207
BID SECOND A 516
GET FIRST B
GET SECOND A
PUT FIRST TWO 22223
PUT SECOND THREE 13333
ROUND 7
ROLL 53663 45413
BID FIRST B 2347
BID SECOND B 2006
GET FIRST B
GET SECOND A
PUT FIRST YACHT 11111
PUT SECOND FULL_HOUSE 55666
ROUND 8
ROLL 44642 61145
BID FIRST A 1758
BID SECOND A 2680
GET FIRST B
GET SECOND A
PUT FIRST FOUR 11444
PUT SECOND YACHT 44444
ROUND 9
ROLL 21424 24411
BID FIRST A 26
BID SECOND A 314
GET FIRST B
GET SECOND A
PUT FIRST SMALL_STRAIGHT 12344
PUT SECOND TWO 12223
ROUND 10
ROLL 62644 61465
BID FIRST B 622
BID SECOND B 1593
GET FIRST A
GET SECOND B
PUT FIRST FIVE 44555
PUT SECOND SMALL_STRAIGHT 13456
ROUND 11
ROLL 64341 63523
BID FIRST A 2120
BID SECOND A 276
GET FIRST A
GET SECOND B
PUT FIRST ONE 11244
PUT SECOND CHOICE 45666
ROUND 12
ROLL 61424 55536
BID FIRST A 2754
BID SECOND A 8210
GET FIRST B
GET SECOND A
PUT FIRST SIX 66666
PUT SECOND FOUR_OF_A_KIND 44446
ROUND 13
PUT FIRST THREE 33555
PUT SECOND ONE 12233
SCOREFIRST 271945
SCORESECOND 260066
