[FIRST "Team 613"]
[SECOND "Team 105"]
[RESULT "1-0"]
ROUND 1
ROLL 31512 53511
BID FIRST B 500
BID SECOND B 357
GET FIRST B
GET SECOND A
ROUND 2
ROLL 63113 51234
BID FIRST A 500
BID SECOND B 1010
GET FIRST A
GET SECOND B
PUT FIRST ONE 11113
PUT SECOND LARGE_STRAIGHT 51234
ROUND 3
ROLL 53533 12333
BID FIRST B 500
BID SECOND A 990
GET FIRST B
GET SECOND A
PUT FIRST YACHT 33333
PUT SECOND THREE 23333
ROUND 4
ROLL 51635 32242
BID FIRST A 500
BID SECOND A 844
GET FIRST B
GET SECOND A
PUT FIRST TWO 12222
PUT SECOND FIVE 55555
ROUND 5
ROLL 36461 13311
BID FIRST A 500
BID SECOND A 4754
GET FIRST B
GET SECOND A
PUT FIRST THREE 11333
PUT SECOND ONE 11141
ROUND 6
ROLL 25664 15123
BID FIRST A 500
BID SECOND A 5520
GET FIRST B
GET SECOND A
PUT FIRST FIVE 11555
PUT SECOND SIX 66666
ROUND 7
ROLL 15536 64336
BID FIRST B 500
BID SECOND B 0
GET FIRST B
GET SECOND A
PUT FIRST SIX 12666
PUT SECOND CHOICE 54556
ROUND 8
ROLL 61456 24646
BID FIRST B 500
BID SECOND B 0
GET FIRST B
GET SECOND A
PUT FIRST FOUR 24444
PUT SECOND SMALL_STRAIGHT 21314
ROUND 9
ROLL 62322 44624
BID FIRST B 500
BID SECOND B 0
GET FIRST B
GET SECOND A
PUT FIRST FULL_HOUSE 44666
PUT SECOND TWO 52322
ROUND 10
ROLL 35666 61126
BID FIRST A 500
BID SECOND A 0
GET FIRST A
GET SECOND B
PUT FIRST LARGE_STRAIGHT 23456
PUT SECOND YACHT 66666
ROUND 11
ROLL 64424 33334
BID FIRST A 500
BID SECOND B 0
GET FIRST A
GET SECOND B
PUT FIRST CHOICE 44666
PUT SECOND FOUR 11234
ROUND 12
ROLL 32562 24254
BID FIRST B 500
BID SECOND A 0
GET FIRST B
GET SECOND A
PUT FIRST SMALL_STRAIGHT 22345
PUT SECOND FOUR_OF_A_KIND 33336
ROUND 13
PUT FIRST FOUR_OF_A_KIND 23344
PUT SECOND FULL_HOUSE 33252
SCOREFIRST 249000
SCORESECOND 241239
