[FIRST "Team 1070"]
[SECOND "Team 613"]
[RESULT "1-0"]
ROUND 1
ROLL 16564 12156
BID FIRST A 4850
BID SECOND A 500
GET FIRST A
GET SECOND B
ROUND 2
ROLL 13661 55561
BID FIRST B 2900
BID SECOND B 500
GET FIRST B
GET SECOND A
PUT FIRST FULL_HOUSE 16661
PUT SECOND ONE 11112
ROUND 3
ROLL 11514 43355
BID FIRST B 5943
BID SECOND B 500
GET FIRST B
GET SECOND A
PUT FIRST YACHT 55555
PUT SECOND FULL_HOUSE 55666
ROUND 4
ROLL 24153 16566
BID FIRST B 2625
BID SECOND B 500
GET FIRST B
GET SECOND A
PUT FIRST SIX 31666
PUT SECOND LARGE_STRAIGHT 12345
ROUND 5
ROLL 31433 35254
BID FIRST B 4148
BID SECOND A 500
GET FIRST B
GET SECOND A
PUT FIRST FOUR_OF_A_KIND 55355
PUT SECOND THREE 13333
ROUND 6
ROLL 14326 53433
BID FIRST B 1052
BID SECOND B 500
GET FIRST B
GET SECOND A
PUT FIRST SMALL_STRAIGHT 25433
PUT SECOND FOUR 11444
ROUND 7
ROLL 11265 21234
BID FIRST A 2917
BID SECOND B 500
GET FIRST A
GET SECOND B
PUT FIRST LARGE_STRAIGHT 43265
PUT SECOND TWO 11222
ROUND 8
ROLL 14213 13115
BID FIRST B 1479
BID SECOND B 500
GET FIRST B
GET SECOND A
PUT FIRST ONE 11111
PUT SECOND SMALL_STRAIGHT 11234
ROUND 9
ROLL 63151 36441
BID FIRST A 155
BID SECOND B 500
GET FIRST A
GET SECOND B
PUT FIRST FIVE 56151
PUT SECOND CHOICE 44466
ROUND 10
ROLL 52214 63551
BID FIRST B 2440
BID SECOND B 500
GET FIRST B
GET SECOND A
PUT FIRST CHOICE 63551
PUT SECOND FIVE 11125
ROUND 11
ROLL 45343 42141
BID FIRST A 3547
BID SECOND A 500
GET FIRST A
GET SECOND B
PUT FIRST THREE 33333
PUT SECOND FOUR_OF_A_KIND 11223
ROUND 12
ROLL 66415 16515
BID FIRST A 3390
BID SECOND A 500
GET FIRST A
GET SECOND B
PUT FIRST FOUR 44444
PUT SECOND SIX 11336
ROUND 13
PUT FIRST TWO 56615
PUT SECOND YACHT 44455
SCOREFIRST 225554
SCORESECOND 145000
