[FIRST "Team 613"]
[SECOND "Team 353"]
[RESULT "1-0"]
ROUND 1
ROLL 65345 53364
BID FIRST B 500
BID SECOND A 0
GET FIRST B
GET SECOND A
ROUND 2
ROLL 34661 46645
BID FIRST B 500
BID SECOND B 0
GET FIRST B
GET SECOND A
PUT FIRST FULL_HOUSE 55666
PUT SECOND FULL_HOUSE 65566
ROUND 3
ROLL 33531 56442
BID FIRST B 500
BID SECOND A 385
GET FIRST B
GET SECOND A
PUT FIRST FOUR 44444
PUT SECOND YACHT 33333
ROUND 4
ROLL 25431 43436
BID FIRST B 500
BID SECOND A 385
GET FIRST B
GET SECOND A
PUT FIRST THREE 23333
PUT SECOND LARGE_STRAIGHT 41523
ROUND 5
ROLL 51131 66245
BID FIRST B 500
BID SECOND B 385
GET FIRST B
GET SECOND A
PUT FIRST SIX 26666
PUT SECOND CHOICE 45453
ROUND 6
ROLL 55261 63335
BID FIRST A 500
BID SECOND B 0
GET FIRST A
GET SECOND B
PUT FIRST FIVE 15555
PUT SECOND FOUR_OF_A_KIND 11116
ROUND 7
ROLL 61351 12111
BID FIRST A 500
BID SECOND A 419
GET FIRST A
GET SECOND B
PUT FIRST LARGE_STRAIGHT 12345
PUT SECOND THREE 13331
ROUND 8
ROLL 66612 26434
BID FIRST A 500
BID SECOND A 360
GET FIRST A
GET SECOND B
PUT FIRST FOUR_OF_A_KIND 66666
PUT SECOND SMALL_STRAIGHT 21143
ROUND 9
ROLL 14225 42546
BID FIRST B 500
BID SECOND B 0
GET FIRST B
GET SECOND A
PUT FIRST CHOICE 44456
PUT SECOND FIVE 51215
ROUND 10
ROLL 55166 42342
BID FIRST B 500
BID SECOND A 0
GET FIRST B
GET SECOND A
PUT FIRST SMALL_STRAIGHT 11234
PUT SECOND SIX 65566
ROUND 11
ROLL 55664 26333
BID FIRST B 500
BID SECOND A 385
GET FIRST B
GET SECOND A
PUT FIRST TWO 22223
PUT SECOND FOUR 44664
ROUND 12
ROLL 52525 11315
BID FIRST B 500
BID SECOND A 849
GET FIRST B
GET SECOND A
PUT FIRST ONE 11133
PUT SECOND TWO 22522
ROUND 13
PUT FIRST YACHT 34456
PUT SECOND ONE 15555
SCOREFIRST 242000
SCORESECOND 211160
