[FIRST "Team 945"]
[SECOND "Team 613"]
[RESULT "1-0"]
ROUND 1
ROLL 32552 66622
BID FIRST B 3217
BID SECOND B 500
GET FIRST B
GET SECOND A
ROUND 2
ROLL 63334 55313
BID FIRST B 0
BID SECOND B 500
GET FIRST A
GET SECOND B
PUT FIRST FOUR_OF_A_KIND 46666
PUT SECOND FIVE 15555
ROUND 3
ROLL 46124 12134
BID FIRST B 673
BID SECOND B 500
GET FIRST B
GET SECOND A
PUT FIRST TWO 11222
PUT SECOND THREE 12333
ROUND 4
ROLL 56133 36331
BID FIRST A 1318
BID SECOND A 500
GET FIRST A
GET SECOND B
PUT FIRST YACHT 33333
PUT SECOND SMALL_STRAIGHT 12234
ROUND 5
ROLL 26316 56152
BID FIRST A 593
BID SECOND A 500
GET FIRST A
GET SECOND B
PUT FIRST LARGE_STRAIGHT 12345
PUT SECOND FULL_HOUSE 55666
ROUND 6
ROLL 22652 52321
BID FIRST A 1560
BID SECOND A 500
GET FIRST A
GET SECOND B
PUT FIRST SIX 26666
PUT SECOND LARGE_STRAIGHT 12345
ROUND 7
ROLL 31236 65664
BID FIRST B 0
BID SECOND B 500
GET FIRST A
GET SECOND B
PUT FIRST ONE 11222
PUT SECOND SIX 12666
ROUND 8
ROLL 16154 24164
BID FIRST B 788
BID SECOND B 500
GET FIRST B
GET SECOND A
PUT FIRST THREE 12333
PUT SECOND CHOICE 44556
ROUND 9
ROLL 35424 11465
BID FIRST A 1289
BID SECOND B 500
GET FIRST A
GET SECOND B
PUT FIRST FOUR 24444
PUT SECOND ONE 11112
ROUND 10
ROLL 11212 24362
BID FIRST B 2263
BID SECOND B 500
GET FIRST B
GET SECOND A
PUT FIRST FULL_HOUSE 33666
PUT SECOND TWO 11122
ROUND 11
ROLL 43265 35632
BID FIRST A 304
BID SECOND B 500
GET FIRST A
GET SECOND B
PUT FIRST FIVE 22555
PUT SECOND FOUR_OF_A_KIND 33336
ROUND 12
ROLL 56451 12361
BID FIRST A 2905
BID SECOND A 500
GET FIRST A
GET SECOND B
PUT FIRST SMALL_STRAIGHT 12344
PUT SECOND FOUR 11224
ROUND 13
PUT FIRST CHOICE 65645
PUT SECOND YACHT 35566
SCOREFIRST 265090
SCORESECOND 176000
