[FIRST "Team 131"]
[SECOND "Team 613"]
[RESULT "1-0"]
ROUND 1
ROLL 62254 54243
BID FIRST A 500
BID SECOND B 500
GET FIRST A
GET SECOND B
ROUND 2
ROLL 43116 13214
BID FIRST B 500
BID SECOND B 500
GET FIRST B
GET SECOND A
PUT FIRST SMALL_STRAIGHT 11234
PUT SECOND FOUR 11444
ROUND 3
ROLL 41536 12454
BID FIRST A 500
BID SECOND B 500
GET FIRST A
GET SECOND B
PUT FIRST LARGE_STRAIGHT 12345
PUT SECOND LARGE_STRAIGHT 12345
ROUND 4
ROLL 23342 11512
BID FIRST B 500
BID SECOND A 500
GET FIRST B
GET SECOND A
PUT FIRST CHOICE 45566
PUT SECOND THREE 22333
ROUND 5
ROLL 16663 16313
BID FIRST B 500
BID SECOND A 500
GET FIRST B
GET SECOND A
PUT FIRST YACHT 11111
PUT SECOND SIX 16666
ROUND 6
ROLL 13211 11423
BID FIRST B 500
BID SECOND A 500
GET FIRST B
GET SECOND A
PUT FIRST THREE 33346
PUT SECOND ONE 11122
ROUND 7
ROLL 34263 15265
BID FIRST B 500
BID SECOND B 500
GET FIRST B
GET SECOND A
PUT FIRST ONE 11156
PUT SECOND SMALL_STRAIGHT 23345
ROUND 8
ROLL 33455 16555
BID FIRST B 500
BID SECOND B 500
GET FIRST A
GET SECOND B
PUT FIRST TWO 22224
PUT SECOND FULL_HOUSE 55566
ROUND 9
ROLL 22144 66344
BID FIRST B 500
BID SECOND B 500
GET FIRST B
GET SECOND A
PUT FIRST FIVE 44555
PUT SECOND FOUR_OF_A_KIND 34444
ROUND 10
ROLL 53314 34463
BID FIRST B 500
BID SECOND B 500
GET FIRST B
GET SECOND A
PUT FIRST SIX 44666
PUT SECOND CHOICE 33345
ROUND 11
ROLL 62545 63651
BID FIRST B 500
BID SECOND A 500
GET FIRST B
GET SECOND A
PUT FIRST FULL_HOUSE 33366
PUT SECOND TWO 11222
ROUND 12
ROLL 65421 66364
BID FIRST B 500
BID SECOND A 500
GET FIRST B
GET SECOND A
PUT FIRST FOUR_OF_A_KIND 33336
PUT SECOND FIVE 11555
ROUND 13
PUT FIRST FOUR 14566
PUT SECOND YACHT 24466
SCOREFIRST 212000
SCORESECOND 211000
