[FIRST "Team 613"]
[SECOND "Team 954"]
[RESULT "1-0"]
ROUND 1
ROLL 46252 46435
BID FIRST B 500
BID SECOND B 10
GET FIRST B
GET SECOND A
ROUND 2
ROLL 51364 26414
BID FIRST B 500
BID SECOND A 10
GET FIRST B
GET SECOND A
PUT FIRST FOUR 14444
PUT SECOND LARGE_STRAIGHT 12345
ROUND 3
ROLL 53131 34363
BID FIRST B 500
BID SECOND B 10
GET FIRST B
GET SECOND A
PUT FIRST THREE 23333
PUT SECOND CHOICE 45566
ROUND 4
ROLL 21344 32134
BID FIRST B 500
BID SECOND A 10
GET FIRST B
GET SECOND A
PUT FIRST SIX 12666
PUT SECOND FULL_HOUSE 33344
ROUND 5
ROLL 55313 65541
BID FIRST B 500
BID SECOND B 10
GET FIRST B
GET SECOND A
PUT FIRST FIVE 13555
PUT SECOND FOUR_OF_A_KIND 11115
ROUND 6
ROLL 24245 26413
BID FIRST A 500
BID SECOND B 10
GET FIRST A
GET SECOND B
PUT FIRST YACHT 44444
PUT SECOND SMALL_STRAIGHT 12234
ROUND 7
ROLL 35641 33551
BID FIRST A 500
BID SECOND A 10
GET FIRST A
GET SECOND B
PUT FIRST LARGE_STRAIGHT 12345
PUT SECOND THREE 13333
ROUND 8
ROLL 66652 25344
BID FIRST A 500
BID SECOND A 10
GET FIRST A
GET SECOND B
PUT FIRST FULL_HOUSE 66666
PUT SECOND FIVE 25555
ROUND 9
ROLL 16144 12344
BID FIRST B 500
BID SECOND B 10
GET FIRST B
GET SECOND A
PUT FIRST TWO 12223
PUT SECOND FOUR 14444
ROUND 10
ROLL 35534 32113
BID FIRST B 500
BID SECOND A 15
GET FIRST B
GET SECOND A
PUT FIRST SMALL_STRAIGHT 11234
PUT SECOND SIX 12366
ROUND 11
ROLL 14553 12116
BID FIRST A 500
BID SECOND B 15
GET FIRST A
GET SECOND B
PUT FIRST FOUR_OF_A_KIND 45555
PUT SECOND ONE 11123
ROUND 12
ROLL 42316 65551
BID FIRST B 500
BID SECOND B 15
GET FIRST B
GET SECOND A
PUT FIRST CHOICE 45556
PUT SECOND TWO 12334
ROUND 13
PUT FIRST ONE 11333
PUT SECOND YACHT 45566
SCOREFIRST 272000
SCORESECOND 197015
