[FIRST "Team 1476"]
[SECOND "Team 613"]
[RESULT "1-0"]
ROUND 1
ROLL 23314 51233
BID FIRST A 1689
BID SECOND A 500
GET FIRST A
GET SECOND B
ROUND 2
ROLL 12131 32622
BID FIRST B 7689
BID SECOND B 500
GET FIRST B
GET SECOND A
PUT FIRST SMALL_STRAIGHT 12346
PUT SECOND ONE 11112
ROUND 3
ROLL 35141 51115
BID FIRST B 4513
BID SECOND A 500
GET FIRST B
GET SECOND A
PUT FIRST ONE 11133
PUT SECOND THREE 13333
ROUND 4
ROLL 25532 62135
BID FIRST A 8507
BID SECOND A 500
GET FIRST A
GET SECOND B
PUT FIRST YACHT 22222
PUT SECOND FIVE 11555
ROUND 5
ROLL 42445 15261
BID FIRST A 1710
BID SECOND A 500
GET FIRST A
GET SECOND B
PUT FIRST FIVE 55555
PUT SECOND LARGE_STRAIGHT 12345
ROUND 6
ROLL 51256 15262
BID FIRST A 1290
BID SECOND B 500
GET FIRST A
GET SECOND B
PUT FIRST LARGE_STRAIGHT 12345
PUT SECOND TWO 12222
ROUND 7
ROLL 13233 34622
BID FIRST B 2081
BID SECOND B 500
GET FIRST B
GET SECOND A
PUT FIRST TWO 22234
PUT SECOND SIX 11666
ROUND 8
ROLL 14521 11215
BID FIRST A 1269
BID SECOND A 500
GET FIRST A
GET SECOND B
PUT FIRST FOUR 44411
PUT SECOND FULL_HOUSE 33355
ROUND 9
ROLL 22523 62616
BID FIRST B 7224
BID SECOND A 500
GET FIRST B
GET SECOND A
PUT FIRST SIX 66666
PUT SECOND YACHT 22222
ROUND 10
ROLL 64125 31332
BID FIRST A 2557
BID SECOND A 500
GET FIRST A
GET SECOND B
PUT FIRST FULL_HOUSE 55522
PUT SECOND FOUR_OF_A_KIND 33335
ROUND 11
ROLL 13632 65536
BID FIRST B 4903
BID SECOND B 500
GET FIRST B
GET SECOND A
PUT FIRST THREE 31124
PUT SECOND CHOICE 22336
ROUND 12
ROLL 61632 54156
BID FIRST B 1726
BID SECOND B 500
GET FIRST B
GET SECOND A
PUT FIRST FOUR_OF_A_KIND 66661
PUT SECOND SMALL_STRAIGHT 11111
ROUND 13
PUT FIRST CHOICE 55545
PUT SECOND FOUR 12366
SCOREFIRST 231842
SCORESECOND 192000
