[FIRST "Team 613"]
[SECOND "Team 692"]
[RESULT "0-1"]
ROUND 1
ROLL 26663 32451
BID FIRST A 500
BID SECOND A 2400
GET FIRST B
GET SECOND A
ROUND 2
ROLL 65526 21133
BID FIRST A 500
BID SECOND A 2500
GET FIRST B
GET SECOND A
PUT FIRST LARGE_STRAIGHT 12345
PUT SECOND YACHT 66666
ROUND 3
ROLL 42432 32244
BID FIRST B 500
BID SECOND A 1600
GET FIRST B
GET SECOND A
PUT FIRST THREE 11333
PUT SECOND TWO 22233
ROUND 4
ROLL 36624 46345
BID FIRST B 500
BID SECOND B 2300
GET FIRST A
GET SECOND B
PUT FIRST TWO 22223
PUT SECOND FOUR 24444
ROUND 5
ROLL 11561 64223
BID FIRST B 500
BID SECOND B 1800
GET FIRST A
GET SECOND B
PUT FIRST SIX 11666
PUT SECOND LARGE_STRAIGHT 23456
ROUND 6
ROLL 46164 56225
BID FIRST A 500
BID SECOND A 2200
GET FIRST B
GET SECOND A
PUT FIRST FIVE 12555
PUT SECOND FULL_HOUSE 55666
ROUND 7
ROLL 11155 61564
BID FIRST B 500
BID SECOND B 2300
GET FIRST A
GET SECOND B
PUT FIRST FOUR 11444
PUT SECOND SMALL_STRAIGHT 11234
ROUND 8
ROLL 32341 23333
BID FIRST A 500
BID SECOND B 1500
GET FIRST A
GET SECOND B
PUT FIRST SMALL_STRAIGHT 11234
PUT SECOND THREE 23333
ROUND 9
ROLL 16552 25324
BID FIRST A 500
BID SECOND A 2000
GET FIRST B
GET SECOND A
PUT FIRST CHOICE 45556
PUT SECOND SIX 12666
ROUND 10
ROLL 54364 14663
BID FIRST B 500
BID SECOND A 2300
GET FIRST B
GET SECOND A
PUT FIRST FULL_HOUSE 33366
PUT SECOND FIVE 35555
ROUND 11
ROLL 22661 54135
BID FIRST A 500
BID SECOND B 1900
GET FIRST A
GET SECOND B
PUT FIRST YACHT 22222
PUT SECOND FOUR_OF_A_KIND 44446
ROUND 12
ROLL 24243 23516
BID FIRST B 500
BID SECOND B 1800
GET FIRST A
GET SECOND B
PUT FIRST ONE 11223
PUT SECOND CHOICE 45556
ROUND 13
PUT FIRST FOUR_OF_A_KIND 44466
PUT SECOND ONE 11233
SCOREFIRST 242000
SCORESECOND 254400
