[FIRST "Team 613"]
[SECOND "Team 1604"]
[RESULT "1-0"]
ROUND 1
ROLL 63644 46313
BID FIRST A 500
BID SECOND A 1
GET FIRST A
GET SECOND B
ROUND 2
ROLL 14222 46162
BID FIRST B 500
BID SECOND A 176
GET FIRST B
GET SECOND A
PUT FIRST SIX 16666
PUT SECOND CHOICE 33446
ROUND 3
ROLL 32564 16643
BID FIRST B 500
BID SECOND A 289
GET FIRST B
GET SECOND A
PUT FIRST FOUR 14444
PUT SECOND LARGE_STRAIGHT 23456
ROUND 4
ROLL 56116 46254
BID FIRST A 500
BID SECOND A 363
GET FIRST A
GET SECOND B
PUT FIRST FOUR_OF_A_KIND 56666
PUT SECOND FOUR 24456
ROUND 5
ROLL 32324 46561
BID FIRST A 500
BID SECOND A 411
GET FIRST A
GET SECOND B
PUT FIRST THREE 13333
PUT SECOND SIX 24566
ROUND 6
ROLL 51124 16244
BID FIRST B 500
BID SECOND A 442
GET FIRST B
GET SECOND A
PUT FIRST TWO 12222
PUT SECOND YACHT 11111
ROUND 7
ROLL 55624 44363
BID FIRST B 500
BID SECOND A 463
GET FIRST B
GET SECOND A
PUT FIRST YACHT 44444
PUT SECOND FIVE 45556
ROUND 8
ROLL 33226 12665
BID FIRST B 500
BID SECOND A 476
GET FIRST B
GET SECOND A
PUT FIRST CHOICE 56666
PUT SECOND TWO 22222
ROUND 9
ROLL 11626 14656
BID FIRST B 500
BID SECOND B 485
GET FIRST B
GET SECOND A
PUT FIRST LARGE_STRAIGHT 12345
PUT SECOND FULL_HOUSE 33666
ROUND 10
ROLL 41264 21535
BID FIRST A 500
BID SECOND B 490
GET FIRST A
GET SECOND B
PUT FIRST FULL_HOUSE 44666
PUT SECOND SMALL_STRAIGHT 23455
ROUND 11
ROLL 43611 46244
BID FIRST A 500
BID SECOND A 494
GET FIRST A
GET SECOND B
PUT FIRST ONE 11111
PUT SECOND ONE 11146
ROUND 12
ROLL 65636 31252
BID FIRST B 500
BID SECOND B 496
GET FIRST B
GET SECOND A
PUT FIRST SMALL_STRAIGHT 12234
PUT SECOND THREE 35666
ROUND 13
PUT FIRST FIVE 23356
PUT SECOND FOUR_OF_A_KIND 22244
SCOREFIRST 278000
SCORESECOND 189914
