[FIRST "Team 1377"]
[SECOND "Team 613"]
[RESULT "0-1"]
ROUND 1
ROLL 45524 13551
BID FIRST A 2000
BID SECOND A 500
GET FIRST A
GET SECOND B
ROUND 2
ROLL 44455 54541
BID FIRST A 4875
BID SECOND B 500
GET FIRST A
GET SECOND B
PUT FIRST YACHT 44444
PUT SECOND FIVE 15555
ROUND 3
ROLL 42212 44616
BID FIRST A 3556
BID SECOND B 500
GET FIRST A
GET SECOND B
PUT FIRST FOUR_OF_A_KIND 55554
PUT SECOND FOUR 14444
ROUND 4
ROLL 34444 42464
BID FIRST B 2000
BID SECOND B 500
GET FIRST B
GET SECOND A
PUT FIRST TWO 22222
PUT SECOND FULL_HOUSE 44466
ROUND 5
ROLL 12556 11164
BID FIRST A 1700
BID SECOND B 500
GET FIRST A
GET SECOND B
PUT FIRST FOUR 44421
PUT SECOND YACHT 11111
ROUND 6
ROLL 33114 36221
BID FIRST B 1000
BID SECOND A 500
GET FIRST B
GET SECOND A
PUT FIRST SIX 66622
PUT SECOND THREE 13333
ROUND 7
ROLL 23354 12336
BID FIRST A 1100
BID SECOND A 500
GET FIRST A
GET SECOND B
PUT FIRST THREE 33324
PUT SECOND SMALL_STRAIGHT 11234
ROUND 8
ROLL 34631 55566
BID FIRST B 1500
BID SECOND B 500
GET FIRST B
GET SECOND A
PUT FIRST FIVE 55555
PUT SECOND SIX 13666
ROUND 9
ROLL 25646 11366
BID FIRST B 200
BID SECOND A 500
GET FIRST B
GET SECOND A
PUT FIRST ONE 11113
PUT SECOND LARGE_STRAIGHT 23456
ROUND 10
ROLL 16422 56264
BID FIRST B 2300
BID SECOND B 500
GET FIRST B
GET SECOND A
PUT FIRST FULL_HOUSE 66666
PUT SECOND FOUR_OF_A_KIND 44446
ROUND 11
ROLL 13343 12526
BID FIRST B 1600
BID SECOND B 500
GET FIRST B
GET SECOND A
PUT FIRST CHOICE 55656
PUT SECOND CHOICE 33346
ROUND 12
ROLL 45554 63613
BID FIRST A 2300
BID SECOND B 500
GET FIRST A
GET SECOND B
PUT FIRST SMALL_STRAIGHT 24122
PUT SECOND TWO 11122
ROUND 13
PUT FIRST LARGE_STRAIGHT 45554
PUT SECOND ONE 33366
SCOREFIRST 219869
SCORESECOND 265000
