[FIRST "Team 1595"]
[SECOND "Team 613"]
[RESULT "0-1"]
ROUND 1
ROLL 61622 12636
BID FIRST B 612
BID SECOND B 500
GET FIRST B
GET SECOND A
ROUND 2
ROLL 53326 42146
BID FIRST A 0
BID SECOND B 500
GET FIRST A
GET SECOND B
PUT FIRST SIX 12666
PUT SECOND SIX 11666
ROUND 3
ROLL 24165 31452
BID FIRST B 1500
BID SECOND B 500
GET FIRST B
GET SECOND A
PUT FIRST LARGE_STRAIGHT 35214
PUT SECOND TWO 12222
ROUND 4
ROLL 34221 16526
BID FIRST A 2142
BID SECOND A 500
GET FIRST A
GET SECOND B
PUT FIRST THREE 33353
PUT SECOND FULL_HOUSE 55666
ROUND 5
ROLL 34165 22211
BID FIRST A 9000
BID SECOND A 500
GET FIRST A
GET SECOND B
PUT FIRST SMALL_STRAIGHT 24213
PUT SECOND FOUR 11444
ROUND 6
ROLL 55655 64234
BID FIRST B 9000
BID SECOND B 500
GET FIRST B
GET SECOND A
PUT FIRST FOUR 24144
PUT SECOND FIVE 15555
ROUND 7
ROLL 64622 64111
BID FIRST A 8000
BID SECOND A 500
GET FIRST A
GET SECOND B
PUT FIRST FOUR_OF_A_KIND 66646
PUT SECOND ONE 11122
ROUND 8
ROLL 25544 52365
BID FIRST B 3400
BID SECOND B 500
GET FIRST B
GET SECOND A
PUT FIRST FIVE 52355
PUT SECOND CHOICE 45566
ROUND 9
ROLL 12313 45225
BID FIRST B 7049
BID SECOND B 500
GET FIRST B
GET SECOND A
PUT FIRST TWO 22222
PUT SECOND SMALL_STRAIGHT 11234
ROUND 10
ROLL 15662 51162
BID FIRST A 1349
BID SECOND B 500
GET FIRST A
GET SECOND B
PUT FIRST FULL_HOUSE 65566
PUT SECOND LARGE_STRAIGHT 12345
ROUND 11
ROLL 23532 22246
BID FIRST A 349
BID SECOND B 500
GET FIRST A
GET SECOND B
PUT FIRST CHOICE 34535
PUT SECOND YACHT 22222
ROUND 12
ROLL 26524 52453
BID FIRST B 9000
BID SECOND B 500
GET FIRST B
GET SECOND A
PUT FIRST ONE 12232
PUT SECOND FOUR_OF_A_KIND 12224
ROUND 13
PUT FIRST YACHT 52453
PUT SECOND THREE 45666
SCOREFIRST 172599
SCORESECOND 213000
