[FIRST "Team 361"]
[SECOND "Team 613"]
[RESULT "1-0"]
ROUND 1
ROLL 56526 54613
BID FIRST A 1124
BID SECOND B 500
GET FIRST A
GET SECOND B
ROUND 2
ROLL 44623 15325
BID FIRST B 227
BID SECOND B 500
GET FIRST A
GET SECOND B
PUT FIRST LARGE_STRAIGHT 23456
PUT SECOND FIVE 11555
ROUND 3
ROLL 36216 16153
BID FIRST A 1561
BID SECOND A 500
GET FIRST A
GET SECOND B
PUT FIRST SIX 26666
PUT SECOND LARGE_STRAIGHT 12345
ROUND 4
ROLL 33424 16322
BID FIRST A 1770
BID SECOND A 500
GET FIRST A
GET SECOND B
PUT FIRST SMALL_STRAIGHT 12234
PUT SECOND SIX 11666
ROUND 5
ROLL 35212 26231
BID FIRST B 320
BID SECOND B 500
GET FIRST A
GET SECOND B
PUT FIRST THREE 12333
PUT SECOND THREE 13333
ROUND 6
ROLL 26252 13623
BID FIRST A 5792
BID SECOND B 500
GET FIRST A
GET SECOND B
PUT FIRST FULL_HOUSE 44555
PUT SECOND YACHT 22222
ROUND 7
ROLL 54446 44266
BID FIRST B 6883
BID SECOND B 500
GET FIRST B
GET SECOND A
PUT FIRST YACHT 22222
PUT SECOND FOUR 13444
ROUND 8
ROLL 35524 41551
BID FIRST A 100
BID SECOND B 500
GET FIRST A
GET SECOND B
PUT FIRST FOUR 23444
PUT SECOND FULL_HOUSE 55666
ROUND 9
ROLL 31345 14654
BID FIRST B 4806
BID SECOND B 500
GET FIRST B
GET SECOND A
PUT FIRST FOUR_OF_A_KIND 46666
PUT SECOND ONE 11133
ROUND 10
ROLL 32355 26326
BID FIRST A 3490
BID SECOND B 500
GET FIRST A
GET SECOND B
PUT FIRST FIVE 55555
PUT SECOND SMALL_STRAIGHT 22345
ROUND 11
ROLL 63663 21464
BID FIRST B 201
BID SECOND A 500
GET FIRST B
GET SECOND A
PUT FIRST ONE 11334
PUT SECOND FOUR_OF_A_KIND 66666
ROUND 12
ROLL 61512 35515
BID FIRST A 2415
BID SECOND B 500
GET FIRST A
GET SECOND B
PUT FIRST TWO 11222
PUT SECOND CHOICE 45555
ROUND 13
PUT FIRST CHOICE 46465
PUT SECOND TWO 13333
SCOREFIRST 256405
SCORESECOND 235000
