[FIRST "Team 613"]
[SECOND "Team 1413"]
[RESULT "1-0"]
ROUND 1
ROLL 51232 61565
BID FIRST B 500
BID SECOND B 3333
GET FIRST A
GET SECOND B
ROUND 2
ROLL 63542 34623
BID FIRST B 500
BID SECOND A 4000
GET FIRST B
GET SECOND A
PUT FIRST LARGE_STRAIGHT 12345
PUT SECOND SIX 66655
ROUND 3
ROLL 35355 53355
BID FIRST B 500
BID SECOND A 0
GET FIRST B
GET SECOND A
PUT FIRST THREE 23333
PUT SECOND FIVE 55554
ROUND 4
ROLL 13445 43551
BID FIRST B 500
BID SECOND B 333
GET FIRST B
GET SECOND A
PUT FIRST FIVE 55555
PUT SECOND THREE 33335
ROUND 5
ROLL 61255 66161
BID FIRST B 500
BID SECOND B 333
GET FIRST B
GET SECOND A
PUT FIRST SIX 16666
PUT SECOND ONE 11155
ROUND 6
ROLL 62165 43242
BID FIRST B 500
BID SECOND A 1666
GET FIRST B
GET SECOND A
PUT FIRST FOUR 11444
PUT SECOND TWO 22215
ROUND 7
ROLL 16242 54361
BID FIRST A 500
BID SECOND B 1333
GET FIRST A
GET SECOND B
PUT FIRST YACHT 22222
PUT SECOND FOUR 44413
ROUND 8
ROLL 12516 43263
BID FIRST B 500
BID SECOND B 1000
GET FIRST A
GET SECOND B
PUT FIRST SMALL_STRAIGHT 11234
PUT SECOND YACHT 66666
ROUND 9
ROLL 56451 43254
BID FIRST A 500
BID SECOND A 1000
GET FIRST B
GET SECOND A
PUT FIRST CHOICE 45566
PUT SECOND LARGE_STRAIGHT 23456
ROUND 10
ROLL 46241 16361
BID FIRST B 500
BID SECOND A 0
GET FIRST B
GET SECOND A
PUT FIRST FULL_HOUSE 33366
PUT SECOND CHOICE 65544
ROUND 11
ROLL 13124 21116
BID FIRST B 500
BID SECOND A 1500
GET FIRST B
GET SECOND A
PUT FIRST FOUR_OF_A_KIND 11116
PUT SECOND SMALL_STRAIGHT 12341
ROUND 12
ROLL 15212 64113
BID FIRST A 500
BID SECOND A 0
GET FIRST A
GET SECOND B
PUT FIRST TWO 12222
PUT SECOND FULL_HOUSE 11144
ROUND 13
PUT FIRST ONE 11145
PUT SECOND FOUR_OF_A_KIND 63321
SCOREFIRST 268000
SCORESECOND 222834
