[FIRST "Team 872"]
[SECOND "Team 613"]
[RESULT "1-0"]
ROUND 1
ROLL 21361 51211
BID FIRST A 0
BID SECOND B 500
GET FIRST A
GET SECOND B
ROUND 2
ROLL 54524 53154
BID FIRST B 1000
BID SECOND B 500
GET FIRST B
GET SECOND A
PUT FIRST LARGE_STRAIGHT 12345
PUT SECOND FIVE 11555
ROUND 3
ROLL 61335 64256
BID FIRST B 1000
BID SECOND B 500
GET FIRST B
GET SECOND A
PUT FIRST SMALL_STRAIGHT 12341
PUT SECOND LARGE_STRAIGHT 12345
ROUND 4
ROLL 61125 45346
BID FIRST B 1000
BID SECOND B 500
GET FIRST B
GET SECOND A
PUT FIRST SIX 66663
PUT SECOND ONE 11122
ROUND 5
ROLL 24364 66255
BID FIRST B 2000
BID SECOND B 500
GET FIRST B
GET SECOND A
PUT FIRST FIVE 55555
PUT SECOND SIX 23666
ROUND 6
ROLL 44424 56526
BID FIRST A 5000
BID SECOND A 500
GET FIRST A
GET SECOND B
PUT FIRST YACHT 44444
PUT SECOND FOUR 23444
ROUND 7
ROLL 66445 46432
BID FIRST A 1000
BID SECOND A 500
GET FIRST A
GET SECOND B
PUT FIRST FOUR_OF_A_KIND 66665
PUT SECOND FULL_HOUSE 55666
ROUND 8
ROLL 16645 55326
BID FIRST A 1000
BID SECOND B 500
GET FIRST A
GET SECOND B
PUT FIRST FULL_HOUSE 44466
PUT SECOND SMALL_STRAIGHT 22345
ROUND 9
ROLL 11646 44431
BID FIRST A 1000
BID SECOND B 500
GET FIRST A
GET SECOND B
PUT FIRST ONE 11122
PUT SECOND FOUR_OF_A_KIND 44446
ROUND 10
ROLL 33346 65234
BID FIRST B 1000
BID SECOND A 500
GET FIRST B
GET SECOND A
PUT FIRST FOUR 44423
PUT SECOND YACHT 33333
ROUND 11
ROLL 42115 62143
BID FIRST B 1000
BID SECOND B 500
GET FIRST B
GET SECOND A
PUT FIRST CHOICE 66665
PUT SECOND CHOICE 45556
ROUND 12
ROLL 16335 15133
BID FIRST B 1000
BID SECOND B 500
GET FIRST B
GET SECOND A
PUT FIRST THREE 33311
PUT SECOND THREE 11133
ROUND 13
PUT FIRST TWO 12455
PUT SECOND TWO 12456
SCOREFIRST 271000
SCORESECOND 228000
