[FIRST "Team 613"]
[SECOND "Team 599"]
[RESULT "0-1"]
ROUND 1
ROLL 16431 53645
BID FIRST B 500
BID SECOND A 9
GET FIRST B
GET SECOND A
ROUND 2
ROLL 24323 45645
BID FIRST B 500
BID SECOND B 3023
GET FIRST A
GET SECOND B
PUT FIRST LARGE_STRAIGHT 23456
PUT SECOND FULL_HOUSE 44466
ROUND 3
ROLL 54552 65531
BID FIRST A 500
BID SECOND B 1
GET FIRST A
GET SECOND B
PUT FIRST FIVE 25555
PUT SECOND FIVE 55551
ROUND 4
ROLL 16256 25553
BID FIRST B 500
BID SECOND A 1200
GET FIRST B
GET SECOND A
PUT FIRST THREE 22333
PUT SECOND THREE 33111
ROUND 5
ROLL 53165 65234
BID FIRST A 500
BID SECOND B 1250
GET FIRST A
GET SECOND B
PUT FIRST YACHT 55555
PUT SECOND SIX 66662
ROUND 6
ROLL 35634 32154
BID FIRST B 500
BID SECOND B 1480
GET FIRST A
GET SECOND B
PUT FIRST FOUR 13444
PUT SECOND LARGE_STRAIGHT 12345
ROUND 7
ROLL 56342 61436
BID FIRST B 500
BID SECOND A 1400
GET FIRST B
GET SECOND A
PUT FIRST FOUR_OF_A_KIND 56666
PUT SECOND FOUR 44223
ROUND 8
ROLL 41211 43154
BID FIRST A 500
BID SECOND B 1410
GET FIRST A
GET SECOND B
PUT FIRST ONE 11112
PUT SECOND FOUR_OF_A_KIND 55556
ROUND 9
ROLL 54344 46436
BID FIRST B 500
BID SECOND A 1400
GET FIRST B
GET SECOND A
PUT FIRST FULL_HOUSE 44466
PUT SECOND YACHT 44444
ROUND 10
ROLL 41464 21244
BID FIRST B 500
BID SECOND B 1250
GET FIRST A
GET SECOND B
PUT FIRST CHOICE 44446
PUT SECOND TWO 22113
ROUND 11
ROLL 62611 26265
BID FIRST B 500
BID SECOND A 1400
GET FIRST B
GET SECOND A
PUT FIRST TWO 12233
PUT SECOND ONE 11233
ROUND 12
ROLL 65325 53161
BID FIRST B 500
BID SECOND A 1362
GET FIRST B
GET SECOND A
PUT FIRST SIX 11666
PUT SECOND CHOICE 66655
ROUND 13
PUT FIRST SMALL_STRAIGHT 33355
PUT SECOND SMALL_STRAIGHT 44325
SCOREFIRST 254000
SCORESECOND 256815
