[FIRST "Team 1063"]
[SECOND "Team 613"]
[RESULT "0-1"]
ROUND 1
ROLL 42353 15332
BID FIRST A 152
BID SECOND A 500
GET FIRST B
GET SECOND A
ROUND 2
ROLL 41646 56661
BID FIRST A 1051
BID SECOND B 500
GET FIRST A
GET SECOND B
PUT FIRST LARGE_STRAIGHT 15324
PUT SECOND FULL_HOUSE 55666
ROUND 3
ROLL 26361 62114
BID FIRST A 139
BID SECOND A 500
GET FIRST B
GET SECOND A
PUT FIRST SIX 16661
PUT SECOND THREE 11333
ROUND 4
ROLL 46332 31211
BID FIRST A 242
BID SECOND A 500
GET FIRST B
GET SECOND A
PUT FIRST THREE 34232
PUT SECOND SIX 22666
ROUND 5
ROLL 43631 31563
BID FIRST B 2005
BID SECOND A 500
GET FIRST B
GET SECOND A
PUT FIRST YACHT 11111
PUT SECOND FOUR 12444
ROUND 6
ROLL 23512 22433
BID FIRST A 74
BID SECOND B 500
GET FIRST A
GET SECOND B
PUT FIRST CHOICE 43633
PUT SECOND YACHT 33333
ROUND 7
ROLL 31616 46563
BID FIRST B 2363
BID SECOND B 500
GET FIRST B
GET SECOND A
PUT FIRST FIVE 52515
PUT SECOND SMALL_STRAIGHT 11234
ROUND 8
ROLL 61215 51523
BID FIRST A 374
BID SECOND A 500
GET FIRST B
GET SECOND A
PUT FIRST SMALL_STRAIGHT 46635
PUT SECOND FOUR_OF_A_KIND 56666
ROUND 9
ROLL 61635 46111
BID FIRST A 354
BID SECOND B 500
GET FIRST A
GET SECOND B
PUT FIRST FOUR_OF_A_KIND 53663
PUT SECOND ONE 11111
ROUND 10
ROLL 24126 25444
BID FIRST B 2946
BID SECOND A 500
GET FIRST B
GET SECOND A
PUT FIRST FOUR 11444
PUT SECOND TWO 12222
ROUND 11
ROLL 54454 43461
BID FIRST A 792
BID SECOND B 500
GET FIRST A
GET SECOND B
PUT FIRST TWO 22244
PUT SECOND CHOICE 44666
ROUND 12
ROLL 33551 16612
BID FIRST A 1487
BID SECOND A 500
GET FIRST A
GET SECOND B
PUT FIRST FULL_HOUSE 55555
PUT SECOND LARGE_STRAIGHT 11123
ROUND 13
PUT FIRST ONE 43351
PUT SECOND FIVE 34466
SCOREFIRST 186835
SCORESECOND 196000
