[FIRST "Team 613"]
[SECOND "Team 1297"]
[RESULT "1-0"]
ROUND 1
ROLL 54544 22352
BID FIRST A 500
BID SECOND A 800
GET FIRST B
GET SECOND A
ROUND 2
ROLL 64511 34662
BID FIRST B 500
BID SECOND B 0
GET FIRST B
GET SECOND A
PUT FIRST TWO 22223
PUT SECOND FOUR_OF_A_KIND 44446
ROUND 3
ROLL 55324 35462
BID FIRST B 500
BID SECOND A 2000
GET FIRST B
GET SECOND A
PUT FIRST FULL_HOUSE 55666
PUT SECOND YACHT 55555
ROUND 4
ROLL 13363 41411
BID FIRST A 500
BID SECOND A 0
GET FIRST A
GET SECOND B
PUT FIRST YACHT 33333
PUT SECOND SMALL_STRAIGHT 12341
ROUND 5
ROLL 43645 22623
BID FIRST A 500
BID SECOND A 0
GET FIRST A
GET SECOND B
PUT FIRST FOUR 14444
PUT SECOND TWO 22211
ROUND 6
ROLL 31214 51264
BID FIRST B 500
BID SECOND B 0
GET FIRST B
GET SECOND A
PUT FIRST SIX 12666
PUT SECOND FOUR 44411
ROUND 7
ROLL 22421 42533
BID FIRST A 500
BID SECOND B 0
GET FIRST A
GET SECOND B
PUT FIRST LARGE_STRAIGHT 12345
PUT SECOND LARGE_STRAIGHT 12345
ROUND 8
ROLL 36616 36356
BID FIRST B 500
BID SECOND A 100
GET FIRST B
GET SECOND A
PUT FIRST SMALL_STRAIGHT 22345
PUT SECOND FULL_HOUSE 66633
ROUND 9
ROLL 35616 12522
BID FIRST A 500
BID SECOND A 100
GET FIRST A
GET SECOND B
PUT FIRST FOUR_OF_A_KIND 56666
PUT SECOND ONE 11222
ROUND 10
ROLL 31513 32652
BID FIRST A 500
BID SECOND B 600
GET FIRST A
GET SECOND B
PUT FIRST THREE 13333
PUT SECOND CHOICE 66553
ROUND 11
ROLL 16241 12524
BID FIRST A 500
BID SECOND A 0
GET FIRST A
GET SECOND B
PUT FIRST ONE 11112
PUT SECOND THREE 33122
ROUND 12
ROLL 51145 11664
BID FIRST A 500
BID SECOND A 0
GET FIRST A
GET SECOND B
PUT FIRST FIVE 15555
PUT SECOND FIVE 22524
ROUND 13
PUT FIRST CHOICE 12446
PUT SECOND SIX 11664
SCOREFIRST 277000
SCORESECOND 205600
