[FIRST "Team 1057"]
[SECOND "Team 613"]
[RESULT "0-1"]
ROUND 1
ROLL 41532 24352
BID FIRST A 10519
BID SECOND A 500
GET FIRST A
GET SECOND B
ROUND 2
ROLL 41235 33432
BID FIRST B 150
BID SECOND B 500
GET FIRST A
GET SECOND B
PUT FIRST LARGE_STRAIGHT 41532
PUT SECOND THREE 23333
ROUND 3
ROLL 61122 21321
BID FIRST B 150
BID SECOND B 500
GET FIRST A
GET SECOND B
PUT FIRST TWO 12322
PUT SECOND TWO 12222
ROUND 4
ROLL 56454 65353
BID FIRST A 88
BID SECOND A 500
GET FIRST B
GET SECOND A
PUT FIRST FULL_HOUSE 56655
PUT SECOND FOUR 14444
ROUND 5
ROLL 35226 43226
BID FIRST A 150
BID SECOND A 500
GET FIRST B
GET SECOND A
PUT FIRST SMALL_STRAIGHT 13422
PUT SECOND FIVE 25555
ROUND 6
ROLL 65151 33115
BID FIRST B 2873
BID SECOND A 500
GET FIRST B
GET SECOND A
PUT FIRST THREE 13333
PUT SECOND FULL_HOUSE 55666
ROUND 7
ROLL 16145 36614
BID FIRST B 488
BID SECOND A 500
GET FIRST B
GET SECOND A
PUT FIRST SIX 16366
PUT SECOND ONE 11112
ROUND 8
ROLL 52144 42551
BID FIRST A 32
BID SECOND B 500
GET FIRST A
GET SECOND B
PUT FIRST FOUR 44244
PUT SECOND LARGE_STRAIGHT 12345
ROUND 9
ROLL 63443 23512
BID FIRST B 3411
BID SECOND B 500
GET FIRST B
GET SECOND A
PUT FIRST FIVE 55235
PUT SECOND SMALL_STRAIGHT 33456
ROUND 10
ROLL 44464 51334
BID FIRST B 5515
BID SECOND A 500
GET FIRST B
GET SECOND A
PUT FIRST YACHT 11111
PUT SECOND YACHT 44444
ROUND 11
ROLL 32335 14621
BID FIRST B 1070
BID SECOND B 500
GET FIRST B
GET SECOND A
PUT FIRST CHOICE 34546
PUT SECOND CHOICE 45566
ROUND 12
ROLL 53665 43343
BID FIRST B 13743
BID SECOND A 500
GET FIRST B
GET SECOND A
PUT FIRST FOUR_OF_A_KIND 34333
PUT SECOND FOUR_OF_A_KIND 33336
ROUND 13
PUT FIRST ONE 11224
PUT SECOND SIX 23556
SCOREFIRST 226887
SCORESECOND 265000
