[FIRST "Team 1738"]
[SECOND "Team 613"]
[RESULT "0-1"]
ROUND 1
ROLL 32554 44353
BID FIRST A 1
BID SECOND A 500
GET FIRST B
GET SECOND A
ROUND 2
ROLL 21651 12514
BID FIRST A 1
BID SECOND B 500
GET FIRST A
GET SECOND B
PUT FIRST LARGE_STRAIGHT 12345
PUT SECOND FIVE 11555
ROUND 3
ROLL 24432 12113
BID FIRST A 20
BID SECOND A 500
GET FIRST B
GET SECOND A
PUT FIRST SMALL_STRAIGHT 23345
PUT SECOND FOUR 24444
ROUND 4
ROLL 34154 33463
BID FIRST A 280
BID SECOND B 500
GET FIRST A
GET SECOND B
PUT FIRST YACHT 11111
PUT SECOND YACHT 33333
ROUND 5
ROLL 46525 42344
BID FIRST A 40
BID SECOND B 500
GET FIRST A
GET SECOND B
PUT FIRST FULL_HOUSE 55566
PUT SECOND TWO 22223
ROUND 6
ROLL 64345 33356
BID FIRST A 1
BID SECOND B 500
GET FIRST A
GET SECOND B
PUT FIRST FOUR 44444
PUT SECOND THREE 33344
ROUND 7
ROLL 16566 55265
BID FIRST A 20
BID SECOND A 500
GET FIRST B
GET SECOND A
PUT FIRST FOUR_OF_A_KIND 55556
PUT SECOND FULL_HOUSE 66666
ROUND 8
ROLL 66662 34265
BID FIRST A 60
BID SECOND A 500
GET FIRST B
GET SECOND A
PUT FIRST CHOICE 24566
PUT SECOND FOUR_OF_A_KIND 56666
ROUND 9
ROLL 11231 41345
BID FIRST A 1
BID SECOND B 500
GET FIRST A
GET SECOND B
PUT FIRST TWO 11222
PUT SECOND LARGE_STRAIGHT 12345
ROUND 10
ROLL 31153 61664
BID FIRST B 30
BID SECOND B 500
GET FIRST A
GET SECOND B
PUT FIRST THREE 33333
PUT SECOND SIX 11666
ROUND 11
ROLL 43152 24461
BID FIRST A 40
BID SECOND A 500
GET FIRST B
GET SECOND A
PUT FIRST ONE 11112
PUT SECOND SMALL_STRAIGHT 12344
ROUND 12
ROLL 43645 46643
BID FIRST B 60
BID SECOND B 500
GET FIRST A
GET SECOND B
PUT FIRST FIVE 33455
PUT SECOND CHOICE 45566
ROUND 13
PUT FIRST SIX 44466
PUT SECOND ONE 34444
SCOREFIRST 272908
SCORESECOND 275000
