[FIRST "Team 255"]
[SECOND "Team 613"]
[RESULT "0-1"]
ROUND 1
ROLL 44162 63165
BID FIRST B 1360
BID SECOND B 500
GET FIRST B
GET SECOND A
ROUND 2
ROLL 36521 45632
BID FIRST B 246
BID SECOND B 500
GET FIRST A
GET SECOND B
PUT FIRST FULL_HOUSE 66565
PUT SECOND FOUR 12444
ROUND 3
ROLL 56146 66151
BID FIRST A 650
BID SECOND B 500
GET FIRST A
GET SECOND B
PUT FIRST LARGE_STRAIGHT 31254
PUT SECOND SIX 16666
ROUND 4
ROLL 52255 33434
BID FIRST B 655
BID SECOND A 500
GET FIRST B
GET SECOND A
PUT FIRST FOUR_OF_A_KIND 33343
PUT SECOND FIVE 55555
ROUND 5
ROLL 42316 22532
BID FIRST A 655
BID SECOND B 500
GET FIRST A
GET SECOND B
PUT FIRST SMALL_STRAIGHT 11423
PUT SECOND YACHT 22222
ROUND 6
ROLL 41636 31341
BID FIRST A 609
BID SECOND B 500
GET FIRST A
GET SECOND B
PUT FIRST SIX 66666
PUT SECOND THREE 13333
ROUND 7
ROLL 15225 43144
BID FIRST B 1008
BID SECOND B 500
GET FIRST B
GET SECOND A
PUT FIRST FOUR 44444
PUT SECOND FULL_HOUSE 22555
ROUND 8
ROLL 25665 14255
BID FIRST B 747
BID SECOND A 500
GET FIRST B
GET SECOND A
PUT FIRST ONE 11311
PUT SECOND CHOICE 45566
ROUND 9
ROLL 51456 33316
BID FIRST A 650
BID SECOND B 500
GET FIRST A
GET SECOND B
PUT FIRST FIVE 35555
PUT SECOND FOUR_OF_A_KIND 11116
ROUND 10
ROLL 65324 53135
BID FIRST A 1694
BID SECOND A 500
GET FIRST A
GET SECOND B
PUT FIRST CHOICE 44665
PUT SECOND TWO 12233
ROUND 11
ROLL 11524 65252
BID FIRST B 526
BID SECOND A 500
GET FIRST B
GET SECOND A
PUT FIRST TWO 21222
PUT SECOND LARGE_STRAIGHT 12345
ROUND 12
ROLL 14151 66354
BID FIRST B 855
BID SECOND B 500
GET FIRST B
GET SECOND A
PUT FIRST THREE 34653
PUT SECOND ONE 11113
ROUND 13
PUT FIRST YACHT 56654
PUT SECOND SMALL_STRAIGHT 34555
SCOREFIRST 227837
SCORESECOND 249000
