[FIRST "Team 104"]
[SECOND "Team 613"]
[RESULT "1-0"]
ROUND 1
ROLL 53366 53641
BID FIRST B 945
BID SECOND B 2720
GET FIRST A
GET SECOND B
ROUND 2
ROLL 13561 16324
BID FIRST B 1195
BID SECOND B 315
GET FIRST B
GET SECOND A
PUT FIRST LARGE_STRAIGHT 12345
PUT SECOND ONE 11133
ROUND 3
ROLL 25656 35654
BID FIRST A 1445
BID SECOND A 694
GET FIRST A
GET SECOND B
PUT FIRST SIX 66666
PUT SECOND FIVE 35555
ROUND 4
ROLL 42152 52152
BID FIRST B 195
BID SECOND B 681
GET FIRST A
GET SECOND B
PUT FIRST SMALL_STRAIGHT 12334
PUT SECOND SIX 12666
ROUND 5
ROLL 13412 56234
BID FIRST B 2445
BID SECOND B 511
GET FIRST B
GET SECOND A
PUT FIRST FIVE 35555
PUT SECOND FOUR 11444
ROUND 6
ROLL 21345 22623
BID FIRST B 5945
BID SECOND B 2487
GET FIRST B
GET SECOND A
PUT FIRST YACHT 22222
PUT SECOND LARGE_STRAIGHT 12345
ROUND 7
ROLL 21463 33533
BID FIRST B 5195
BID SECOND B 3102
GET FIRST B
GET SECOND A
PUT FIRST THREE 33333
PUT SECOND TWO 12223
ROUND 8
ROLL 41523 45142
BID FIRST A 0
BID SECOND B 2145
GET FIRST A
GET SECOND B
PUT FIRST TWO 12234
PUT SECOND SMALL_STRAIGHT 12344
ROUND 9
ROLL 41244 54414
BID FIRST B 4195
BID SECOND B 1188
GET FIRST B
GET SECOND A
PUT FIRST FOUR 14444
PUT SECOND FULL_HOUSE 44555
ROUND 10
ROLL 65644 63355
BID FIRST A 1195
BID SECOND A 1353
GET FIRST B
GET SECOND A
PUT FIRST FOUR_OF_A_KIND 55556
PUT SECOND CHOICE 45666
ROUND 11
ROLL 34164 64164
BID FIRST A 695
BID SECOND B 12
GET FIRST A
GET SECOND B
PUT FIRST FULL_HOUSE 44666
PUT SECOND YACHT 44444
ROUND 12
ROLL 43451 13515
BID FIRST B 2695
BID SECOND B 5496
GET FIRST A
GET SECOND B
PUT FIRST CHOICE 34455
PUT SECOND FOUR_OF_A_KIND 11116
ROUND 13
PUT FIRST ONE 11333
PUT SECOND THREE 23556
SCOREFIRST 273915
SCORESECOND 212890
