[FIRST "Team 1481"]
[SECOND "Team 613"]
[RESULT "1-0"]
ROUND 1
ROLL 42515 15256
BID FIRST B 122
BID SECOND B 1020
GET FIRST A
GET SECOND B
ROUND 2
ROLL 43441 16541
BID FIRST A 2949
BID SECOND A 247
GET FIRST A
GET SECOND B
PUT FIRST LARGE_STRAIGHT 12345
PUT SECOND FIVE 11555
ROUND 3
ROLL 11645 64115
BID FIRST B 0
BID SECOND B 301
GET FIRST A
GET SECOND B
PUT FIRST FULL_HOUSE 44455
PUT SECOND SIX 11666
ROUND 4
ROLL 14265 13311
BID FIRST B 3549
BID SECOND B 1165
GET FIRST B
GET SECOND A
PUT FIRST YACHT 11111
PUT SECOND FOUR 11444
ROUND 5
ROLL 14665 61226
BID FIRST A 22
BID SECOND B 557
GET FIRST A
GET SECOND B
PUT FIRST SIX 11666
PUT SECOND TWO 12222
ROUND 6
ROLL 46544 45452
BID FIRST B 200
BID SECOND A 990
GET FIRST B
GET SECOND A
PUT FIRST SMALL_STRAIGHT 23345
PUT SECOND FOUR_OF_A_KIND 56666
ROUND 7
ROLL 52446 23234
BID FIRST A 5157
BID SECOND A 1965
GET FIRST A
GET SECOND B
PUT FIRST FOUR_OF_A_KIND 44446
PUT SECOND SMALL_STRAIGHT 22345
ROUND 8
ROLL 41262 24245
BID FIRST B 6198
BID SECOND B 2129
GET FIRST B
GET SECOND A
PUT FIRST FIVE 25555
PUT SECOND LARGE_STRAIGHT 12345
ROUND 9
ROLL 33355 51235
BID FIRST A 2078
BID SECOND A 2202
GET FIRST B
GET SECOND A
PUT FIRST TWO 12223
PUT SECOND THREE 23334
ROUND 10
ROLL 14323 13324
BID FIRST B 0
BID SECOND B 225
GET FIRST A
GET SECOND B
PUT FIRST FOUR 14444
PUT SECOND CHOICE 44556
ROUND 11
ROLL 53332 41332
BID FIRST A 15036
BID SECOND A 7458
GET FIRST A
GET SECOND B
PUT FIRST THREE 33333
PUT SECOND FULL_HOUSE 33344
ROUND 12
ROLL 65151 26346
BID FIRST A 1500
BID SECOND A 7491
GET FIRST B
GET SECOND A
PUT FIRST ONE 22234
PUT SECOND ONE 11112
ROUND 13
PUT FIRST CHOICE 55566
PUT SECOND YACHT 23556
SCOREFIRST 246589
SCORESECOND 216178
