[FIRST "Team 363"]
[SECOND "Team 613"]
[RESULT "1-0"]
ROUND 1
ROLL 34141 46645
BID FIRST B 262
BID SECOND B 3995
GET FIRST A
GET SECOND B
ROUND 2
ROLL 26526 16414
BID FIRST B 100
BID SECOND B 322
GET FIRST A
GET SECOND B
PUT FIRST LARGE_STRAIGHT 12345
PUT SECOND FOUR 14444
ROUND 3
ROLL 46523 15466
BID FIRST B 360
BID SECOND B 659
GET FIRST A
GET SECOND B
PUT FIRST SIX 66612
PUT SECOND SIX 66666
ROUND 4
ROLL 23234 13355
BID FIRST A 245
BID SECOND B 655
GET FIRST A
GET SECOND B
PUT FIRST FOUR 44423
PUT SECOND FIVE 15555
ROUND 5
ROLL 16662 61164
BID FIRST A 1178
BID SECOND B 173
GET FIRST A
GET SECOND B
PUT FIRST FULL_HOUSE 66633
PUT SECOND ONE 11113
ROUND 6
ROLL 51232 64146
BID FIRST A 1198
BID SECOND A 1246
GET FIRST B
GET SECOND A
PUT FIRST TWO 22246
PUT SECOND LARGE_STRAIGHT 12345
ROUND 7
ROLL 12213 44165
BID FIRST B 522
BID SECOND A 632
GET FIRST B
GET SECOND A
PUT FIRST ONE 11146
PUT SECOND TWO 11222
ROUND 8
ROLL 35434 46212
BID FIRST A 2815
BID SECOND A 2035
GET FIRST A
GET SECOND B
PUT FIRST FIVE 55546
PUT SECOND SMALL_STRAIGHT 12234
ROUND 9
ROLL 26524 13344
BID FIRST B 2324
BID SECOND B 1030
GET FIRST B
GET SECOND A
PUT FIRST YACHT 44444
PUT SECOND FOUR_OF_A_KIND 56666
ROUND 10
ROLL 61634 53346
BID FIRST A 17
BID SECOND B 1165
GET FIRST A
GET SECOND B
PUT FIRST THREE 33333
PUT SECOND THREE 22333
ROUND 11
ROLL 31662 62652
BID FIRST B 937
BID SECOND B 1294
GET FIRST A
GET SECOND B
PUT FIRST FOUR_OF_A_KIND 66664
PUT SECOND FULL_HOUSE 55666
ROUND 12
ROLL 13662 12212
BID FIRST B 2880
BID SECOND B 840
GET FIRST B
GET SECOND A
PUT FIRST SMALL_STRAIGHT 11111
PUT SECOND CHOICE 44466
ROUND 13
PUT FIRST CHOICE 22223
PUT SECOND YACHT 12223
SCOREFIRST 239876
SCORESECOND 239764
