[FIRST "Team 700"]
[SECOND "Team 613"]
[RESULT "0-1"]
ROUND 1
ROLL 15454 14633
BID FIRST A 509
BID SECOND A 1020
GET FIRST B
GET SECOND A
ROUND 2
ROLL 61336 25625
BID FIRST B 529
BID SECOND B 609
GET FIRST A
GET SECOND B
PUT FIRST SIX 11666
PUT SECOND FIVE 15555
ROUND 3
ROLL 21542 52334
BID FIRST B 500
BID SECOND B 541
GET FIRST A
GET SECOND B
PUT FIRST THREE 13333
PUT SECOND FOUR 22444
ROUND 4
ROLL 66633 25136
BID FIRST A 3009
BID SECOND A 743
GET FIRST A
GET SECOND B
PUT FIRST FULL_HOUSE 44666
PUT SECOND THREE 12333
ROUND 5
ROLL 31616 23113
BID FIRST A 549
BID SECOND A 859
GET FIRST B
GET SECOND A
PUT FIRST FOUR_OF_A_KIND 33335
PUT SECOND SIX 16666
ROUND 6
ROLL 22666 62113
BID FIRST A 3009
BID SECOND A 1217
GET FIRST A
GET SECOND B
PUT FIRST YACHT 22222
PUT SECOND ONE 11122
ROUND 7
ROLL 64254 43161
BID FIRST A 529
BID SECOND B 1285
GET FIRST A
GET SECOND B
PUT FIRST TWO 11244
PUT SECOND SMALL_STRAIGHT 13456
ROUND 8
ROLL 64463 21526
BID FIRST A 549
BID SECOND A 966
GET FIRST B
GET SECOND A
PUT FIRST ONE 12255
PUT SECOND FULL_HOUSE 44666
ROUND 9
ROLL 43323 16121
BID FIRST A 2309
BID SECOND A 4015
GET FIRST B
GET SECOND A
PUT FIRST CHOICE 66666
PUT SECOND YACHT 33333
ROUND 10
ROLL 25643 34454
BID FIRST A 600
BID SECOND B 278
GET FIRST A
GET SECOND B
PUT FIRST LARGE_STRAIGHT 23456
PUT SECOND LARGE_STRAIGHT 12345
ROUND 11
ROLL 46515 53623
BID FIRST A 529
BID SECOND A 2689
GET FIRST B
GET SECOND A
PUT FIRST FIVE 33566
PUT SECOND CHOICE 45556
ROUND 12
ROLL 36623 52426
BID FIRST B 529
BID SECOND B 8100
GET FIRST A
GET SECOND B
PUT FIRST FOUR 23366
PUT SECOND FOUR_OF_A_KIND 44446
ROUND 13
PUT FIRST SMALL_STRAIGHT 11122
PUT SECOND TWO 12235
SCOREFIRST 189856
SCORESECOND 256598
