[FIRST "Team 613"]
[SECOND "Team 1607"]
[RESULT "1-0"]
ROUND 1
ROLL 55512 22234
BID FIRST A 525
BID SECOND A 1000
GET FIRST B
GET SECOND A
ROUND 2
ROLL 45233 64434
BID FIRST A 378
BID SECOND A 526
GET FIRST B
GET SECOND A
PUT FIRST FOUR 24444
PUT SECOND FIVE 55515
ROUND 3
ROLL 64624 46246
BID FIRST B 26
BID SECOND B 377
GET FIRST A
GET SECOND B
PUT FIRST SIX 22666
PUT SECOND FOUR 24244
ROUND 4
ROLL 45656 31646
BID FIRST A 50
BID SECOND B 526
GET FIRST A
GET SECOND B
PUT FIRST LARGE_STRAIGHT 23456
PUT SECOND SIX 36666
ROUND 5
ROLL 53666 11664
BID FIRST A 1305
BID SECOND A 526
GET FIRST A
GET SECOND B
PUT FIRST FOUR_OF_A_KIND 56666
PUT SECOND SMALL_STRAIGHT 32314
ROUND 6
ROLL 56132 36553
BID FIRST B 632
BID SECOND A 1306
GET FIRST B
GET SECOND A
PUT FIRST THREE 33334
PUT SECOND LARGE_STRAIGHT 14532
ROUND 7
ROLL 22136 61311
BID FIRST B 1529
BID SECOND B 1306
GET FIRST B
GET SECOND A
PUT FIRST FIVE 11555
PUT SECOND FOUR_OF_A_KIND 66636
ROUND 8
ROLL 25554 45445
BID FIRST A 564
BID SECOND B 25
GET FIRST A
GET SECOND B
PUT FIRST FULL_HOUSE 55566
PUT SECOND FULL_HOUSE 45445
ROUND 9
ROLL 62254 11423
BID FIRST B 1329
BID SECOND B 1530
GET FIRST A
GET SECOND B
PUT FIRST TWO 12223
PUT SECOND YACHT 11111
ROUND 10
ROLL 15625 45423
BID FIRST B 2908
BID SECOND A 1530
GET FIRST B
GET SECOND A
PUT FIRST YACHT 44444
PUT SECOND CHOICE 43565
ROUND 11
ROLL 65355 12331
BID FIRST A 313
BID SECOND B 25
GET FIRST A
GET SECOND B
PUT FIRST CHOICE 55566
PUT SECOND TWO 22222
ROUND 12
ROLL 64561 46156
BID FIRST B 12
BID SECOND B 25
GET FIRST A
GET SECOND B
PUT FIRST SMALL_STRAIGHT 34566
PUT SECOND THREE 11331
ROUND 13
PUT FIRST ONE 12355
PUT SECOND ONE 46156
SCOREFIRST 275969
SCORESECOND 269962
