[FIRST "Team 613"]
[SECOND "Team 1421"]
[RESULT "1-0"]
ROUND 1
ROLL 34245 64614
BID FIRST A 3740
BID SECOND B 1000
GET FIRST A
GET SECOND B
ROUND 2
ROLL 63651 34251
BID FIRST A 691
BID SECOND A 2000
GET FIRST B
GET SECOND A
PUT FIRST FOUR 12444
PUT SECOND SIX 66664
ROUND 3
ROLL 34645 24552
BID FIRST B 837
BID SECOND A 1000
GET FIRST B
GET SECOND A
PUT FIRST FIVE 25555
PUT SECOND FOUR 44413
ROUND 4
ROLL 44143 21411
BID FIRST B 666
BID SECOND A 4000
GET FIRST B
GET SECOND A
PUT FIRST TWO 11222
PUT SECOND CHOICE 65544
ROUND 5
ROLL 24256 24421
BID FIRST A 1107
BID SECOND A 5000
GET FIRST B
GET SECOND A
PUT FIRST SMALL_STRAIGHT 11234
PUT SECOND LARGE_STRAIGHT 12345
ROUND 6
ROLL 61165 35243
BID FIRST B 677
BID SECOND A 1000
GET FIRST B
GET SECOND A
PUT FIRST THREE 22333
PUT SECOND SMALL_STRAIGHT 12345
ROUND 7
ROLL 25542 22432
BID FIRST A 530
BID SECOND B 1000
GET FIRST A
GET SECOND B
PUT FIRST YACHT 44444
PUT SECOND FULL_HOUSE 66611
ROUND 8
ROLL 16124 61114
BID FIRST B 464
BID SECOND B 7000
GET FIRST A
GET SECOND B
PUT FIRST CHOICE 45556
PUT SECOND TWO 22243
ROUND 9
ROLL 53416 16215
BID FIRST B 2275
BID SECOND A 1000
GET FIRST B
GET SECOND A
PUT FIRST ONE 11112
PUT SECOND FOUR_OF_A_KIND 11116
ROUND 10
ROLL 11415 45536
BID FIRST B 4738
BID SECOND A 0
GET FIRST B
GET SECOND A
PUT FIRST LARGE_STRAIGHT 23456
PUT SECOND FIVE 65544
ROUND 11
ROLL 42412 62645
BID FIRST B 4664
BID SECOND B 10000
GET FIRST A
GET SECOND B
PUT FIRST FULL_HOUSE 22255
PUT SECOND ONE 11134
ROUND 12
ROLL 15332 14453
BID FIRST B 6250
BID SECOND B 4000
GET FIRST B
GET SECOND A
PUT FIRST FOUR_OF_A_KIND 44445
PUT SECOND THREE 12345
ROUND 13
PUT FIRST SIX 11236
PUT SECOND YACHT 66532
SCOREFIRST 201213
SCORESECOND 128000
