[FIRST "Team 1524"]
[SECOND "Team 613"]
[RESULT "0-1"]
ROUND 1
ROLL 13216 23662
BID FIRST B 2312
BID SECOND B 935
GET FIRST B
GET SECOND A
ROUND 2
ROLL 36356 23152
BID FIRST A 2832
BID SECOND A 972
GET FIRST A
GET SECOND B
PUT FIRST SIX 66665
PUT SECOND TWO 11222
ROUND 3
ROLL 14264 56116
BID FIRST B 2016
BID SECOND B 513
GET FIRST B
GET SECOND A
PUT FIRST THREE 33351
PUT SECOND LARGE_STRAIGHT 12345
ROUND 4
ROLL 31163 53452
BID FIRST B 2832
BID SECOND A 737
GET FIRST B
GET SECOND A
PUT FIRST SMALL_STRAIGHT 21534
PUT SECOND SIX 11666
ROUND 5
ROLL 44265 44642
BID FIRST A 2016
BID SECOND B 660
GET FIRST A
GET SECOND B
PUT FIRST TWO 22244
PUT SECOND FOUR 14444
ROUND 6
ROLL 43321 63542
BID FIRST B 2832
BID SECOND A 544
GET FIRST B
GET SECOND A
PUT FIRST FIVE 55523
PUT SECOND YACHT 33333
ROUND 7
ROLL 35624 45131
BID FIRST A 2016
BID SECOND A 580
GET FIRST A
GET SECOND B
PUT FIRST YACHT 66666
PUT SECOND ONE 11122
ROUND 8
ROLL 56666 22565
BID FIRST A 2832
BID SECOND A 2007
GET FIRST A
GET SECOND B
PUT FIRST FOUR_OF_A_KIND 56666
PUT SECOND FIVE 22555
ROUND 9
ROLL 22354 31246
BID FIRST B 1076
BID SECOND B 466
GET FIRST B
GET SECOND A
PUT FIRST FOUR 44422
PUT SECOND SMALL_STRAIGHT 22345
ROUND 10
ROLL 36636 11654
BID FIRST B 1079
BID SECOND A 1147
GET FIRST B
GET SECOND A
PUT FIRST FULL_HOUSE 16116
PUT SECOND FOUR_OF_A_KIND 66666
ROUND 11
ROLL 51223 65426
BID FIRST B 1200
BID SECOND A 826
GET FIRST B
GET SECOND A
PUT FIRST LARGE_STRAIGHT 35462
PUT SECOND THREE 13333
ROUND 12
ROLL 25563 64526
BID FIRST B 1576
BID SECOND B 557
GET FIRST B
GET SECOND A
PUT FIRST CHOICE 55666
PUT SECOND FULL_HOUSE 44555
ROUND 13
PUT FIRST ONE 54432
PUT SECOND CHOICE 22236
SCOREFIRST 243381
SCORESECOND 270116
