[FIRST "Team 1688"]
[SECOND "Team 613"]
[RESULT "0-1"]
ROUND 1
ROLL 14326 15142
BID FIRST A 500
BID SECOND A 5695
GET FIRST B
GET SECOND A
ROUND 2
ROLL 26363 65241
BID FIRST A 500
BID SECOND A 513
GET FIRST B
GET SECOND A
PUT FIRST FULL_HOUSE 11155
PUT SECOND SIX 12666
ROUND 3
ROLL 31635 26613
BID FIRST A 500
BID SECOND A 501
GET FIRST B
GET SECOND A
PUT FIRST SIX 66612
PUT SECOND YACHT 33333
ROUND 4
ROLL 13356 33432
BID FIRST B 500
BID SECOND B 502
GET FIRST A
GET SECOND B
PUT FIRST LARGE_STRAIGHT 12345
PUT SECOND LARGE_STRAIGHT 12345
ROUND 5
ROLL 45452 35426
BID FIRST A 500
BID SECOND A 245
GET FIRST A
GET SECOND B
PUT FIRST FOUR 44422
PUT SECOND THREE 22333
ROUND 6
ROLL 35564 44631
BID FIRST A 500
BID SECOND A 358
GET FIRST A
GET SECOND B
PUT FIRST FIVE 55553
PUT SECOND FOUR 14444
ROUND 7
ROLL 55336 16161
BID FIRST A 500
BID SECOND B 516
GET FIRST A
GET SECOND B
PUT FIRST THREE 33334
PUT SECOND FOUR_OF_A_KIND 66666
ROUND 8
ROLL 12211 31253
BID FIRST B 500
BID SECOND A 575
GET FIRST B
GET SECOND A
PUT FIRST ONE 12335
PUT SECOND ONE 11111
ROUND 9
ROLL 65554 12611
BID FIRST A 500
BID SECOND A 1165
GET FIRST B
GET SECOND A
PUT FIRST FOUR_OF_A_KIND 66665
PUT SECOND FIVE 15555
ROUND 10
ROLL 11416 16351
BID FIRST B 500
BID SECOND B 50
GET FIRST B
GET SECOND A
PUT FIRST YACHT 11111
PUT SECOND SMALL_STRAIGHT 11234
ROUND 11
ROLL 56444 44266
BID FIRST A 500
BID SECOND B 50
GET FIRST A
GET SECOND B
PUT FIRST SMALL_STRAIGHT 23454
PUT SECOND FULL_HOUSE 44666
ROUND 12
ROLL 64124 14642
BID FIRST B 500
BID SECOND B 50
GET FIRST B
GET SECOND A
PUT FIRST TWO 21444
PUT SECOND TWO 11222
ROUND 13
PUT FIRST CHOICE 66655
PUT SECOND CHOICE 44466
SCOREFIRST 264000
SCORESECOND 275186
