[FIRST "Team 254"]
[SECOND "Team 613"]
[RESULT "1-0"]
ROUND 1
ROLL 51616 15466
BID FIRST A 0
BID SECOND B 1530
GET FIRST A
GET SECOND B
ROUND 2
ROLL 55146 24425
BID FIRST A 3719
BID SECOND A 1074
GET FIRST A
GET SECOND B
PUT FIRST FULL_HOUSE 55666
PUT SECOND FOUR 12444
ROUND 3
ROLL 35546 62365
BID FIRST B 1000
BID SECOND A 432
GET FIRST B
GET SECOND A
PUT FIRST LARGE_STRAIGHT 12345
PUT SECOND FIVE 25555
ROUND 4
ROLL 34455 44611
BID FIRST B 2094
BID SECOND B 558
GET FIRST B
GET SECOND A
PUT FIRST SIX 44666
PUT SECOND SIX 33666
ROUND 5
ROLL 33451 42322
BID FIRST A 3125
BID SECOND B 465
GET FIRST A
GET SECOND B
PUT FIRST YACHT 11111
PUT SECOND TWO 22234
ROUND 6
ROLL 24465 51221
BID FIRST A 4906
BID SECOND A 2773
GET FIRST A
GET SECOND B
PUT FIRST FOUR 23444
PUT SECOND FULL_HOUSE 44555
ROUND 7
ROLL 63211 52162
BID FIRST B 1531
BID SECOND B 492
GET FIRST B
GET SECOND A
PUT FIRST FIVE 15555
PUT SECOND ONE 11112
ROUND 8
ROLL 11431 55166
BID FIRST B 4906
BID SECOND B 1655
GET FIRST B
GET SECOND A
PUT FIRST FOUR_OF_A_KIND 56666
PUT SECOND SMALL_STRAIGHT 11234
ROUND 9
ROLL 44333 56235
BID FIRST B 63
BID SECOND A 1391
GET FIRST B
GET SECOND A
PUT FIRST TWO 22255
PUT SECOND THREE 13333
ROUND 10
ROLL 15323 16465
BID FIRST B 1406
BID SECOND A 2594
GET FIRST B
GET SECOND A
PUT FIRST CHOICE 55666
PUT SECOND LARGE_STRAIGHT 12345
ROUND 11
ROLL 34436 46661
BID FIRST A 2063
BID SECOND B 1932
GET FIRST A
GET SECOND B
PUT FIRST THREE 33344
PUT SECOND FOUR_OF_A_KIND 46666
ROUND 12
ROLL 52343 46143
BID FIRST A 2969
BID SECOND B 1125
GET FIRST A
GET SECOND B
PUT FIRST ONE 11233
PUT SECOND CHOICE 44446
ROUND 13
PUT FIRST SMALL_STRAIGHT 34456
PUT SECOND YACHT 11233
SCOREFIRST 254218
SCORESECOND 222083
