[FIRST "Team 1213"]
[SECOND "Team 613"]
[RESULT "0-1"]
ROUND 1
ROLL 11465 51152
BID FIRST B 0
BID SECOND B 0
GET FIRST B
GET SECOND A
ROUND 2
ROLL 32166 23325
BID FIRST B 100
BID SECOND B 113
GET FIRST A
GET SECOND B
PUT FIRST ONE 11122
PUT SECOND LARGE_STRAIGHT 12345
ROUND 3
ROLL 35335 54514
BID FIRST A 2575
BID SECOND A 248
GET FIRST A
GET SECOND B
PUT FIRST FIVE 55556
PUT SECOND FIVE 11555
ROUND 4
ROLL 25232 61553
BID FIRST A 1487
BID SECOND A 1047
GET FIRST A
GET SECOND B
PUT FIRST YACHT 33333
PUT SECOND SMALL_STRAIGHT 12334
ROUND 5
ROLL 12133 32555
BID FIRST B 9587
BID SECOND B 2261
GET FIRST B
GET SECOND A
PUT FIRST FOUR_OF_A_KIND 55556
PUT SECOND CHOICE 45566
ROUND 6
ROLL 54511 35121
BID FIRST B 2112
BID SECOND B 1269
GET FIRST B
GET SECOND A
PUT FIRST TWO 22222
PUT SECOND ONE 11112
ROUND 7
ROLL 45233 14543
BID FIRST A 3725
BID SECOND A 685
GET FIRST A
GET SECOND B
PUT FIRST THREE 13333
PUT SECOND FOUR 13444
ROUND 8
ROLL 36663 61552
BID FIRST B 1650
BID SECOND A 1505
GET FIRST B
GET SECOND A
PUT FIRST CHOICE 55556
PUT SECOND THREE 33335
ROUND 9
ROLL 31266 13625
BID FIRST A 362
BID SECOND B 12
GET FIRST A
GET SECOND B
PUT FIRST SMALL_STRAIGHT 11234
PUT SECOND FOUR_OF_A_KIND 56666
ROUND 10
ROLL 43325 22333
BID FIRST A 2212
BID SECOND A 260
GET FIRST A
GET SECOND B
PUT FIRST LARGE_STRAIGHT 12345
PUT SECOND TWO 12223
ROUND 11
ROLL 54551 46565
BID FIRST A 1600
BID SECOND A 1138
GET FIRST A
GET SECOND B
PUT FIRST FULL_HOUSE 55566
PUT SECOND FULL_HOUSE 55566
ROUND 12
ROLL 14363 22156
BID FIRST A 10256
BID SECOND A 14546
GET FIRST B
GET SECOND A
PUT FIRST FOUR 23241
PUT SECOND YACHT 33333
ROUND 13
PUT FIRST SIX 12256
PUT SECOND SIX 14456
SCOREFIRST 214046
SCORESECOND 222732
