[FIRST "Team 613"]
[SECOND "Team 936"]
[RESULT "1-0"]
ROUND 1
ROLL 61425 66434
BID FIRST B 2549
BID SECOND B 400
GET FIRST B
GET SECOND A
ROUND 2
ROLL 14114 43534
BID FIRST A 225
BID SECOND A 2849
GET FIRST B
GET SECOND A
PUT FIRST FOUR 34444
PUT SECOND FOUR 44411
ROUND 3
ROLL 25654 51646
BID FIRST B 892
BID SECOND B 1500
GET FIRST A
GET SECOND B
PUT FIRST SIX 23666
PUT SECOND SIX 66611
ROUND 4
ROLL 62643 25566
BID FIRST B 1547
BID SECOND B 1500
GET FIRST B
GET SECOND A
PUT FIRST FIVE 55555
PUT SECOND LARGE_STRAIGHT 12345
ROUND 5
ROLL 52541 21456
BID FIRST A 175
BID SECOND B 1500
GET FIRST A
GET SECOND B
PUT FIRST LARGE_STRAIGHT 12345
PUT SECOND FIVE 55122
ROUND 6
ROLL 65423 63313
BID FIRST A 673
BID SECOND A 1847
GET FIRST B
GET SECOND A
PUT FIRST THREE 12333
PUT SECOND FOUR_OF_A_KIND 66662
ROUND 7
ROLL 51346 36211
BID FIRST B 159
BID SECOND A 1847
GET FIRST B
GET SECOND A
PUT FIRST FOUR_OF_A_KIND 56666
PUT SECOND THREE 33144
ROUND 8
ROLL 42214 43651
BID FIRST B 1683
BID SECOND B 1492
GET FIRST B
GET SECOND A
PUT FIRST ONE 11123
PUT SECOND TWO 22144
ROUND 9
ROLL 53443 62145
BID FIRST B 513
BID SECOND A 920
GET FIRST B
GET SECOND A
PUT FIRST SMALL_STRAIGHT 12344
PUT SECOND SMALL_STRAIGHT 34563
ROUND 10
ROLL 35256 31512
BID FIRST A 419
BID SECOND B 920
GET FIRST A
GET SECOND B
PUT FIRST FULL_HOUSE 55666
PUT SECOND ONE 11234
ROUND 11
ROLL 53613 51112
BID FIRST A 905
BID SECOND B 2147
GET FIRST A
GET SECOND B
PUT FIRST CHOICE 45556
PUT SECOND CHOICE 55554
ROUND 12
ROLL 56421 54525
BID FIRST B 5897
BID SECOND A 0
GET FIRST B
GET SECOND A
PUT FIRST TWO 12233
PUT SECOND FULL_HOUSE 11144
ROUND 13
PUT FIRST YACHT 34555
PUT SECOND YACHT 25621
SCOREFIRST 224943
SCORESECOND 147862
