[FIRST "Team 613"]
[SECOND "Team 1594"]
[RESULT "1-0"]
ROUND 1
ROLL 25552 45256
BID FIRST A 4363
BID SECOND B 2340
GET FIRST A
GET SECOND B
ROUND 2
ROLL 15216 34556
BID FIRST B 1160
BID SECOND B 4364
GET FIRST A
GET SECOND B
PUT FIRST FIVE 15555
PUT SECOND LARGE_STRAIGHT 23456
ROUND 3
ROLL 24511 35631
BID FIRST A 1042
BID SECOND B 1161
GET FIRST A
GET SECOND B
PUT FIRST TWO 12222
PUT SECOND SMALL_STRAIGHT 34561
ROUND 4
ROLL 41436 16436
BID FIRST B 337
BID SECOND B 1043
GET FIRST A
GET SECOND B
PUT FIRST FOUR 11444
PUT SECOND FULL_HOUSE 66655
ROUND 5
ROLL 53316 23633
BID FIRST B 983
BID SECOND A 338
GET FIRST B
GET SECOND A
PUT FIRST THREE 13333
PUT SECOND FOUR_OF_A_KIND 33336
ROUND 6
ROLL 22316 36361
BID FIRST B 481
BID SECOND B 984
GET FIRST A
GET SECOND B
PUT FIRST SIX 16666
PUT SECOND CHOICE 66554
ROUND 7
ROLL 44552 36453
BID FIRST B 1152
BID SECOND B 482
GET FIRST B
GET SECOND A
PUT FIRST LARGE_STRAIGHT 23456
PUT SECOND FIVE 55111
ROUND 8
ROLL 54314 24152
BID FIRST A 434
BID SECOND A 1153
GET FIRST B
GET SECOND A
PUT FIRST SMALL_STRAIGHT 12234
PUT SECOND FOUR 44441
ROUND 9
ROLL 52313 44222
BID FIRST B 2281
BID SECOND A 435
GET FIRST B
GET SECOND A
PUT FIRST YACHT 22222
PUT SECOND YACHT 33333
ROUND 10
ROLL 15442 32535
BID FIRST B 526
BID SECOND B 2282
GET FIRST A
GET SECOND B
PUT FIRST FULL_HOUSE 44555
PUT SECOND TWO 22213
ROUND 11
ROLL 16365 24554
BID FIRST A 4045
BID SECOND A 527
GET FIRST A
GET SECOND B
PUT FIRST CHOICE 44566
PUT SECOND THREE 32445
ROUND 12
ROLL 36535 13456
BID FIRST B 4963
BID SECOND A 4046
GET FIRST B
GET SECOND A
PUT FIRST ONE 11123
PUT SECOND SIX 63355
ROUND 13
PUT FIRST FOUR_OF_A_KIND 33456
PUT SECOND ONE 55555
SCOREFIRST 241109
SCORESECOND 190863
