[FIRST "Team 613"]
[SECOND "Team 1535"]
[RESULT "1-0"]
ROUND 1
ROLL 34436 64525
BID FIRST B 1020
BID SECOND B 0
GET FIRST B
GET SECOND A
ROUND 2
ROLL 36452 46241
BID FIRST B 235
BID SECOND A 500
GET FIRST B
GET SECOND A
PUT FIRST FOUR 12444
PUT SECOND LARGE_STRAIGHT 34652
ROUND 3
ROLL 51126 61252
BID FIRST B 50
BID SECOND A 0
GET FIRST B
GET SECOND A
PUT FIRST SIX 12666
PUT SECOND SMALL_STRAIGHT 43365
ROUND 4
ROLL 16445 56525
BID FIRST B 553
BID SECOND B 0
GET FIRST B
GET SECOND A
PUT FIRST FIVE 55555
PUT SECOND CHOICE 46645
ROUND 5
ROLL 56522 11361
BID FIRST B 82
BID SECOND A 0
GET FIRST B
GET SECOND A
PUT FIRST TWO 11222
PUT SECOND FIVE 11255
ROUND 6
ROLL 62665 26136
BID FIRST A 818
BID SECOND B 0
GET FIRST A
GET SECOND B
PUT FIRST YACHT 66666
PUT SECOND SIX 14666
ROUND 7
ROLL 34434 51636
BID FIRST A 350
BID SECOND A 0
GET FIRST A
GET SECOND B
PUT FIRST LARGE_STRAIGHT 12345
PUT SECOND FULL_HOUSE 22266
ROUND 8
ROLL 41564 32562
BID FIRST B 371
BID SECOND B 0
GET FIRST B
GET SECOND A
PUT FIRST THREE 22333
PUT SECOND FOUR 13544
ROUND 9
ROLL 14516 52441
BID FIRST A 1479
BID SECOND A 0
GET FIRST A
GET SECOND B
PUT FIRST FULL_HOUSE 55566
PUT SECOND ONE 13151
ROUND 10
ROLL 64536 63621
BID FIRST B 2173
BID SECOND A 0
GET FIRST B
GET SECOND A
PUT FIRST ONE 11123
PUT SECOND THREE 65243
ROUND 11
ROLL 13351 64631
BID FIRST B 9111
BID SECOND B 0
GET FIRST B
GET SECOND A
PUT FIRST FOUR_OF_A_KIND 46666
PUT SECOND TWO 46456
ROUND 12
ROLL 46513 13336
BID FIRST B 7811
BID SECOND B 0
GET FIRST B
GET SECOND A
PUT FIRST CHOICE 34446
PUT SECOND FOUR_OF_A_KIND 13351
ROUND 13
PUT FIRST SMALL_STRAIGHT 11333
PUT SECOND YACHT 46513
SCOREFIRST 239947
SCORESECOND 129500
