[FIRST "Team 945"]
[SECOND "Team 613"]
[RESULT "1-0"]
ROUND 1
ROLL 51426 56343
BID FIRST B 0
BID SECOND B 5269
GET FIRST A
GET SECOND B
ROUND 2
ROLL 11531 64131
BID FIRST B 0
BID SECOND A 171
GET FIRST B
GET SECOND A
PUT FIRST LARGE_STRAIGHT 12345
PUT SECOND THREE 11333
ROUND 3
ROLL 45453 53322
BID FIRST A 2852
BID SECOND A 562
GET FIRST A
GET SECOND B
PUT FIRST FOUR 11444
PUT SECOND FIVE 12555
ROUND 4
ROLL 35554 11116
BID FIRST A 0
BID SECOND A 861
GET FIRST B
GET SECOND A
PUT FIRST FULL_HOUSE 55666
PUT SECOND LARGE_STRAIGHT 23456
ROUND 5
ROLL 64366 21614
BID FIRST A 1842
BID SECOND B 365
GET FIRST A
GET SECOND B
PUT FIRST SIX 34666
PUT SECOND SMALL_STRAIGHT 11234
ROUND 6
ROLL 33111 13441
BID FIRST A 0
BID SECOND B 545
GET FIRST A
GET SECOND B
PUT FIRST YACHT 11111
PUT SECOND FOUR 11444
ROUND 7
ROLL 12232 45344
BID FIRST B 1601
BID SECOND A 904
GET FIRST B
GET SECOND A
PUT FIRST THREE 13333
PUT SECOND TWO 12223
ROUND 8
ROLL 46664 24116
BID FIRST A 3162
BID SECOND A 1097
GET FIRST A
GET SECOND B
PUT FIRST FOUR_OF_A_KIND 44446
PUT SECOND CHOICE 45566
ROUND 9
ROLL 62466 52252
BID FIRST A 915
BID SECOND A 2379
GET FIRST B
GET SECOND A
PUT FIRST TWO 12224
PUT SECOND SIX 11666
ROUND 10
ROLL 46633 32623
BID FIRST B 3069
BID SECOND A 1032
GET FIRST B
GET SECOND A
PUT FIRST ONE 22336
PUT SECOND FULL_HOUSE 33366
ROUND 11
ROLL 23266 24512
BID FIRST B 3007
BID SECOND B 542
GET FIRST B
GET SECOND A
PUT FIRST FIVE 25555
PUT SECOND FOUR_OF_A_KIND 22226
ROUND 12
ROLL 54446 31123
BID FIRST A 3457
BID SECOND A 5933
GET FIRST B
GET SECOND A
PUT FIRST CHOICE 66123
PUT SECOND YACHT 44444
ROUND 13
PUT FIRST SMALL_STRAIGHT 41123
PUT SECOND ONE 33566
SCOREFIRST 254839
SCORESECOND 200742
