[FIRST "Team 1493"]
[SECOND "Team 613"]
[RESULT "1-0"]
ROUND 1
ROLL 35251 54546
BID FIRST B 1929
BID SECOND B 4079
GET FIRST A
GET SECOND B
ROUND 2
ROLL 23433 22366
BID FIRST B 556
BID SECOND A 563
GET FIRST B
GET SECOND A
PUT FIRST TWO 12223
PUT SECOND FOUR 23444
ROUND 3
ROLL 23253 61313
BID FIRST A 260
BID SECOND B 125
GET FIRST A
GET SECOND B
PUT FIRST THREE 22333
PUT SECOND THREE 13333
ROUND 4
ROLL 32342 23215
BID FIRST B 575
BID SECOND B 642
GET FIRST A
GET SECOND B
PUT FIRST LARGE_STRAIGHT 23456
PUT SECOND FIVE 11555
ROUND 5
ROLL 12611 56351
BID FIRST B 2682
BID SECOND B 742
GET FIRST B
GET SECOND A
PUT FIRST FIVE 15555
PUT SECOND SIX 11666
ROUND 6
ROLL 63332 46324
BID FIRST A 4282
BID SECOND A 1284
GET FIRST A
GET SECOND B
PUT FIRST YACHT 33333
PUT SECOND TWO 12222
ROUND 7
ROLL 41525 33361
BID FIRST B 3811
BID SECOND B 2038
GET FIRST B
GET SECOND A
PUT FIRST SIX 26666
PUT SECOND LARGE_STRAIGHT 12345
ROUND 8
ROLL 52434 64423
BID FIRST B 255
BID SECOND B 415
GET FIRST A
GET SECOND B
PUT FIRST SMALL_STRAIGHT 12234
PUT SECOND SMALL_STRAIGHT 23345
ROUND 9
ROLL 13211 43152
BID FIRST B 2248
BID SECOND A 2842
GET FIRST B
GET SECOND A
PUT FIRST FOUR_OF_A_KIND 33335
PUT SECOND ONE 11123
ROUND 10
ROLL 32265 26542
BID FIRST B 4214
BID SECOND B 2121
GET FIRST B
GET SECOND A
PUT FIRST FOUR 22444
PUT SECOND FULL_HOUSE 44666
ROUND 11
ROLL 22462 35361
BID FIRST A 9308
BID SECOND A 2930
GET FIRST A
GET SECOND B
PUT FIRST FULL_HOUSE 22266
PUT SECOND CHOICE 34556
ROUND 12
ROLL 11655 34226
BID FIRST B 2110
BID SECOND B 5378
GET FIRST A
GET SECOND B
PUT FIRST CHOICE 55556
PUT SECOND FOUR_OF_A_KIND 22226
ROUND 13
PUT FIRST ONE 11124
PUT SECOND YACHT 13334
SCOREFIRST 242508
SCORESECOND 206071
