[FIRST "Team 940"]
[SECOND "Team 613"]
[RESULT "0-1"]
ROUND 1
ROLL 65215 24626
BID FIRST B 1
BID SECOND B 510
GET FIRST A
GET SECOND B
ROUND 2
ROLL 41253 21655
BID FIRST B 256
BID SECOND B 403
GET FIRST A
GET SECOND B
PUT FIRST LARGE_STRAIGHT 12345
PUT SECOND SIX 12666
ROUND 3
ROLL 52366 32341
BID FIRST A 225
BID SECOND A 626
GET FIRST B
GET SECOND A
PUT FIRST SMALL_STRAIGHT 12334
PUT SECOND FIVE 22555
ROUND 4
ROLL 21621 14641
BID FIRST B 281
BID SECOND B 126
GET FIRST B
GET SECOND A
PUT FIRST CHOICE 45566
PUT SECOND TWO 11222
ROUND 5
ROLL 21364 25514
BID FIRST A 378
BID SECOND A 210
GET FIRST A
GET SECOND B
PUT FIRST FOUR 22344
PUT SECOND FULL_HOUSE 55666
ROUND 6
ROLL 23232 35335
BID FIRST B 248
BID SECOND B 522
GET FIRST A
GET SECOND B
PUT FIRST TWO 22233
PUT SECOND THREE 13333
ROUND 7
ROLL 11155 44643
BID FIRST A 362
BID SECOND B 223
GET FIRST A
GET SECOND B
PUT FIRST YACHT 11111
PUT SECOND YACHT 44444
ROUND 8
ROLL 34661 14423
BID FIRST A 255
BID SECOND A 653
GET FIRST B
GET SECOND A
PUT FIRST ONE 11123
PUT SECOND LARGE_STRAIGHT 12345
ROUND 9
ROLL 11255 26314
BID FIRST A 327
BID SECOND B 324
GET FIRST A
GET SECOND B
PUT FIRST FIVE 15555
PUT SECOND FOUR_OF_A_KIND 56666
ROUND 10
ROLL 24262 64362
BID FIRST B 1262
BID SECOND B 1166
GET FIRST B
GET SECOND A
PUT FIRST SIX 12666
PUT SECOND SMALL_STRAIGHT 12234
ROUND 11
ROLL 22544 46244
BID FIRST B 2244
BID SECOND B 1295
GET FIRST B
GET SECOND A
PUT FIRST FOUR_OF_A_KIND 44446
PUT SECOND FOUR 22444
ROUND 12
ROLL 26316 21334
BID FIRST B 3333
BID SECOND B 2515
GET FIRST B
GET SECOND A
PUT FIRST FULL_HOUSE 22444
PUT SECOND CHOICE 35666
ROUND 13
PUT FIRST THREE 32133
PUT SECOND ONE 12223
SCOREFIRST 250798
SCORESECOND 279051
