[FIRST "Team 613"]
[SECOND "Team 1443"]
[RESULT "1-0"]
ROUND 1
ROLL 16326 24121
BID FIRST A 425
BID SECOND A 5600
GET FIRST B
GET SECOND A
ROUND 2
ROLL 65113 11663
BID FIRST B 1023
BID SECOND B 0
GET FIRST B
GET SECOND A
PUT FIRST ONE 11112
PUT SECOND CHOICE 35666
ROUND 3
ROLL 42631 14111
BID FIRST B 437
BID SECOND B 0
GET FIRST B
GET SECOND A
PUT FIRST SMALL_STRAIGHT 11234
PUT SECOND SMALL_STRAIGHT 11234
ROUND 4
ROLL 21642 45531
BID FIRST A 1453
BID SECOND B 1
GET FIRST A
GET SECOND B
PUT FIRST SIX 11666
PUT SECOND LARGE_STRAIGHT 12345
ROUND 5
ROLL 46644 22513
BID FIRST A 1134
BID SECOND A 9100
GET FIRST B
GET SECOND A
PUT FIRST TWO 12222
PUT SECOND FULL_HOUSE 44666
ROUND 6
ROLL 55424 61325
BID FIRST A 1740
BID SECOND A 0
GET FIRST A
GET SECOND B
PUT FIRST FOUR 14444
PUT SECOND FIVE 11355
ROUND 7
ROLL 26135 64612
BID FIRST B 3022
BID SECOND B 4200
GET FIRST A
GET SECOND B
PUT FIRST FIVE 15555
PUT SECOND SIX 14666
ROUND 8
ROLL 52551 56416
BID FIRST A 2525
BID SECOND B 1400
GET FIRST A
GET SECOND B
PUT FIRST CHOICE 35556
PUT SECOND FOUR 12344
ROUND 9
ROLL 46613 45152
BID FIRST A 1500
BID SECOND A 0
GET FIRST A
GET SECOND B
PUT FIRST FULL_HOUSE 22266
PUT SECOND TWO 12256
ROUND 10
ROLL 36666 63335
BID FIRST A 187
BID SECOND A 0
GET FIRST A
GET SECOND B
PUT FIRST FOUR_OF_A_KIND 46666
PUT SECOND THREE 33346
ROUND 11
ROLL 42464 33554
BID FIRST B 12546
BID SECOND B 34300
GET FIRST A
GET SECOND B
PUT FIRST THREE 11333
PUT SECOND YACHT 55555
ROUND 12
ROLL 66226 33212
BID FIRST A 6466
BID SECOND A 0
GET FIRST A
GET SECOND B
PUT FIRST LARGE_STRAIGHT 22244
PUT SECOND FOUR_OF_A_KIND 33336
ROUND 13
PUT FIRST YACHT 46666
PUT SECOND ONE 11224
SCOREFIRST 196796
SCORESECOND 161399
