[FIRST "Team 613"]
[SECOND "Team 635"]
[RESULT "0-1"]
ROUND 1
ROLL 13616 15515
BID FIRST B 6828
BID SECOND B 1000
GET FIRST B
GET SECOND A
ROUND 2
ROLL 65162 62456
BID FIRST B 100
BID SECOND B 2000
GET FIRST A
GET SECOND B
PUT FIRST FIVE 15555
PUT SECOND LARGE_STRAIGHT 13245
ROUND 3
ROLL 15123 45136
BID FIRST B 739
BID SECOND B 4000
GET FIRST A
GET SECOND B
PUT FIRST ONE 11112
PUT SECOND YACHT 66666
ROUND 4
ROLL 42115 41611
BID FIRST B 1179
BID SECOND B 1000
GET FIRST B
GET SECOND A
PUT FIRST SIX 11666
PUT SECOND CHOICE 11415
ROUND 5
ROLL 42231 12514
BID FIRST A 97
BID SECOND B 0
GET FIRST A
GET SECOND B
PUT FIRST LARGE_STRAIGHT 12345
PUT SECOND SMALL_STRAIGHT 34211
ROUND 6
ROLL 21533 33635
BID FIRST B 474
BID SECOND B 2000
GET FIRST A
GET SECOND B
PUT FIRST THREE 11333
PUT SECOND FULL_HOUSE 53335
ROUND 7
ROLL 46624 54641
BID FIRST A 666
BID SECOND A 1000
GET FIRST B
GET SECOND A
PUT FIRST FOUR 12444
PUT SECOND FOUR 21444
ROUND 8
ROLL 46131 44436
BID FIRST B 12
BID SECOND B 1000
GET FIRST A
GET SECOND B
PUT FIRST SMALL_STRAIGHT 11234
PUT SECOND FOUR_OF_A_KIND 66646
ROUND 9
ROLL 14266 33126
BID FIRST B 3773
BID SECOND B 0
GET FIRST B
GET SECOND A
PUT FIRST FULL_HOUSE 55666
PUT SECOND SIX 24466
ROUND 10
ROLL 11441 51113
BID FIRST B 12
BID SECOND B 2000
GET FIRST A
GET SECOND B
PUT FIRST CHOICE 23344
PUT SECOND ONE 14111
ROUND 11
ROLL 53165 52334
BID FIRST A 7715
BID SECOND A 3000
GET FIRST A
GET SECOND B
PUT FIRST YACHT 11111
PUT SECOND THREE 33334
ROUND 12
ROLL 24222 46252
BID FIRST A 1922
BID SECOND B 2000
GET FIRST A
GET SECOND B
PUT FIRST TWO 22222
PUT SECOND FIVE 55545
ROUND 13
PUT FIRST FOUR_OF_A_KIND 34556
PUT SECOND TWO 22622
SCOREFIRST 227489
SCORESECOND 248000
