[FIRST "Team 1246"]
[SECOND "Team 613"]
[RESULT "0-1"]
ROUND 1
ROLL 56614 64346
BID FIRST A 120
BID SECOND B 510
GET FIRST A
GET SECOND B
ROUND 2
ROLL 25354 63441
BID FIRST B 550
BID SECOND B 385
GET FIRST B
GET SECOND A
PUT FIRST SIX 11666
PUT SECOND FOUR 23444
ROUND 3
ROLL 35263 66662
BID FIRST B 1160
BID SECOND B 1105
GET FIRST B
GET SECOND A
PUT FIRST LARGE_STRAIGHT 23456
PUT SECOND SIX 23666
ROUND 4
ROLL 62345 36242
BID FIRST A 120
BID SECOND A 833
GET FIRST B
GET SECOND A
PUT FIRST FOUR 22444
PUT SECOND FIVE 25555
ROUND 5
ROLL 35521 62166
BID FIRST B 1322
BID SECOND B 171
GET FIRST B
GET SECOND A
PUT FIRST YACHT 66666
PUT SECOND THREE 13333
ROUND 6
ROLL 66361 51341
BID FIRST A 1576
BID SECOND A 1833
GET FIRST B
GET SECOND A
PUT FIRST SMALL_STRAIGHT 11234
PUT SECOND FOUR_OF_A_KIND 56666
ROUND 7
ROLL 14446 64635
BID FIRST B 1092
BID SECOND B 1211
GET FIRST A
GET SECOND B
PUT FIRST FULL_HOUSE 44666
PUT SECOND LARGE_STRAIGHT 12345
ROUND 8
ROLL 61116 64511
BID FIRST B 690
BID SECOND B 310
GET FIRST B
GET SECOND A
PUT FIRST FOUR_OF_A_KIND 11116
PUT SECOND CHOICE 56666
ROUND 9
ROLL 23242 44216
BID FIRST A 1575
BID SECOND A 1058
GET FIRST A
GET SECOND B
PUT FIRST TWO 22233
PUT SECOND ONE 11112
ROUND 10
ROLL 35112 36264
BID FIRST A 2083
BID SECOND A 2121
GET FIRST B
GET SECOND A
PUT FIRST CHOICE 45566
PUT SECOND SMALL_STRAIGHT 11234
ROUND 11
ROLL 51125 66343
BID FIRST B 3368
BID SECOND B 5577
GET FIRST A
GET SECOND B
PUT FIRST ONE 44455
PUT SECOND FULL_HOUSE 44666
ROUND 12
ROLL 23114 64131
BID FIRST B 123
BID SECOND A 2806
GET FIRST B
GET SECOND A
PUT FIRST THREE 23346
PUT SECOND TWO 11233
ROUND 13
PUT FIRST FIVE 11112
PUT SECOND YACHT 33445
SCOREFIRST 201699
SCORESECOND 220138
