[FIRST "Team 613"]
[SECOND "Team 231"]
[RESULT "1-0"]
ROUND 1
ROLL 26641 44136
BID FIRST A 509
BID SECOND A 0
GET FIRST A
GET SECOND B
ROUND 2
ROLL 45654 41412
BID FIRST A 142
BID SECOND A 4
GET FIRST A
GET SECOND B
PUT FIRST SIX 12666
PUT SECOND CHOICE 64444
ROUND 3
ROLL 51513 61233
BID FIRST A 929
BID SECOND A 2000
GET FIRST B
GET SECOND A
PUT FIRST FOUR 12444
PUT SECOND YACHT 11111
ROUND 4
ROLL 11411 15451
BID FIRST B 849
BID SECOND B 2000
GET FIRST A
GET SECOND B
PUT FIRST ONE 11113
PUT SECOND LARGE_STRAIGHT 12345
ROUND 5
ROLL 62255 22351
BID FIRST A 1178
BID SECOND A 4
GET FIRST A
GET SECOND B
PUT FIRST FIVE 25555
PUT SECOND FULL_HOUSE 55533
ROUND 6
ROLL 13656 36566
BID FIRST B 708
BID SECOND B 9
GET FIRST B
GET SECOND A
PUT FIRST YACHT 66666
PUT SECOND ONE 11122
ROUND 7
ROLL 26464 11314
BID FIRST A 1033
BID SECOND A 9
GET FIRST A
GET SECOND B
PUT FIRST LARGE_STRAIGHT 23456
PUT SECOND TWO 11135
ROUND 8
ROLL 26163 51243
BID FIRST A 1037
BID SECOND A 9
GET FIRST A
GET SECOND B
PUT FIRST SMALL_STRAIGHT 12234
PUT SECOND SMALL_STRAIGHT 34561
ROUND 9
ROLL 64141 55453
BID FIRST B 405
BID SECOND B 7
GET FIRST B
GET SECOND A
PUT FIRST FULL_HOUSE 55666
PUT SECOND FOUR 44411
ROUND 10
ROLL 21151 22623
BID FIRST B 6438
BID SECOND B 9
GET FIRST B
GET SECOND A
PUT FIRST THREE 22333
PUT SECOND THREE 31112
ROUND 11
ROLL 24343 54561
BID FIRST B 6639
BID SECOND B 9
GET FIRST B
GET SECOND A
PUT FIRST CHOICE 55566
PUT SECOND FIVE 65625
ROUND 12
ROLL 24434 54442
BID FIRST B 881
BID SECOND B 0
GET FIRST B
GET SECOND A
PUT FIRST FOUR_OF_A_KIND 44445
PUT SECOND SIX 24343
ROUND 13
PUT FIRST TWO 12244
PUT SECOND FOUR_OF_A_KIND 24434
SCOREFIRST 255808
SCORESECOND 162060
