[FIRST "Team 613"]
[SECOND "Team 942"]
[RESULT "1-0"]
ROUND 1
ROLL 36525 63232
BID FIRST A 2549
BID SECOND A 2000
GET FIRST A
GET SECOND B
ROUND 2
ROLL 22332 24252
BID FIRST B 200
BID SECOND B 3039
GET FIRST A
GET SECOND B
PUT FIRST TWO 22223
PUT SECOND YACHT 22222
ROUND 3
ROLL 54641 42344
BID FIRST B 795
BID SECOND A 2160
GET FIRST B
GET SECOND A
PUT FIRST FOUR 23444
PUT SECOND FOUR 13444
ROUND 4
ROLL 12313 42516
BID FIRST B 239
BID SECOND B 5000
GET FIRST A
GET SECOND B
PUT FIRST THREE 13333
PUT SECOND FULL_HOUSE 55666
ROUND 5
ROLL 43144 51622
BID FIRST B 713
BID SECOND B 249
GET FIRST B
GET SECOND A
PUT FIRST FIVE 11555
PUT SECOND LARGE_STRAIGHT 12345
ROUND 6
ROLL 66365 42551
BID FIRST A 3495
BID SECOND A 1000
GET FIRST A
GET SECOND B
PUT FIRST SIX 66666
PUT SECOND SMALL_STRAIGHT 11234
ROUND 7
ROLL 24354 12232
BID FIRST B 1574
BID SECOND A 1000
GET FIRST B
GET SECOND A
PUT FIRST YACHT 22222
PUT SECOND FIVE 23555
ROUND 8
ROLL 44556 44161
BID FIRST B 12
BID SECOND B 1000
GET FIRST A
GET SECOND B
PUT FIRST LARGE_STRAIGHT 12345
PUT SECOND ONE 11444
ROUND 9
ROLL 46353 15621
BID FIRST B 12
BID SECOND B 22
GET FIRST A
GET SECOND B
PUT FIRST FULL_HOUSE 55566
PUT SECOND FOUR_OF_A_KIND 44446
ROUND 10
ROLL 63611 63556
BID FIRST B 1664
BID SECOND B 22
GET FIRST B
GET SECOND A
PUT FIRST SMALL_STRAIGHT 33456
PUT SECOND SIX 11666
ROUND 11
ROLL 13242 31136
BID FIRST B 954
BID SECOND B 1000
GET FIRST A
GET SECOND B
PUT FIRST CHOICE 34456
PUT SECOND THREE 11333
ROUND 12
ROLL 45441 23555
BID FIRST A 4175
BID SECOND B 964
GET FIRST A
GET SECOND B
PUT FIRST ONE 11223
PUT SECOND TWO 11223
ROUND 13
PUT FIRST FOUR_OF_A_KIND 34445
PUT SECOND CHOICE 55556
SCOREFIRST 244452
SCORESECOND 220086
