[FIRST "Team 613"]
[SECOND "Team 1588"]
[RESULT "0-1"]
ROUND 1
ROLL 56523 66126
BID FIRST B 5048
BID SECOND B 2666
GET FIRST B
GET SECOND A
ROUND 2
ROLL 15244 14252
BID FIRST B 266
BID SECOND B 0
GET FIRST B
GET SECOND A
PUT FIRST SIX 11666
PUT SECOND LARGE_STRAIGHT 12345
ROUND 3
ROLL 54244 46146
BID FIRST A 782
BID SECOND B 763
GET FIRST A
GET SECOND B
PUT FIRST FOUR 24444
PUT SECOND FULL_HOUSE 55666
ROUND 4
ROLL 11553 52566
BID FIRST B 12
BID SECOND A 301
GET FIRST B
GET SECOND A
PUT FIRST FIVE 25555
PUT SECOND FOUR 44423
ROUND 5
ROLL 34361 51613
BID FIRST B 988
BID SECOND B 5797
GET FIRST A
GET SECOND B
PUT FIRST TWO 12223
PUT SECOND YACHT 11111
ROUND 6
ROLL 41121 24566
BID FIRST B 2240
BID SECOND B 5500
GET FIRST A
GET SECOND B
PUT FIRST ONE 11123
PUT SECOND FOUR_OF_A_KIND 55554
ROUND 7
ROLL 16212 66646
BID FIRST B 1706
BID SECOND B 5963
GET FIRST A
GET SECOND B
PUT FIRST FOUR_OF_A_KIND 46666
PUT SECOND SIX 66666
ROUND 8
ROLL 52624 24135
BID FIRST B 3198
BID SECOND B 666
GET FIRST B
GET SECOND A
PUT FIRST LARGE_STRAIGHT 12345
PUT SECOND SMALL_STRAIGHT 52344
ROUND 9
ROLL 43364 23646
BID FIRST B 1512
BID SECOND B 348
GET FIRST B
GET SECOND A
PUT FIRST SMALL_STRAIGHT 11234
PUT SECOND THREE 33446
ROUND 10
ROLL 54614 43111
BID FIRST A 688
BID SECOND A 1800
GET FIRST B
GET SECOND A
PUT FIRST CHOICE 34466
PUT SECOND TWO 22446
ROUND 11
ROLL 42145 52152
BID FIRST B 3112
BID SECOND B 4571
GET FIRST A
GET SECOND B
PUT FIRST FULL_HOUSE 22244
PUT SECOND FIVE 55522
ROUND 12
ROLL 41445 56443
BID FIRST A 12216
BID SECOND A 0
GET FIRST A
GET SECOND B
PUT FIRST YACHT 11111
PUT SECOND CHOICE 66656
ROUND 13
PUT FIRST THREE 44455
PUT SECOND ONE 11443
SCOREFIRST 243700
SCORESECOND 258985
