[FIRST "Team 613"]
[SECOND "Team 528"]
[RESULT "1-0"]
ROUND 1
ROLL 24442 45231
BID FIRST A 108
BID SECOND B 2800
GET FIRST A
GET SECOND B
ROUND 2
ROLL 35325 21563
BID FIRST A 430
BID SECOND A 1000
GET FIRST B
GET SECOND A
PUT FIRST FOUR 12444
PUT SECOND LARGE_STRAIGHT 12345
ROUND 3
ROLL 36644 34523
BID FIRST B 282
BID SECOND A 2400
GET FIRST B
GET SECOND A
PUT FIRST LARGE_STRAIGHT 23456
PUT SECOND FULL_HOUSE 33355
ROUND 4
ROLL 33616 34333
BID FIRST B 695
BID SECOND A 600
GET FIRST B
GET SECOND A
PUT FIRST YACHT 33333
PUT SECOND FOUR_OF_A_KIND 66664
ROUND 5
ROLL 13653 24162
BID FIRST A 225
BID SECOND A 599
GET FIRST B
GET SECOND A
PUT FIRST TWO 12222
PUT SECOND SMALL_STRAIGHT 12346
ROUND 6
ROLL 66113 66666
BID FIRST B 1640
BID SECOND B 20000
GET FIRST A
GET SECOND B
PUT FIRST SIX 11666
PUT SECOND YACHT 66666
ROUND 7
ROLL 32465 61233
BID FIRST B 2456
BID SECOND A 999
GET FIRST B
GET SECOND A
PUT FIRST THREE 13333
PUT SECOND THREE 33336
ROUND 8
ROLL 15463 13646
BID FIRST A 1105
BID SECOND B 1400
GET FIRST A
GET SECOND B
PUT FIRST SMALL_STRAIGHT 12344
PUT SECOND SIX 66554
ROUND 9
ROLL 21226 53435
BID FIRST A 2173
BID SECOND B 2200
GET FIRST A
GET SECOND B
PUT FIRST FULL_HOUSE 55666
PUT SECOND FIVE 55443
ROUND 10
ROLL 14345 43444
BID FIRST B 1188
BID SECOND B 2000
GET FIRST A
GET SECOND B
PUT FIRST CHOICE 34445
PUT SECOND FOUR 44443
ROUND 11
ROLL 23115 63651
BID FIRST A 839
BID SECOND B 1600
GET FIRST A
GET SECOND B
PUT FIRST ONE 11112
PUT SECOND ONE 11166
ROUND 12
ROLL 54436 46326
BID FIRST B 1823
BID SECOND B 200
GET FIRST B
GET SECOND A
PUT FIRST FOUR_OF_A_KIND 22226
PUT SECOND TWO 26554
ROUND 13
PUT FIRST FIVE 33456
PUT SECOND CHOICE 33343
SCOREFIRST 210002
SCORESECOND 177602
