[FIRST "Team 613"]
[SECOND "Team 1283"]
[RESULT "0-1"]
ROUND 1
ROLL 21641 65654
BID FIRST B 4504
BID SECOND B 58
GET FIRST B
GET SECOND A
ROUND 2
ROLL 63261 24332
BID FIRST A 616
BID SECOND A 1794
GET FIRST B
GET SECOND A
PUT FIRST LARGE_STRAIGHT 23456
PUT SECOND SMALL_STRAIGHT 12234
ROUND 3
ROLL 44345 35152
BID FIRST A 573
BID SECOND B 369
GET FIRST A
GET SECOND B
PUT FIRST FOUR 24444
PUT SECOND FULL_HOUSE 55666
ROUND 4
ROLL 13453 26443
BID FIRST A 851
BID SECOND A 2608
GET FIRST B
GET SECOND A
PUT FIRST THREE 23334
PUT SECOND LARGE_STRAIGHT 12345
ROUND 5
ROLL 16412 65662
BID FIRST A 441
BID SECOND A 3071
GET FIRST B
GET SECOND A
PUT FIRST SIX 66666
PUT SECOND YACHT 11111
ROUND 6
ROLL 64323 42346
BID FIRST A 723
BID SECOND A 291
GET FIRST A
GET SECOND B
PUT FIRST FIVE 22555
PUT SECOND THREE 22333
ROUND 7
ROLL 43643 34511
BID FIRST B 142
BID SECOND A 2717
GET FIRST B
GET SECOND A
PUT FIRST SMALL_STRAIGHT 13456
PUT SECOND FOUR 44444
ROUND 8
ROLL 62423 41545
BID FIRST B 696
BID SECOND A 660
GET FIRST B
GET SECOND A
PUT FIRST FULL_HOUSE 44455
PUT SECOND SIX 46666
ROUND 9
ROLL 43551 53532
BID FIRST B 101
BID SECOND B 68
GET FIRST B
GET SECOND A
PUT FIRST CHOICE 33455
PUT SECOND FOUR_OF_A_KIND 33334
ROUND 10
ROLL 44153 36233
BID FIRST B 1656
BID SECOND A 290
GET FIRST B
GET SECOND A
PUT FIRST YACHT 33333
PUT SECOND ONE 11344
ROUND 11
ROLL 21625 63316
BID FIRST A 1436
BID SECOND A 3431
GET FIRST B
GET SECOND A
PUT FIRST ONE 11122
PUT SECOND TWO 12222
ROUND 12
ROLL 23343 46532
BID FIRST B 6351
BID SECOND B 4281
GET FIRST B
GET SECOND A
PUT FIRST FOUR_OF_A_KIND 56666
PUT SECOND FIVE 25555
ROUND 13
PUT FIRST TWO 23334
PUT SECOND CHOICE 33346
SCOREFIRST 264598
SCORESECOND 265758
