[FIRST "Team 613"]
[SECOND "Team 1723"]
[RESULT "1-0"]
ROUND 1
ROLL 25215 35114
BID FIRST B 875
BID SECOND A 160
GET FIRST B
GET SECOND A
ROUND 2
ROLL 65262 15656
BID FIRST B 340
BID SECOND A 1075
GET FIRST B
GET SECOND A
PUT FIRST FIVE 11555
PUT SECOND FULL_HOUSE 55566
ROUND 3
ROLL 22254 26326
BID FIRST B 768
BID SECOND A 807
GET FIRST B
GET SECOND A
PUT FIRST SIX 16666
PUT SECOND YACHT 22222
ROUND 4
ROLL 66362 33421
BID FIRST B 300
BID SECOND B 1075
GET FIRST A
GET SECOND B
PUT FIRST THREE 22333
PUT SECOND LARGE_STRAIGHT 12345
ROUND 5
ROLL 51433 41555
BID FIRST B 466
BID SECOND A 770
GET FIRST B
GET SECOND A
PUT FIRST FULL_HOUSE 55666
PUT SECOND SMALL_STRAIGHT 12341
ROUND 6
ROLL 61161 52152
BID FIRST B 77
BID SECOND A 1075
GET FIRST B
GET SECOND A
PUT FIRST TWO 11222
PUT SECOND SIX 66111
ROUND 7
ROLL 21336 14155
BID FIRST B 936
BID SECOND B 671
GET FIRST B
GET SECOND A
PUT FIRST YACHT 55555
PUT SECOND FOUR_OF_A_KIND 33336
ROUND 8
ROLL 42666 32134
BID FIRST B 80
BID SECOND A 1035
GET FIRST B
GET SECOND A
PUT FIRST FOUR 14444
PUT SECOND CHOICE 66654
ROUND 9
ROLL 11636 15132
BID FIRST B 687
BID SECOND A 680
GET FIRST B
GET SECOND A
PUT FIRST ONE 11112
PUT SECOND TWO 22211
ROUND 10
ROLL 42123 56612
BID FIRST A 1892
BID SECOND A 703
GET FIRST A
GET SECOND B
PUT FIRST LARGE_STRAIGHT 12345
PUT SECOND FIVE 51123
ROUND 11
ROLL 13461 23355
BID FIRST A 4367
BID SECOND B 842
GET FIRST A
GET SECOND B
PUT FIRST SMALL_STRAIGHT 11234
PUT SECOND THREE 33245
ROUND 12
ROLL 24254 56545
BID FIRST A 2209
BID SECOND B 400
GET FIRST A
GET SECOND B
PUT FIRST CHOICE 34456
PUT SECOND FOUR 45555
ROUND 13
PUT FIRST FOUR_OF_A_KIND 22233
PUT SECOND ONE 66666
SCOREFIRST 241603
SCORESECOND 193455
