[FIRST "Team 613"]
[SECOND "Team 1561"]
[RESULT "0-1"]
ROUND 1
ROLL 32351 23564
BID FIRST B 8160
BID SECOND B 999
GET FIRST B
GET SECOND A
ROUND 2
ROLL 55111 62534
BID FIRST A 493
BID SECOND B 3000
GET FIRST A
GET SECOND B
PUT FIRST FIVE 11555
PUT SECOND LARGE_STRAIGHT 23456
ROUND 3
ROLL 43653 54112
BID FIRST A 1034
BID SECOND A 3000
GET FIRST B
GET SECOND A
PUT FIRST LARGE_STRAIGHT 12345
PUT SECOND THREE 33336
ROUND 4
ROLL 42313 26153
BID FIRST B 1016
BID SECOND B 3000
GET FIRST A
GET SECOND B
PUT FIRST ONE 11122
PUT SECOND SMALL_STRAIGHT 11234
ROUND 5
ROLL 45132 43514
BID FIRST B 889
BID SECOND B 2871
GET FIRST A
GET SECOND B
PUT FIRST FOUR 12444
PUT SECOND FIVE 55556
ROUND 6
ROLL 61614 46221
BID FIRST A 566
BID SECOND A 2400
GET FIRST B
GET SECOND A
PUT FIRST THREE 12333
PUT SECOND ONE 11123
ROUND 7
ROLL 22263 23464
BID FIRST B 1354
BID SECOND B 4300
GET FIRST A
GET SECOND B
PUT FIRST TWO 22223
PUT SECOND YACHT 44444
ROUND 8
ROLL 41326 66452
BID FIRST B 1327
BID SECOND B 4000
GET FIRST A
GET SECOND B
PUT FIRST FOUR_OF_A_KIND 56666
PUT SECOND SIX 66666
ROUND 9
ROLL 62143 52535
BID FIRST B 509
BID SECOND B 3397
GET FIRST A
GET SECOND B
PUT FIRST SMALL_STRAIGHT 11234
PUT SECOND FOUR_OF_A_KIND 45555
ROUND 10
ROLL 12346 44664
BID FIRST B 2874
BID SECOND B 10425
GET FIRST A
GET SECOND B
PUT FIRST FULL_HOUSE 44466
PUT SECOND FULL_HOUSE 44466
ROUND 11
ROLL 33446 55611
BID FIRST B 1795
BID SECOND B 2686
GET FIRST A
GET SECOND B
PUT FIRST CHOICE 33446
PUT SECOND CHOICE 33556
ROUND 12
ROLL 25315 51351
BID FIRST A 593
BID SECOND A 1000
GET FIRST B
GET SECOND A
PUT FIRST SIX 11122
PUT SECOND TWO 22225
ROUND 13
PUT FIRST YACHT 33355
PUT SECOND FOUR 11135
SCOREFIRST 168304
SCORESECOND 233920
