[FIRST "Team 613"]
[SECOND "Team 1738"]
[RESULT "1-0"]
ROUND 1
ROLL 35325 36436
BID FIRST B 2039
BID SECOND A 11
GET FIRST B
GET SECOND A
ROUND 2
ROLL 15332 55244
BID FIRST A 147
BID SECOND A 11
GET FIRST A
GET SECOND B
PUT FIRST THREE 13333
PUT SECOND SMALL_STRAIGHT 22345
ROUND 3
ROLL 34253 42516
BID FIRST B 183
BID SECOND B 11
GET FIRST B
GET SECOND A
PUT FIRST SIX 12666
PUT SECOND FULL_HOUSE 33344
ROUND 4
ROLL 66255 43654
BID FIRST A 97
BID SECOND B 11
GET FIRST A
GET SECOND B
PUT FIRST FIVE 25555
PUT SECOND YACHT 55555
ROUND 5
ROLL 51615 22365
BID FIRST A 138
BID SECOND B 11
GET FIRST A
GET SECOND B
PUT FIRST FULL_HOUSE 55666
PUT SECOND LARGE_STRAIGHT 23456
ROUND 6
ROLL 14626 16555
BID FIRST A 411
BID SECOND A 11
GET FIRST A
GET SECOND B
PUT FIRST FOUR 11444
PUT SECOND TWO 12234
ROUND 7
ROLL 41465 23651
BID FIRST B 955
BID SECOND B 11
GET FIRST B
GET SECOND A
PUT FIRST TWO 11222
PUT SECOND FOUR_OF_A_KIND 45555
ROUND 8
ROLL 15123 54642
BID FIRST B 1438
BID SECOND B 11
GET FIRST B
GET SECOND A
PUT FIRST FOUR_OF_A_KIND 56666
PUT SECOND ONE 11123
ROUND 9
ROLL 45465 32523
BID FIRST A 805
BID SECOND A 11
GET FIRST A
GET SECOND B
PUT FIRST LARGE_STRAIGHT 23456
PUT SECOND THREE 22334
ROUND 10
ROLL 52443 12411
BID FIRST A 1317
BID SECOND A 11
GET FIRST A
GET SECOND B
PUT FIRST YACHT 44444
PUT SECOND FIVE 11155
ROUND 11
ROLL 54163 21416
BID FIRST B 12
BID SECOND A 11
GET FIRST B
GET SECOND A
PUT FIRST SMALL_STRAIGHT 11234
PUT SECOND FOUR 12344
ROUND 12
ROLL 35662 32164
BID FIRST B 12
BID SECOND A 11
GET FIRST B
GET SECOND A
PUT FIRST CHOICE 55566
PUT SECOND SIX 66666
ROUND 13
PUT FIRST ONE 12234
PUT SECOND CHOICE 23556
SCOREFIRST 275446
SCORESECOND 218022
