[FIRST "Team 613"]
[SECOND "Team 1659"]
[RESULT "1-0"]
ROUND 1
ROLL 23625 52422
BID FIRST B 5878
BID SECOND A 0
GET FIRST B
GET SECOND A
ROUND 2
ROLL 33421 65162
BID FIRST B 171
BID SECOND B 836
GET FIRST A
GET SECOND B
PUT FIRST TWO 12222
PUT SECOND FULL_HOUSE 55666
ROUND 3
ROLL 26135 23252
BID FIRST B 947
BID SECOND B 10079
GET FIRST A
GET SECOND B
PUT FIRST LARGE_STRAIGHT 12345
PUT SECOND YACHT 22222
ROUND 4
ROLL 26125 62425
BID FIRST B 1002
BID SECOND B 4430
GET FIRST A
GET SECOND B
PUT FIRST SMALL_STRAIGHT 12234
PUT SECOND LARGE_STRAIGHT 12345
ROUND 5
ROLL 16212 24451
BID FIRST A 970
BID SECOND B 1038
GET FIRST A
GET SECOND B
PUT FIRST SIX 11666
PUT SECOND CHOICE 44556
ROUND 6
ROLL 32621 64563
BID FIRST B 1360
BID SECOND B 1277
GET FIRST B
GET SECOND A
PUT FIRST FIVE 22555
PUT SECOND TWO 22222
ROUND 7
ROLL 26263 63315
BID FIRST B 12
BID SECOND A 1108
GET FIRST B
GET SECOND A
PUT FIRST THREE 13333
PUT SECOND SIX 11666
ROUND 8
ROLL 36643 45242
BID FIRST A 1617
BID SECOND A 1249
GET FIRST A
GET SECOND B
PUT FIRST YACHT 66666
PUT SECOND THREE 22333
ROUND 9
ROLL 65412 36362
BID FIRST A 1836
BID SECOND A 860
GET FIRST A
GET SECOND B
PUT FIRST FOUR 12444
PUT SECOND SMALL_STRAIGHT 22345
ROUND 10
ROLL 12146 61651
BID FIRST B 7271
BID SECOND B 2390
GET FIRST B
GET SECOND A
PUT FIRST FULL_HOUSE 55666
PUT SECOND FOUR 11244
ROUND 11
ROLL 43255 22266
BID FIRST B 10833
BID SECOND B 1688
GET FIRST B
GET SECOND A
PUT FIRST CHOICE 33566
PUT SECOND FIVE 22355
ROUND 12
ROLL 14125 44465
BID FIRST B 722
BID SECOND B 3710
GET FIRST A
GET SECOND B
PUT FIRST ONE 11114
PUT SECOND FOUR_OF_A_KIND 56666
ROUND 13
PUT FIRST FOUR_OF_A_KIND 22225
PUT SECOND ONE 34444
SCOREFIRST 236065
SCORESECOND 217263
