[FIRST "Team 613"]
[SECOND "Team 176"]
[RESULT "1-0"]
ROUND 1
ROLL 46131 33635
BID FIRST B 6478
BID SECOND B 146
GET FIRST B
GET SECOND A
ROUND 2
ROLL 62561 52446
BID FIRST A 333
BID SECOND B 1482
GET FIRST A
GET SECOND B
PUT FIRST SIX 12666
PUT SECOND LARGE_STRAIGHT 46352
ROUND 3
ROLL 62225 22616
BID FIRST B 351
BID SECOND B 361
GET FIRST A
GET SECOND B
PUT FIRST FIVE 22555
PUT SECOND ONE 11441
ROUND 4
ROLL 23364 52261
BID FIRST A 1164
BID SECOND A 1795
GET FIRST B
GET SECOND A
PUT FIRST THREE 12333
PUT SECOND SIX 62666
ROUND 5
ROLL 33653 45366
BID FIRST A 962
BID SECOND A 2146
GET FIRST B
GET SECOND A
PUT FIRST FOUR_OF_A_KIND 56666
PUT SECOND SMALL_STRAIGHT 22345
ROUND 6
ROLL 23542 26644
BID FIRST A 1358
BID SECOND A 1670
GET FIRST B
GET SECOND A
PUT FIRST FOUR 22444
PUT SECOND THREE 33333
ROUND 7
ROLL 16313 26143
BID FIRST B 2603
BID SECOND B 1225
GET FIRST B
GET SECOND A
PUT FIRST LARGE_STRAIGHT 12345
PUT SECOND CHOICE 65463
ROUND 8
ROLL 21314 41632
BID FIRST B 126
BID SECOND B 141
GET FIRST A
GET SECOND B
PUT FIRST SMALL_STRAIGHT 11234
PUT SECOND TWO 22112
ROUND 9
ROLL 32411 22153
BID FIRST A 606
BID SECOND A 151
GET FIRST A
GET SECOND B
PUT FIRST FULL_HOUSE 33666
PUT SECOND FULL_HOUSE 33223
ROUND 10
ROLL 14212 61462
BID FIRST A 619
BID SECOND A 86
GET FIRST A
GET SECOND B
PUT FIRST TWO 12222
PUT SECOND FOUR 41614
ROUND 11
ROLL 56631 64144
BID FIRST A 7446
BID SECOND B 1125
GET FIRST A
GET SECOND B
PUT FIRST ONE 11113
PUT SECOND FIVE 56162
ROUND 12
ROLL 41641 31553
BID FIRST A 10199
BID SECOND A 1790
GET FIRST A
GET SECOND B
PUT FIRST CHOICE 45666
PUT SECOND FOUR_OF_A_KIND 64144
ROUND 13
PUT FIRST YACHT 11444
PUT SECOND YACHT 31553
SCOREFIRST 201677
SCORESECOND 137678
