[FIRST "Team 613"]
[SECOND "Team 1231"]
[RESULT "0-1"]
ROUND 1
ROLL 16533 63145
BID FIRST B 5269
BID SECOND B 299
GET FIRST B
GET SECOND A
ROUND 2
ROLL 23412 12554
BID FIRST B 285
BID SECOND B 1499
GET FIRST A
GET SECOND B
PUT FIRST LARGE_STRAIGHT 12345
PUT SECOND CHOICE 13556
ROUND 3
ROLL 61463 12143
BID FIRST A 654
BID SECOND A 2099
GET FIRST B
GET SECOND A
PUT FIRST ONE 11122
PUT SECOND LARGE_STRAIGHT 12345
ROUND 4
ROLL 61536 14542
BID FIRST A 626
BID SECOND A 857
GET FIRST B
GET SECOND A
PUT FIRST FOUR 14444
PUT SECOND SIX 16666
ROUND 5
ROLL 62613 65446
BID FIRST B 111
BID SECOND B 1499
GET FIRST A
GET SECOND B
PUT FIRST SIX 12666
PUT SECOND FULL_HOUSE 44466
ROUND 6
ROLL 14652 25151
BID FIRST B 846
BID SECOND A 498
GET FIRST B
GET SECOND A
PUT FIRST FIVE 11555
PUT SECOND SMALL_STRAIGHT 11234
ROUND 7
ROLL 52455 43413
BID FIRST B 407
BID SECOND A 2180
GET FIRST B
GET SECOND A
PUT FIRST YACHT 33333
PUT SECOND YACHT 55555
ROUND 8
ROLL 43632 24146
BID FIRST B 336
BID SECOND B 30
GET FIRST B
GET SECOND A
PUT FIRST TWO 11222
PUT SECOND THREE 22333
ROUND 9
ROLL 26234 22215
BID FIRST A 780
BID SECOND A 1906
GET FIRST B
GET SECOND A
PUT FIRST FOUR_OF_A_KIND 44446
PUT SECOND FOUR 22444
ROUND 10
ROLL 54543 62221
BID FIRST A 3010
BID SECOND A 4286
GET FIRST B
GET SECOND A
PUT FIRST CHOICE 22256
PUT SECOND FIVE 34555
ROUND 11
ROLL 62652 33553
BID FIRST A 1908
BID SECOND B 1870
GET FIRST A
GET SECOND B
PUT FIRST FULL_HOUSE 22266
PUT SECOND FOUR_OF_A_KIND 33335
ROUND 12
ROLL 54415 14343
BID FIRST B 10086
BID SECOND B 899
GET FIRST B
GET SECOND A
PUT FIRST SMALL_STRAIGHT 23445
PUT SECOND ONE 14445
ROUND 13
PUT FIRST THREE 11123
PUT SECOND TWO 66655
SCOREFIRST 199614
SCORESECOND 201534
