[FIRST "Team 613"]
[SECOND "Team 1904"]
[RESULT "1-0"]
ROUND 1
ROLL 56254 46543
BID FIRST B 3230
BID SECOND B 1000
GET FIRST B
GET SECOND A
ROUND 2
ROLL 61243 51334
BID FIRST B 250
BID SECOND B 1000
GET FIRST A
GET SECOND B
PUT FIRST FOUR 12444
PUT SECOND LARGE_STRAIGHT 12345
ROUND 3
ROLL 55456 22524
BID FIRST A 1338
BID SECOND A 1000
GET FIRST A
GET SECOND B
PUT FIRST FIVE 35555
PUT SECOND FULL_HOUSE 44555
ROUND 4
ROLL 26151 66262
BID FIRST B 1307
BID SECOND B 1000
GET FIRST B
GET SECOND A
PUT FIRST SIX 66666
PUT SECOND TWO 12222
ROUND 5
ROLL 61123 43552
BID FIRST B 137
BID SECOND B 1000
GET FIRST A
GET SECOND B
PUT FIRST TWO 11222
PUT SECOND FIVE 12555
ROUND 6
ROLL 41515 31165
BID FIRST B 1180
BID SECOND B 1000
GET FIRST B
GET SECOND A
PUT FIRST THREE 11333
PUT SECOND SMALL_STRAIGHT 34556
ROUND 7
ROLL 22644 25112
BID FIRST A 419
BID SECOND A 1000
GET FIRST B
GET SECOND A
PUT FIRST FULL_HOUSE 55666
PUT SECOND FOUR 22444
ROUND 8
ROLL 35522 12441
BID FIRST B 1450
BID SECOND A 1000
GET FIRST B
GET SECOND A
PUT FIRST ONE 11112
PUT SECOND ONE 11225
ROUND 9
ROLL 35256 45265
BID FIRST A 1641
BID SECOND B 1000
GET FIRST A
GET SECOND B
PUT FIRST LARGE_STRAIGHT 23456
PUT SECOND SIX 24666
ROUND 10
ROLL 46556 22235
BID FIRST B 1850
BID SECOND A 1000
GET FIRST B
GET SECOND A
PUT FIRST YACHT 22222
PUT SECOND YACHT 55555
ROUND 11
ROLL 21312 62364
BID FIRST B 1050
BID SECOND B 1000
GET FIRST B
GET SECOND A
PUT FIRST SMALL_STRAIGHT 23345
PUT SECOND THREE 11333
ROUND 12
ROLL 56661 25123
BID FIRST A 5949
BID SECOND A 1000
GET FIRST A
GET SECOND B
PUT FIRST FOUR_OF_A_KIND 66666
PUT SECOND FOUR_OF_A_KIND 12222
ROUND 13
PUT FIRST CHOICE 14455
PUT SECOND CHOICE 66543
SCOREFIRST 269811
SCORESECOND 250000
