[FIRST "Team 613"]
[SECOND "Team 1063"]
[RESULT "0-1"]
ROUND 1
ROLL 55411 55166
BID FIRST B 2975
BID SECOND B 361
GET FIRST B
GET SECOND A
ROUND 2
ROLL 52233 44325
BID FIRST B 36
BID SECOND B 1087
GET FIRST A
GET SECOND B
PUT FIRST FIVE 12555
PUT SECOND LARGE_STRAIGHT 54132
ROUND 3
ROLL 64613 65641
BID FIRST B 224
BID SECOND B 1050
GET FIRST A
GET SECOND B
PUT FIRST SIX 16666
PUT SECOND FIVE 51551
ROUND 4
ROLL 13212 15613
BID FIRST B 333
BID SECOND B 1383
GET FIRST A
GET SECOND B
PUT FIRST THREE 13333
PUT SECOND SIX 66161
ROUND 5
ROLL 45636 14642
BID FIRST B 1110
BID SECOND B 4119
GET FIRST A
GET SECOND B
PUT FIRST LARGE_STRAIGHT 12345
PUT SECOND YACHT 44444
ROUND 6
ROLL 12142 36466
BID FIRST B 1801
BID SECOND B 5542
GET FIRST A
GET SECOND B
PUT FIRST TWO 12222
PUT SECOND FOUR_OF_A_KIND 56666
ROUND 7
ROLL 54331 23541
BID FIRST A 1002
BID SECOND A 40
GET FIRST A
GET SECOND B
PUT FIRST FOUR 11444
PUT SECOND THREE 31331
ROUND 8
ROLL 61462 63444
BID FIRST A 83
BID SECOND A 229
GET FIRST B
GET SECOND A
PUT FIRST SMALL_STRAIGHT 33456
PUT SECOND FULL_HOUSE 44646
ROUND 9
ROLL 36624 42443
BID FIRST B 848
BID SECOND B 4725
GET FIRST A
GET SECOND B
PUT FIRST FOUR_OF_A_KIND 46666
PUT SECOND FOUR 14443
ROUND 10
ROLL 54366 23264
BID FIRST A 1783
BID SECOND B 1014
GET FIRST A
GET SECOND B
PUT FIRST FULL_HOUSE 44466
PUT SECOND TWO 22222
ROUND 11
ROLL 51446 54532
BID FIRST A 818
BID SECOND A 196
GET FIRST A
GET SECOND B
PUT FIRST CHOICE 44556
PUT SECOND CHOICE 56455
ROUND 12
ROLL 14552 61663
BID FIRST B 12
BID SECOND A 0
GET FIRST B
GET SECOND A
PUT FIRST ONE 11233
PUT SECOND ONE 32421
ROUND 13
PUT FIRST YACHT 33666
PUT SECOND SMALL_STRAIGHT 34552
SCOREFIRST 226845
SCORESECOND 254448
