[FIRST "Team 613"]
[SECOND "Team 1359"]
[RESULT "1-0"]
ROUND 1
ROLL 33156 46214
BID FIRST A 510
BID SECOND B 0
GET FIRST A
GET SECOND B
ROUND 2
ROLL 52261 62611
BID FIRST B 1031
BID SECOND A 2588
GET FIRST B
GET SECOND A
PUT FIRST SIX 11666
PUT SECOND FULL_HOUSE 42422
ROUND 3
ROLL 63333 62224
BID FIRST A 1335
BID SECOND A 16568
GET FIRST B
GET SECOND A
PUT FIRST TWO 12222
PUT SECOND FOUR_OF_A_KIND 53333
ROUND 4
ROLL 64436 65146
BID FIRST B 1545
BID SECOND B 5837
GET FIRST A
GET SECOND B
PUT FIRST FOUR 33444
PUT SECOND YACHT 66666
ROUND 5
ROLL 15546 13431
BID FIRST A 805
BID SECOND A 15368
GET FIRST B
GET SECOND A
PUT FIRST THREE 11333
PUT SECOND FOUR 11144
ROUND 6
ROLL 35115 43254
BID FIRST A 2170
BID SECOND B 9300
GET FIRST A
GET SECOND B
PUT FIRST FIVE 11555
PUT SECOND SMALL_STRAIGHT 14324
ROUND 7
ROLL 46244 46615
BID FIRST B 1994
BID SECOND B 9819
GET FIRST A
GET SECOND B
PUT FIRST FOUR_OF_A_KIND 46666
PUT SECOND CHOICE 64661
ROUND 8
ROLL 41126 25562
BID FIRST B 1349
BID SECOND A 6651
GET FIRST B
GET SECOND A
PUT FIRST LARGE_STRAIGHT 23456
PUT SECOND TWO 54112
ROUND 9
ROLL 61613 33446
BID FIRST B 826
BID SECOND A 12548
GET FIRST B
GET SECOND A
PUT FIRST SMALL_STRAIGHT 22345
PUT SECOND SIX 66163
ROUND 10
ROLL 31665 42212
BID FIRST A 4694
BID SECOND A 9826
GET FIRST B
GET SECOND A
PUT FIRST CHOICE 44446
PUT SECOND THREE 51316
ROUND 11
ROLL 52433 51664
BID FIRST B 3335
BID SECOND A 427
GET FIRST B
GET SECOND A
PUT FIRST FULL_HOUSE 22266
PUT SECOND LARGE_STRAIGHT 56243
ROUND 12
ROLL 34532 62124
BID FIRST B 4480
BID SECOND B 3526
GET FIRST B
GET SECOND A
PUT FIRST ONE 11122
PUT SECOND ONE 33432
ROUND 13
PUT FIRST YACHT 34456
PUT SECOND FIVE 55555
SCOREFIRST 209672
SCORESECOND 119594
