[FIRST "Team 613"]
[SECOND "Team 887"]
[RESULT "0-1"]
ROUND 1
ROLL 44466 62425
BID FIRST A 5718
BID SECOND A 2001
GET FIRST A
GET SECOND B
ROUND 2
ROLL 65551 31415
BID FIRST A 535
BID SECOND A 2001
GET FIRST B
GET SECOND A
PUT FIRST FOUR 14444
PUT SECOND FOUR_OF_A_KIND 55556
ROUND 3
ROLL 21242 64536
BID FIRST A 527
BID SECOND B 5796
GET FIRST A
GET SECOND B
PUT FIRST LARGE_STRAIGHT 12345
PUT SECOND LARGE_STRAIGHT 12345
ROUND 4
ROLL 54543 56124
BID FIRST B 1837
BID SECOND A 1300
GET FIRST B
GET SECOND A
PUT FIRST SIX 11666
PUT SECOND FULL_HOUSE 66655
ROUND 5
ROLL 32153 12331
BID FIRST B 12
BID SECOND A 3427
GET FIRST B
GET SECOND A
PUT FIRST TWO 12222
PUT SECOND SMALL_STRAIGHT 12342
ROUND 6
ROLL 23112 55336
BID FIRST B 1320
BID SECOND B 5713
GET FIRST A
GET SECOND B
PUT FIRST THREE 11333
PUT SECOND CHOICE 65554
ROUND 7
ROLL 33126 66613
BID FIRST B 627
BID SECOND B 1998
GET FIRST A
GET SECOND B
PUT FIRST SMALL_STRAIGHT 11234
PUT SECOND YACHT 33333
ROUND 8
ROLL 53531 44616
BID FIRST B 621
BID SECOND B 1300
GET FIRST A
GET SECOND B
PUT FIRST FIVE 12555
PUT SECOND ONE 11444
ROUND 9
ROLL 65653 26643
BID FIRST A 1441
BID SECOND A 1689
GET FIRST B
GET SECOND A
PUT FIRST FULL_HOUSE 33666
PUT SECOND SIX 66666
ROUND 10
ROLL 33344 44165
BID FIRST A 4195
BID SECOND A 7203
GET FIRST B
GET SECOND A
PUT FIRST CHOICE 44456
PUT SECOND THREE 33334
ROUND 11
ROLL 35663 31565
BID FIRST A 1434
BID SECOND A 0
GET FIRST A
GET SECOND B
PUT FIRST FOUR_OF_A_KIND 33336
PUT SECOND FIVE 55551
ROUND 12
ROLL 66341 21554
BID FIRST B 12
BID SECOND B 0
GET FIRST B
GET SECOND A
PUT FIRST ONE 11222
PUT SECOND FOUR 44133
ROUND 13
PUT FIRST YACHT 45556
PUT SECOND TWO 66666
SCOREFIRST 212199
SCORESECOND 252574
