[FIRST "Team 613"]
[SECOND "Team 713"]
[RESULT "1-0"]
ROUND 1
ROLL 44534 13356
BID FIRST A 6228
BID SECOND A 1333
GET FIRST A
GET SECOND B
ROUND 2
ROLL 41441 11511
BID FIRST B 588
BID SECOND B 1038
GET FIRST A
GET SECOND B
PUT FIRST YACHT 44444
PUT SECOND YACHT 11111
ROUND 3
ROLL 62634 36341
BID FIRST B 277
BID SECOND A 338
GET FIRST B
GET SECOND A
PUT FIRST THREE 11333
PUT SECOND LARGE_STRAIGHT 23456
ROUND 4
ROLL 51261 12664
BID FIRST B 866
BID SECOND B 233
GET FIRST B
GET SECOND A
PUT FIRST SIX 11666
PUT SECOND FULL_HOUSE 66655
ROUND 5
ROLL 65452 12261
BID FIRST B 249
BID SECOND A 286
GET FIRST B
GET SECOND A
PUT FIRST FOUR 11444
PUT SECOND SMALL_STRAIGHT 34561
ROUND 6
ROLL 45653 42615
BID FIRST A 100
BID SECOND A 236
GET FIRST B
GET SECOND A
PUT FIRST TWO 12222
PUT SECOND FIVE 55512
ROUND 7
ROLL 36633 33135
BID FIRST A 671
BID SECOND B 198
GET FIRST A
GET SECOND B
PUT FIRST FOUR_OF_A_KIND 56666
PUT SECOND ONE 12333
ROUND 8
ROLL 12621 34662
BID FIRST B 1707
BID SECOND B 0
GET FIRST B
GET SECOND A
PUT FIRST LARGE_STRAIGHT 23456
PUT SECOND TWO 11223
ROUND 9
ROLL 35512 51616
BID FIRST B 2228
BID SECOND B 346
GET FIRST B
GET SECOND A
PUT FIRST SMALL_STRAIGHT 13456
PUT SECOND THREE 12334
ROUND 10
ROLL 15564 23241
BID FIRST A 2863
BID SECOND A 348
GET FIRST A
GET SECOND B
PUT FIRST FULL_HOUSE 55666
PUT SECOND FOUR_OF_A_KIND 12234
ROUND 11
ROLL 13543 52454
BID FIRST A 2761
BID SECOND A 1787
GET FIRST A
GET SECOND B
PUT FIRST ONE 11133
PUT SECOND FOUR 24455
ROUND 12
ROLL 54622 36536
BID FIRST B 811
BID SECOND B 2128
GET FIRST A
GET SECOND B
PUT FIRST CHOICE 34446
PUT SECOND SIX 66663
ROUND 13
PUT FIRST FIVE 22355
PUT SECOND CHOICE 35555
SCOREFIRST 216649
SCORESECOND 203823
