[FIRST "Team 613"]
[SECOND "Team 1902"]
[RESULT "1-0"]
ROUND 1
ROLL 36232 44666
BID FIRST B 7598
BID SECOND B 1
GET FIRST B
GET SECOND A
ROUND 2
ROLL 42616 51246
BID FIRST A 403
BID SECOND A 1
GET FIRST A
GET SECOND B
PUT FIRST SIX 66666
PUT SECOND LARGE_STRAIGHT 32514
ROUND 3
ROLL 22235 55451
BID FIRST A 538
BID SECOND A 1
GET FIRST A
GET SECOND B
PUT FIRST TWO 12222
PUT SECOND FULL_HOUSE 66555
ROUND 4
ROLL 31164 25165
BID FIRST A 247
BID SECOND B 1
GET FIRST A
GET SECOND B
PUT FIRST FOUR 14444
PUT SECOND CHOICE 34565
ROUND 5
ROLL 31126 13433
BID FIRST B 590
BID SECOND A 1
GET FIRST B
GET SECOND A
PUT FIRST YACHT 33333
PUT SECOND FOUR_OF_A_KIND 22226
ROUND 6
ROLL 25566 31545
BID FIRST B 815
BID SECOND B 1
GET FIRST B
GET SECOND A
PUT FIRST FIVE 11555
PUT SECOND SIX 32566
ROUND 7
ROLL 56211 64353
BID FIRST A 1150
BID SECOND A 1
GET FIRST A
GET SECOND B
PUT FIRST LARGE_STRAIGHT 12345
PUT SECOND SMALL_STRAIGHT 56433
ROUND 8
ROLL 11644 13545
BID FIRST A 499
BID SECOND A 1
GET FIRST A
GET SECOND B
PUT FIRST ONE 11114
PUT SECOND YACHT 11111
ROUND 9
ROLL 65264 64115
BID FIRST A 366
BID SECOND B 1
GET FIRST A
GET SECOND B
PUT FIRST FOUR_OF_A_KIND 66666
PUT SECOND FIVE 55565
ROUND 10
ROLL 42134 16134
BID FIRST A 374
BID SECOND A 1
GET FIRST A
GET SECOND B
PUT FIRST SMALL_STRAIGHT 12234
PUT SECOND FOUR 44164
ROUND 11
ROLL 66425 41612
BID FIRST B 89
BID SECOND A 1
GET FIRST B
GET SECOND A
PUT FIRST CHOICE 44456
PUT SECOND THREE 33664
ROUND 12
ROLL 36363 41351
BID FIRST A 3845
BID SECOND A 1
GET FIRST A
GET SECOND B
PUT FIRST THREE 33366
PUT SECOND ONE 11111
ROUND 13
PUT FIRST FULL_HOUSE 11244
PUT SECOND TWO 25435
SCOREFIRST 248486
SCORESECOND 216004
