[FIRST "Team 613"]
[SECOND "Team 1342"]
[RESULT "0-1"]
ROUND 1
ROLL 23456 44216
BID FIRST A 6630
BID SECOND A 1500
GET FIRST A
GET SECOND B
ROUND 2
ROLL 56443 33115
BID FIRST A 728
BID SECOND A 1500
GET FIRST B
GET SECOND A
PUT FIRST LARGE_STRAIGHT 12345
PUT SECOND LARGE_STRAIGHT 42153
ROUND 3
ROLL 11532 45644
BID FIRST B 1327
BID SECOND B 1500
GET FIRST A
GET SECOND B
PUT FIRST THREE 11333
PUT SECOND YACHT 44444
ROUND 4
ROLL 55611 44344
BID FIRST B 345
BID SECOND A 1600
GET FIRST B
GET SECOND A
PUT FIRST FOUR 14444
PUT SECOND FOUR_OF_A_KIND 66566
ROUND 5
ROLL 36614 55656
BID FIRST B 2037
BID SECOND B 1700
GET FIRST B
GET SECOND A
PUT FIRST FIVE 55555
PUT SECOND CHOICE 45566
ROUND 6
ROLL 15466 66243
BID FIRST A 671
BID SECOND A 1700
GET FIRST B
GET SECOND A
PUT FIRST SIX 66666
PUT SECOND SMALL_STRAIGHT 13456
ROUND 7
ROLL 52441 46652
BID FIRST B 158
BID SECOND B 1700
GET FIRST A
GET SECOND B
PUT FIRST TWO 12223
PUT SECOND FULL_HOUSE 46466
ROUND 8
ROLL 63166 62333
BID FIRST A 460
BID SECOND A 1800
GET FIRST B
GET SECOND A
PUT FIRST SMALL_STRAIGHT 23345
PUT SECOND SIX 11666
ROUND 9
ROLL 12235 21455
BID FIRST B 1152
BID SECOND B 1400
GET FIRST A
GET SECOND B
PUT FIRST CHOICE 34456
PUT SECOND FIVE 15255
ROUND 10
ROLL 43144 36325
BID FIRST A 759
BID SECOND A 1200
GET FIRST B
GET SECOND A
PUT FIRST FOUR_OF_A_KIND 33336
PUT SECOND FOUR 34444
ROUND 11
ROLL 51211 44436
BID FIRST A 5396
BID SECOND B 1400
GET FIRST A
GET SECOND B
PUT FIRST ONE 11112
PUT SECOND THREE 12133
ROUND 12
ROLL 43162 16463
BID FIRST B 1134
BID SECOND B 1600
GET FIRST A
GET SECOND B
PUT FIRST FULL_HOUSE 22255
PUT SECOND ONE 14441
ROUND 13
PUT FIRST YACHT 12346
PUT SECOND TWO 66463
SCOREFIRST 217981
SCORESECOND 220800
