[FIRST "Team 613"]
[SECOND "Team 1777"]
[RESULT "1-0"]
ROUND 1
ROLL 64232 54316
BID FIRST B 5780
BID SECOND B 682
GET FIRST B
GET SECOND A
ROUND 2
ROLL 44344 24563
BID FIRST A 1453
BID SECOND B 14534
GET FIRST A
GET SECOND B
PUT FIRST YACHT 44444
PUT SECOND LARGE_STRAIGHT 64235
ROUND 3
ROLL 21443 41514
BID FIRST A 1720
BID SECOND A 3674
GET FIRST B
GET SECOND A
PUT FIRST ONE 11133
PUT SECOND FULL_HOUSE 22444
ROUND 4
ROLL 53356 34146
BID FIRST A 490
BID SECOND A 2984
GET FIRST B
GET SECOND A
PUT FIRST FOUR 14444
PUT SECOND FOUR_OF_A_KIND 63333
ROUND 5
ROLL 65151 11566
BID FIRST A 113
BID SECOND B 2449
GET FIRST A
GET SECOND B
PUT FIRST FIVE 15555
PUT SECOND SIX 21666
ROUND 6
ROLL 53351 51362
BID FIRST B 12
BID SECOND A 1997
GET FIRST B
GET SECOND A
PUT FIRST SIX 16666
PUT SECOND YACHT 55555
ROUND 7
ROLL 34543 45146
BID FIRST A 111
BID SECOND B 1631
GET FIRST A
GET SECOND B
PUT FIRST THREE 13333
PUT SECOND CHOICE 34546
ROUND 8
ROLL 13516 35455
BID FIRST A 672
BID SECOND B 1475
GET FIRST A
GET SECOND B
PUT FIRST LARGE_STRAIGHT 12345
PUT SECOND FIVE 11555
ROUND 9
ROLL 33344 33362
BID FIRST B 12
BID SECOND A 1374
GET FIRST B
GET SECOND A
PUT FIRST SMALL_STRAIGHT 12334
PUT SECOND THREE 33333
ROUND 10
ROLL 33111 36552
BID FIRST B 798
BID SECOND B 1224
GET FIRST A
GET SECOND B
PUT FIRST CHOICE 35566
PUT SECOND FOUR 11444
ROUND 11
ROLL 53321 25365
BID FIRST B 403
BID SECOND B 1184
GET FIRST A
GET SECOND B
PUT FIRST FOUR_OF_A_KIND 33335
PUT SECOND TWO 36223
ROUND 12
ROLL 24565 25535
BID FIRST B 2135
BID SECOND A 1115
GET FIRST B
GET SECOND A
PUT FIRST FULL_HOUSE 11555
PUT SECOND ONE 55624
ROUND 13
PUT FIRST TWO 11223
PUT SECOND SMALL_STRAIGHT 55556
SCOREFIRST 261123
SCORESECOND 202041
