[FIRST "Team 613"]
[SECOND "Team 1648"]
[RESULT "1-0"]
ROUND 1
ROLL 22545 65155
BID FIRST B 6403
BID SECOND B 1
GET FIRST B
GET SECOND A
ROUND 2
ROLL 24123 65314
BID FIRST B 189
BID SECOND B 1
GET FIRST B
GET SECOND A
PUT FIRST FIVE 15555
PUT SECOND LARGE_STRAIGHT 25413
ROUND 3
ROLL 66236 45122
BID FIRST A 180
BID SECOND B 1
GET FIRST A
GET SECOND B
PUT FIRST SIX 66666
PUT SECOND YACHT 22222
ROUND 4
ROLL 35616 53344
BID FIRST B 522
BID SECOND A 1
GET FIRST B
GET SECOND A
PUT FIRST THREE 13333
PUT SECOND FULL_HOUSE 54455
ROUND 5
ROLL 55561 15223
BID FIRST A 395
BID SECOND A 1
GET FIRST A
GET SECOND B
PUT FIRST FOUR 12444
PUT SECOND ONE 11152
ROUND 6
ROLL 43464 15356
BID FIRST B 840
BID SECOND A 1
GET FIRST B
GET SECOND A
PUT FIRST YACHT 55555
PUT SECOND THREE 33324
ROUND 7
ROLL 32434 24453
BID FIRST B 12
BID SECOND B 1
GET FIRST B
GET SECOND A
PUT FIRST LARGE_STRAIGHT 12345
PUT SECOND FOUR_OF_A_KIND 64444
ROUND 8
ROLL 41651 11341
BID FIRST A 823
BID SECOND A 1
GET FIRST A
GET SECOND B
PUT FIRST FULL_HOUSE 55666
PUT SECOND SMALL_STRAIGHT 12341
ROUND 9
ROLL 52626 15541
BID FIRST A 1075
BID SECOND B 1
GET FIRST A
GET SECOND B
PUT FIRST SMALL_STRAIGHT 11234
PUT SECOND CHOICE 43355
ROUND 10
ROLL 26333 45445
BID FIRST A 83
BID SECOND B 1
GET FIRST A
GET SECOND B
PUT FIRST CHOICE 45666
PUT SECOND FOUR 44411
ROUND 11
ROLL 21311 43346
BID FIRST B 3550
BID SECOND B 1
GET FIRST B
GET SECOND A
PUT FIRST FOUR_OF_A_KIND 33336
PUT SECOND TWO 66155
ROUND 12
ROLL 42263 46451
BID FIRST A 4800
BID SECOND B 1
GET FIRST A
GET SECOND B
PUT FIRST TWO 22223
PUT SECOND FIVE 21311
ROUND 13
PUT FIRST ONE 34446
PUT SECOND SIX 46451
SCOREFIRST 266128
SCORESECOND 190000
