[FIRST "Team 613"]
[SECOND "Team 1230"]
[RESULT "1-0"]
ROUND 1
ROLL 15214 14241
BID FIRST B 0
BID SECOND A 63
GET FIRST B
GET SECOND A
ROUND 2
ROLL 51654 35563
BID FIRST A 63
BID SECOND B 1
GET FIRST A
GET SECOND B
PUT FIRST FOUR 11444
PUT SECOND LARGE_STRAIGHT 15243
ROUND 3
ROLL 23431 42454
BID FIRST B 256
BID SECOND B 1
GET FIRST B
GET SECOND A
PUT FIRST FIVE 12555
PUT SECOND CHOICE 55634
ROUND 4
ROLL 31153 21324
BID FIRST A 441
BID SECOND B 0
GET FIRST A
GET SECOND B
PUT FIRST LARGE_STRAIGHT 12345
PUT SECOND THREE 12333
ROUND 5
ROLL 12533 11241
BID FIRST B 1106
BID SECOND B 1
GET FIRST B
GET SECOND A
PUT FIRST ONE 11112
PUT SECOND SMALL_STRAIGHT 12143
ROUND 6
ROLL 46552 53456
BID FIRST B 12
BID SECOND A 0
GET FIRST B
GET SECOND A
PUT FIRST SMALL_STRAIGHT 33456
PUT SECOND FIVE 21555
ROUND 7
ROLL 44161 45614
BID FIRST B 12
BID SECOND A 0
GET FIRST B
GET SECOND A
PUT FIRST YACHT 44444
PUT SECOND FOUR 23444
ROUND 8
ROLL 22454 65266
BID FIRST B 1569
BID SECOND B 1
GET FIRST B
GET SECOND A
PUT FIRST SIX 66666
PUT SECOND TWO 62122
ROUND 9
ROLL 46155 35235
BID FIRST A 1181
BID SECOND A 1
GET FIRST A
GET SECOND B
PUT FIRST FOUR_OF_A_KIND 55556
PUT SECOND FULL_HOUSE 45455
ROUND 10
ROLL 31155 22451
BID FIRST A 1217
BID SECOND A 0
GET FIRST A
GET SECOND B
PUT FIRST CHOICE 34555
PUT SECOND SIX 61323
ROUND 11
ROLL 12112 61145
BID FIRST A 6504
BID SECOND A 1
GET FIRST A
GET SECOND B
PUT FIRST TWO 11222
PUT SECOND ONE 22111
ROUND 12
ROLL 35463 46564
BID FIRST B 7704
BID SECOND B 1
GET FIRST B
GET SECOND A
PUT FIRST FULL_HOUSE 11166
PUT SECOND FOUR_OF_A_KIND 45645
ROUND 13
PUT FIRST THREE 11445
PUT SECOND YACHT 35463
SCOREFIRST 239935
SCORESECOND 141942
