[FIRST "Team 1165"]
[SECOND "Team 613"]
[RESULT "1-0"]
ROUND 1
ROLL 61311 11353
BID FIRST B 700
BID SECOND B 500
GET FIRST B
GET SECOND A
ROUND 2
ROLL 31444 41424
BID FIRST A 607
BID SECOND B 500
GET FIRST A
GET SECOND B
PUT FIRST THREE 11333
PUT SECOND CHOICE 34446
ROUND 3
ROLL 52226 41642
BID FIRST B 60
BID SECOND B 500
GET FIRST A
GET SECOND B
PUT FIRST FOUR 12444
PUT SECOND YACHT 11111
ROUND 4
ROLL 22121 36153
BID FIRST B 4696
BID SECOND B 500
GET FIRST B
GET SECOND A
PUT FIRST TWO 12233
PUT SECOND FOUR_OF_A_KIND 22226
ROUND 5
ROLL 41322 22154
BID FIRST B 1265
BID SECOND B 500
GET FIRST B
GET SECOND A
PUT FIRST FIVE 15555
PUT SECOND FULL_HOUSE 22444
ROUND 6
ROLL 44326 34352
BID FIRST A 1554
BID SECOND B 500
GET FIRST A
GET SECOND B
PUT FIRST FULL_HOUSE 44466
PUT SECOND LARGE_STRAIGHT 12345
ROUND 7
ROLL 64631 21513
BID FIRST A 4798
BID SECOND A 500
GET FIRST A
GET SECOND B
PUT FIRST SMALL_STRAIGHT 12234
PUT SECOND THREE 11333
ROUND 8
ROLL 56452 43413
BID FIRST A 4823
BID SECOND A 500
GET FIRST A
GET SECOND B
PUT FIRST LARGE_STRAIGHT 23456
PUT SECOND SMALL_STRAIGHT 11234
ROUND 9
ROLL 53456 32512
BID FIRST A 6033
BID SECOND A 500
GET FIRST A
GET SECOND B
PUT FIRST SIX 26666
PUT SECOND FIVE 11255
ROUND 10
ROLL 61152 32155
BID FIRST A 2767
BID SECOND B 500
GET FIRST A
GET SECOND B
PUT FIRST FOUR_OF_A_KIND 55556
PUT SECOND TWO 12223
ROUND 11
ROLL 21626 41361
BID FIRST A 1453
BID SECOND A 500
GET FIRST A
GET SECOND B
PUT FIRST ONE 11122
PUT SECOND FOUR 11344
ROUND 12
ROLL 52455 44144
BID FIRST A 1430
BID SECOND A 500
GET FIRST A
GET SECOND B
PUT FIRST CHOICE 55566
PUT SECOND SIX 13346
ROUND 13
PUT FIRST YACHT 22344
PUT SECOND ONE 44455
SCOREFIRST 198934
SCORESECOND 187000
