ROUND 1
ROLL 43261 13561
BID FIRST A 2500
BID SECOND A 500
GET FIRST A
GET SECOND B
ROUND 2
ROLL 34121 16424
BID FIRST A 2500
BID SECOND B 500
GET FIRST A
GET SECOND B
PUT FIRST CHOICE 43634
PUT SECOND LARGE_STRAIGHT 12345
ROUND 3
ROLL 25356 36116
BID FIRST A 1202
BID SECOND A 500
GET FIRST A
GET SECOND B
PUT FIRST TWO 22255
PUT SECOND CHOICE 46666
ROUND 4
ROLL 31652 11236
BID FIRST A 1205
BID SECOND A 500
GET FIRST A
GET SECOND B
PUT FIRST ONE 11131
PUT SECOND YACHT 11111
ROUND 5
ROLL 62614 36464
BID FIRST B 50
BID SECOND B 500
GET FIRST A
GET SECOND B
PUT FIRST FOUR_OF_A_KIND 66566
PUT SECOND FULL_HOUSE 44666
ROUND 6
ROLL 42541 52553
BID FIRST B 50
BID SECOND B 500
GET FIRST A
GET SECOND B
PUT FIRST LARGE_STRAIGHT 32451
PUT SECOND FOUR_OF_A_KIND 33335
ROUND 7
ROLL 11343 15232
BID FIRST A 50
BID SECOND A 500
GET FIRST B
GET SECOND A
PUT FIRST SMALL_STRAIGHT 45232
PUT SECOND SMALL_STRAIGHT 11234
ROUND 8
ROLL 25253 52443
BID FIRST B 200
BID SECOND A 500
GET FIRST B
GET SECOND A
PUT FIRST FULL_HOUSE 42244
PUT SECOND FIVE 15555
ROUND 9
ROLL 51343 12464
BID FIRST A 50
BID SECOND A 500
GET FIRST B
GET SECOND A
PUT FIRST FOUR 15144
PUT SECOND THREE 13333
ROUND 10
ROLL 44365 42341
BID FIRST A 200
BID SECOND A 500
GET FIRST B
GET SECOND A
PUT FIRST THREE 32431
PUT SECOND FOUR 22444
ROUND 11
ROLL 36633 43341
BID FIRST A 50
BID SECOND A 500
GET FIRST B
GET SECOND A
PUT FIRST SIX 26133
PUT SECOND SIX 23666
ROUND 12
ROLL 31424 45114
BID FIRST A 200
BID SECOND B 500
GET FIRST A
GET SECOND B
PUT FIRST YACHT 44444
PUT SECOND ONE 11333
ROUND 13
PUT FIRST FIVE 21312
PUT SECOND TWO 44555
SCOREFIRST 182643
SCORESECOND 262000
