[FIRST "Team 758"]
[SECOND "Team 613"]
[RESULT "1-0"]
ROUND 1
ROLL 61624 54565
BID FIRST B 60
BID SECOND B 500
GET FIRST A
GET SECOND B
ROUND 2
ROLL 22655 66435
BID FIRST B 176
BID SECOND A 500
GET FIRST B
GET SECOND A
PUT FIRST LARGE_STRAIGHT 23456
PUT SECOND YACHT 55555
ROUND 3
ROLL 42165 13334
BID FIRST A 0
BID SECOND A 500
GET FIRST B
GET SECOND A
PUT FIRST SIX 11666
PUT SECOND CHOICE 45666
ROUND 4
ROLL 51465 65223
BID FIRST B 0
BID SECOND B 500
GET FIRST A
GET SECOND B
PUT FIRST FULL_HOUSE 44455
PUT SECOND LARGE_STRAIGHT 12345
ROUND 5
ROLL 66463 51251
BID FIRST A 0
BID SECOND A 500
GET FIRST B
GET SECOND A
PUT FIRST THREE 11333
PUT SECOND FOUR_OF_A_KIND 46666
ROUND 6
ROLL 31632 53233
BID FIRST B 0
BID SECOND A 500
GET FIRST B
GET SECOND A
PUT FIRST FIVE 12555
PUT SECOND FULL_HOUSE 22333
ROUND 7
ROLL 63516 34135
BID FIRST B 0
BID SECOND A 500
GET FIRST B
GET SECOND A
PUT FIRST YACHT 33333
PUT SECOND SIX 11666
ROUND 8
ROLL 31533 21216
BID FIRST A 0
BID SECOND A 500
GET FIRST B
GET SECOND A
PUT FIRST TWO 11222
PUT SECOND THREE 13333
ROUND 9
ROLL 35512 55661
BID FIRST B 0
BID SECOND B 500
GET FIRST A
GET SECOND B
PUT FIRST SMALL_STRAIGHT 34566
PUT SECOND FIVE 15555
ROUND 10
ROLL 35316 63253
BID FIRST A 0
BID SECOND B 500
GET FIRST A
GET SECOND B
PUT FIRST ONE 11123
PUT SECOND TWO 22223
ROUND 11
ROLL 51412 35663
BID FIRST B 0
BID SECOND A 500
GET FIRST B
GET SECOND A
PUT FIRST FOUR_OF_A_KIND 55556
PUT SECOND SMALL_STRAIGHT 11234
ROUND 12
ROLL 16255 15241
BID FIRST A 0
BID SECOND A 500
GET FIRST B
GET SECOND A
PUT FIRST CHOICE 34566
PUT SECOND ONE 12555
ROUND 13
PUT FIRST FOUR 11233
PUT SECOND FOUR 56666
SCOREFIRST 217884
SCORESECOND 216000
