[FIRST "Team 1148"]
[SECOND "Team 613"]
[RESULT "0-1"]
ROUND 1
ROLL 44553 43346
BID FIRST A 3500
BID SECOND A 500
GET FIRST A
GET SECOND B
ROUND 2
ROLL 24234 44421
BID FIRST A 0
BID SECOND B 500
GET FIRST A
GET SECOND B
PUT FIRST FOUR 44445
PUT SECOND YACHT 44444
ROUND 3
ROLL 46165 33151
BID FIRST B 2400
BID SECOND A 500
GET FIRST B
GET SECOND A
PUT FIRST THREE 33335
PUT SECOND LARGE_STRAIGHT 12345
ROUND 4
ROLL 15631 16636
BID FIRST B 5200
BID SECOND B 500
GET FIRST B
GET SECOND A
PUT FIRST SIX 66653
PUT SECOND CHOICE 56666
ROUND 5
ROLL 32526 33135
BID FIRST A 1600
BID SECOND A 500
GET FIRST A
GET SECOND B
PUT FIRST TWO 22226
PUT SECOND FOUR_OF_A_KIND 33335
ROUND 6
ROLL 21146 23244
BID FIRST B 0
BID SECOND B 500
GET FIRST A
GET SECOND B
PUT FIRST ONE 11111
PUT SECOND SMALL_STRAIGHT 11234
ROUND 7
ROLL 56556 46226
BID FIRST A 7600
BID SECOND A 500
GET FIRST A
GET SECOND B
PUT FIRST FIVE 55556
PUT SECOND FULL_HOUSE 22266
ROUND 8
ROLL 41261 32316
BID FIRST A 601
BID SECOND A 500
GET FIRST A
GET SECOND B
PUT FIRST CHOICE 46646
PUT SECOND THREE 11333
ROUND 9
ROLL 53663 14446
BID FIRST A 2600
BID SECOND A 500
GET FIRST A
GET SECOND B
PUT FIRST FULL_HOUSE 33663
PUT SECOND FOUR 44444
ROUND 10
ROLL 35553 62566
BID FIRST A 11960
BID SECOND B 500
GET FIRST A
GET SECOND B
PUT FIRST FOUR_OF_A_KIND 53555
PUT SECOND SIX 66666
ROUND 11
ROLL 14214 15254
BID FIRST B 9000
BID SECOND B 500
GET FIRST B
GET SECOND A
PUT FIRST LARGE_STRAIGHT 21354
PUT SECOND TWO 11222
ROUND 12
ROLL 66636 15411
BID FIRST B 6000
BID SECOND A 500
GET FIRST B
GET SECOND A
PUT FIRST YACHT 11111
PUT SECOND FIVE 11345
ROUND 13
PUT FIRST SMALL_STRAIGHT 22554
PUT SECOND ONE 46666
SCOREFIRST 213539
SCORESECOND 265000
