[FIRST "Team 1506"]
[SECOND "Team 613"]
[RESULT "0-1"]
ROUND 1
ROLL 56613 24161
BID FIRST A 2817
BID SECOND A 500
GET FIRST A
GET SECOND B
ROUND 2
ROLL 23253 12624
BID FIRST A 2817
BID SECOND A 500
GET FIRST A
GET SECOND B
PUT FIRST CHOICE 56635
PUT SECOND CHOICE 24466
ROUND 3
ROLL 44145 44256
BID FIRST B 0
BID SECOND B 500
GET FIRST A
GET SECOND B
PUT FIRST LARGE_STRAIGHT 12345
PUT SECOND FULL_HOUSE 22244
ROUND 4
ROLL 65614 31622
BID FIRST A 3622
BID SECOND A 500
GET FIRST A
GET SECOND B
PUT FIRST FULL_HOUSE 44664
PUT SECOND SIX 11166
ROUND 5
ROLL 11333 44354
BID FIRST B 0
BID SECOND B 500
GET FIRST A
GET SECOND B
PUT FIRST THREE 31333
PUT SECOND LARGE_STRAIGHT 12345
ROUND 6
ROLL 45512 33423
BID FIRST B 0
BID SECOND A 500
GET FIRST B
GET SECOND A
PUT FIRST SMALL_STRAIGHT 21134
PUT SECOND SMALL_STRAIGHT 12234
ROUND 7
ROLL 56123 34356
BID FIRST B 0
BID SECOND B 500
GET FIRST A
GET SECOND B
PUT FIRST FIVE 51251
PUT SECOND FOUR_OF_A_KIND 55556
ROUND 8
ROLL 45614 31263
BID FIRST B 15000
BID SECOND A 500
GET FIRST B
GET SECOND A
PUT FIRST YACHT 33333
PUT SECOND YACHT 44444
ROUND 9
ROLL 44361 44136
BID FIRST B 0
BID SECOND B 500
GET FIRST A
GET SECOND B
PUT FIRST SIX 61661
PUT SECOND THREE 11333
ROUND 10
ROLL 45664 46246
BID FIRST B 0
BID SECOND A 500
GET FIRST B
GET SECOND A
PUT FIRST FOUR 44344
PUT SECOND FOUR 44445
ROUND 11
ROLL 44354 63533
BID FIRST B 0
BID SECOND B 500
GET FIRST A
GET SECOND B
PUT FIRST TWO 22235
PUT SECOND FIVE 33355
ROUND 12
ROLL 45635 44534
BID FIRST B 0
BID SECOND A 500
GET FIRST B
GET SECOND A
PUT FIRST ONE 44453
PUT SECOND ONE 34556
ROUND 13
PUT FIRST FOUR_OF_A_KIND 66444
PUT SECOND TWO 66666
SCOREFIRST 181744
SCORESECOND 201000
