[FIRST "Team 396"]
[SECOND "Team 613"]
[RESULT "1-0"]
ROUND 1
ROLL 22146 41452
BID FIRST A 0
BID SECOND B 500
GET FIRST A
GET SECOND B
ROUND 2
ROLL 52155 53442
BID FIRST B 3131
BID SECOND B 500
GET FIRST B
GET SECOND A
PUT FIRST LARGE_STRAIGHT 21453
PUT SECOND CHOICE 45555
ROUND 3
ROLL 32352 24624
BID FIRST A 2400
BID SECOND A 500
GET FIRST A
GET SECOND B
PUT FIRST CHOICE 64425
PUT SECOND FULL_HOUSE 22444
ROUND 4
ROLL 44221 45422
BID FIRST B 1700
BID SECOND B 500
GET FIRST B
GET SECOND A
PUT FIRST YACHT 22222
PUT SECOND FOUR_OF_A_KIND 22226
ROUND 5
ROLL 45254 23564
BID FIRST B 2400
BID SECOND B 500
GET FIRST B
GET SECOND A
PUT FIRST FULL_HOUSE 45454
PUT SECOND FOUR 14444
ROUND 6
ROLL 14126 63155
BID FIRST B 1400
BID SECOND B 500
GET FIRST B
GET SECOND A
PUT FIRST FOUR_OF_A_KIND 33363
PUT SECOND FIVE 11155
ROUND 7
ROLL 54232 12362
BID FIRST A 3200
BID SECOND A 500
GET FIRST A
GET SECOND B
PUT FIRST FIVE 25552
PUT SECOND SMALL_STRAIGHT 11234
ROUND 8
ROLL 61123 22653
BID FIRST B 5200
BID SECOND B 500
GET FIRST B
GET SECOND A
PUT FIRST SIX 62265
PUT SECOND SIX 11666
ROUND 9
ROLL 26415 34611
BID FIRST A 12500
BID SECOND A 500
GET FIRST A
GET SECOND B
PUT FIRST SMALL_STRAIGHT 14365
PUT SECOND TWO 12222
ROUND 10
ROLL 41443 42261
BID FIRST A 3177
BID SECOND B 500
GET FIRST A
GET SECOND B
PUT FIRST FOUR 41444
PUT SECOND THREE 11233
ROUND 11
ROLL 63433 61536
BID FIRST B 2000
BID SECOND B 500
GET FIRST B
GET SECOND A
PUT FIRST THREE 33653
PUT SECOND ONE 23334
ROUND 12
ROLL 53231 33555
BID FIRST A 2000
BID SECOND A 500
GET FIRST A
GET SECOND B
PUT FIRST TWO 22132
PUT SECOND LARGE_STRAIGHT 33445
ROUND 13
PUT FIRST ONE 16531
PUT SECOND YACHT 55666
SCOREFIRST 176892
SCORESECOND 131000
