[FIRST "Team 1296"]
[SECOND "Team 613"]
[RESULT "0-1"]
ROUND 1
ROLL 32253 46266
BID FIRST B 3700
BID SECOND B 500
GET FIRST B
GET SECOND A
ROUND 2
ROLL 11211 11125
BID FIRST B 0
BID SECOND B 500
GET FIRST A
GET SECOND B
PUT FIRST SIX 11666
PUT SECOND CHOICE 23355
ROUND 3
ROLL 21526 16345
BID FIRST B 1
BID SECOND B 500
GET FIRST A
GET SECOND B
PUT FIRST CHOICE 22456
PUT SECOND LARGE_STRAIGHT 12345
ROUND 4
ROLL 34535 44145
BID FIRST A 1
BID SECOND A 500
GET FIRST B
GET SECOND A
PUT FIRST FOUR 11444
PUT SECOND SMALL_STRAIGHT 11234
ROUND 5
ROLL 54355 25563
BID FIRST A 1
BID SECOND A 500
GET FIRST B
GET SECOND A
PUT FIRST FIVE 11555
PUT SECOND YACHT 55555
ROUND 6
ROLL 54622 31442
BID FIRST A 1
BID SECOND B 500
GET FIRST A
GET SECOND B
PUT FIRST YACHT 22222
PUT SECOND FULL_HOUSE 33444
ROUND 7
ROLL 21663 36634
BID FIRST A 1
BID SECOND B 500
GET FIRST A
GET SECOND B
PUT FIRST FOUR_OF_A_KIND 56666
PUT SECOND SIX 11666
ROUND 8
ROLL 42536 31535
BID FIRST A 1
BID SECOND A 500
GET FIRST B
GET SECOND A
PUT FIRST THREE 13333
PUT SECOND FOUR_OF_A_KIND 33336
ROUND 9
ROLL 14342 14655
BID FIRST A 1
BID SECOND B 500
GET FIRST A
GET SECOND B
PUT FIRST TWO 11223
PUT SECOND FIVE 12555
ROUND 10
ROLL 44224 25216
BID FIRST B 1
BID SECOND A 500
GET FIRST B
GET SECOND A
PUT FIRST ONE 12244
PUT SECOND FOUR 44444
ROUND 11
ROLL 53631 12136
BID FIRST B 1
BID SECOND A 500
GET FIRST B
GET SECOND A
PUT FIRST FULL_HOUSE 55566
PUT SECOND TWO 12223
ROUND 12
ROLL 14413 61454
BID FIRST B 1
BID SECOND B 500
GET FIRST A
GET SECOND B
PUT FIRST SMALL_STRAIGHT 11234
PUT SECOND THREE 13444
ROUND 13
PUT FIRST LARGE_STRAIGHT 11344
PUT SECOND ONE 55666
SCOREFIRST 198300
SCORESECOND 206000
