[FIRST "Team 131"]
[SECOND "Team 613"]
[RESULT "1-0"]
ROUND 1
ROLL 66363 26535
BID FIRST A 10
BID SECOND B 500
GET FIRST A
GET SECOND B
ROUND 2
ROLL 64241 62246
BID FIRST B 10
BID SECOND A 500
GET FIRST B
GET SECOND A
PUT FIRST SIX 66666
PUT SECOND LARGE_STRAIGHT 12345
ROUND 3
ROLL 13632 33144
BID FIRST A 10
BID SECOND A 500
GET FIRST B
GET SECOND A
PUT FIRST THREE 13333
PUT SECOND CHOICE 45666
ROUND 4
ROLL 56463 42523
BID FIRST A 10
BID SECOND A 500
GET FIRST B
GET SECOND A
PUT FIRST FOUR 34444
PUT SECOND FULL_HOUSE 33366
ROUND 5
ROLL 33556 42316
BID FIRST B 10
BID SECOND A 500
GET FIRST B
GET SECOND A
PUT FIRST LARGE_STRAIGHT 12345
PUT SECOND SMALL_STRAIGHT 12234
ROUND 6
ROLL 25364 53114
BID FIRST A 10
BID SECOND A 500
GET FIRST B
GET SECOND A
PUT FIRST TWO 22223
PUT SECOND FOUR_OF_A_KIND 55556
ROUND 7
ROLL 64432 15531
BID FIRST B 10
BID SECOND A 500
GET FIRST B
GET SECOND A
PUT FIRST SMALL_STRAIGHT 34556
PUT SECOND SIX 22366
ROUND 8
ROLL 34441 24314
BID FIRST B 10
BID SECOND A 500
GET FIRST B
GET SECOND A
PUT FIRST YACHT 11111
PUT SECOND YACHT 44444
ROUND 9
ROLL 45413 25641
BID FIRST B 10
BID SECOND A 500
GET FIRST B
GET SECOND A
PUT FIRST FIVE 13556
PUT SECOND FOUR 11444
ROUND 10
ROLL 35635 51335
BID FIRST A 10
BID SECOND A 500
GET FIRST B
GET SECOND A
PUT FIRST FULL_HOUSE 44455
PUT SECOND THREE 33333
ROUND 11
ROLL 22463 36132
BID FIRST A 10
BID SECOND A 500
GET FIRST B
GET SECOND A
PUT FIRST FOUR_OF_A_KIND 33336
PUT SECOND FIVE 22555
ROUND 12
ROLL 66222 13625
BID FIRST B 10
BID SECOND A 500
GET FIRST B
GET SECOND A
PUT FIRST CHOICE 22356
PUT SECOND TWO 22233
ROUND 13
PUT FIRST ONE 11122
PUT SECOND ONE 46666
SCOREFIRST 266980
SCORESECOND 223000
