[FIRST "Team 1370"]
[SECOND "Team 613"]
[RESULT "0-1"]
ROUND 1
ROLL 12546 44624
BID FIRST B 3832
BID SECOND A 500
GET FIRST B
GET SECOND A
ROUND 2
ROLL 31544 16462
BID FIRST A 144
BID SECOND A 500
GET FIRST B
GET SECOND A
PUT FIRST CHOICE 66644
PUT SECOND LARGE_STRAIGHT 12345
ROUND 3
ROLL 43355 64454
BID FIRST B 5604
BID SECOND B 500
GET FIRST B
GET SECOND A
PUT FIRST YACHT 44444
PUT SECOND CHOICE 45556
ROUND 4
ROLL 61144 62641
BID FIRST B 990
BID SECOND B 500
GET FIRST B
GET SECOND A
PUT FIRST FULL_HOUSE 66622
PUT SECOND FOUR_OF_A_KIND 44446
ROUND 5
ROLL 25111 61353
BID FIRST A 492
BID SECOND A 500
GET FIRST B
GET SECOND A
PUT FIRST LARGE_STRAIGHT 12345
PUT SECOND YACHT 11111
ROUND 6
ROLL 33312 22551
BID FIRST A 1511
BID SECOND B 500
GET FIRST A
GET SECOND B
PUT FIRST FOUR_OF_A_KIND 33336
PUT SECOND FULL_HOUSE 33555
ROUND 7
ROLL 26616 65225
BID FIRST A 576
BID SECOND A 500
GET FIRST A
GET SECOND B
PUT FIRST SIX 66611
PUT SECOND FIVE 11255
ROUND 8
ROLL 46636 55364
BID FIRST B 1292
BID SECOND A 500
GET FIRST B
GET SECOND A
PUT FIRST FIVE 55511
PUT SECOND SIX 26666
ROUND 9
ROLL 63415 51466
BID FIRST A 343
BID SECOND B 500
GET FIRST A
GET SECOND B
PUT FIRST SMALL_STRAIGHT 12345
PUT SECOND SMALL_STRAIGHT 12234
ROUND 10
ROLL 23336 32216
BID FIRST A 1047
BID SECOND A 500
GET FIRST A
GET SECOND B
PUT FIRST THREE 33332
PUT SECOND TWO 12223
ROUND 11
ROLL 51561 46324
BID FIRST B 1293
BID SECOND B 500
GET FIRST B
GET SECOND A
PUT FIRST FOUR 44432
PUT SECOND FOUR 11455
ROUND 12
ROLL 52334 34632
BID FIRST B 800
BID SECOND B 500
GET FIRST B
GET SECOND A
PUT FIRST TWO 22334
PUT SECOND THREE 23345
ROUND 13
PUT FIRST ONE 66666
PUT SECOND ONE 56666
SCOREFIRST 205348
SCORESECOND 213000
