[FIRST "Team 1195"]
[SECOND "Team 613"]
[RESULT "1-0"]
ROUND 1
ROLL 46413 42423
BID FIRST A 1000
BID SECOND A 500
GET FIRST A
GET SECOND B
ROUND 2
ROLL 41164 16143
BID FIRST A 2250
BID SECOND A 500
GET FIRST A
GET SECOND B
PUT FIRST CHOICE 34466
PUT SECOND CHOICE 34446
ROUND 3
ROLL 53345 56161
BID FIRST B 2500
BID SECOND A 500
GET FIRST B
GET SECOND A
PUT FIRST YACHT 11111
PUT SECOND LARGE_STRAIGHT 12345
ROUND 4
ROLL 65163 21223
BID FIRST B 2250
BID SECOND A 500
GET FIRST B
GET SECOND A
PUT FIRST LARGE_STRAIGHT 23456
PUT SECOND FULL_HOUSE 33366
ROUND 5
ROLL 24161 33635
BID FIRST B 2250
BID SECOND B 500
GET FIRST B
GET SECOND A
PUT FIRST FULL_HOUSE 33366
PUT SECOND FOUR_OF_A_KIND 11116
ROUND 6
ROLL 45146 51643
BID FIRST B 4250
BID SECOND B 500
GET FIRST B
GET SECOND A
PUT FIRST SMALL_STRAIGHT 12234
PUT SECOND FIVE 12555
ROUND 7
ROLL 23236 15515
BID FIRST B 4250
BID SECOND B 500
GET FIRST B
GET SECOND A
PUT FIRST FIVE 55555
PUT SECOND SIX 22266
ROUND 8
ROLL 35661 24251
BID FIRST A 4250
BID SECOND A 500
GET FIRST A
GET SECOND B
PUT FIRST SIX 15666
PUT SECOND FOUR 14444
ROUND 9
ROLL 56641 46122
BID FIRST A 4250
BID SECOND A 500
GET FIRST A
GET SECOND B
PUT FIRST FOUR 44566
PUT SECOND SMALL_STRAIGHT 12234
ROUND 10
ROLL 15345 31344
BID FIRST B 8500
BID SECOND B 500
GET FIRST B
GET SECOND A
PUT FIRST THREE 33344
PUT SECOND THREE 12233
ROUND 11
ROLL 23166 31314
BID FIRST A 8500
BID SECOND A 500
GET FIRST A
GET SECOND B
PUT FIRST ONE 11136
PUT SECOND ONE 11334
ROUND 12
ROLL 32453 55332
BID FIRST B 8500
BID SECOND B 500
GET FIRST B
GET SECOND A
PUT FIRST TWO 11122
PUT SECOND TWO 23344
ROUND 13
PUT FIRST FOUR_OF_A_KIND 33556
PUT SECOND YACHT 55556
SCOREFIRST 188250
SCORESECOND 154000
