[FIRST "Team 1604"]
[SECOND "Team 613"]
[RESULT "1-0"]
ROUND 1
ROLL 45353 51144
BID FIRST A 1
BID SECOND A 500
GET FIRST B
GET SECOND A
ROUND 2
ROLL 16232 13365
BID FIRST B 176
BID SECOND A 500
GET FIRST B
GET SECOND A
PUT FIRST CHOICE 44556
PUT SECOND LARGE_STRAIGHT 12345
ROUND 3
ROLL 54262 12332
BID FIRST A 289
BID SECOND A 500
GET FIRST B
GET SECOND A
PUT FIRST THREE 23333
PUT SECOND CHOICE 45566
ROUND 4
ROLL 34661 16661
BID FIRST A 363
BID SECOND B 500
GET FIRST A
GET SECOND B
PUT FIRST YACHT 11111
PUT SECOND FULL_HOUSE 33666
ROUND 5
ROLL 65462 13565
BID FIRST A 411
BID SECOND A 500
GET FIRST B
GET SECOND A
PUT FIRST SIX 55666
PUT SECOND FOUR_OF_A_KIND 22226
ROUND 6
ROLL 51663 65463
BID FIRST A 442
BID SECOND B 500
GET FIRST A
GET SECOND B
PUT FIRST LARGE_STRAIGHT 23456
PUT SECOND SIX 11666
ROUND 7
ROLL 23165 61151
BID FIRST A 463
BID SECOND A 500
GET FIRST B
GET SECOND A
PUT FIRST FULL_HOUSE 11166
PUT SECOND SMALL_STRAIGHT 12334
ROUND 8
ROLL 22156 33641
BID FIRST B 476
BID SECOND A 500
GET FIRST B
GET SECOND A
PUT FIRST SMALL_STRAIGHT 33456
PUT SECOND FIVE 15555
ROUND 9
ROLL 53524 11521
BID FIRST A 485
BID SECOND A 500
GET FIRST B
GET SECOND A
PUT FIRST FIVE 12335
PUT SECOND FOUR 22244
ROUND 10
ROLL 33442 26514
BID FIRST A 490
BID SECOND A 500
GET FIRST B
GET SECOND A
PUT FIRST ONE 11111
PUT SECOND THREE 23334
ROUND 11
ROLL 26322 11262
BID FIRST A 494
BID SECOND A 500
GET FIRST B
GET SECOND A
PUT FIRST TWO 22266
PUT SECOND TWO 22234
ROUND 12
ROLL 15265 53136
BID FIRST A 496
BID SECOND A 500
GET FIRST B
GET SECOND A
PUT FIRST FOUR 34556
PUT SECOND ONE 12555
ROUND 13
PUT FIRST FOUR_OF_A_KIND 11113
PUT SECOND YACHT 56666
SCOREFIRST 192672
SCORESECOND 165000
