[FIRST "Team 254"]
[SECOND "Team 613"]
[RESULT "1-0"]
ROUND 1
ROLL 21411 21624
BID FIRST A 411
BID SECOND B 500
GET FIRST A
GET SECOND B
ROUND 2
ROLL 14513 34164
BID FIRST A 99
BID SECOND A 500
GET FIRST B
GET SECOND A
PUT FIRST FOUR 23444
PUT SECOND LARGE_STRAIGHT 12345
ROUND 3
ROLL 66165 16156
BID FIRST A 2474
BID SECOND A 500
GET FIRST A
GET SECOND B
PUT FIRST YACHT 11111
PUT SECOND CHOICE 45666
ROUND 4
ROLL 43255 24433
BID FIRST A 1974
BID SECOND A 500
GET FIRST A
GET SECOND B
PUT FIRST FOUR_OF_A_KIND 46666
PUT SECOND SMALL_STRAIGHT 11234
ROUND 5
ROLL 45255 15636
BID FIRST A 724
BID SECOND A 500
GET FIRST A
GET SECOND B
PUT FIRST FIVE 55555
PUT SECOND FULL_HOUSE 11166
ROUND 6
ROLL 66334 53364
BID FIRST A 411
BID SECOND A 500
GET FIRST B
GET SECOND A
PUT FIRST SMALL_STRAIGHT 23345
PUT SECOND FOUR_OF_A_KIND 33336
ROUND 7
ROLL 32612 22155
BID FIRST A 99
BID SECOND B 500
GET FIRST A
GET SECOND B
PUT FIRST LARGE_STRAIGHT 12345
PUT SECOND FIVE 12555
ROUND 8
ROLL 54121 26112
BID FIRST B 2036
BID SECOND A 500
GET FIRST B
GET SECOND A
PUT FIRST TWO 12222
PUT SECOND FOUR 11444
ROUND 9
ROLL 41664 54415
BID FIRST A 4849
BID SECOND A 500
GET FIRST A
GET SECOND B
PUT FIRST SIX 66666
PUT SECOND TWO 12224
ROUND 10
ROLL 53615 11311
BID FIRST A 2536
BID SECOND A 500
GET FIRST A
GET SECOND B
PUT FIRST ONE 11144
PUT SECOND SIX 11116
ROUND 11
ROLL 23464 46642
BID FIRST B 99
BID SECOND B 500
GET FIRST A
GET SECOND B
PUT FIRST THREE 23334
PUT SECOND THREE 23444
ROUND 12
ROLL 43551 46226
BID FIRST B 99
BID SECOND A 500
GET FIRST B
GET SECOND A
PUT FIRST CHOICE 22556
PUT SECOND YACHT 55555
ROUND 13
PUT FIRST FULL_HOUSE 44666
PUT SECOND ONE 13466
SCOREFIRST 276407
SCORESECOND 197000
