[FIRST "Team 566"]
[SECOND "Team 613"]
[RESULT "0-1"]
ROUND 1
ROLL 31154 65462
BID FIRST B 150
BID SECOND B 500
GET FIRST A
GET SECOND B
ROUND 2
ROLL 21336 54513
BID FIRST B 497
BID SECOND B 500
GET FIRST A
GET SECOND B
PUT FIRST LARGE_STRAIGHT 12345
PUT SECOND LARGE_STRAIGHT 12345
ROUND 3
ROLL 16551 62664
BID FIRST B 1008
BID SECOND B 500
GET FIRST B
GET SECOND A
PUT FIRST FOUR_OF_A_KIND 66664
PUT SECOND CHOICE 55666
ROUND 4
ROLL 31623 45416
BID FIRST B 793
BID SECOND B 500
GET FIRST B
GET SECOND A
PUT FIRST CHOICE 65443
PUT SECOND SMALL_STRAIGHT 11234
ROUND 5
ROLL 54453 21231
BID FIRST B 947
BID SECOND A 500
GET FIRST B
GET SECOND A
PUT FIRST YACHT 11111
PUT SECOND FOUR_OF_A_KIND 55556
ROUND 6
ROLL 55313 51144
BID FIRST A 1017
BID SECOND A 500
GET FIRST A
GET SECOND B
PUT FIRST FULL_HOUSE 33355
PUT SECOND FULL_HOUSE 33444
ROUND 7
ROLL 35321 55356
BID FIRST B 474
BID SECOND B 500
GET FIRST A
GET SECOND B
PUT FIRST THREE 33311
PUT SECOND FIVE 15555
ROUND 8
ROLL 52354 66136
BID FIRST A 1422
BID SECOND B 500
GET FIRST A
GET SECOND B
PUT FIRST FIVE 55522
PUT SECOND SIX 16666
ROUND 9
ROLL 33513 41644
BID FIRST B 1715
BID SECOND A 500
GET FIRST B
GET SECOND A
PUT FIRST FOUR 44441
PUT SECOND YACHT 33333
ROUND 10
ROLL 14354 56326
BID FIRST B 2555
BID SECOND A 500
GET FIRST B
GET SECOND A
PUT FIRST SIX 66622
PUT SECOND FOUR 11444
ROUND 11
ROLL 52523 25516
BID FIRST A 611
BID SECOND A 500
GET FIRST A
GET SECOND B
PUT FIRST TWO 22223
PUT SECOND ONE 11123
ROUND 12
ROLL 52133 55531
BID FIRST B 2145
BID SECOND B 500
GET FIRST B
GET SECOND A
PUT FIRST SMALL_STRAIGHT 55555
PUT SECOND THREE 12335
ROUND 13
PUT FIRST ONE 13335
PUT SECOND TWO 55556
SCOREFIRST 239908
SCORESECOND 266000
