ROUND 1
ROLL 26233 65655
BID FIRST B 382
BID SECOND B 500
GET FIRST A
GET SECOND B
ROUND 2
ROLL 61621 21165
BID FIRST A 169
BID SECOND A 500
GET FIRST B
GET SECOND A
PUT FIRST CHOICE 33566
PUT SECOND CHOICE 56666
ROUND 3
ROLL 25244 36246
BID FIRST A 1200
BID SECOND B 500
GET FIRST A
GET SECOND B
PUT FIRST YACHT 22222
PUT SECOND LARGE_STRAIGHT 12345
ROUND 4
ROLL 15245 56323
BID FIRST B 783
BID SECOND B 500
GET FIRST B
GET SECOND A
PUT FIRST LARGE_STRAIGHT 12345
PUT SECOND FULL_HOUSE 55566
ROUND 5
ROLL 42234 62335
BID FIRST A 829
BID SECOND B 500
GET FIRST A
GET SECOND B
PUT FIRST FOUR 12444
PUT SECOND SMALL_STRAIGHT 11234
ROUND 6
ROLL 42525 42452
BID FIRST A 919
BID SECOND A 500
GET FIRST A
GET SECOND B
PUT FIRST FIVE 22555
PUT SECOND FOUR_OF_A_KIND 22226
ROUND 7
ROLL 34631 23545
BID FIRST B 1200
BID SECOND B 500
GET FIRST B
GET SECOND A
PUT FIRST THREE 22333
PUT SECOND FOUR 13444
ROUND 8
ROLL 22363 23212
BID FIRST A 4
BID SECOND A 500
GET FIRST B
GET SECOND A
PUT FIRST TWO 12223
PUT SECOND SIX 22366
ROUND 9
ROLL 34431 42324
BID FIRST A 1200
BID SECOND A 500
GET FIRST A
GET SECOND B
PUT FIRST FULL_HOUSE 44455
PUT SECOND THREE 23333
ROUND 10
ROLL 32426 55632
BID FIRST B 1200
BID SECOND B 500
GET FIRST B
GET SECOND A
PUT FIRST SMALL_STRAIGHT 12334
PUT SECOND FIVE 22255
ROUND 11
ROLL 23244 42624
BID FIRST B 1200
BID SECOND B 500
GET FIRST B
GET SECOND A
PUT FIRST SIX 22666
PUT SECOND YACHT 44444
ROUND 12
ROLL 11221 33536
BID FIRST A 1189
BID SECOND B 500
GET FIRST A
GET SECOND B
PUT FIRST ONE 11122
PUT SECOND TWO 22333
ROUND 13
PUT FIRST FOUR_OF_A_KIND 34455
PUT SECOND ONE 33566
SCOREFIRST 228835
SCORESECOND 215000
