ROUND 1
ROLL 25625 46512
BID FIRST A 530
BID SECOND B 500
GET FIRST A
GET SECOND B
ROUND 2
ROLL 53333 52614
BID FIRST B 1009
BID SECOND A 500
GET FIRST B
GET SECOND A
PUT FIRST FULL_HOUSE 55566
PUT SECOND LARGE_STRAIGHT 12345
ROUND 3
ROLL 41356 51245
BID FIRST A 1500
BID SECOND A 500
GET FIRST A
GET SECOND B
PUT FIRST LARGE_STRAIGHT 12345
PUT SECOND CHOICE 45556
ROUND 4
ROLL 11122 16353
BID FIRST B 1425
BID SECOND B 500
GET FIRST B
GET SECOND A
PUT FIRST SMALL_STRAIGHT 11234
PUT SECOND FULL_HOUSE 22333
ROUND 5
ROLL 21322 52232
BID FIRST B 1425
BID SECOND A 500
GET FIRST B
GET SECOND A
PUT FIRST TWO 22223
PUT SECOND YACHT 11111
ROUND 6
ROLL 62351 61565
BID FIRST B 1425
BID SECOND B 500
GET FIRST B
GET SECOND A
PUT FIRST SIX 16666
PUT SECOND FOUR_OF_A_KIND 22226
ROUND 7
ROLL 51542 14266
BID FIRST B 1425
BID SECOND B 500
GET FIRST B
GET SECOND A
PUT FIRST FIVE 15555
PUT SECOND SMALL_STRAIGHT 11234
ROUND 8
ROLL 45662 23234
BID FIRST A 1425
BID SECOND A 500
GET FIRST A
GET SECOND B
PUT FIRST FOUR_OF_A_KIND 56666
PUT SECOND FIVE 22555
ROUND 9
ROLL 43225 31222
BID FIRST A 1425
BID SECOND A 500
GET FIRST A
GET SECOND B
PUT FIRST FOUR 22444
PUT SECOND THREE 13333
ROUND 10
ROLL 51435 35334
BID FIRST A 1425
BID SECOND B 500
GET FIRST A
GET SECOND B
PUT FIRST THREE 12333
PUT SECOND TWO 22223
ROUND 11
ROLL 14546 23333
BID FIRST A 1425
BID SECOND A 500
GET FIRST A
GET SECOND B
PUT FIRST ONE 12444
PUT SECOND FOUR 23344
ROUND 12
ROLL 13611 55321
BID FIRST B 3500
BID SECOND A 500
GET FIRST B
GET SECOND A
PUT FIRST YACHT 55555
PUT SECOND SIX 11136
ROUND 13
PUT FIRST CHOICE 12356
PUT SECOND ONE 33335
SCOREFIRST 259061
SCORESECOND 197000
