ROUND 1
ROLL 54442 42512
BID FIRST A 0
BID SECOND A 500
GET FIRST B
GET SECOND A
ROUND 2
ROLL 13253 56156
BID FIRST A 750
BID SECOND B 500
GET FIRST A
GET SECOND B
PUT FIRST LARGE_STRAIGHT 12345
PUT SECOND CHOICE 55566
ROUND 3
ROLL 45435 45114
BID FIRST B 0
BID SECOND A 500
GET FIRST B
GET SECOND A
PUT FIRST SMALL_STRAIGHT 12341
PUT SECOND YACHT 44444
ROUND 4
ROLL 45556 16433
BID FIRST A 1000
BID SECOND A 500
GET FIRST A
GET SECOND B
PUT FIRST YACHT 55555
PUT SECOND LARGE_STRAIGHT 12345
ROUND 5
ROLL 11522 21211
BID FIRST B 250
BID SECOND A 500
GET FIRST B
GET SECOND A
PUT FIRST ONE 11112
PUT SECOND FULL_HOUSE 11155
ROUND 6
ROLL 62214 42114
BID FIRST A 500
BID SECOND A 500
GET FIRST B
GET SECOND A
PUT FIRST TWO 22211
PUT SECOND SMALL_STRAIGHT 12234
ROUND 7
ROLL 12341 53331
BID FIRST A 0
BID SECOND B 500
GET FIRST A
GET SECOND B
PUT FIRST CHOICE 64444
PUT SECOND FOUR_OF_A_KIND 33336
ROUND 8
ROLL 26466 51326
BID FIRST A 0
BID SECOND A 500
GET FIRST B
GET SECOND A
PUT FIRST FULL_HOUSE 11133
PUT SECOND SIX 16666
ROUND 9
ROLL 62626 35316
BID FIRST A 1000
BID SECOND A 500
GET FIRST A
GET SECOND B
PUT FIRST FOUR_OF_A_KIND 66665
PUT SECOND FIVE 12255
ROUND 10
ROLL 12663 42325
BID FIRST A 1000
BID SECOND A 500
GET FIRST A
GET SECOND B
PUT FIRST SIX 66122
PUT SECOND THREE 22333
ROUND 11
ROLL 54432 34656
BID FIRST A 0
BID SECOND B 500
GET FIRST A
GET SECOND B
PUT FIRST FOUR 44422
PUT SECOND FOUR 23444
ROUND 12
ROLL 51131 51426
BID FIRST B 0
BID SECOND B 500
GET FIRST A
GET SECOND B
PUT FIRST THREE 33311
PUT SECOND TWO 12455
ROUND 13
PUT FIRST FIVE 55122
PUT SECOND ONE 56666
SCOREFIRST 204500
SCORESECOND 207000
