ROUND 1
ROLL 22313 16651
BID FIRST B 1
BID SECOND B 500
GET FIRST A
GET SECOND B
ROUND 2
ROLL 23424 14655
BID FIRST B 1
BID SECOND A 500
GET FIRST B
GET SECOND A
PUT FIRST LARGE_STRAIGHT 12345
PUT SECOND LARGE_STRAIGHT 12345
ROUND 3
ROLL 33436 24136
BID FIRST A 1
BID SECOND A 500
GET FIRST B
GET SECOND A
PUT FIRST SMALL_STRAIGHT 12341
PUT SECOND CHOICE 44666
ROUND 4
ROLL 44134 64252
BID FIRST B 1
BID SECOND B 500
GET FIRST A
GET SECOND B
PUT FIRST FULL_HOUSE 44466
PUT SECOND SMALL_STRAIGHT 12234
ROUND 5
ROLL 31261 43252
BID FIRST A 1
BID SECOND B 500
GET FIRST A
GET SECOND B
PUT FIRST THREE 33356
PUT SECOND FULL_HOUSE 33355
ROUND 6
ROLL 11615 23413
BID FIRST A 1
BID SECOND B 500
GET FIRST A
GET SECOND B
PUT FIRST YACHT 11111
PUT SECOND FOUR_OF_A_KIND 22226
ROUND 7
ROLL 13614 14256
BID FIRST A 1
BID SECOND B 500
GET FIRST A
GET SECOND B
PUT FIRST SIX 66345
PUT SECOND FOUR 11444
ROUND 8
ROLL 45453 56555
BID FIRST B 1
BID SECOND B 500
GET FIRST A
GET SECOND B
PUT FIRST FIVE 55322
PUT SECOND YACHT 55555
ROUND 9
ROLL 51223 56435
BID FIRST B 1
BID SECOND B 500
GET FIRST A
GET SECOND B
PUT FIRST FOUR_OF_A_KIND 11115
PUT SECOND SIX 23666
ROUND 10
ROLL 56545 13336
BID FIRST A 1
BID SECOND A 500
GET FIRST B
GET SECOND A
PUT FIRST FOUR 44633
PUT SECOND FIVE 55555
ROUND 11
ROLL 14412 64115
BID FIRST A 1
BID SECOND B 500
GET FIRST A
GET SECOND B
PUT FIRST TWO 22233
PUT SECOND THREE 11334
ROUND 12
ROLL 66636 25666
BID FIRST B 1
BID SECOND B 500
GET FIRST A
GET SECOND B
PUT FIRST ONE 11134
PUT SECOND TWO 24455
ROUND 13
PUT FIRST CHOICE 66664
PUT SECOND ONE 66666
SCOREFIRST 204002
SCORESECOND 246000
