ROUND 1
ROLL 46222 11526
BID FIRST A 1
BID SECOND B 500
GET FIRST A
GET SECOND B
ROUND 2
ROLL 43116 31624
BID FIRST B 1
BID SECOND B 500
GET FIRST A
GET SECOND B
PUT FIRST CHOICE 66443
PUT SECOND LARGE_STRAIGHT 12345
ROUND 3
ROLL 26616 63655
BID FIRST A 3
BID SECOND A 500
GET FIRST B
GET SECOND A
PUT FIRST FULL_HOUSE 22266
PUT SECOND YACHT 66666
ROUND 4
ROLL 66252 24352
BID FIRST B 4
BID SECOND A 500
GET FIRST B
GET SECOND A
PUT FIRST LARGE_STRAIGHT 12345
PUT SECOND CHOICE 22566
ROUND 5
ROLL 51542 66212
BID FIRST B 3
BID SECOND B 500
GET FIRST A
GET SECOND B
PUT FIRST FOUR_OF_A_KIND 55554
PUT SECOND FULL_HOUSE 22266
ROUND 6
ROLL 55543 56232
BID FIRST A 6
BID SECOND A 500
GET FIRST B
GET SECOND A
PUT FIRST TWO 22221
PUT SECOND SMALL_STRAIGHT 11234
ROUND 7
ROLL 31263 32416
BID FIRST B 6
BID SECOND B 500
GET FIRST A
GET SECOND B
PUT FIRST THREE 33331
PUT SECOND FIVE 11555
ROUND 8
ROLL 11126 34355
BID FIRST B 5
BID SECOND B 500
GET FIRST A
GET SECOND B
PUT FIRST SIX 66611
PUT SECOND THREE 12333
ROUND 9
ROLL 14654 32325
BID FIRST A 3
BID SECOND A 500
GET FIRST B
GET SECOND A
PUT FIRST FIVE 55112
PUT SECOND FOUR_OF_A_KIND 44446
ROUND 10
ROLL 33451 55231
BID FIRST A 4
BID SECOND B 500
GET FIRST A
GET SECOND B
PUT FIRST SMALL_STRAIGHT 12342
PUT SECOND SIX 11236
ROUND 11
ROLL 15435 54516
BID FIRST A 2
BID SECOND B 500
GET FIRST A
GET SECOND B
PUT FIRST FOUR 41233
PUT SECOND FOUR 14555
ROUND 12
ROLL 43442 22514
BID FIRST B 3
BID SECOND A 500
GET FIRST B
GET SECOND A
PUT FIRST ONE 12233
PUT SECOND TWO 23444
ROUND 13
PUT FIRST YACHT 45555
PUT SECOND ONE 55556
SCOREFIRST 163013
SCORESECOND 186000
