ROUND 1
ROLL 13541 51112
BID FIRST A 249
BID SECOND A 500
GET FIRST B
GET SECOND A
ROUND 2
ROLL 15546 64646
BID FIRST B 0
BID SECOND B 500
GET FIRST A
GET SECOND B
PUT FIRST CHOICE 45556
PUT SECOND CHOICE 45666
ROUND 3
ROLL 11121 14645
BID FIRST A 6372
BID SECOND A 500
GET FIRST A
GET SECOND B
PUT FIRST YACHT 11111
PUT SECOND FOUR_OF_A_KIND 44446
ROUND 4
ROLL 56613 11621
BID FIRST B 0
BID SECOND B 500
GET FIRST A
GET SECOND B
PUT FIRST FULL_HOUSE 11166
PUT SECOND YACHT 11111
ROUND 5
ROLL 36346 61266
BID FIRST A 5420
BID SECOND A 500
GET FIRST A
GET SECOND B
PUT FIRST LARGE_STRAIGHT 12345
PUT SECOND SIX 16666
ROUND 6
ROLL 32414 13613
BID FIRST A 5211
BID SECOND A 500
GET FIRST A
GET SECOND B
PUT FIRST SMALL_STRAIGHT 12234
PUT SECOND FULL_HOUSE 22333
ROUND 7
ROLL 46542 13141
BID FIRST A 876
BID SECOND A 500
GET FIRST A
GET SECOND B
PUT FIRST SIX 23666
PUT SECOND SMALL_STRAIGHT 13456
ROUND 8
ROLL 55523 33143
BID FIRST A 2439
BID SECOND A 500
GET FIRST A
GET SECOND B
PUT FIRST FOUR_OF_A_KIND 45555
PUT SECOND THREE 11333
ROUND 9
ROLL 52442 26215
BID FIRST A 2948
BID SECOND A 500
GET FIRST A
GET SECOND B
PUT FIRST FOUR 24444
PUT SECOND ONE 11111
ROUND 10
ROLL 45154 23224
BID FIRST B 0
BID SECOND B 500
GET FIRST A
GET SECOND B
PUT FIRST FIVE 44555
PUT SECOND LARGE_STRAIGHT 23456
ROUND 11
ROLL 23262 53351
BID FIRST B 0
BID SECOND B 500
GET FIRST A
GET SECOND B
PUT FIRST TWO 22222
PUT SECOND FIVE 12255
ROUND 12
ROLL 14441 35251
BID FIRST A 1686
BID SECOND A 500
GET FIRST A
GET SECOND B
PUT FIRST ONE 14446
PUT SECOND TWO 12223
ROUND 13
PUT FIRST THREE 13331
PUT SECOND FOUR 33455
SCOREFIRST 238297
SCORESECOND 216000
