ROUND 1
ROLL 33352 32611
BID FIRST A 50
BID SECOND B 500
GET FIRST A
GET SECOND B
ROUND 2
ROLL 64553 61433
BID FIRST A 1600
BID SECOND A 500
GET FIRST A
GET SECOND B
PUT FIRST LARGE_STRAIGHT 23456
PUT SECOND CHOICE 33466
ROUND 3
ROLL 64326 32141
BID FIRST B 2500
BID SECOND B 500
GET FIRST B
GET SECOND A
PUT FIRST CHOICE 55433
PUT SECOND FULL_HOUSE 11166
ROUND 4
ROLL 52145 63422
BID FIRST A 2000
BID SECOND A 500
GET FIRST A
GET SECOND B
PUT FIRST SMALL_STRAIGHT 12341
PUT SECOND FOUR_OF_A_KIND 22226
ROUND 5
ROLL 26144 62514
BID FIRST B 1850
BID SECOND B 500
GET FIRST B
GET SECOND A
PUT FIRST FULL_HOUSE 55522
PUT SECOND FOUR 14444
ROUND 6
ROLL 16425 31321
BID FIRST B 1250
BID SECOND B 500
GET FIRST B
GET SECOND A
PUT FIRST FOUR_OF_A_KIND 11116
PUT SECOND LARGE_STRAIGHT 12345
ROUND 7
ROLL 34142 66453
BID FIRST B 1000
BID SECOND B 500
GET FIRST B
GET SECOND A
PUT FIRST THREE 33332
PUT SECOND SMALL_STRAIGHT 12234
ROUND 8
ROLL 43322 66213
BID FIRST A 50
BID SECOND B 500
GET FIRST A
GET SECOND B
PUT FIRST FOUR 44422
PUT SECOND SIX 16666
ROUND 9
ROLL 42163 26664
BID FIRST B 3950
BID SECOND B 500
GET FIRST B
GET SECOND A
PUT FIRST YACHT 66666
PUT SECOND THREE 13333
ROUND 10
ROLL 43131 56426
BID FIRST B 50
BID SECOND B 500
GET FIRST A
GET SECOND B
PUT FIRST FIVE 51123
PUT SECOND TWO 22244
ROUND 11
ROLL 12214 53452
BID FIRST B 50
BID SECOND B 500
GET FIRST A
GET SECOND B
PUT FIRST TWO 22113
PUT SECOND FIVE 23555
ROUND 12
ROLL 23563 53124
BID FIRST A 1300
BID SECOND A 500
GET FIRST A
GET SECOND B
PUT FIRST SIX 62333
PUT SECOND ONE 12344
ROUND 13
PUT FIRST ONE 34445
PUT SECOND YACHT 45666
SCOREFIRST 167550
SCORESECOND 207000
